#
# There is insufficient memory for the Java Runtime Environment to continue.
# Native memory allocation (malloc) failed to allocate 133169152 bytes for committing reserved memory.
# Possible reasons:
#   The system is out of physical RAM or swap space
#   In 32 bit mode, the process size limit was hit
# Possible solutions:
#   Reduce memory load on the system
#   Increase physical memory or swap space
#   Check if swap backing store is full
#   Use 64 bit Java on a 64 bit OS
#   Decrease Java heap size (-Xmx/-Xms)
#   Decrease number of Java threads
#   Decrease Java thread stack sizes (-Xss)
#   Set larger code cache with -XX:ReservedCodeCacheSize=
# This output file may be truncated or incomplete.
#
#  Out of Memory Error (os_linux.cpp:2809), pid=2631, tid=140191776122624
#
# JRE version: OpenJDK Runtime Environment (7.0_79-b14) (build 1.7.0_79-b14)
# Java VM: OpenJDK 64-Bit Server VM (24.79-b02 mixed mode linux-amd64 compressed oops)
# Derivative: IcedTea 2.5.5
# Distribution: Custom build (Wed Apr 15 12:39:15 UTC 2015)
# Failed to write core dump. Core dumps have been disabled. To enable core dumping, try "ulimit -c unlimited" before starting Java again
#

---------------  T H R E A D  ---------------

Current thread (0x00007f80ec06f800):  VMThread [stack: 0x00007f80f0f42000,0x00007f80f1043000] [id=2636]

Stack: [0x00007f80f0f42000,0x00007f80f1043000],  sp=0x00007f80f10414e0,  free space=1021k
Native frames: (J=compiled Java code, j=interpreted, Vv=VM code, C=native code)
V  [libjvm.so+0x9888a6]
V  [libjvm.so+0x48eff2]
V  [libjvm.so+0x7fbf2b]
V  [libjvm.so+0x7f667e]
V  [libjvm.so+0x868ecb]
V  [libjvm.so+0x869d73]
V  [libjvm.so+0x86a48b]
V  [libjvm.so+0x865e99]
V  [libjvm.so+0x866678]
V  [libjvm.so+0x81e443]
V  [libjvm.so+0x98a172]
V  [libjvm.so+0x98ea07]
V  [libjvm.so+0x98cfeb]
V  [libjvm.so+0x98d696]
V  [libjvm.so+0x98db61]
V  [libjvm.so+0x7f8e72]

VM_Operation (0x00007f80e4f15be0): ParallelGCFailedAllocation, mode: safepoint, requested by thread 0x00007f80b400a800


---------------  P R O C E S S  ---------------

Java Threads: ( => current thread )
  0x0000000000ceb000 JavaThread "File lock request listener" [_thread_in_native, id=2657, stack(0x00007f80e4b73000,0x00007f80e4c74000)]
  0x0000000000d84000 JavaThread "process reaper" daemon [_thread_blocked, id=2655, stack(0x00007f80e4c74000,0x00007f80e4cad000)]
  0x0000000000ac5000 JavaThread "Stdin handler" [_thread_blocked, id=2652, stack(0x00007f80e4d18000,0x00007f80e4e19000)]
  0x00007f80b400a800 JavaThread "Daemon worker" [_thread_blocked, id=2649, stack(0x00007f80e4e19000,0x00007f80e4f1a000)]
  0x00007f80b4008000 JavaThread "Cancel handler" [_thread_blocked, id=2648, stack(0x00007f80e4f1a000,0x00007f80e501b000)]
  0x00007f80b4005800 JavaThread "Handler for socket connection from /127.0.0.1:43135 to /127.0.0.1:56493" [_thread_in_native, id=2647, stack(0x00007f80e501b000,0x00007f80e511c000)]
  0x00007f80b0029800 JavaThread "Daemon" [_thread_blocked, id=2646, stack(0x00007f80e511c000,0x00007f80e521d000)]
  0x00007f80ec9f9000 JavaThread "Incoming local TCP Connector on port 43135" [_thread_in_native, id=2645, stack(0x00007f80e521d000,0x00007f80e531e000)]
  0x00007f80ec0a8800 JavaThread "Service Thread" daemon [_thread_blocked, id=2642, stack(0x00007f80f07b3000,0x00007f80f08b4000)]
  0x00007f80ec0a6800 JavaThread "C2 CompilerThread1" daemon [_thread_in_native, id=2641, stack(0x00007f80f08b4000,0x00007f80f09b5000)]
  0x00007f80ec0a3800 JavaThread "C2 CompilerThread0" daemon [_thread_blocked, id=2640, stack(0x00007f80f09b5000,0x00007f80f0ab6000)]
  0x00007f80ec0a1000 JavaThread "Signal Dispatcher" daemon [_thread_blocked, id=2639, stack(0x00007f80f0ab6000,0x00007f80f0bb7000)]
  0x00007f80ec076000 JavaThread "Finalizer" daemon [_thread_blocked, id=2638, stack(0x00007f80f0d40000,0x00007f80f0e41000)]
  0x00007f80ec074000 JavaThread "Reference Handler" daemon [_thread_blocked, id=2637, stack(0x00007f80f0e41000,0x00007f80f0f42000)]
  0x00007f80ec009000 JavaThread "main" [_thread_blocked, id=2633, stack(0x00007f80f5311000,0x00007f80f5412000)]

Other Threads:
=>0x00007f80ec06f800 VMThread [stack: 0x00007f80f0f42000,0x00007f80f1043000] [id=2636]
  0x00007f80ec0b3000 WatcherThread [stack: 0x00007f80f06b2000,0x00007f80f07b3000] [id=2643]

VM state:at safepoint (normal execution)

VM Mutex/Monitor currently owned by a thread:  ([mutex/lock_event])
[0x00007f80ec006860] Threads_lock - owner thread: 0x00007f80ec06f800
[0x00007f80ec006d60] Heap_lock - owner thread: 0x00007f80b400a800

Heap
 PSYoungGen      total 129536K, used 11773K [0x00000000eaa80000, 0x00000000f3580000, 0x0000000100000000)
  eden space 117760K, 0% used [0x00000000eaa80000,0x00000000eaa80000,0x00000000f1d80000)
  from space 11776K, 99% used [0x00000000f1d80000,0x00000000f28ff7b0,0x00000000f2900000)
  to   space 10752K, 0% used [0x00000000f2900000,0x00000000f2900000,0x00000000f3380000)
 ParOldGen       total 37888K, used 25230K [0x00000000c0000000, 0x00000000c2500000, 0x00000000eaa80000)
  object space 37888K, 66% used [0x00000000c0000000,0x00000000c18a3870,0x00000000c2500000)
 PSPermGen       total 35328K, used 35138K [0x00000000b0000000, 0x00000000b2280000, 0x00000000c0000000)
  object space 35328K, 99% used [0x00000000b0000000,0x00000000b2250a58,0x00000000b2280000)

Card table byte_map: [0x00007f80f22fa000,0x00007f80f257b000] byte_map_base: 0x00007f80f1d7a000

Polling page: 0x00007f80f5446000

Code Cache  [0x00007f80e9000000, 0x00007f80e92a0000, 0x00007f80ec000000)
 total_blobs=957 nmethods=363 adapters=548 free_code_cache=46549Kb largest_free_block=47603072

Compilation events (10 events):
Event: 32.999 Thread 0x00007f80ec0a3800 nmethod 372 0x00007f80e928a390 code [0x00007f80e928b280, 0x00007f80e9290a78]
Event: 32.999 Thread 0x00007f80ec0a3800  380             com.sun.beans.TypeResolver::erase (32 bytes)
Event: 33.065 Thread 0x00007f80ec0a3800 nmethod 380 0x00007f80e9237890 code [0x00007f80e9237a60, 0x00007f80e9238030]
Event: 33.066 Thread 0x00007f80ec0a3800  381             org.codehaus.groovy.reflection.CachedMethod::isStatic (8 bytes)
Event: 33.067 Thread 0x00007f80ec0a3800 nmethod 381 0x00007f80e9222610 code [0x00007f80e9222740, 0x00007f80e92227b8]
Event: 33.067 Thread 0x00007f80ec0a3800  382             org.codehaus.groovy.runtime.metaclass.MethodHelper::isStatic (19 bytes)
Event: 33.069 Thread 0x00007f80ec0a3800 nmethod 382 0x00007f80e9237650 code [0x00007f80e9237780, 0x00007f80e92377f8]
Event: 33.069 Thread 0x00007f80ec0a3800  383             java.util.TreeMap::parentOf (13 bytes)
Event: 33.081 Thread 0x00007f80ec0a3800 nmethod 383 0x00007f80e9237450 code [0x00007f80e9237580, 0x00007f80e92375d8]
Event: 33.081 Thread 0x00007f80ec0a3800  384             com.sun.beans.TypeResolver::getActualType (24 bytes)

GC Heap History (10 events):
Event: 2.868 GC heap after
Heap after GC invocations=2 (full 0):
 PSYoungGen      total 31744K, used 2032K [0x00000000eaa80000, 0x00000000ecb80000, 0x0000000100000000)
  eden space 29696K, 0% used [0x00000000eaa80000,0x00000000eaa80000,0x00000000ec780000)
  from space 2048K, 99% used [0x00000000ec980000,0x00000000ecb7c258,0x00000000ecb80000)
  to   space 2048K, 0% used [0x00000000ec780000,0x00000000ec780000,0x00000000ec980000)
 ParOldGen       total 37888K, used 913K [0x00000000c0000000, 0x00000000c2500000, 0x00000000eaa80000)
  object space 37888K, 2% used [0x00000000c0000000,0x00000000c00e4460,0x00000000c2500000)
 PSPermGen       total 21504K, used 7028K [0x00000000b0000000, 0x00000000b1500000, 0x00000000c0000000)
  object space 21504K, 32% used [0x00000000b0000000,0x00000000b06dd110,0x00000000b1500000)
}
Event: 5.788 GC heap before
{Heap before GC invocations=3 (full 0):
 PSYoungGen      total 31744K, used 31728K [0x00000000eaa80000, 0x00000000ecb80000, 0x0000000100000000)
  eden space 29696K, 100% used [0x00000000eaa80000,0x00000000ec780000,0x00000000ec780000)
  from space 2048K, 99% used [0x00000000ec980000,0x00000000ecb7c258,0x00000000ecb80000)
  to   space 2048K, 0% used [0x00000000ec780000,0x00000000ec780000,0x00000000ec980000)
 ParOldGen       total 37888K, used 913K [0x00000000c0000000, 0x00000000c2500000, 0x00000000eaa80000)
  object space 37888K, 2% used [0x00000000c0000000,0x00000000c00e4460,0x00000000c2500000)
 PSPermGen       total 21504K, used 12379K [0x00000000b0000000, 0x00000000b1500000, 0x00000000c0000000)
  object space 21504K, 57% used [0x00000000b0000000,0x00000000b0c16e90,0x00000000b1500000)
Event: 5.842 GC heap after
Heap after GC invocations=3 (full 0):
 PSYoungGen      total 31744K, used 2047K [0x00000000eaa80000, 0x00000000ee880000, 0x0000000100000000)
  eden space 29696K, 0% used [0x00000000eaa80000,0x00000000eaa80000,0x00000000ec780000)
  from space 2048K, 99% used [0x00000000ec780000,0x00000000ec97fc50,0x00000000ec980000)
  to   space 2048K, 0% used [0x00000000ee680000,0x00000000ee680000,0x00000000ee880000)
 ParOldGen       total 37888K, used 5446K [0x00000000c0000000, 0x00000000c2500000, 0x00000000eaa80000)
  object space 37888K, 14% used [0x00000000c0000000,0x00000000c0551b78,0x00000000c2500000)
 PSPermGen       total 21504K, used 12379K [0x00000000b0000000, 0x00000000b1500000, 0x00000000c0000000)
  object space 21504K, 57% used [0x00000000b0000000,0x00000000b0c16e90,0x00000000b1500000)
}
Event: 7.894 GC heap before
{Heap before GC invocations=4 (full 0):
 PSYoungGen      total 31744K, used 31743K [0x00000000eaa80000, 0x00000000ee880000, 0x0000000100000000)
  eden space 29696K, 100% used [0x00000000eaa80000,0x00000000ec780000,0x00000000ec780000)
  from space 2048K, 99% used [0x00000000ec780000,0x00000000ec97fc50,0x00000000ec980000)
  to   space 2048K, 0% used [0x00000000ee680000,0x00000000ee680000,0x00000000ee880000)
 ParOldGen       total 37888K, used 5446K [0x00000000c0000000, 0x00000000c2500000, 0x00000000eaa80000)
  object space 37888K, 14% used [0x00000000c0000000,0x00000000c0551b78,0x00000000c2500000)
 PSPermGen       total 21504K, used 17702K [0x00000000b0000000, 0x00000000b1500000, 0x00000000c0000000)
  object space 21504K, 82% used [0x00000000b0000000,0x00000000b1149a28,0x00000000b1500000)
Event: 7.929 GC heap after
Heap after GC invocations=4 (full 0):
 PSYoungGen      total 61440K, used 2048K [0x00000000eaa80000, 0x00000000ee880000, 0x0000000100000000)
  eden space 59392K, 0% used [0x00000000eaa80000,0x00000000eaa80000,0x00000000ee480000)
  from space 2048K, 100% used [0x00000000ee680000,0x00000000ee880000,0x00000000ee880000)
  to   space 2048K, 0% used [0x00000000ee480000,0x00000000ee480000,0x00000000ee680000)
 ParOldGen       total 37888K, used 9763K [0x00000000c0000000, 0x00000000c2500000, 0x00000000eaa80000)
  object space 37888K, 25% used [0x00000000c0000000,0x00000000c0988f38,0x00000000c2500000)
 PSPermGen       total 21504K, used 17702K [0x00000000b0000000, 0x00000000b1500000, 0x00000000c0000000)
  object space 21504K, 82% used [0x00000000b0000000,0x00000000b1149a28,0x00000000b1500000)
}
Event: 11.709 GC heap before
{Heap before GC invocations=5 (full 0):
 PSYoungGen      total 61440K, used 61440K [0x00000000eaa80000, 0x00000000ee880000, 0x0000000100000000)
  eden space 59392K, 100% used [0x00000000eaa80000,0x00000000ee480000,0x00000000ee480000)
  from space 2048K, 100% used [0x00000000ee680000,0x00000000ee880000,0x00000000ee880000)
  to   space 2048K, 0% used [0x00000000ee480000,0x00000000ee480000,0x00000000ee680000)
 ParOldGen       total 37888K, used 9763K [0x00000000c0000000, 0x00000000c2500000, 0x00000000eaa80000)
  object space 37888K, 25% used [0x00000000c0000000,0x00000000c0988f38,0x00000000c2500000)
 PSPermGen       total 23040K, used 22622K [0x00000000b0000000, 0x00000000b1680000, 0x00000000c0000000)
  object space 23040K, 98% used [0x00000000b0000000,0x00000000b1617b30,0x00000000b1680000)
Event: 11.781 GC heap after
Heap after GC invocations=5 (full 0):
 PSYoungGen      total 61440K, used 2016K [0x00000000eaa80000, 0x00000000f3380000, 0x0000000100000000)
  eden space 59392K, 0% used [0x00000000eaa80000,0x00000000eaa80000,0x00000000ee480000)
  from space 2048K, 98% used [0x00000000ee480000,0x00000000ee678020,0x00000000ee680000)
  to   space 10752K, 0% used [0x00000000f2900000,0x00000000f2900000,0x00000000f3380000)
 ParOldGen       total 37888K, used 16557K [0x00000000c0000000, 0x00000000c2500000, 0x00000000eaa80000)
  object space 37888K, 43% used [0x00000000c0000000,0x00000000c102b608,0x00000000c2500000)
 PSPermGen       total 23040K, used 22622K [0x00000000b0000000, 0x00000000b1680000, 0x00000000c0000000)
  object space 23040K, 98% used [0x00000000b0000000,0x00000000b1617b30,0x00000000b1680000)
}
Event: 15.990 GC heap before
{Heap before GC invocations=6 (full 0):
 PSYoungGen      total 61440K, used 61408K [0x00000000eaa80000, 0x00000000f3380000, 0x0000000100000000)
  eden space 59392K, 100% used [0x00000000eaa80000,0x00000000ee480000,0x00000000ee480000)
  from space 2048K, 98% used [0x00000000ee480000,0x00000000ee678020,0x00000000ee680000)
  to   space 10752K, 0% used [0x00000000f2900000,0x00000000f2900000,0x00000000f3380000)
 ParOldGen       total 37888K, used 16557K [0x00000000c0000000, 0x00000000c2500000, 0x00000000eaa80000)
  object space 37888K, 43% used [0x00000000c0000000,0x00000000c102b608,0x00000000c2500000)
 PSPermGen       total 28672K, used 28310K [0x00000000b0000000, 0x00000000b1c00000, 0x00000000c0000000)
  object space 28672K, 98% used [0x00000000b0000000,0x00000000b1ba59e0,0x00000000b1c00000)
Event: 16.052 GC heap after
Heap after GC invocations=6 (full 0):
 PSYoungGen      total 128512K, used 9066K [0x00000000eaa80000, 0x00000000f3580000, 0x0000000100000000)
  eden space 117760K, 0% used [0x00000000eaa80000,0x00000000eaa80000,0x00000000f1d80000)
  from space 10752K, 84% used [0x00000000f2900000,0x00000000f31da8d8,0x00000000f3380000)
  to   space 11776K, 0% used [0x00000000f1d80000,0x00000000f1d80000,0x00000000f2900000)
 ParOldGen       total 37888K, used 16557K [0x00000000c0000000, 0x00000000c2500000, 0x00000000eaa80000)
  object space 37888K, 43% used [0x00000000c0000000,0x00000000c102b608,0x00000000c2500000)
 PSPermGen       total 28672K, used 28310K [0x00000000b0000000, 0x00000000b1c00000, 0x00000000c0000000)
  object space 28672K, 98% used [0x00000000b0000000,0x00000000b1ba59e0,0x00000000b1c00000)
}
Event: 33.139 GC heap before
{Heap before GC invocations=7 (full 0):
 PSYoungGen      total 128512K, used 126826K [0x00000000eaa80000, 0x00000000f3580000, 0x0000000100000000)
  eden space 117760K, 100% used [0x00000000eaa80000,0x00000000f1d80000,0x00000000f1d80000)
  from space 10752K, 84% used [0x00000000f2900000,0x00000000f31da8d8,0x00000000f3380000)
  to   space 11776K, 0% used [0x00000000f1d80000,0x00000000f1d80000,0x00000000f2900000)
 ParOldGen       total 37888K, used 16557K [0x00000000c0000000, 0x00000000c2500000, 0x00000000eaa80000)
  object space 37888K, 43% used [0x00000000c0000000,0x00000000c102b608,0x00000000c2500000)
 PSPermGen       total 35328K, used 35138K [0x00000000b0000000, 0x00000000b2280000, 0x00000000c0000000)
  object space 35328K, 99% used [0x00000000b0000000,0x00000000b2250a58,0x00000000b2280000)

Deoptimization events (10 events):
Event: 16.855 Thread 0x00007f80b400a800 Uncommon trap: reason=class_check action=maybe_recompile pc=0x00007f80e90ca1b4 method=java.lang.Throwable.<init>(Ljava/lang/String;Ljava/lang/Throwable;)V @ 24
Event: 16.931 Thread 0x00007f80b400a800 Uncommon trap: reason=predicate action=maybe_recompile pc=0x00007f80e91e23a8 method=java.util.ComparableTimSort.binarySort([Ljava/lang/Object;III)V @ 37
Event: 19.464 Thread 0x00007f80b400a800 Uncommon trap: reason=bimorphic action=maybe_recompile pc=0x00007f80e90952b8 method=java.util.regex.Pattern$Branch.match(Ljava/util/regex/Matcher;ILjava/lang/CharSequence;)Z @ 32
Event: 20.515 Thread 0x00007f80b400a800 Uncommon trap: reason=bimorphic action=maybe_recompile pc=0x00007f80e90952b8 method=java.util.regex.Pattern$Branch.match(Ljava/util/regex/Matcher;ILjava/lang/CharSequence;)Z @ 32
Event: 20.516 Thread 0x00007f80b400a800 Uncommon trap: reason=bimorphic action=maybe_recompile pc=0x00007f80e90952b8 method=java.util.regex.Pattern$Branch.match(Ljava/util/regex/Matcher;ILjava/lang/CharSequence;)Z @ 32
Event: 20.577 Thread 0x00007f80b400a800 Uncommon trap: reason=bimorphic action=maybe_recompile pc=0x00007f80e90952b8 method=java.util.regex.Pattern$Branch.match(Ljava/util/regex/Matcher;ILjava/lang/CharSequence;)Z @ 32
Event: 21.262 Thread 0x00007f80b400a800 Uncommon trap: reason=unloaded action=reinterpret pc=0x00007f80e922ea54 method=groovy.lang.MetaClassImpl.checkIfStdMethod(Lgroovy/lang/MetaMethod;)V @ 171
Event: 21.297 Thread 0x00007f80b400a800 Uncommon trap: reason=unloaded action=reinterpret pc=0x00007f80e920604c method=groovy.lang.MetaClassImpl.checkIfStdMethod(Lgroovy/lang/MetaMethod;)V @ 171
Event: 21.557 Thread 0x00007f80b400a800 Uncommon trap: reason=unreached action=reinterpret pc=0x00007f80e9074304 method=java.lang.ref.ReferenceQueue.poll()Ljava/lang/ref/Reference; @ 4
Event: 29.138 Thread 0x00007f80b400a800 Uncommon trap: reason=null_check action=make_not_entrant pc=0x00007f80e9252c4c method=com.sun.beans.WeakCache.get(Ljava/lang/Object;)Ljava/lang/Object; @ 10

Internal exceptions (10 events):
Event: 33.049 Thread 0x00007f80b400a800 Threw 0x00000000f1ce03e0 at /build/java7-openjdk/src/icedtea-2.5.5/openjdk/hotspot/src/share/vm/prims/jvm.cpp:1284
Event: 33.052 Thread 0x00007f80b400a800 Threw 0x00000000f1cedf70 at /build/java7-openjdk/src/icedtea-2.5.5/openjdk/hotspot/src/share/vm/prims/jvm.cpp:1284
Event: 33.052 Thread 0x00007f80b400a800 Threw 0x00000000f1ceece8 at /build/java7-openjdk/src/icedtea-2.5.5/openjdk/hotspot/src/share/vm/prims/jvm.cpp:1284
Event: 33.052 Thread 0x00007f80b400a800 Threw 0x00000000f1cf51c0 at /build/java7-openjdk/src/icedtea-2.5.5/openjdk/hotspot/src/share/vm/prims/jvm.cpp:1284
Event: 33.061 Thread 0x00007f80b400a800 Threw 0x00000000f1d047c8 at /build/java7-openjdk/src/icedtea-2.5.5/openjdk/hotspot/src/share/vm/prims/jvm.cpp:1284
Event: 33.061 Thread 0x00007f80b400a800 Threw 0x00000000f1d054d8 at /build/java7-openjdk/src/icedtea-2.5.5/openjdk/hotspot/src/share/vm/prims/jvm.cpp:1284
Event: 33.063 Thread 0x00007f80b400a800 Threw 0x00000000f1d08c48 at /build/java7-openjdk/src/icedtea-2.5.5/openjdk/hotspot/src/share/vm/prims/jvm.cpp:1284
Event: 33.063 Thread 0x00007f80b400a800 Threw 0x00000000f1d09990 at /build/java7-openjdk/src/icedtea-2.5.5/openjdk/hotspot/src/share/vm/prims/jvm.cpp:1284
Event: 33.066 Thread 0x00007f80b400a800 Threw 0x00000000f1d17ae0 at /build/java7-openjdk/src/icedtea-2.5.5/openjdk/hotspot/src/share/vm/prims/jvm.cpp:1284
Event: 33.077 Thread 0x00007f80b400a800 Threw 0x00000000f1d186c0 at /build/java7-openjdk/src/icedtea-2.5.5/openjdk/hotspot/src/share/vm/prims/jvm.cpp:1284

Events (10 events):
Event: 33.048 loading class 0x00000000015a1340 done
Event: 33.051 loading class 0x00000000015a1290
Event: 33.051 loading class 0x00000000015a1290 done
Event: 33.061 loading class 0x0000000000dfd490
Event: 33.061 loading class 0x0000000000dfd490 done
Event: 33.063 loading class 0x0000000001626830
Event: 33.063 loading class 0x0000000001626830 done
Event: 33.066 loading class 0x0000000001624860
Event: 33.066 loading class 0x0000000001624860 done
Event: 33.138 Executing VM operation: ParallelGCFailedAllocation


Dynamic libraries:
00400000-00401000 r-xp 00000000 08:01 2366745                            /usr/lib/jvm/java-7-openjdk/jre/bin/java
00600000-00601000 rw-p 00000000 08:01 2366745                            /usr/lib/jvm/java-7-openjdk/jre/bin/java
00a88000-016b8000 rw-p 00000000 00:00 0                                  [heap]
b0000000-b2280000 rw-p 00000000 00:00 0 
b2280000-c0000000 rw-p 00000000 00:00 0 
c0000000-c2500000 rw-p 00000000 00:00 0 
c2500000-eaa80000 rw-p 00000000 00:00 0 
eaa80000-f3580000 rw-p 00000000 00:00 0 
fb480000-100000000 rw-p 00000000 00:00 0 
7f80a8000000-7f80a8021000 rw-p 00000000 00:00 0 
7f80a8021000-7f80ac000000 ---p 00000000 00:00 0 
7f80ac000000-7f80ac021000 rw-p 00000000 00:00 0 
7f80ac021000-7f80b0000000 ---p 00000000 00:00 0 
7f80b0000000-7f80b002e000 rw-p 00000000 00:00 0 
7f80b002e000-7f80b4000000 ---p 00000000 00:00 0 
7f80b4000000-7f80b4021000 rw-p 00000000 00:00 0 
7f80b4021000-7f80b8000000 ---p 00000000 00:00 0 
7f80b8000000-7f80b8021000 rw-p 00000000 00:00 0 
7f80b8021000-7f80bc000000 ---p 00000000 00:00 0 
7f80bc000000-7f80bc021000 rw-p 00000000 00:00 0 
7f80bc021000-7f80c0000000 ---p 00000000 00:00 0 
7f80c0000000-7f80c0021000 rw-p 00000000 00:00 0 
7f80c0021000-7f80c4000000 ---p 00000000 00:00 0 
7f80c4000000-7f80c5508000 rw-p 00000000 00:00 0 
7f80c5508000-7f80c8000000 ---p 00000000 00:00 0 
7f80c8000000-7f80c8021000 rw-p 00000000 00:00 0 
7f80c8021000-7f80cc000000 ---p 00000000 00:00 0 
7f80cc000000-7f80cd2a3000 rw-p 00000000 00:00 0 
7f80cd2a3000-7f80d0000000 ---p 00000000 00:00 0 
7f80d0000000-7f80d0079000 rw-p 00000000 00:00 0 
7f80d0079000-7f80d4000000 ---p 00000000 00:00 0 
7f80d4000000-7f80d4021000 rw-p 00000000 00:00 0 
7f80d4021000-7f80d8000000 ---p 00000000 00:00 0 
7f80d8000000-7f80d8021000 rw-p 00000000 00:00 0 
7f80d8021000-7f80dc000000 ---p 00000000 00:00 0 
7f80e0000000-7f80e002d000 rw-p 00000000 00:00 0 
7f80e002d000-7f80e4000000 ---p 00000000 00:00 0 
7f80e4a8d000-7f80e4a8e000 rw-p 00000000 00:00 0 
7f80e4a8e000-7f80e4a96000 r--s 000a8000 08:01 4981342                    /home/effi/.gradle/caches/modules-2/files-2.1/com.android.tools.external.lombok/lombok-ast/0.2.3/528b6f8bde3157f17530aa366631f2aad2a6cf9/lombok-ast-0.2.3.jar
7f80e4a96000-7f80e4a98000 r--s 0000d000 08:01 4981340                    /home/effi/.gradle/caches/modules-2/files-2.1/commons-codec/commons-codec/1.4/4216af16d38465bbab0f3dff8efa14204f7a399a/commons-codec-1.4.jar
7f80e4a98000-7f80e4a9a000 r--s 0000d000 08:01 4981338                    /home/effi/.gradle/caches/modules-2/files-2.1/commons-logging/commons-logging/1.1.1/5043bfebc3db072ed80fbd362e7caf00e885d8ae/commons-logging-1.1.1.jar
7f80e4a9a000-7f80e4a9f000 r--s 00028000 08:01 4981336                    /home/effi/.gradle/caches/modules-2/files-2.1/org.apache.httpcomponents/httpcore/4.1/33fc26c02f8043ab0ede19eadc8c9885386b255c/httpcore-4.1.jar
7f80e4a9f000-7f80e4aa0000 r--s 00004000 08:01 4981334                    /home/effi/.gradle/caches/modules-2/files-2.1/org.ow2.asm/asm-analysis/5.0.3/c7126aded0e8e13fed5f913559a0dd7b770a10f3/asm-analysis-5.0.3.jar
7f80e4aa0000-7f80e4aa3000 r--s 0002b000 08:01 4981332                    /home/effi/.gradle/caches/modules-2/files-2.1/com.android.tools.lint/lint-api/24.1.0/9a6402908bd51daff42be25133460d41ebf87aa5/lint-api-24.1.0.jar
7f80e4aa3000-7f80e4aa4000 r--s 0000a000 08:01 4981330                    /home/effi/.gradle/caches/modules-2/files-2.1/net.sf.kxml/kxml2/2.3.0/ccbc77a5fd907ef863c29f3596c6f54ffa4e9442/kxml2-2.3.0.jar
7f80e4aa4000-7f80e4acf000 r--s 001f9000 08:01 4981328                    /home/effi/.gradle/caches/modules-2/files-2.1/com.google.guava/guava/17.0/9c6ef172e8de35fd8d4d8783e4821e57cdef7445/guava-17.0.jar
7f80e4acf000-7f80e4ad4000 r--s 0002a000 08:01 4981326                    /home/effi/.gradle/caches/modules-2/files-2.1/com.google.code.gson/gson/2.2.4/a60a5e993c98c864010053cb901b7eab25306568/gson-2.2.4.jar
7f80e4ad4000-7f80e4ad6000 r--s 00005000 08:01 4981324                    /home/effi/.gradle/caches/modules-2/files-2.1/org.apache.httpcomponents/httpmime/4.1/9ba2dcdf94ce35c8a8e9bff242db0618ca932e92/httpmime-4.1.jar
7f80e4ad6000-7f80e4ade000 r--s 0004e000 08:01 4981322                    /home/effi/.gradle/caches/modules-2/files-2.1/org.apache.httpcomponents/httpclient/4.1.1/3d1d918f32709e33ba7ddb2c4e8d1c543ebe713e/httpclient-4.1.1.jar
7f80e4ade000-7f80e4ae5000 r--s 00053000 08:01 4981320                    /home/effi/.gradle/caches/modules-2/files-2.1/org.apache.commons/commons-compress/1.8.1/a698750c16740fd5b3871425f4cb3bbaa87f529d/commons-compress-1.8.1.jar
7f80e4ae5000-7f80e4ae6000 r--s 00005000 08:01 4981318                    /home/effi/.gradle/caches/modules-2/files-2.1/com.android.tools/dvlib/24.1.0/4b9aacb441f6606c1db38e9439835051c9de949d/dvlib-24.1.0.jar
7f80e4ae6000-7f80e4ae9000 r--s 00012000 08:01 4981316                    /home/effi/.gradle/caches/modules-2/files-2.1/com.android.tools.layoutlib/layoutlib-api/24.1.0/63415f186b7b45f484b4f30e397d896161a2007e/layoutlib-api-24.1.0.jar
7f80e4ae9000-7f80e4aea000 r--s 00001000 08:01 4981314                    /home/effi/.gradle/caches/modules-2/files-2.1/com.android.tools/annotations/24.1.0/c46621fcff318b446a44c2c6a8955fad55943d9d/annotations-24.1.0.jar
7f80e4aea000-7f80e4afa000 r--s 000d3000 08:01 4981312                    /home/effi/.gradle/caches/modules-2/files-2.1/net.sf.proguard/proguard-base/5.1/dc606dd778fe4685be16d5a171782ccfe0ef5637/proguard-base-5.1.jar
7f80e4afa000-7f80e4b0c000 r--s 00220000 08:01 4981310                    /home/effi/.gradle/caches/modules-2/files-2.1/org.eclipse.jdt.core.compiler/ecj/4.4/fe0a961ce7cca03dd3c9b3775c0133229e8231a6/ecj-4.4.jar
7f80e4b0c000-7f80e4b11000 r--s 00091000 08:01 4981308                    /home/effi/.gradle/caches/modules-2/files-2.1/com.android.tools.lint/lint-checks/24.1.0/c394f6a07698272eda27e91007f9ec409bc7a9d7/lint-checks-24.1.0.jar
7f80e4b11000-7f80e4b13000 r--s 00006000 08:01 4981306                    /home/effi/.gradle/caches/modules-2/files-2.1/org.ow2.asm/asm-tree/5.0.3/287749b48ba7162fb67c93a026d690b29f410bed/asm-tree-5.0.3.jar
7f80e4b13000-7f80e4b14000 r--s 0000c000 08:01 4981304                    /home/effi/.gradle/caches/modules-2/files-2.1/org.ow2.asm/asm/5.0.3/dcc2193db20e19e1feca8b1240dbbc4e190824fa/asm-5.0.3.jar
7f80e4b14000-7f80e4b47000 r--s 00203000 08:01 4981302                    /home/effi/.gradle/caches/modules-2/files-2.1/org.bouncycastle/bcprov-jdk15on/1.48/960dea7c9181ba0b17e8bab0c06a43f0a5f04e65/bcprov-jdk15on-1.48.jar
7f80e4b47000-7f80e4b55000 r--s 00081000 08:01 4981300                    /home/effi/.gradle/caches/modules-2/files-2.1/org.bouncycastle/bcpkix-jdk15on/1.48/28b7614b908a47844bb27e3c94b45b6893656265/bcpkix-jdk15on-1.48.jar
7f80e4b55000-7f80e4b57000 r--s 00002000 08:01 4981298                    /home/effi/.gradle/caches/modules-2/files-2.1/com.squareup/javawriter/2.5.0/81241ff7078ef14f42ea2a8995fa09c096256e6b/javawriter-2.5.0.jar
7f80e4b57000-7f80e4b5c000 r--s 00042000 08:01 4981296                    /home/effi/.gradle/caches/modules-2/files-2.1/com.android.tools.ddms/ddmlib/24.1.0/4bc7008e373e3ebf21bfce712ce608958b33ed5f/ddmlib-24.1.0.jar
7f80e4b5c000-7f80e4b60000 r--s 00029000 08:01 4851090                    /home/effi/.gradle/caches/modules-2/files-2.1/com.android.tools.build/manifest-merger/24.1.0/a832aa3ca2490f2f136031e677d28fdadaa5dfdd/manifest-merger-24.1.0.jar
7f80e4b60000-7f80e4b62000 r--s 00012000 08:01 4851088                    /home/effi/.gradle/caches/modules-2/files-2.1/com.android.tools/common/24.1.0/9286b07233acf19ab794ca2a3c2d34e322fe686c/common-24.1.0.jar
7f80e4b62000-7f80e4b69000 r--s 0005e000 08:01 4851086                    /home/effi/.gradle/caches/modules-2/files-2.1/com.android.tools/sdk-common/24.1.0/3a9865958bd5cffe94bfcd2e4982bec361b20132/sdk-common-24.1.0.jar
7f80e4b69000-7f80e4b72000 r--s 000a9000 08:01 4721778                    /home/effi/.gradle/caches/modules-2/files-2.1/com.android.tools/sdklib/24.1.0/b018c7d1b32bb94513df6f86e4d0172e05c88502/sdklib-24.1.0.jar
7f80e4b72000-7f80e4b73000 r--s 00002000 08:01 4721776                    /home/effi/.gradle/caches/modules-2/files-2.1/com.android.tools.build/builder-test-api/1.1.0/3d7a12067241871da8e3b8068d04115b8d674fc0/builder-test-api-1.1.0.jar
7f80e4b73000-7f80e4b76000 ---p 00000000 00:00 0 
7f80e4b76000-7f80e4c74000 rw-p 00000000 00:00 0                          [stack:2657]
7f80e4c74000-7f80e4c77000 ---p 00000000 00:00 0 
7f80e4c77000-7f80e4cad000 rw-p 00000000 00:00 0                          [stack:2655]
7f80e4cad000-7f80e4d18000 r--s 0069e000 08:01 2496337                    /usr/lib/jvm/java-7-openjdk/lib/tools.jar
7f80e4d18000-7f80e4d1b000 ---p 00000000 00:00 0 
7f80e4d1b000-7f80e4e19000 rw-p 00000000 00:00 0                          [stack:2652]
7f80e4e19000-7f80e4e1c000 ---p 00000000 00:00 0 
7f80e4e1c000-7f80e4f1a000 rw-p 00000000 00:00 0                          [stack:2649]
7f80e4f1a000-7f80e4f1d000 ---p 00000000 00:00 0 
7f80e4f1d000-7f80e501b000 rw-p 00000000 00:00 0                          [stack:2648]
7f80e501b000-7f80e501e000 ---p 00000000 00:00 0 
7f80e501e000-7f80e511c000 rw-p 00000000 00:00 0                          [stack:2647]
7f80e511c000-7f80e511f000 ---p 00000000 00:00 0 
7f80e511f000-7f80e521d000 rw-p 00000000 00:00 0                          [stack:2646]
7f80e521d000-7f80e5220000 ---p 00000000 00:00 0 
7f80e5220000-7f80e531e000 rw-p 00000000 00:00 0                          [stack:2645]
7f80e531e000-7f80e5322000 r-xp 00000000 00:20 74664                      /tmp/native-platform4222668494491802160dir/libnative-platform.so
7f80e5322000-7f80e5521000 ---p 00004000 00:20 74664                      /tmp/native-platform4222668494491802160dir/libnative-platform.so
7f80e5521000-7f80e5522000 rw-p 00003000 00:20 74664                      /tmp/native-platform4222668494491802160dir/libnative-platform.so
7f80e5522000-7f80e5529000 r--s 00090000 08:01 5115457                    /home/effi/.gradle/wrapper/dists/gradle-2.2-bin/ca0flae0itb57he40lyj6fhpp/gradle-2.2/lib/plugins/gradle-build-comparison-2.2.jar
7f80e5529000-7f80e5530000 r--s 00035000 08:01 5115497                    /home/effi/.gradle/wrapper/dists/gradle-2.2-bin/ca0flae0itb57he40lyj6fhpp/gradle-2.2/lib/plugins/simple-4.1.21.jar
7f80e5530000-7f80e5532000 r--s 00004000 08:01 4721774                    /home/effi/.gradle/caches/modules-2/files-2.1/com.android.tools.build/builder-model/1.1.0/2d6509052ec50b7a4656c43a92a6550c88dc7a97/builder-model-1.1.0.jar
7f80e5532000-7f80e5533000 r--s 00002000 08:01 4591210                    /home/effi/.gradle/caches/modules-2/files-2.1/net.sf.proguard/proguard-gradle/5.1/672d43cbfde4765080e5bea19c51a2cc45dfc00/proguard-gradle-5.1.jar
7f80e5533000-7f80e5535000 r--s 0001a000 08:01 4460856                    /home/effi/.gradle/caches/modules-2/files-2.1/com.android.tools.lint/lint/24.1.0/b290f4004a5629272c418817af2899532074484/lint-24.1.0.jar
7f80e5535000-7f80e553a000 r--s 00034000 08:01 4328885                    /home/effi/.gradle/caches/modules-2/files-2.1/com.android.tools.build/builder/1.1.0/4a93937fea291dda4429a8edac37941f823b63a0/builder-1.1.0.jar
7f80e553a000-7f80e554b000 r--s 00140000 08:01 4198941                    /home/effi/.gradle/caches/modules-2/files-2.1/com.android.tools.build/gradle-core/1.1.0/8bffc0f7a182f540c6876279eb0ae36d8b5e046/gradle-core-1.1.0.jar
7f80e554b000-7f80e554c000 r--s 00009000 08:01 4198939                    /home/effi/.gradle/caches/modules-2/files-2.1/com.android.tools.build/gradle/1.1.0/522472f1302bfd203089d31fe1eb08b789f28f2f/gradle-1.1.0.jar
7f80e554c000-7f80e5556000 r--s 000ae000 08:01 2366536                    /usr/lib/jvm/java-7-openjdk/jre/lib/resources.jar
7f80e5556000-7f80e5557000 r--p 00000000 00:00 0 
7f80e5557000-7f80e555c000 r--s 0004d000 08:01 2366537                    /usr/lib/jvm/java-7-openjdk/jre/lib/jsse.jar
7f80e555c000-7f80e555e000 r--s 00002000 08:01 5115472                    /home/effi/.gradle/wrapper/dists/gradle-2.2-bin/ca0flae0itb57he40lyj6fhpp/gradle-2.2/lib/plugins/gradle-cunit-2.2.jar
7f80e555e000-7f80e5563000 r--s 00036000 08:01 5115471                    /home/effi/.gradle/wrapper/dists/gradle-2.2-bin/ca0flae0itb57he40lyj6fhpp/gradle-2.2/lib/plugins/gradle-ide-native-2.2.jar
7f80e5563000-7f80e5568000 r--s 00013000 08:01 5115470                    /home/effi/.gradle/wrapper/dists/gradle-2.2-bin/ca0flae0itb57he40lyj6fhpp/gradle-2.2/lib/plugins/gradle-language-native-2.2.jar
7f80e5568000-7f80e5573000 r--s 0004d000 08:01 5115469                    /home/effi/.gradle/wrapper/dists/gradle-2.2-bin/ca0flae0itb57he40lyj6fhpp/gradle-2.2/lib/plugins/gradle-platform-native-2.2.jar
7f80e5573000-7f80e5575000 r--s 00008000 08:01 5115468                    /home/effi/.gradle/wrapper/dists/gradle-2.2-bin/ca0flae0itb57he40lyj6fhpp/gradle-2.2/lib/plugins/gradle-language-groovy-2.2.jar
7f80e5575000-7f80e557a000 r--s 00022000 08:01 5115467                    /home/effi/.gradle/wrapper/dists/gradle-2.2-bin/ca0flae0itb57he40lyj6fhpp/gradle-2.2/lib/plugins/gradle-language-java-2.2.jar
7f80e557a000-7f80e557d000 r--s 00007000 08:01 5115466                    /home/effi/.gradle/wrapper/dists/gradle-2.2-bin/ca0flae0itb57he40lyj6fhpp/gradle-2.2/lib/plugins/gradle-language-jvm-2.2.jar
7f80e557d000-7f80e5580000 r--s 00009000 08:01 5115465                    /home/effi/.gradle/wrapper/dists/gradle-2.2-bin/ca0flae0itb57he40lyj6fhpp/gradle-2.2/lib/plugins/gradle-platform-jvm-2.2.jar
7f80e5580000-7f80e5585000 r--s 00018000 08:01 5115464                    /home/effi/.gradle/wrapper/dists/gradle-2.2-bin/ca0flae0itb57he40lyj6fhpp/gradle-2.2/lib/plugins/gradle-platform-base-2.2.jar
7f80e5585000-7f80e558a000 r--s 00026000 08:01 5115463                    /home/effi/.gradle/wrapper/dists/gradle-2.2-bin/ca0flae0itb57he40lyj6fhpp/gradle-2.2/lib/plugins/gradle-build-init-2.2.jar
7f80e558a000-7f80e558d000 r--s 0001d000 08:01 5115462                    /home/effi/.gradle/wrapper/dists/gradle-2.2-bin/ca0flae0itb57he40lyj6fhpp/gradle-2.2/lib/plugins/gradle-jacoco-2.2.jar
7f80e558d000-7f80e5590000 r--s 0000d000 08:01 5115461                    /home/effi/.gradle/wrapper/dists/gradle-2.2-bin/ca0flae0itb57he40lyj6fhpp/gradle-2.2/lib/plugins/gradle-ivy-2.2.jar
7f80e5590000-7f80e5592000 r--s 00002000 08:01 5115460                    /home/effi/.gradle/wrapper/dists/gradle-2.2-bin/ca0flae0itb57he40lyj6fhpp/gradle-2.2/lib/plugins/gradle-publish-2.2.jar
7f80e5592000-7f80e5594000 r--s 00005000 08:01 5115498                    /home/effi/.gradle/wrapper/dists/gradle-2.2-bin/ca0flae0itb57he40lyj6fhpp/gradle-2.2/lib/plugins/jatl-0.2.2.jar
7f80e5594000-7f80e5596000 r--s 0000f000 08:01 5115459                    /home/effi/.gradle/wrapper/dists/gradle-2.2-bin/ca0flae0itb57he40lyj6fhpp/gradle-2.2/lib/plugins/gradle-reporting-2.2.jar
7f80e5596000-7f80e5599000 r--s 0001e000 08:01 5115509                    /home/effi/.gradle/wrapper/dists/gradle-2.2-bin/ca0flae0itb57he40lyj6fhpp/gradle-2.2/lib/plugins/jsp-api-2.1-6.1.14.jar
7f80e5599000-7f80e559a000 r--s 00001000 08:01 5115473                    /home/effi/.gradle/wrapper/dists/gradle-2.2-bin/ca0flae0itb57he40lyj6fhpp/gradle-2.2/lib/plugins/gradle-plugin-development-2.2.jar
7f80e559a000-7f80e559f000 r--s 00034000 08:01 5115458                    /home/effi/.gradle/wrapper/dists/gradle-2.2-bin/ca0flae0itb57he40lyj6fhpp/gradle-2.2/lib/plugins/gradle-diagnostics-2.2.jar
7f80e559f000-7f80e55ab000 r--s 00100000 08:01 5115495                    /home/effi/.gradle/wrapper/dists/gradle-2.2-bin/ca0flae0itb57he40lyj6fhpp/gradle-2.2/lib/plugins/rhino-1.7R3.jar
7f80e55ab000-7f80e55b0000 r--s 0001f000 08:01 5115456                    /home/effi/.gradle/wrapper/dists/gradle-2.2-bin/ca0flae0itb57he40lyj6fhpp/gradle-2.2/lib/plugins/gradle-javascript-2.2.jar
7f80e55b0000-7f80e55b2000 r--s 0000e000 08:01 5115455                    /home/effi/.gradle/wrapper/dists/gradle-2.2-bin/ca0flae0itb57he40lyj6fhpp/gradle-2.2/lib/plugins/gradle-ear-2.2.jar
7f80e55b2000-7f80e55b6000 r--s 00025000 08:01 5115494                    /home/effi/.gradle/wrapper/dists/gradle-2.2-bin/ca0flae0itb57he40lyj6fhpp/gradle-2.2/lib/plugins/bcpg-jdk15-1.46.jar
7f80e55b6000-7f80e55b9000 r--s 0001d000 08:01 5115454                    /home/effi/.gradle/wrapper/dists/gradle-2.2-bin/ca0flae0itb57he40lyj6fhpp/gradle-2.2/lib/plugins/gradle-signing-2.2.jar
7f80e55b9000-7f80e55ba000 r--s 00002000 08:01 5115493                    /home/effi/.gradle/wrapper/dists/gradle-2.2-bin/ca0flae0itb57he40lyj6fhpp/gradle-2.2/lib/plugins/sonar-batch-bootstrapper-2.9.jar
7f80e55ba000-7f80e55bd000 r--s 00018000 08:01 5115453                    /home/effi/.gradle/wrapper/dists/gradle-2.2-bin/ca0flae0itb57he40lyj6fhpp/gradle-2.2/lib/plugins/gradle-sonar-2.2.jar
7f80e55bd000-7f80e55c0000 r--s 00017000 08:01 5115452                    /home/effi/.gradle/wrapper/dists/gradle-2.2-bin/ca0flae0itb57he40lyj6fhpp/gradle-2.2/lib/plugins/gradle-scala-2.2.jar
7f80e55c0000-7f80e55c2000 r--s 0000e000 08:01 5115451                    /home/effi/.gradle/wrapper/dists/gradle-2.2-bin/ca0flae0itb57he40lyj6fhpp/gradle-2.2/lib/plugins/gradle-announce-2.2.jar
7f80e55c2000-7f80e55d0000 r--s 000bc000 08:01 5115450                    /home/effi/.gradle/wrapper/dists/gradle-2.2-bin/ca0flae0itb57he40lyj6fhpp/gradle-2.2/lib/plugins/gradle-ide-2.2.jar
7f80e55d0000-7f80e55d2000 r--s 00000000 08:01 5115492                    /home/effi/.gradle/wrapper/dists/gradle-2.2-bin/ca0flae0itb57he40lyj6fhpp/gradle-2.2/lib/plugins/plexus-component-annotations-1.5.2.jar
7f80e55d2000-7f80e55d5000 r--s 0000c000 08:01 5115491                    /home/effi/.gradle/wrapper/dists/gradle-2.2-bin/ca0flae0itb57he40lyj6fhpp/gradle-2.2/lib/plugins/pmaven-groovy-0.8-20100325.jar
7f80e55d5000-7f80e55d6000 r--s 00004000 08:01 5115490                    /home/effi/.gradle/wrapper/dists/gradle-2.2-bin/ca0flae0itb57he40lyj6fhpp/gradle-2.2/lib/plugins/pmaven-common-0.8-20100325.jar
7f80e55d6000-7f80e55da000 r--s 0001e000 08:01 5115449                    /home/effi/.gradle/wrapper/dists/gradle-2.2-bin/ca0flae0itb57he40lyj6fhpp/gradle-2.2/lib/plugins/gradle-maven-2.2.jar
7f80e55da000-7f80e55f2000 r--s 0013b000 08:01 5115488                    /home/effi/.gradle/wrapper/dists/gradle-2.2-bin/ca0flae0itb57he40lyj6fhpp/gradle-2.2/lib/plugins/bndlib-2.1.0.jar
7f80e55f2000-7f80e55f4000 r--s 00004000 08:01 5115448                    /home/effi/.gradle/wrapper/dists/gradle-2.2-bin/ca0flae0itb57he40lyj6fhpp/gradle-2.2/lib/plugins/gradle-osgi-2.2.jar
7f80e55f4000-7f80e55f9000 r--s 00068000 08:01 5115487                    /home/effi/.gradle/wrapper/dists/gradle-2.2-bin/ca0flae0itb57he40lyj6fhpp/gradle-2.2/lib/plugins/antlr-2.7.7.jar
7f80e55f9000-7f80e55fa000 r--s 00002000 08:01 5115486                    /home/effi/.gradle/wrapper/dists/gradle-2.2-bin/ca0flae0itb57he40lyj6fhpp/gradle-2.2/lib/plugins/ant-antlr-1.9.3.jar
7f80e55fa000-7f80e55fc000 r--s 00004000 08:01 5115447                    /home/effi/.gradle/wrapper/dists/gradle-2.2-bin/ca0flae0itb57he40lyj6fhpp/gradle-2.2/lib/plugins/gradle-antlr-2.2.jar
7f80e55fc000-7f80e561f000 r--s 00344000 08:01 5115508                    /home/effi/.gradle/wrapper/dists/gradle-2.2-bin/ca0flae0itb57he40lyj6fhpp/gradle-2.2/lib/plugins/core-3.1.1.jar
7f80e561f000-7f80e5620000 r--s 00006000 08:01 5115507                    /home/effi/.gradle/wrapper/dists/gradle-2.2-bin/ca0flae0itb57he40lyj6fhpp/gradle-2.2/lib/plugins/jetty-naming-6.1.25.jar
7f80e5620000-7f80e5621000 r--s 00002000 08:01 5115485                    /home/effi/.gradle/wrapper/dists/gradle-2.2-bin/ca0flae0itb57he40lyj6fhpp/gradle-2.2/lib/plugins/geronimo-annotation_1.0_spec-1.0.jar
7f80e5621000-7f80e5623000 r--s 00002000 08:01 5115484                    /home/effi/.gradle/wrapper/dists/gradle-2.2-bin/ca0flae0itb57he40lyj6fhpp/gradle-2.2/lib/plugins/jetty-annotations-6.1.25.jar
7f80e5623000-7f80e5634000 r--s 000ea000 08:01 5115483                    /home/effi/.gradle/wrapper/dists/gradle-2.2-bin/ca0flae0itb57he40lyj6fhpp/gradle-2.2/lib/plugins/jsp-2.1-6.1.14.jar
7f80e5634000-7f80e5636000 r--s 0000d000 08:01 5115482                    /home/effi/.gradle/wrapper/dists/gradle-2.2-bin/ca0flae0itb57he40lyj6fhpp/gradle-2.2/lib/plugins/jetty-plus-6.1.25.jar
7f80e5636000-7f80e5638000 r--s 0001f000 08:01 5115481                    /home/effi/.gradle/wrapper/dists/gradle-2.2-bin/ca0flae0itb57he40lyj6fhpp/gradle-2.2/lib/plugins/servlet-api-2.5-20081211.jar
7f80e5638000-7f80e563c000 r--s 00028000 08:01 5115480                    /home/effi/.gradle/wrapper/dists/gradle-2.2-bin/ca0flae0itb57he40lyj6fhpp/gradle-2.2/lib/plugins/jetty-util-6.1.25.jar
7f80e563c000-7f80e5643000 r--s 0007d000 08:01 5115479                    /home/effi/.gradle/wrapper/dists/gradle-2.2-bin/ca0flae0itb57he40lyj6fhpp/gradle-2.2/lib/plugins/jetty-6.1.25.jar
7f80e5643000-7f80e5645000 r--s 00009000 08:01 5115446                    /home/effi/.gradle/wrapper/dists/gradle-2.2-bin/ca0flae0itb57he40lyj6fhpp/gradle-2.2/lib/plugins/gradle-jetty-2.2.jar
7f80e5645000-7f80e564a000 r--s 00041000 08:01 5115445                    /home/effi/.gradle/wrapper/dists/gradle-2.2-bin/ca0flae0itb57he40lyj6fhpp/gradle-2.2/lib/plugins/gradle-code-quality-2.2.jar
7f80e564a000-7f80e564c000 r--s 00009000 08:01 5115517                    /home/effi/.gradle/wrapper/dists/gradle-2.2-bin/ca0flae0itb57he40lyj6fhpp/gradle-2.2/lib/plugins/hamcrest-core-1.3.jar
7f80e564c000-7f80e5652000 r--s 00033000 08:01 5115506                    /home/effi/.gradle/wrapper/dists/gradle-2.2-bin/ca0flae0itb57he40lyj6fhpp/gradle-2.2/lib/plugins/snakeyaml-1.6.jar
7f80e5652000-7f80e5654000 r--s 00006000 08:01 5115505                    /home/effi/.gradle/wrapper/dists/gradle-2.2-bin/ca0flae0itb57he40lyj6fhpp/gradle-2.2/lib/plugins/jcommander-1.12.jar
7f80e5654000-7f80e5659000 r--s 00040000 08:01 5115504                    /home/effi/.gradle/wrapper/dists/gradle-2.2-bin/ca0flae0itb57he40lyj6fhpp/gradle-2.2/lib/plugins/bsh-2.0b4.jar
7f80e5659000-7f80e565b000 r--s 00009000 08:01 5115478                    /home/effi/.gradle/wrapper/dists/gradle-2.2-bin/ca0flae0itb57he40lyj6fhpp/gradle-2.2/lib/plugins/commons-cli-1.2.jar
7f80e565b000-7f80e5664000 r--s 00089000 08:01 5115477                    /home/effi/.gradle/wrapper/dists/gradle-2.2-bin/ca0flae0itb57he40lyj6fhpp/gradle-2.2/lib/plugins/testng-6.3.1.jar
7f80e5664000-7f80e566a000 r--s 00036000 08:01 5115476                    /home/effi/.gradle/wrapper/dists/gradle-2.2-bin/ca0flae0itb57he40lyj6fhpp/gradle-2.2/lib/plugins/junit-4.11.jar
7f80e566a000-7f80e5676000 r--s 00075000 08:01 5115444                    /home/effi/.gradle/wrapper/dists/gradle-2.2-bin/ca0flae0itb57he40lyj6fhpp/gradle-2.2/lib/plugins/gradle-plugins-2.2.jar
7f80e5676000-7f80e568e000 r--s 00115000 08:01 5115515                    /home/effi/.gradle/wrapper/dists/gradle-2.2-bin/ca0flae0itb57he40lyj6fhpp/gradle-2.2/lib/plugins/xercesImpl-2.9.1.jar
7f80e568e000-7f80e5696000 r--s 00028000 08:01 5115516                    /home/effi/.gradle/wrapper/dists/gradle-2.2-bin/ca0flae0itb57he40lyj6fhpp/gradle-2.2/lib/plugins/xml-apis-1.3.04.jar
7f80e5696000-7f80e569c000 r--s 0005b000 08:01 5115514                    /home/effi/.gradle/wrapper/dists/gradle-2.2-bin/ca0flae0itb57he40lyj6fhpp/gradle-2.2/lib/plugins/jcifs-1.3.17.jar
7f80e569c000-7f80e56a2000 r--s 00031000 08:01 5115513                    /home/effi/.gradle/wrapper/dists/gradle-2.2-bin/ca0flae0itb57he40lyj6fhpp/gradle-2.2/lib/plugins/httpcore-4.2.2.jar
7f80e56a2000-7f80e56a8000 r--s 00033000 08:01 5115512                    /home/effi/.gradle/wrapper/dists/gradle-2.2-bin/ca0flae0itb57he40lyj6fhpp/gradle-2.2/lib/plugins/commons-codec-1.6.jar
7f80e56a8000-7f80e56d0000 r--s 00194000 08:01 5115503                    /home/effi/.gradle/wrapper/dists/gradle-2.2-bin/ca0flae0itb57he40lyj6fhpp/gradle-2.2/lib/plugins/bcprov-jdk15-1.46.jar
7f80e56d0000-7f80e56e0000 r-xp 00000000 08:01 2366720                    /usr/lib/jvm/java-7-openjdk/jre/lib/amd64/libnio.so
7f80e56e0000-7f80e58e0000 ---p 00010000 08:01 2366720                    /usr/lib/jvm/java-7-openjdk/jre/lib/amd64/libnio.so
7f80e58e0000-7f80e58e1000 rw-p 00010000 08:01 2366720                    /usr/lib/jvm/java-7-openjdk/jre/lib/amd64/libnio.so
7f80e58e1000-7f80e594f000 r-xp 00000000 08:01 2107921                    /usr/lib/libpcre.so.1.2.4
7f80e594f000-7f80e5b4e000 ---p 0006e000 08:01 2107921                    /usr/lib/libpcre.so.1.2.4
7f80e5b4e000-7f80e5b4f000 r--p 0006d000 08:01 2107921                    /usr/lib/libpcre.so.1.2.4
7f80e5b4f000-7f80e5b50000 rw-p 0006e000 08:01 2107921                    /usr/lib/libpcre.so.1.2.4
7f80e5b50000-7f80e5b58000 r-xp 00000000 08:01 2108050                    /usr/lib/libffi.so.6.0.4
7f80e5b58000-7f80e5d57000 ---p 00008000 08:01 2108050                    /usr/lib/libffi.so.6.0.4
7f80e5d57000-7f80e5d58000 r--p 00007000 08:01 2108050                    /usr/lib/libffi.so.6.0.4
7f80e5d58000-7f80e5d59000 rw-p 00008000 08:01 2108050                    /usr/lib/libffi.so.6.0.4
7f80e5d59000-7f80e5d6d000 r-xp 00000000 08:01 2100312                    /usr/lib/libresolv-2.21.so
7f80e5d6d000-7f80e5f6c000 ---p 00014000 08:01 2100312                    /usr/lib/libresolv-2.21.so
7f80e5f6c000-7f80e5f6d000 r--p 00013000 08:01 2100312                    /usr/lib/libresolv-2.21.so
7f80e5f6d000-7f80e5f6e000 rw-p 00014000 08:01 2100312                    /usr/lib/libresolv-2.21.so
7f80e5f6e000-7f80e5f70000 rw-p 00000000 00:00 0 
7f80e5f70000-7f80e5f73000 r-xp 00000000 08:01 2108116                    /usr/lib/libgmodule-2.0.so.0.4400.0
7f80e5f73000-7f80e6172000 ---p 00003000 08:01 2108116                    /usr/lib/libgmodule-2.0.so.0.4400.0
7f80e6172000-7f80e6173000 r--p 00002000 08:01 2108116                    /usr/lib/libgmodule-2.0.so.0.4400.0
7f80e6173000-7f80e6174000 rw-p 00003000 08:01 2108116                    /usr/lib/libgmodule-2.0.so.0.4400.0
7f80e6174000-7f80e6280000 r-xp 00000000 08:01 2108115                    /usr/lib/libglib-2.0.so.0.4400.0
7f80e6280000-7f80e647f000 ---p 0010c000 08:01 2108115                    /usr/lib/libglib-2.0.so.0.4400.0
7f80e647f000-7f80e6480000 r--p 0010b000 08:01 2108115                    /usr/lib/libglib-2.0.so.0.4400.0
7f80e6480000-7f80e6481000 rw-p 0010c000 08:01 2108115                    /usr/lib/libglib-2.0.so.0.4400.0
7f80e6481000-7f80e6482000 rw-p 00000000 00:00 0 
7f80e6482000-7f80e65f8000 r-xp 00000000 08:01 2108120                    /usr/lib/libgio-2.0.so.0.4400.0
7f80e65f8000-7f80e67f8000 ---p 00176000 08:01 2108120                    /usr/lib/libgio-2.0.so.0.4400.0
7f80e67f8000-7f80e67fc000 r--p 00176000 08:01 2108120                    /usr/lib/libgio-2.0.so.0.4400.0
7f80e67fc000-7f80e67fe000 rw-p 0017a000 08:01 2108120                    /usr/lib/libgio-2.0.so.0.4400.0
7f80e67fe000-7f80e9000000 rw-p 00000000 00:00 0 
7f80e9000000-7f80e92a0000 rwxp 00000000 00:00 0 
7f80e92a0000-7f80eca22000 rw-p 00000000 00:00 0 
7f80eca22000-7f80f0000000 ---p 00000000 00:00 0 
7f80f0000000-7f80f0003000 r--s 00011000 08:01 5115474                    /home/effi/.gradle/wrapper/dists/gradle-2.2-bin/ca0flae0itb57he40lyj6fhpp/gradle-2.2/lib/plugins/gradle-plugin-use-2.2.jar
7f80f0003000-7f80f0006000 r--s 0001c000 08:01 5115511                    /home/effi/.gradle/wrapper/dists/gradle-2.2-bin/ca0flae0itb57he40lyj6fhpp/gradle-2.2/lib/plugins/nekohtml-1.9.14.jar
7f80f0006000-7f80f000f000 r--s 00060000 08:01 5115510                    /home/effi/.gradle/wrapper/dists/gradle-2.2-bin/ca0flae0itb57he40lyj6fhpp/gradle-2.2/lib/plugins/httpclient-4.2.2.jar
7f80f000f000-7f80f0011000 r--s 00007000 08:01 5115499                    /home/effi/.gradle/wrapper/dists/gradle-2.2-bin/ca0flae0itb57he40lyj6fhpp/gradle-2.2/lib/plugins/gradle-resources-http-2.2.jar
7f80f0011000-7f80f0015000 r--s 0001d000 08:01 5115502                    /home/effi/.gradle/wrapper/dists/gradle-2.2-bin/ca0flae0itb57he40lyj6fhpp/gradle-2.2/lib/plugins/xbean-reflect-3.4.jar
7f80f0015000-7f80f001a000 r--s 0002a000 08:01 5115496                    /home/effi/.gradle/wrapper/dists/gradle-2.2-bin/ca0flae0itb57he40lyj6fhpp/gradle-2.2/lib/plugins/gson-2.2.4.jar
7f80f001a000-7f80f001e000 r--s 0003d000 08:01 5115501                    /home/effi/.gradle/wrapper/dists/gradle-2.2-bin/ca0flae0itb57he40lyj6fhpp/gradle-2.2/lib/plugins/jsch-0.1.51.jar
7f80f001e000-7f80f0037000 r--s 00129000 08:01 5115489                    /home/effi/.gradle/wrapper/dists/gradle-2.2-bin/ca0flae0itb57he40lyj6fhpp/gradle-2.2/lib/plugins/maven-ant-tasks-2.1.3.jar
7f80f0037000-7f80f0046000 r--s 000d9000 08:01 5115500                    /home/effi/.gradle/wrapper/dists/gradle-2.2-bin/ca0flae0itb57he40lyj6fhpp/gradle-2.2/lib/plugins/ivy-2.2.0.jar
7f80f0046000-7f80f004a000 r--s 0001e000 08:01 5115443                    /home/effi/.gradle/wrapper/dists/gradle-2.2-bin/ca0flae0itb57he40lyj6fhpp/gradle-2.2/lib/plugins/jarjar-aether-impl-1.13.1.jar
7f80f004a000-7f80f004d000 r--s 00027000 08:01 5115442                    /home/effi/.gradle/wrapper/dists/gradle-2.2-bin/ca0flae0itb57he40lyj6fhpp/gradle-2.2/lib/plugins/jarjar-maven-model-3.0.4.jar
7f80f004d000-7f80f0050000 r--s 0000b000 08:01 5115441                    /home/effi/.gradle/wrapper/dists/gradle-2.2-bin/ca0flae0itb57he40lyj6fhpp/gradle-2.2/lib/plugins/jarjar-maven-artifact-3.0.4.jar
7f80f0050000-7f80f0054000 r--s 0001e000 08:01 5115440                    /home/effi/.gradle/wrapper/dists/gradle-2.2-bin/ca0flae0itb57he40lyj6fhpp/gradle-2.2/lib/plugins/jarjar-aether-util-1.13.1.jar
7f80f0054000-7f80f0056000 r--s 00007000 08:01 5115439                    /home/effi/.gradle/wrapper/dists/gradle-2.2-bin/ca0flae0itb57he40lyj6fhpp/gradle-2.2/lib/plugins/jarjar-wagon-http-shared4-2.4.jar
7f80f0056000-7f80f0063000 r--s 00083000 08:01 5115438                    /home/effi/.gradle/wrapper/dists/gradle-2.2-bin/ca0flae0itb57he40lyj6fhpp/gradle-2.2/lib/plugins/jarjar-maven-core-3.0.4.jar
7f80f0063000-7f80f0065000 r--s 00003000 08:01 5115437                    /home/effi/.gradle/wrapper/dists/gradle-2.2-bin/ca0flae0itb57he40lyj6fhpp/gradle-2.2/lib/plugins/jarjar-aether-spi-1.13.1.jar
7f80f0065000-7f80f0067000 r--s 00009000 08:01 5115436                    /home/effi/.gradle/wrapper/dists/gradle-2.2-bin/ca0flae0itb57he40lyj6fhpp/gradle-2.2/lib/plugins/jarjar-maven-settings-builder-3.0.4.jar
7f80f0067000-7f80f006b000 r--s 00014000 08:01 5115435                    /home/effi/.gradle/wrapper/dists/gradle-2.2-bin/ca0flae0itb57he40lyj6fhpp/gradle-2.2/lib/plugins/jarjar-aether-api-1.13.1.jar
7f80f006b000-7f80f006c000 r--s 00002000 08:01 5115434                    /home/effi/.gradle/wrapper/dists/gradle-2.2-bin/ca0flae0itb57he40lyj6fhpp/gradle-2.2/lib/plugins/jarjar-wagon-http-2.4.jar
7f80f006c000-7f80f0073000 r--s 00042000 08:01 5115433                    /home/effi/.gradle/wrapper/dists/gradle-2.2-bin/ca0flae0itb57he40lyj6fhpp/gradle-2.2/lib/plugins/jarjar-maven-compat-3.0.4.jar
7f80f0073000-7f80f0075000 r--s 00006000 08:01 5115432                    /home/effi/.gradle/wrapper/dists/gradle-2.2-bin/ca0flae0itb57he40lyj6fhpp/gradle-2.2/lib/plugins/jarjar-aether-connector-wagon-1.13.1.jar
7f80f0075000-7f80f0077000 r--s 00000000 08:01 5115431                    /home/effi/.gradle/wrapper/dists/gradle-2.2-bin/ca0flae0itb57he40lyj6fhpp/gradle-2.2/lib/plugins/jarjar-plexus-component-annotations-1.5.5.jar
7f80f0077000-7f80f0079000 r--s 00006000 08:01 5115430                    /home/effi/.gradle/wrapper/dists/gradle-2.2-bin/ca0flae0itb57he40lyj6fhpp/gradle-2.2/lib/plugins/jarjar-plexus-sec-dispatcher-1.3.jar
7f80f0079000-7f80f007e000 r--s 00022000 08:01 5115429                    /home/effi/.gradle/wrapper/dists/gradle-2.2-bin/ca0flae0itb57he40lyj6fhpp/gradle-2.2/lib/plugins/jarjar-maven-model-builder-3.0.4.jar
7f80f007e000-7f80f0080000 r--s 0000b000 08:01 5115428                    /home/effi/.gradle/wrapper/dists/gradle-2.2-bin/ca0flae0itb57he40lyj6fhpp/gradle-2.2/lib/plugins/jarjar-maven-plugin-api-3.0.4.jar
7f80f0080000-7f80f00b1000 rw-p 00000000 00:00 0 
7f80f00b1000-7f80f0100000 r-xp 00000000 08:01 2108119                    /usr/lib/libgobject-2.0.so.0.4400.0
7f80f0100000-7f80f0300000 ---p 0004f000 08:01 2108119                    /usr/lib/libgobject-2.0.so.0.4400.0
7f80f0300000-7f80f0301000 r--p 0004f000 08:01 2108119                    /usr/lib/libgobject-2.0.so.0.4400.0
7f80f0301000-7f80f0302000 rw-p 00050000 08:01 2108119                    /usr/lib/libgobject-2.0.so.0.4400.0
7f80f0302000-7f80f0305000 r--s 0000a000 08:01 5115427                    /home/effi/.gradle/wrapper/dists/gradle-2.2-bin/ca0flae0itb57he40lyj6fhpp/gradle-2.2/lib/plugins/jarjar-plexus-classworlds-2.4.jar
7f80f0305000-7f80f0309000 r--s 00035000 08:01 5115426                    /home/effi/.gradle/wrapper/dists/gradle-2.2-bin/ca0flae0itb57he40lyj6fhpp/gradle-2.2/lib/plugins/jarjar-plexus-utils-2.0.6.jar
7f80f0309000-7f80f030b000 r--s 0000e000 08:01 5115425                    /home/effi/.gradle/wrapper/dists/gradle-2.2-bin/ca0flae0itb57he40lyj6fhpp/gradle-2.2/lib/plugins/jarjar-plexus-interpolation-1.14.jar
7f80f030b000-7f80f030d000 r--s 00002000 08:01 5115424                    /home/effi/.gradle/wrapper/dists/gradle-2.2-bin/ca0flae0itb57he40lyj6fhpp/gradle-2.2/lib/plugins/jarjar-plexus-cipher-1.7.jar
7f80f030d000-7f80f030f000 r--s 0000c000 08:01 5115423                    /home/effi/.gradle/wrapper/dists/gradle-2.2-bin/ca0flae0itb57he40lyj6fhpp/gradle-2.2/lib/plugins/jarjar-wagon-provider-api-2.4.jar
7f80f030f000-7f80f0311000 r--s 0000d000 08:01 5115422                    /home/effi/.gradle/wrapper/dists/gradle-2.2-bin/ca0flae0itb57he40lyj6fhpp/gradle-2.2/lib/plugins/jarjar-maven-aether-provider-3.0.4.jar
7f80f0311000-7f80f0319000 r--s 00031000 08:01 5115421                    /home/effi/.gradle/wrapper/dists/gradle-2.2-bin/ca0flae0itb57he40lyj6fhpp/gradle-2.2/lib/plugins/jarjar-plexus-container-default-1.5.5.jar
7f80f0319000-7f80f031a000 r--s 00007000 08:01 5115420                    /home/effi/.gradle/wrapper/dists/gradle-2.2-bin/ca0flae0itb57he40lyj6fhpp/gradle-2.2/lib/plugins/jarjar-maven-repository-metadata-3.0.4.jar
7f80f031a000-7f80f031b000 r--s 0000b000 08:01 5115419                    /home/effi/.gradle/wrapper/dists/gradle-2.2-bin/ca0flae0itb57he40lyj6fhpp/gradle-2.2/lib/plugins/jarjar-maven-settings-3.0.4.jar
7f80f031b000-7f80f0333000 r--s 000b5000 08:01 5115475                    /home/effi/.gradle/wrapper/dists/gradle-2.2-bin/ca0flae0itb57he40lyj6fhpp/gradle-2.2/lib/plugins/gradle-dependency-management-2.2.jar
7f80f0333000-7f80f034a000 r-xp 00000000 08:01 2366719                    /usr/lib/jvm/java-7-openjdk/jre/lib/amd64/libnet.so
7f80f034a000-7f80f0549000 ---p 00017000 08:01 2366719                    /usr/lib/jvm/java-7-openjdk/jre/lib/amd64/libnet.so
7f80f0549000-7f80f054a000 rw-p 00016000 08:01 2366719                    /usr/lib/jvm/java-7-openjdk/jre/lib/amd64/libnet.so
7f80f054a000-7f80f054b000 r--s 00005000 08:01 5113123                    /home/effi/.gradle/wrapper/dists/gradle-2.2-bin/ca0flae0itb57he40lyj6fhpp/gradle-2.2/lib/gradle-wrapper-2.2.jar
7f80f054b000-7f80f0554000 r--s 0002c000 08:01 5115375                    /home/effi/.gradle/wrapper/dists/gradle-2.2-bin/ca0flae0itb57he40lyj6fhpp/gradle-2.2/lib/gradle-tooling-api-2.2.jar
7f80f0554000-7f80f0556000 r--s 00002000 08:01 5115399                    /home/effi/.gradle/wrapper/dists/gradle-2.2-bin/ca0flae0itb57he40lyj6fhpp/gradle-2.2/lib/gradle-open-api-2.2.jar
7f80f0556000-7f80f055c000 r--s 00032000 08:01 5115401                    /home/effi/.gradle/wrapper/dists/gradle-2.2-bin/ca0flae0itb57he40lyj6fhpp/gradle-2.2/lib/jaxen-1.1.jar
7f80f055c000-7f80f0561000 r--s 00048000 08:01 5115400                    /home/effi/.gradle/wrapper/dists/gradle-2.2-bin/ca0flae0itb57he40lyj6fhpp/gradle-2.2/lib/dom4j-1.6.1.jar
7f80f0561000-7f80f056c000 r--s 00059000 08:01 5115374                    /home/effi/.gradle/wrapper/dists/gradle-2.2-bin/ca0flae0itb57he40lyj6fhpp/gradle-2.2/lib/gradle-ui-2.2.jar
7f80f056c000-7f80f056e000 r--s 00006000 08:01 5115395                    /home/effi/.gradle/wrapper/dists/gradle-2.2-bin/ca0flae0itb57he40lyj6fhpp/gradle-2.2/lib/gradle-resources-2.2.jar
7f80f056e000-7f80f0570000 r--s 00007000 08:01 5115417                    /home/effi/.gradle/wrapper/dists/gradle-2.2-bin/ca0flae0itb57he40lyj6fhpp/gradle-2.2/lib/objenesis-1.2.jar
7f80f0570000-7f80f0572000 r--s 00000000 08:01 5115416                    /home/effi/.gradle/wrapper/dists/gradle-2.2-bin/ca0flae0itb57he40lyj6fhpp/gradle-2.2/lib/minlog-1.2.jar
7f80f0572000-7f80f0574000 r--s 0000f000 08:01 5115415                    /home/effi/.gradle/wrapper/dists/gradle-2.2-bin/ca0flae0itb57he40lyj6fhpp/gradle-2.2/lib/reflectasm-1.07-shaded.jar
7f80f0574000-7f80f0578000 r--s 00026000 08:01 5115406                    /home/effi/.gradle/wrapper/dists/gradle-2.2-bin/ca0flae0itb57he40lyj6fhpp/gradle-2.2/lib/kryo-2.20.jar
7f80f0578000-7f80f0581000 r--s 00039000 08:01 5115394                    /home/effi/.gradle/wrapper/dists/gradle-2.2-bin/ca0flae0itb57he40lyj6fhpp/gradle-2.2/lib/gradle-messaging-2.2.jar
7f80f0581000-7f80f0582000 r--s 00003000 08:01 5115414                    /home/effi/.gradle/wrapper/dists/gradle-2.2-bin/ca0flae0itb57he40lyj6fhpp/gradle-2.2/lib/native-platform-freebsd-amd64-0.10.jar
7f80f0582000-7f80f0583000 r--s 00003000 08:01 5115413                    /home/effi/.gradle/wrapper/dists/gradle-2.2-bin/ca0flae0itb57he40lyj6fhpp/gradle-2.2/lib/native-platform-freebsd-i386-0.10.jar
7f80f0583000-7f80f0584000 r--s 00005000 08:01 5115412                    /home/effi/.gradle/wrapper/dists/gradle-2.2-bin/ca0flae0itb57he40lyj6fhpp/gradle-2.2/lib/native-platform-windows-i386-0.10.jar
7f80f0584000-7f80f0585000 r--s 00005000 08:01 5115411                    /home/effi/.gradle/wrapper/dists/gradle-2.2-bin/ca0flae0itb57he40lyj6fhpp/gradle-2.2/lib/native-platform-windows-amd64-0.10.jar
7f80f0585000-7f80f0586000 r--s 00003000 08:01 5115410                    /home/effi/.gradle/wrapper/dists/gradle-2.2-bin/ca0flae0itb57he40lyj6fhpp/gradle-2.2/lib/native-platform-linux-i386-0.10.jar
7f80f0586000-7f80f0587000 r--s 00003000 08:01 5115409                    /home/effi/.gradle/wrapper/dists/gradle-2.2-bin/ca0flae0itb57he40lyj6fhpp/gradle-2.2/lib/native-platform-linux-amd64-0.10.jar
7f80f0587000-7f80f0588000 r--s 00002000 08:01 5115408                    /home/effi/.gradle/wrapper/dists/gradle-2.2-bin/ca0flae0itb57he40lyj6fhpp/gradle-2.2/lib/native-platform-osx-amd64-0.10.jar
7f80f0588000-7f80f0589000 r--s 00002000 08:01 5115407                    /home/effi/.gradle/wrapper/dists/gradle-2.2-bin/ca0flae0itb57he40lyj6fhpp/gradle-2.2/lib/native-platform-osx-i386-0.10.jar
7f80f0589000-7f80f058b000 r--s 00008000 08:01 5115404                    /home/effi/.gradle/wrapper/dists/gradle-2.2-bin/ca0flae0itb57he40lyj6fhpp/gradle-2.2/lib/jansi-1.2.1.jar
7f80f058b000-7f80f058e000 r--s 0000d000 08:01 5115403                    /home/effi/.gradle/wrapper/dists/gradle-2.2-bin/ca0flae0itb57he40lyj6fhpp/gradle-2.2/lib/native-platform-0.10.jar
7f80f058e000-7f80f0592000 r--s 000e4000 08:01 5115402                    /home/effi/.gradle/wrapper/dists/gradle-2.2-bin/ca0flae0itb57he40lyj6fhpp/gradle-2.2/lib/jna-3.2.7.jar
7f80f0592000-7f80f0594000 r--s 00008000 08:01 5115376                    /home/effi/.gradle/wrapper/dists/gradle-2.2-bin/ca0flae0itb57he40lyj6fhpp/gradle-2.2/lib/gradle-native-2.2.jar
7f80f0594000-7f80f0596000 r--s 00005000 08:01 5115373                    /home/effi/.gradle/wrapper/dists/gradle-2.2-bin/ca0flae0itb57he40lyj6fhpp/gradle-2.2/lib/gradle-cli-2.2.jar
7f80f0596000-7f80f0598000 r--s 00003000 08:01 5115393                    /home/effi/.gradle/wrapper/dists/gradle-2.2-bin/ca0flae0itb57he40lyj6fhpp/gradle-2.2/lib/gradle-base-services-groovy-2.2.jar
7f80f0598000-7f80f059a000 r--s 0000a000 08:01 5115381                    /home/effi/.gradle/wrapper/dists/gradle-2.2-bin/ca0flae0itb57he40lyj6fhpp/gradle-2.2/lib/gradle-model-groovy-2.2.jar
7f80f059a000-7f80f059e000 r--s 0001b000 08:01 5115380                    /home/effi/.gradle/wrapper/dists/gradle-2.2-bin/ca0flae0itb57he40lyj6fhpp/gradle-2.2/lib/gradle-model-core-2.2.jar
7f80f059e000-7f80f059f000 r--s 00000000 08:01 5115396                    /home/effi/.gradle/wrapper/dists/gradle-2.2-bin/ca0flae0itb57he40lyj6fhpp/gradle-2.2/lib/gradle-docs-2.2.jar
7f80f059f000-7f80f05a1000 r--s 00003000 08:01 5115398                    /home/effi/.gradle/wrapper/dists/gradle-2.2-bin/ca0flae0itb57he40lyj6fhpp/gradle-2.2/lib/jcl-over-slf4j-1.7.7.jar
7f80f05a1000-7f80f05a2000 r--s 00005000 08:01 5115397                    /home/effi/.gradle/wrapper/dists/gradle-2.2-bin/ca0flae0itb57he40lyj6fhpp/gradle-2.2/lib/log4j-over-slf4j-1.7.7.jar
7f80f05a2000-7f80f05a3000 r--s 00000000 08:01 5115392                    /home/effi/.gradle/wrapper/dists/gradle-2.2-bin/ca0flae0itb57he40lyj6fhpp/gradle-2.2/lib/javax.inject-1.jar
7f80f05a3000-7f80f05a6000 r--s 0001b000 08:01 5115391                    /home/effi/.gradle/wrapper/dists/gradle-2.2-bin/ca0flae0itb57he40lyj6fhpp/gradle-2.2/lib/jarjar-1.3.jar
7f80f05a6000-7f80f05a8000 r--s 00000000 08:01 5115390                    /home/effi/.gradle/wrapper/dists/gradle-2.2-bin/ca0flae0itb57he40lyj6fhpp/gradle-2.2/lib/jul-to-slf4j-1.7.7.jar
7f80f05a8000-7f80f05a9000 r--s 00000000 08:01 5115389                    /home/effi/.gradle/wrapper/dists/gradle-2.2-bin/ca0flae0itb57he40lyj6fhpp/gradle-2.2/lib/jcip-annotations-1.0.jar
7f80f05a9000-7f80f05af000 r--s 0003b000 08:01 5115388                    /home/effi/.gradle/wrapper/dists/gradle-2.2-bin/ca0flae0itb57he40lyj6fhpp/gradle-2.2/lib/logback-classic-1.0.13.jar
7f80f05af000-7f80f05b9000 r--s 0005d000 08:01 5115387                    /home/effi/.gradle/wrapper/dists/gradle-2.2-bin/ca0flae0itb57he40lyj6fhpp/gradle-2.2/lib/logback-core-1.0.13.jar
7f80f05b9000-7f80f05be000 r--s 00041000 08:01 5115386                    /home/effi/.gradle/wrapper/dists/gradle-2.2-bin/ca0flae0itb57he40lyj6fhpp/gradle-2.2/lib/commons-lang-2.6.jar
7f80f05be000-7f80f05c1000 r--s 00018000 08:01 5115385                    /home/effi/.gradle/wrapper/dists/gradle-2.2-bin/ca0flae0itb57he40lyj6fhpp/gradle-2.2/lib/commons-io-1.4.jar
7f80f05c1000-7f80f05cf000 r--s 0007f000 08:01 5115384                    /home/effi/.gradle/wrapper/dists/gradle-2.2-bin/ca0flae0itb57he40lyj6fhpp/gradle-2.2/lib/commons-collections-3.2.1.jar
7f80f05cf000-7f80f063a000 r--s 00685000 08:01 5115379                    /home/effi/.gradle/wrapper/dists/gradle-2.2-bin/ca0flae0itb57he40lyj6fhpp/gradle-2.2/lib/groovy-all-2.3.6.jar
7f80f063a000-7f80f0662000 r--s 001cf000 08:01 5115378                    /home/effi/.gradle/wrapper/dists/gradle-2.2-bin/ca0flae0itb57he40lyj6fhpp/gradle-2.2/lib/guava-jdk5-17.0.jar
7f80f0662000-7f80f0681000 r--s 001cc000 08:01 5115383                    /home/effi/.gradle/wrapper/dists/gradle-2.2-bin/ca0flae0itb57he40lyj6fhpp/gradle-2.2/lib/ant-1.9.3.jar
7f80f0681000-7f80f06b2000 r--s 00191000 08:01 5115372                    /home/effi/.gradle/wrapper/dists/gradle-2.2-bin/ca0flae0itb57he40lyj6fhpp/gradle-2.2/lib/gradle-core-2.2.jar
7f80f06b2000-7f80f06b3000 ---p 00000000 00:00 0 
7f80f06b3000-7f80f07b3000 rw-p 00000000 00:00 0                          [stack:2643]
7f80f07b3000-7f80f07b6000 ---p 00000000 00:00 0 
7f80f07b6000-7f80f08b4000 rw-p 00000000 00:00 0                          [stack:2642]
7f80f08b4000-7f80f08b7000 ---p 00000000 00:00 0 
7f80f08b7000-7f80f09b5000 rw-p 00000000 00:00 0                          [stack:2641]
7f80f09b5000-7f80f09b8000 ---p 00000000 00:00 0 
7f80f09b8000-7f80f0ab6000 rw-p 00000000 00:00 0                          [stack:2640]
7f80f0ab6000-7f80f0ab9000 ---p 00000000 00:00 0 
7f80f0ab9000-7f80f0bb7000 rw-p 00000000 00:00 0                          [stack:2639]
7f80f0bb7000-7f80f0d40000 r--p 00000000 08:01 2117377                    /usr/lib/locale/locale-archive
7f80f0d40000-7f80f0d43000 ---p 00000000 00:00 0 
7f80f0d43000-7f80f0e41000 rw-p 00000000 00:00 0                          [stack:2638]
7f80f0e41000-7f80f0e44000 ---p 00000000 00:00 0 
7f80f0e44000-7f80f0f42000 rw-p 00000000 00:00 0                          [stack:2637]
7f80f0f42000-7f80f0f43000 ---p 00000000 00:00 0 
7f80f0f43000-7f80f19f8000 rw-p 00000000 00:00 0                          [stack:2636]
7f80f19f8000-7f80f1ba9000 r--s 01d27000 08:01 2366535                    /usr/lib/jvm/java-7-openjdk/jre/lib/rt.jar
7f80f1ba9000-7f80f1f22000 rw-p 00000000 00:00 0 
7f80f1f22000-7f80f1f23000 ---p 00000000 00:00 0 
7f80f1f23000-7f80f2023000 rw-p 00000000 00:00 0                          [stack:2635]
7f80f2023000-7f80f2024000 ---p 00000000 00:00 0 
7f80f2024000-7f80f2136000 rw-p 00000000 00:00 0                          [stack:2634]
7f80f2136000-7f80f21a4000 rw-p 00000000 00:00 0 
7f80f21a4000-7f80f21b7000 rw-p 00000000 00:00 0 
7f80f21b7000-7f80f22fa000 rw-p 00000000 00:00 0 
7f80f22fa000-7f80f230c000 rw-p 00000000 00:00 0 
7f80f230c000-7f80f237a000 rw-p 00000000 00:00 0 
7f80f237a000-7f80f238d000 rw-p 00000000 00:00 0 
7f80f238d000-7f80f24cf000 rw-p 00000000 00:00 0 
7f80f24cf000-7f80f2515000 rw-p 00000000 00:00 0 
7f80f2515000-7f80f257a000 rw-p 00000000 00:00 0 
7f80f257a000-7f80f257b000 rw-p 00000000 00:00 0 
7f80f257b000-7f80f2583000 r-xp 00000000 08:01 2366718                    /usr/lib/jvm/java-7-openjdk/jre/lib/amd64/libzip.so
7f80f2583000-7f80f2782000 ---p 00008000 08:01 2366718                    /usr/lib/jvm/java-7-openjdk/jre/lib/amd64/libzip.so
7f80f2782000-7f80f2783000 rw-p 00007000 08:01 2366718                    /usr/lib/jvm/java-7-openjdk/jre/lib/amd64/libzip.so
7f80f2783000-7f80f278e000 r-xp 00000000 08:01 2100316                    /usr/lib/libnss_files-2.21.so
7f80f278e000-7f80f298e000 ---p 0000b000 08:01 2100316                    /usr/lib/libnss_files-2.21.so
7f80f298e000-7f80f298f000 r--p 0000b000 08:01 2100316                    /usr/lib/libnss_files-2.21.so
7f80f298f000-7f80f2990000 rw-p 0000c000 08:01 2100316                    /usr/lib/libnss_files-2.21.so
7f80f2990000-7f80f29bc000 r-xp 00000000 08:01 2366717                    /usr/lib/jvm/java-7-openjdk/jre/lib/amd64/libjava.so
7f80f29bc000-7f80f2bbb000 ---p 0002c000 08:01 2366717                    /usr/lib/jvm/java-7-openjdk/jre/lib/amd64/libjava.so
7f80f2bbb000-7f80f2bbd000 rw-p 0002b000 08:01 2366717                    /usr/lib/jvm/java-7-openjdk/jre/lib/amd64/libjava.so
7f80f2bbd000-7f80f2bca000 r-xp 00000000 08:01 2366716                    /usr/lib/jvm/java-7-openjdk/jre/lib/amd64/libverify.so
7f80f2bca000-7f80f2dc9000 ---p 0000d000 08:01 2366716                    /usr/lib/jvm/java-7-openjdk/jre/lib/amd64/libverify.so
7f80f2dc9000-7f80f2dcb000 rw-p 0000c000 08:01 2366716                    /usr/lib/jvm/java-7-openjdk/jre/lib/amd64/libverify.so
7f80f2dcb000-7f80f2dd2000 r-xp 00000000 08:01 2100348                    /usr/lib/librt-2.21.so
7f80f2dd2000-7f80f2fd1000 ---p 00007000 08:01 2100348                    /usr/lib/librt-2.21.so
7f80f2fd1000-7f80f2fd2000 r--p 00006000 08:01 2100348                    /usr/lib/librt-2.21.so
7f80f2fd2000-7f80f2fd3000 rw-p 00007000 08:01 2100348                    /usr/lib/librt-2.21.so
7f80f2fd3000-7f80f2fe9000 r-xp 00000000 08:01 2100680                    /usr/lib/libgcc_s.so.1
7f80f2fe9000-7f80f31e8000 ---p 00016000 08:01 2100680                    /usr/lib/libgcc_s.so.1
7f80f31e8000-7f80f31e9000 rw-p 00015000 08:01 2100680                    /usr/lib/libgcc_s.so.1
7f80f31e9000-7f80f32ec000 r-xp 00000000 08:01 2100375                    /usr/lib/libm-2.21.so
7f80f32ec000-7f80f34ec000 ---p 00103000 08:01 2100375                    /usr/lib/libm-2.21.so
7f80f34ec000-7f80f34ed000 r--p 00103000 08:01 2100375                    /usr/lib/libm-2.21.so
7f80f34ed000-7f80f34ee000 rw-p 00104000 08:01 2100375                    /usr/lib/libm-2.21.so
7f80f34ee000-7f80f35de000 r-xp 00000000 08:01 2100684                    /usr/lib/libstdc++.so.6.0.20
7f80f35de000-7f80f37de000 ---p 000f0000 08:01 2100684                    /usr/lib/libstdc++.so.6.0.20
7f80f37de000-7f80f37e6000 r--p 000f0000 08:01 2100684                    /usr/lib/libstdc++.so.6.0.20
7f80f37e6000-7f80f37e8000 rw-p 000f8000 08:01 2100684                    /usr/lib/libstdc++.so.6.0.20
7f80f37e8000-7f80f37fd000 rw-p 00000000 00:00 0 
7f80f37fd000-7f80f4352000 r-xp 00000000 08:01 2496333                    /usr/lib/jvm/java-7-openjdk/jre/lib/amd64/server/libjvm.so
7f80f4352000-7f80f4552000 ---p 00b55000 08:01 2496333                    /usr/lib/jvm/java-7-openjdk/jre/lib/amd64/server/libjvm.so
7f80f4552000-7f80f4614000 rw-p 00b55000 08:01 2496333                    /usr/lib/jvm/java-7-openjdk/jre/lib/amd64/server/libjvm.so
7f80f4614000-7f80f4640000 rw-p 00000000 00:00 0 
7f80f4640000-7f80f4655000 r-xp 00000000 08:01 2103417                    /usr/lib/libz.so.1.2.8
7f80f4655000-7f80f4854000 ---p 00015000 08:01 2103417                    /usr/lib/libz.so.1.2.8
7f80f4854000-7f80f4855000 r--p 00014000 08:01 2103417                    /usr/lib/libz.so.1.2.8
7f80f4855000-7f80f4856000 rw-p 00015000 08:01 2103417                    /usr/lib/libz.so.1.2.8
7f80f4856000-7f80f49ef000 r-xp 00000000 08:01 2100327                    /usr/lib/libc-2.21.so
7f80f49ef000-7f80f4bef000 ---p 00199000 08:01 2100327                    /usr/lib/libc-2.21.so
7f80f4bef000-7f80f4bf3000 r--p 00199000 08:01 2100327                    /usr/lib/libc-2.21.so
7f80f4bf3000-7f80f4bf5000 rw-p 0019d000 08:01 2100327                    /usr/lib/libc-2.21.so
7f80f4bf5000-7f80f4bf9000 rw-p 00000000 00:00 0 
7f80f4bf9000-7f80f4bfb000 r-xp 00000000 08:01 2100357                    /usr/lib/libdl-2.21.so
7f80f4bfb000-7f80f4dfb000 ---p 00002000 08:01 2100357                    /usr/lib/libdl-2.21.so
7f80f4dfb000-7f80f4dfc000 r--p 00002000 08:01 2100357                    /usr/lib/libdl-2.21.so
7f80f4dfc000-7f80f4dfd000 rw-p 00003000 08:01 2100357                    /usr/lib/libdl-2.21.so
7f80f4dfd000-7f80f4e0a000 r-xp 00000000 08:01 2496326                    /usr/lib/jvm/java-7-openjdk/jre/lib/amd64/jli/libjli.so
7f80f4e0a000-7f80f5009000 ---p 0000d000 08:01 2496326                    /usr/lib/jvm/java-7-openjdk/jre/lib/amd64/jli/libjli.so
7f80f5009000-7f80f500a000 rw-p 0000c000 08:01 2496326                    /usr/lib/jvm/java-7-openjdk/jre/lib/amd64/jli/libjli.so
7f80f500a000-7f80f5022000 r-xp 00000000 08:01 2100347                    /usr/lib/libpthread-2.21.so
7f80f5022000-7f80f5221000 ---p 00018000 08:01 2100347                    /usr/lib/libpthread-2.21.so
7f80f5221000-7f80f5222000 r--p 00017000 08:01 2100347                    /usr/lib/libpthread-2.21.so
7f80f5222000-7f80f5223000 rw-p 00018000 08:01 2100347                    /usr/lib/libpthread-2.21.so
7f80f5223000-7f80f5227000 rw-p 00000000 00:00 0 
7f80f5227000-7f80f5249000 r-xp 00000000 08:01 2100371                    /usr/lib/ld-2.21.so
7f80f5249000-7f80f524e000 r--s 00036000 08:01 5115382                    /home/effi/.gradle/wrapper/dists/gradle-2.2-bin/ca0flae0itb57he40lyj6fhpp/gradle-2.2/lib/asm-all-5.0.3.jar
7f80f524e000-7f80f5250000 r--s 00006000 08:01 5115377                    /home/effi/.gradle/wrapper/dists/gradle-2.2-bin/ca0flae0itb57he40lyj6fhpp/gradle-2.2/lib/slf4j-api-1.7.7.jar
7f80f5250000-7f80f5251000 r--s 00004000 08:01 5115405                    /home/effi/.gradle/wrapper/dists/gradle-2.2-bin/ca0flae0itb57he40lyj6fhpp/gradle-2.2/lib/ant-launcher-1.9.3.jar
7f80f5251000-7f80f525c000 rw-p 00000000 00:00 0 
7f80f525c000-7f80f5311000 rw-p 00000000 00:00 0 
7f80f5311000-7f80f5314000 ---p 00000000 00:00 0 
7f80f5314000-7f80f5416000 rw-p 00000000 00:00 0                          [stack:2633]
7f80f5416000-7f80f541c000 r--s 00026000 08:01 5113124                    /home/effi/.gradle/wrapper/dists/gradle-2.2-bin/ca0flae0itb57he40lyj6fhpp/gradle-2.2/lib/gradle-base-services-2.2.jar
7f80f541c000-7f80f5424000 r--s 0003c000 08:01 5113122                    /home/effi/.gradle/wrapper/dists/gradle-2.2-bin/ca0flae0itb57he40lyj6fhpp/gradle-2.2/lib/gradle-launcher-2.2.jar
7f80f5424000-7f80f543d000 rw-p 00000000 00:00 0 
7f80f543d000-7f80f5445000 rw-s 00000000 00:20 74624                      /tmp/hsperfdata_effi/2631
7f80f5445000-7f80f5446000 rw-p 00000000 00:00 0 
7f80f5446000-7f80f5447000 ---p 00000000 00:00 0 
7f80f5447000-7f80f5448000 rw-p 00000000 00:00 0 
7f80f5448000-7f80f5449000 r--p 00021000 08:01 2100371                    /usr/lib/ld-2.21.so
7f80f5449000-7f80f544a000 rw-p 00022000 08:01 2100371                    /usr/lib/ld-2.21.so
7f80f544a000-7f80f544b000 rw-p 00000000 00:00 0 
7ffed6c0d000-7ffed6c2e000 rw-p 00000000 00:00 0                          [stack]
7ffed6c6c000-7ffed6c6e000 r--p 00000000 00:00 0                          [vvar]
7ffed6c6e000-7ffed6c70000 r-xp 00000000 00:00 0                          [vdso]
ffffffffff600000-ffffffffff601000 r-xp 00000000 00:00 0                  [vsyscall]

VM Arguments:
jvm_args: -XX:MaxPermSize=256m -XX:+HeapDumpOnOutOfMemoryError -Xmx1024m -Dfile.encoding=UTF-8 -Duser.country=US -Duser.language=en -Duser.variant 
java_command: org.gradle.launcher.daemon.bootstrap.GradleDaemon 2.2 /home/effi/.gradle/daemon 10800000 b14759dd-2b36-46ca-9f54-0bd84295e585 -XX:MaxPermSize=256m -XX:+HeapDumpOnOutOfMemoryError -Xmx1024m -Dfile.encoding=UTF-8 -Duser.country=US -Duser.language=en -Duser.variant
Launcher Type: SUN_STANDARD

Environment Variables:
CLASSPATH=/opt/android-studio/bin/../lib/bootstrap.jar:/opt/android-studio/bin/../lib/extensions.jar:/opt/android-studio/bin/../lib/util.jar:/opt/android-studio/bin/../lib/jdom.jar:/opt/android-studio/bin/../lib/log4j.jar:/opt/android-studio/bin/../lib/trove4j.jar:/opt/android-studio/bin/../lib/jna.jar:/usr/lib/jvm/java-7-openjdk/lib/tools.jar
PATH=/usr/local/sbin:/usr/local/bin:/usr/bin:/usr/lib/jvm/default/bin:/usr/bin/site_perl:/usr/bin/vendor_perl:/usr/bin/core_perl
LD_LIBRARY_PATH=/opt/android-studio/bin:
SHELL=/bin/bash
DISPLAY=:0

Signal Handlers:
SIGSEGV: [libjvm.so+0x989390], sa_mask[0]=0x7ffbfeff, sa_flags=0x10000004
SIGBUS: [libjvm.so+0x989390], sa_mask[0]=0x7ffbfeff, sa_flags=0x10000004
SIGFPE: [libjvm.so+0x7f74d0], sa_mask[0]=0x7ffbfeff, sa_flags=0x10000004
SIGPIPE: [libjvm.so+0x7f74d0], sa_mask[0]=0x7ffbfeff, sa_flags=0x10000004
SIGXFSZ: [libjvm.so+0x7f74d0], sa_mask[0]=0x7ffbfeff, sa_flags=0x10000004
SIGILL: [libjvm.so+0x7f74d0], sa_mask[0]=0x7ffbfeff, sa_flags=0x10000004
SIGUSR1: SIG_DFL, sa_mask[0]=0x00000000, sa_flags=0x00000000
SIGUSR2: [libjvm.so+0x7f7350], sa_mask[0]=0x00000004, sa_flags=0x10000004
SIGHUP: [libjvm.so+0x7f7550], sa_mask[0]=0x7ffbfeff, sa_flags=0x10000004
SIGINT: [libjvm.so+0x7f7550], sa_mask[0]=0x7ffbfeff, sa_flags=0x10000004
SIGTERM: [libjvm.so+0x7f7550], sa_mask[0]=0x7ffbfeff, sa_flags=0x10000004
SIGQUIT: [libjvm.so+0x7f7550], sa_mask[0]=0x7ffbfeff, sa_flags=0x10000004
SIGTRAP: SIG_DFL, sa_mask[0]=0x00000000, sa_flags=0x00000000


---------------  S Y S T E M  ---------------

OS:Linux
uname:Linux 3.19.5-1-ck #1 SMP PREEMPT Sun Apr 19 07:39:25 EDT 2015 x86_64
libc:glibc 2.21 NPTL 2.21 
rlimit: STACK 8192k, CORE 0k, NPROC 14172, NOFILE 4096, AS infinity
load average:2.52 0.98 1.07

/proc/meminfo:
MemTotal:        3633940 kB
MemFree:          102700 kB
MemAvailable:      72584 kB
Buffers:            1644 kB
Cached:          1635840 kB
SwapCached:            0 kB
Active:          2277980 kB
Inactive:        1083072 kB
Active(anon):    2239404 kB
Inactive(anon):  1043644 kB
Active(file):      38576 kB
Inactive(file):    39428 kB
Unevictable:          32 kB
Mlocked:              32 kB
SwapTotal:             0 kB
SwapFree:              0 kB
Dirty:              1300 kB
Writeback:             0 kB
AnonPages:       1723852 kB
Mapped:            91532 kB
Shmem:           1559244 kB
Slab:              53952 kB
SReclaimable:      30696 kB
SUnreclaim:        23256 kB
KernelStack:        6496 kB
PageTables:        33444 kB
NFS_Unstable:          0 kB
Bounce:                0 kB
WritebackTmp:          0 kB
CommitLimit:     1816968 kB
Committed_AS:    5607356 kB
VmallocTotal:   34359738367 kB
VmallocUsed:       63728 kB
VmallocChunk:   34359667068 kB
HardwareCorrupted:     0 kB
AnonHugePages:    593920 kB
HugePages_Total:       0
HugePages_Free:        0
HugePages_Rsvd:        0
HugePages_Surp:        0
Hugepagesize:       2048 kB
DirectMap4k:     2200640 kB
DirectMap2M:     1574912 kB
DirectMap1G:           0 kB


CPU:total 2 (2 cores per cpu, 1 threads per core) family 20 model 2 stepping 0, cmov, cx8, fxsr, mmx, sse, sse2, sse3, ssse3, popcnt, mmxext, lzcnt, sse4a, tsc, tscinvbit, tscinv

/proc/cpuinfo:
processor	: 0
vendor_id	: AuthenticAMD
cpu family	: 20
model		: 2
model name	: AMD E-450 APU with Radeon(tm) HD Graphics
stepping	: 0
microcode	: 0x5000119
cpu MHz		: 1650.000
cache size	: 512 KB
physical id	: 0
siblings	: 2
core id		: 0
cpu cores	: 2
apicid		: 0
initial apicid	: 0
fpu		: yes
fpu_exception	: yes
cpuid level	: 6
wp		: yes
flags		: fpu vme de pse tsc msr pae mce cx8 apic sep mtrr pge mca cmov pat pse36 clflush mmx fxsr sse sse2 ht syscall nx mmxext fxsr_opt pdpe1gb rdtscp lm constant_tsc rep_good nopl nonstop_tsc extd_apicid aperfmperf pni monitor ssse3 cx16 popcnt lahf_lm cmp_legacy svm extapic cr8_legacy abm sse4a misalignsse 3dnowprefetch ibs skinit wdt arat hw_pstate npt lbrv svm_lock nrip_save pausefilter vmmcall
bugs		: fxsave_leak
bogomips	: 3292.91
TLB size	: 1024 4K pages
clflush size	: 64
cache_alignment	: 64
address sizes	: 36 bits physical, 48 bits virtual
power management: ts ttp tm stc 100mhzsteps hwpstate

processor	: 1
vendor_id	: AuthenticAMD
cpu family	: 20
model		: 2
model name	: AMD E-450 APU with Radeon(tm) HD Graphics
stepping	: 0
microcode	: 0x5000119
cpu MHz		: 1650.000
cache size	: 512 KB
physical id	: 0
siblings	: 2
core id		: 1
cpu cores	: 2
apicid		: 1
initial apicid	: 1
fpu		: yes
fpu_exception	: yes
cpuid level	: 6
wp		: yes
flags		: fpu vme de pse tsc msr pae mce cx8 apic sep mtrr pge mca cmov pat pse36 clflush mmx fxsr sse sse2 ht syscall nx mmxext fxsr_opt pdpe1gb rdtscp lm constant_tsc rep_good nopl nonstop_tsc extd_apicid aperfmperf pni monitor ssse3 cx16 popcnt lahf_lm cmp_legacy svm extapic cr8_legacy abm sse4a misalignsse 3dnowprefetch ibs skinit wdt arat hw_pstate npt lbrv svm_lock nrip_save pausefilter vmmcall
bugs		: fxsave_leak
bogomips	: 3292.91
TLB size	: 1024 4K pages
clflush size	: 64
cache_alignment	: 64
address sizes	: 36 bits physical, 48 bits virtual
power management: ts ttp tm stc 100mhzsteps hwpstate



Memory: 4k page, physical 3633940k(102700k free), swap 0k(0k free)

vm_info: OpenJDK 64-Bit Server VM (24.79-b02) for linux-amd64 JRE (1.7.0_79-b14), built on Apr 15 2015 12:42:59 by "builduser" with gcc 4.9.2 20150304 (prerelease)

time: Mon Apr 27 14:21:27 2015
elapsed time: 33 seconds

