#
# There is insufficient memory for the Java Runtime Environment to continue.
# Native memory allocation (malloc) failed to allocate 120586240 bytes for committing reserved memory.
# Possible reasons:
#   The system is out of physical RAM or swap space
#   In 32 bit mode, the process size limit was hit
# Possible solutions:
#   Reduce memory load on the system
#   Increase physical memory or swap space
#   Check if swap backing store is full
#   Use 64 bit Java on a 64 bit OS
#   Decrease Java heap size (-Xmx/-Xms)
#   Decrease number of Java threads
#   Decrease Java thread stack sizes (-Xss)
#   Set larger code cache with -XX:ReservedCodeCacheSize=
# This output file may be truncated or incomplete.
#
#  Out of Memory Error (os_linux.cpp:2809), pid=4833, tid=139942606644992
#
# JRE version: OpenJDK Runtime Environment (7.0_79-b14) (build 1.7.0_79-b14)
# Java VM: OpenJDK 64-Bit Server VM (24.79-b02 mixed mode linux-amd64 compressed oops)
# Derivative: IcedTea 2.5.5
# Distribution: Custom build (Wed Apr 15 12:39:15 UTC 2015)
# Failed to write core dump. Core dumps have been disabled. To enable core dumping, try "ulimit -c unlimited" before starting Java again
#

---------------  T H R E A D  ---------------

Current thread (0x00007f46e806f800):  VMThread [stack: 0x00007f46ed4ba000,0x00007f46ed5bb000] [id=4838]

Stack: [0x00007f46ed4ba000,0x00007f46ed5bb000],  sp=0x00007f46ed5b94e0,  free space=1021k
Native frames: (J=compiled Java code, j=interpreted, Vv=VM code, C=native code)
V  [libjvm.so+0x9888a6]
V  [libjvm.so+0x48eff2]
V  [libjvm.so+0x7fbf2b]
V  [libjvm.so+0x7f667e]
V  [libjvm.so+0x868ecb]
V  [libjvm.so+0x869d73]
V  [libjvm.so+0x86a48b]
V  [libjvm.so+0x865e99]
V  [libjvm.so+0x866678]
V  [libjvm.so+0x81e443]
V  [libjvm.so+0x98a172]
V  [libjvm.so+0x98ea07]
V  [libjvm.so+0x98cfeb]
V  [libjvm.so+0x98d696]
V  [libjvm.so+0x98db61]
V  [libjvm.so+0x7f8e72]

VM_Operation (0x00007f46e14b3aa0): ParallelGCFailedAllocation, mode: safepoint, requested by thread 0x00007f46ac00a000


---------------  P R O C E S S  ---------------

Java Threads: ( => current thread )
  0x0000000001860000 JavaThread "process reaper" daemon [_thread_blocked, id=4858, stack(0x00007f46e101b000,0x00007f46e1054000)]
  0x00000000017c2800 JavaThread "File lock request listener" [_thread_in_native, id=4856, stack(0x00007f46e114b000,0x00007f46e124c000)]
  0x0000000001513800 JavaThread "Stdin handler" [_thread_blocked, id=4854, stack(0x00007f46e12b7000,0x00007f46e13b8000)]
  0x00007f46ac00a000 JavaThread "Daemon worker" [_thread_blocked, id=4851, stack(0x00007f46e13b8000,0x00007f46e14b9000)]
  0x00007f46ac00d000 JavaThread "Cancel handler" [_thread_blocked, id=4850, stack(0x00007f46e14b9000,0x00007f46e15ba000)]
  0x00007f46ac005800 JavaThread "Handler for socket connection from /127.0.0.1:44651 to /127.0.0.1:54987" [_thread_in_native, id=4849, stack(0x00007f46e15ba000,0x00007f46e16bb000)]
  0x00007f46b8029800 JavaThread "Daemon" [_thread_blocked, id=4848, stack(0x00007f46e16bb000,0x00007f46e17bc000)]
  0x00007f46e89bf800 JavaThread "Incoming local TCP Connector on port 44651" [_thread_in_native, id=4847, stack(0x00007f46e17bc000,0x00007f46e18bd000)]
  0x00007f46e80a8800 JavaThread "Service Thread" daemon [_thread_blocked, id=4844, stack(0x00007f46ecd2b000,0x00007f46ece2c000)]
  0x00007f46e80a6000 JavaThread "C2 CompilerThread1" daemon [_thread_blocked, id=4843, stack(0x00007f46ece2c000,0x00007f46ecf2d000)]
  0x00007f46e80a3800 JavaThread "C2 CompilerThread0" daemon [_thread_blocked, id=4842, stack(0x00007f46ecf2d000,0x00007f46ed02e000)]
  0x00007f46e80a1000 JavaThread "Signal Dispatcher" daemon [_thread_blocked, id=4841, stack(0x00007f46ed02e000,0x00007f46ed12f000)]
  0x00007f46e8076000 JavaThread "Finalizer" daemon [_thread_blocked, id=4840, stack(0x00007f46ed2b8000,0x00007f46ed3b9000)]
  0x00007f46e8074000 JavaThread "Reference Handler" daemon [_thread_blocked, id=4839, stack(0x00007f46ed3b9000,0x00007f46ed4ba000)]
  0x00007f46e8009000 JavaThread "main" [_thread_blocked, id=4835, stack(0x00007f46f1889000,0x00007f46f198a000)]

Other Threads:
=>0x00007f46e806f800 VMThread [stack: 0x00007f46ed4ba000,0x00007f46ed5bb000] [id=4838]
  0x00007f46e80b3000 WatcherThread [stack: 0x00007f46ecc2a000,0x00007f46ecd2b000] [id=4845]

VM state:at safepoint (normal execution)

VM Mutex/Monitor currently owned by a thread:  ([mutex/lock_event])
[0x00007f46e8006860] Threads_lock - owner thread: 0x00007f46e806f800
[0x00007f46e8006d60] Heap_lock - owner thread: 0x00007f46ac00a000

Heap
 PSYoungGen      total 127488K, used 2608K [0x00000000eaa80000, 0x00000000f2f80000, 0x0000000100000000)
  eden space 118784K, 0% used [0x00000000eaa80000,0x00000000eaa80000,0x00000000f1e80000)
  from space 8704K, 29% used [0x00000000f1e80000,0x00000000f210c010,0x00000000f2700000)
  to   space 8704K, 0% used [0x00000000f2700000,0x00000000f2700000,0x00000000f2f80000)
 ParOldGen       total 37888K, used 13710K [0x00000000c0000000, 0x00000000c2500000, 0x00000000eaa80000)
  object space 37888K, 36% used [0x00000000c0000000,0x00000000c0d63ae8,0x00000000c2500000)
 PSPermGen       total 21504K, used 21066K [0x00000000b0000000, 0x00000000b1500000, 0x00000000c0000000)
  object space 21504K, 97% used [0x00000000b0000000,0x00000000b1492a70,0x00000000b1500000)

Card table byte_map: [0x00007f46ee872000,0x00007f46eeaf3000] byte_map_base: 0x00007f46ee2f2000

Polling page: 0x00007f46f19be000

Code Cache  [0x00007f46e5000000, 0x00007f46e5270000, 0x00007f46e8000000)
 total_blobs=600 nmethods=289 adapters=265 free_code_cache=48113Kb largest_free_block=49225088

Compilation events (10 events):
Event: 14.276 Thread 0x00007f46e80a6000 nmethod 300 0x00007f46e5101410 code [0x00007f46e5101560, 0x00007f46e51016b8]
Event: 14.389 Thread 0x00007f46e80a3800 nmethod 296 0x00007f46e51076d0 code [0x00007f46e5107c00, 0x00007f46e510aa60]
Event: 14.685 Thread 0x00007f46e80a6000  301             java.util.LinkedHashMap::createEntry (52 bytes)
Event: 14.689 Thread 0x00007f46e80a3800  302             java.util.LinkedHashMap::addEntry (38 bytes)
Event: 14.692 Thread 0x00007f46e80a6000 nmethod 301 0x00007f46e5107050 code [0x00007f46e51071c0, 0x00007f46e5107438]
Event: 14.708 Thread 0x00007f46e80a3800 nmethod 302 0x00007f46e5100690 code [0x00007f46e5100840, 0x00007f46e5100d08]
Event: 14.980 Thread 0x00007f46e80a6000  303             org.codehaus.groovy.ast.ClassNode$MapOfLists::<init> (5 bytes)
Event: 14.980 Thread 0x00007f46e80a3800  304             org.codehaus.groovy.ast.ClassNode$MapOfLists::<init> (16 bytes)
Event: 14.986 Thread 0x00007f46e80a3800 nmethod 304 0x00007f46e50c20d0 code [0x00007f46e50c2220, 0x00007f46e50c2338]
Event: 14.991 Thread 0x00007f46e80a6000 nmethod 303 0x00007f46e5100350 code [0x00007f46e51004a0, 0x00007f46e51005b8]

GC Heap History (10 events):
Event: 3.124 GC heap after
Heap after GC invocations=2 (full 0):
 PSYoungGen      total 31744K, used 2034K [0x00000000eaa80000, 0x00000000ecb80000, 0x0000000100000000)
  eden space 29696K, 0% used [0x00000000eaa80000,0x00000000eaa80000,0x00000000ec780000)
  from space 2048K, 99% used [0x00000000ec980000,0x00000000ecb7cb70,0x00000000ecb80000)
  to   space 2048K, 0% used [0x00000000ec780000,0x00000000ec780000,0x00000000ec980000)
 ParOldGen       total 37888K, used 945K [0x00000000c0000000, 0x00000000c2500000, 0x00000000eaa80000)
  object space 37888K, 2% used [0x00000000c0000000,0x00000000c00ec540,0x00000000c2500000)
 PSPermGen       total 21504K, used 7029K [0x00000000b0000000, 0x00000000b1500000, 0x00000000c0000000)
  object space 21504K, 32% used [0x00000000b0000000,0x00000000b06dd590,0x00000000b1500000)
}
Event: 6.026 GC heap before
{Heap before GC invocations=3 (full 0):
 PSYoungGen      total 31744K, used 31730K [0x00000000eaa80000, 0x00000000ecb80000, 0x0000000100000000)
  eden space 29696K, 100% used [0x00000000eaa80000,0x00000000ec780000,0x00000000ec780000)
  from space 2048K, 99% used [0x00000000ec980000,0x00000000ecb7cb70,0x00000000ecb80000)
  to   space 2048K, 0% used [0x00000000ec780000,0x00000000ec780000,0x00000000ec980000)
 ParOldGen       total 37888K, used 945K [0x00000000c0000000, 0x00000000c2500000, 0x00000000eaa80000)
  object space 37888K, 2% used [0x00000000c0000000,0x00000000c00ec540,0x00000000c2500000)
 PSPermGen       total 21504K, used 12311K [0x00000000b0000000, 0x00000000b1500000, 0x00000000c0000000)
  object space 21504K, 57% used [0x00000000b0000000,0x00000000b0c05f38,0x00000000b1500000)
Event: 6.066 GC heap after
Heap after GC invocations=3 (full 0):
 PSYoungGen      total 31744K, used 2016K [0x00000000eaa80000, 0x00000000ee880000, 0x0000000100000000)
  eden space 29696K, 0% used [0x00000000eaa80000,0x00000000eaa80000,0x00000000ec780000)
  from space 2048K, 98% used [0x00000000ec780000,0x00000000ec978020,0x00000000ec980000)
  to   space 2048K, 0% used [0x00000000ee680000,0x00000000ee680000,0x00000000ee880000)
 ParOldGen       total 37888K, used 5213K [0x00000000c0000000, 0x00000000c2500000, 0x00000000eaa80000)
  object space 37888K, 13% used [0x00000000c0000000,0x00000000c0517790,0x00000000c2500000)
 PSPermGen       total 21504K, used 12311K [0x00000000b0000000, 0x00000000b1500000, 0x00000000c0000000)
  object space 21504K, 57% used [0x00000000b0000000,0x00000000b0c05f38,0x00000000b1500000)
}
Event: 8.744 GC heap before
{Heap before GC invocations=4 (full 0):
 PSYoungGen      total 31744K, used 31712K [0x00000000eaa80000, 0x00000000ee880000, 0x0000000100000000)
  eden space 29696K, 100% used [0x00000000eaa80000,0x00000000ec780000,0x00000000ec780000)
  from space 2048K, 98% used [0x00000000ec780000,0x00000000ec978020,0x00000000ec980000)
  to   space 2048K, 0% used [0x00000000ee680000,0x00000000ee680000,0x00000000ee880000)
 ParOldGen       total 37888K, used 5213K [0x00000000c0000000, 0x00000000c2500000, 0x00000000eaa80000)
  object space 37888K, 13% used [0x00000000c0000000,0x00000000c0517790,0x00000000c2500000)
 PSPermGen       total 21504K, used 17874K [0x00000000b0000000, 0x00000000b1500000, 0x00000000c0000000)
  object space 21504K, 83% used [0x00000000b0000000,0x00000000b11749c0,0x00000000b1500000)
Event: 8.809 GC heap after
Heap after GC invocations=4 (full 0):
 PSYoungGen      total 61440K, used 2016K [0x00000000eaa80000, 0x00000000ee880000, 0x0000000100000000)
  eden space 59392K, 0% used [0x00000000eaa80000,0x00000000eaa80000,0x00000000ee480000)
  from space 2048K, 98% used [0x00000000ee680000,0x00000000ee878020,0x00000000ee880000)
  to   space 2048K, 0% used [0x00000000ee480000,0x00000000ee480000,0x00000000ee680000)
 ParOldGen       total 37888K, used 9680K [0x00000000c0000000, 0x00000000c2500000, 0x00000000eaa80000)
  object space 37888K, 25% used [0x00000000c0000000,0x00000000c09741b8,0x00000000c2500000)
 PSPermGen       total 21504K, used 17874K [0x00000000b0000000, 0x00000000b1500000, 0x00000000c0000000)
  object space 21504K, 83% used [0x00000000b0000000,0x00000000b11749c0,0x00000000b1500000)
}
Event: 12.135 GC heap before
{Heap before GC invocations=5 (full 0):
 PSYoungGen      total 61440K, used 61408K [0x00000000eaa80000, 0x00000000ee880000, 0x0000000100000000)
  eden space 59392K, 100% used [0x00000000eaa80000,0x00000000ee480000,0x00000000ee480000)
  from space 2048K, 98% used [0x00000000ee680000,0x00000000ee878020,0x00000000ee880000)
  to   space 2048K, 0% used [0x00000000ee480000,0x00000000ee480000,0x00000000ee680000)
 ParOldGen       total 37888K, used 9680K [0x00000000c0000000, 0x00000000c2500000, 0x00000000eaa80000)
  object space 37888K, 25% used [0x00000000c0000000,0x00000000c09741b8,0x00000000c2500000)
 PSPermGen       total 21504K, used 21031K [0x00000000b0000000, 0x00000000b1500000, 0x00000000c0000000)
  object space 21504K, 97% used [0x00000000b0000000,0x00000000b1489d60,0x00000000b1500000)
Event: 12.164 GC heap after
Heap after GC invocations=5 (full 0):
 PSYoungGen      total 61440K, used 2016K [0x00000000eaa80000, 0x00000000f2f80000, 0x0000000100000000)
  eden space 59392K, 0% used [0x00000000eaa80000,0x00000000eaa80000,0x00000000ee480000)
  from space 2048K, 98% used [0x00000000ee480000,0x00000000ee678020,0x00000000ee680000)
  to   space 8704K, 0% used [0x00000000f2700000,0x00000000f2700000,0x00000000f2f80000)
 ParOldGen       total 37888K, used 13374K [0x00000000c0000000, 0x00000000c2500000, 0x00000000eaa80000)
  object space 37888K, 35% used [0x00000000c0000000,0x00000000c0d0faa8,0x00000000c2500000)
 PSPermGen       total 21504K, used 21031K [0x00000000b0000000, 0x00000000b1500000, 0x00000000c0000000)
  object space 21504K, 97% used [0x00000000b0000000,0x00000000b1489d60,0x00000000b1500000)
}
Event: 13.142 GC heap before
{Heap before GC invocations=6 (full 0):
 PSYoungGen      total 61440K, used 61408K [0x00000000eaa80000, 0x00000000f2f80000, 0x0000000100000000)
  eden space 59392K, 100% used [0x00000000eaa80000,0x00000000ee480000,0x00000000ee480000)
  from space 2048K, 98% used [0x00000000ee480000,0x00000000ee678020,0x00000000ee680000)
  to   space 8704K, 0% used [0x00000000f2700000,0x00000000f2700000,0x00000000f2f80000)
 ParOldGen       total 37888K, used 13374K [0x00000000c0000000, 0x00000000c2500000, 0x00000000eaa80000)
  object space 37888K, 35% used [0x00000000c0000000,0x00000000c0d0faa8,0x00000000c2500000)
 PSPermGen       total 21504K, used 21044K [0x00000000b0000000, 0x00000000b1500000, 0x00000000c0000000)
  object space 21504K, 97% used [0x00000000b0000000,0x00000000b148d1d8,0x00000000b1500000)
Event: 13.162 GC heap after
Heap after GC invocations=6 (full 0):
 PSYoungGen      total 127488K, used 2352K [0x00000000eaa80000, 0x00000000f2f80000, 0x0000000100000000)
  eden space 118784K, 0% used [0x00000000eaa80000,0x00000000eaa80000,0x00000000f1e80000)
  from space 8704K, 27% used [0x00000000f2700000,0x00000000f294c010,0x00000000f2f80000)
  to   space 8704K, 0% used [0x00000000f1e80000,0x00000000f1e80000,0x00000000f2700000)
 ParOldGen       total 37888K, used 13374K [0x00000000c0000000, 0x00000000c2500000, 0x00000000eaa80000)
  object space 37888K, 35% used [0x00000000c0000000,0x00000000c0d0faa8,0x00000000c2500000)
 PSPermGen       total 21504K, used 21044K [0x00000000b0000000, 0x00000000b1500000, 0x00000000c0000000)
  object space 21504K, 97% used [0x00000000b0000000,0x00000000b148d1d8,0x00000000b1500000)
}
Event: 15.623 GC heap before
{Heap before GC invocations=7 (full 0):
 PSYoungGen      total 127488K, used 121136K [0x00000000eaa80000, 0x00000000f2f80000, 0x0000000100000000)
  eden space 118784K, 100% used [0x00000000eaa80000,0x00000000f1e80000,0x00000000f1e80000)
  from space 8704K, 27% used [0x00000000f2700000,0x00000000f294c010,0x00000000f2f80000)
  to   space 8704K, 0% used [0x00000000f1e80000,0x00000000f1e80000,0x00000000f2700000)
 ParOldGen       total 37888K, used 13374K [0x00000000c0000000, 0x00000000c2500000, 0x00000000eaa80000)
  object space 37888K, 35% used [0x00000000c0000000,0x00000000c0d0faa8,0x00000000c2500000)
 PSPermGen       total 21504K, used 21066K [0x00000000b0000000, 0x00000000b1500000, 0x00000000c0000000)
  object space 21504K, 97% used [0x00000000b0000000,0x00000000b1492a70,0x00000000b1500000)

Deoptimization events (10 events):
Event: 9.623 Thread 0x00007f46ac00a000 Uncommon trap: reason=predicate action=maybe_recompile pc=0x00007f46e50c24b4 method=sun.security.provider.DigestBase.engineUpdate([BII)V @ 144
Event: 10.574 Thread 0x00007f46ac00a000 Uncommon trap: reason=unreached action=reinterpret pc=0x00007f46e50aaa6c method=java.lang.reflect.Method.equals(Ljava/lang/Object;)Z @ 49
Event: 10.577 Thread 0x00007f46ac00a000 Uncommon trap: reason=unreached action=reinterpret pc=0x00007f46e50b74bc method=java.lang.reflect.Method.equals(Ljava/lang/Object;)Z @ 49
Event: 13.478 Thread 0x00007f46ac00a000 Uncommon trap: reason=unreached action=reinterpret pc=0x00007f46e50e1c8c method=org.codehaus.groovy.ast.ClassNode.redirect()Lorg/codehaus/groovy/ast/ClassNode; @ 4
Event: 13.489 Thread 0x00007f46ac00a000 Uncommon trap: reason=unreached action=reinterpret pc=0x00007f46e50ca54c method=org.codehaus.groovy.ast.ClassNode.redirect()Lorg/codehaus/groovy/ast/ClassNode; @ 4
Event: 15.554 Thread 0x00007f46ac00a000 Uncommon trap: reason=bimorphic action=maybe_recompile pc=0x00007f46e510a524 method=org.codehaus.groovy.control.ResolveVisitor.resolveNestedClass(Lorg/codehaus/groovy/ast/ClassNode;)Z @ 113
Event: 15.557 Thread 0x00007f46ac00a000 Uncommon trap: reason=bimorphic action=maybe_recompile pc=0x00007f46e510a524 method=org.codehaus.groovy.control.ResolveVisitor.resolveNestedClass(Lorg/codehaus/groovy/ast/ClassNode;)Z @ 113
Event: 15.557 Thread 0x00007f46ac00a000 Uncommon trap: reason=bimorphic action=maybe_recompile pc=0x00007f46e510a524 method=org.codehaus.groovy.control.ResolveVisitor.resolveNestedClass(Lorg/codehaus/groovy/ast/ClassNode;)Z @ 113
Event: 15.561 Thread 0x00007f46ac00a000 Uncommon trap: reason=unreached action=reinterpret pc=0x00007f46e5109974 method=org.codehaus.groovy.ast.ClassNode.getCompileUnit()Lorg/codehaus/groovy/ast/CompileUnit; @ 26
Event: 15.569 Thread 0x00007f46ac00a000 Uncommon trap: reason=unreached action=reinterpret pc=0x00007f46e50ff4a0 method=org.codehaus.groovy.ast.ClassNode.redirect()Lorg/codehaus/groovy/ast/ClassNode; @ 4

Internal exceptions (10 events):
Event: 15.612 Thread 0x00007f46ac00a000 Threw 0x00000000f1e4c1b0 at /build/java7-openjdk/src/icedtea-2.5.5/openjdk/hotspot/src/share/vm/prims/jvm.cpp:1284
Event: 15.613 Thread 0x00007f46ac00a000 Threw 0x00000000f1e50550 at /build/java7-openjdk/src/icedtea-2.5.5/openjdk/hotspot/src/share/vm/prims/jvm.cpp:1284
Event: 15.613 Thread 0x00007f46ac00a000 Threw 0x00000000f1e592b8 at /build/java7-openjdk/src/icedtea-2.5.5/openjdk/hotspot/src/share/vm/prims/jvm.cpp:1284
Event: 15.613 Thread 0x00007f46ac00a000 Threw 0x00000000f1e5a0a0 at /build/java7-openjdk/src/icedtea-2.5.5/openjdk/hotspot/src/share/vm/prims/jvm.cpp:1284
Event: 15.614 Thread 0x00007f46ac00a000 Threw 0x00000000f1e68888 at /build/java7-openjdk/src/icedtea-2.5.5/openjdk/hotspot/src/share/vm/prims/jvm.cpp:1284
Event: 15.614 Thread 0x00007f46ac00a000 Threw 0x00000000f1e69430 at /build/java7-openjdk/src/icedtea-2.5.5/openjdk/hotspot/src/share/vm/prims/jvm.cpp:1284
Event: 15.614 Thread 0x00007f46ac00a000 Threw 0x00000000f1e69e40 at /build/java7-openjdk/src/icedtea-2.5.5/openjdk/hotspot/src/share/vm/prims/jvm.cpp:1284
Event: 15.615 Thread 0x00007f46ac00a000 Threw 0x00000000f1e6e698 at /build/java7-openjdk/src/icedtea-2.5.5/openjdk/hotspot/src/share/vm/prims/jvm.cpp:1284
Event: 15.615 Thread 0x00007f46ac00a000 Threw 0x00000000f1e77e68 at /build/java7-openjdk/src/icedtea-2.5.5/openjdk/hotspot/src/share/vm/prims/jvm.cpp:1284
Event: 15.615 Thread 0x00007f46ac00a000 Threw 0x00000000f1e78c68 at /build/java7-openjdk/src/icedtea-2.5.5/openjdk/hotspot/src/share/vm/prims/jvm.cpp:1284

Events (10 events):
Event: 15.610 loading class 0x0000000001948dc0 done
Event: 15.612 loading class 0x0000000001948e10
Event: 15.612 loading class 0x0000000001948e10 done
Event: 15.612 loading class 0x0000000001948e10
Event: 15.612 loading class 0x0000000001948e10 done
Event: 15.614 loading class 0x0000000001948e50
Event: 15.614 loading class 0x0000000001948e50 done
Event: 15.614 loading class 0x0000000001948e50
Event: 15.614 loading class 0x0000000001948e50 done
Event: 15.619 Executing VM operation: ParallelGCFailedAllocation


Dynamic libraries:
00400000-00401000 r-xp 00000000 08:01 2366745                            /usr/lib/jvm/java-7-openjdk/jre/bin/java
00600000-00601000 rw-p 00000000 08:01 2366745                            /usr/lib/jvm/java-7-openjdk/jre/bin/java
014d9000-01983000 rw-p 00000000 00:00 0                                  [heap]
b0000000-b1500000 rw-p 00000000 00:00 0 
b1500000-c0000000 rw-p 00000000 00:00 0 
c0000000-c2500000 rw-p 00000000 00:00 0 
c2500000-eaa80000 rw-p 00000000 00:00 0 
eaa80000-f2f80000 rw-p 00000000 00:00 0 
fa280000-100000000 rw-p 00000000 00:00 0 
7f46a4000000-7f46a4021000 rw-p 00000000 00:00 0 
7f46a4021000-7f46a8000000 ---p 00000000 00:00 0 
7f46ac000000-7f46ac021000 rw-p 00000000 00:00 0 
7f46ac021000-7f46b0000000 ---p 00000000 00:00 0 
7f46b0000000-7f46b0021000 rw-p 00000000 00:00 0 
7f46b0021000-7f46b4000000 ---p 00000000 00:00 0 
7f46b4000000-7f46b4021000 rw-p 00000000 00:00 0 
7f46b4021000-7f46b8000000 ---p 00000000 00:00 0 
7f46b8000000-7f46b802e000 rw-p 00000000 00:00 0 
7f46b802e000-7f46bc000000 ---p 00000000 00:00 0 
7f46bc000000-7f46bc562000 rw-p 00000000 00:00 0 
7f46bc562000-7f46c0000000 ---p 00000000 00:00 0 
7f46c0000000-7f46c0021000 rw-p 00000000 00:00 0 
7f46c0021000-7f46c4000000 ---p 00000000 00:00 0 
7f46c4000000-7f46c4021000 rw-p 00000000 00:00 0 
7f46c4021000-7f46c8000000 ---p 00000000 00:00 0 
7f46c8000000-7f46c8817000 rw-p 00000000 00:00 0 
7f46c8817000-7f46cc000000 ---p 00000000 00:00 0 
7f46cc000000-7f46cc021000 rw-p 00000000 00:00 0 
7f46cc021000-7f46d0000000 ---p 00000000 00:00 0 
7f46d0000000-7f46d0021000 rw-p 00000000 00:00 0 
7f46d0021000-7f46d4000000 ---p 00000000 00:00 0 
7f46d4000000-7f46d402c000 rw-p 00000000 00:00 0 
7f46d402c000-7f46d8000000 ---p 00000000 00:00 0 
7f46d8000000-7f46d8021000 rw-p 00000000 00:00 0 
7f46d8021000-7f46dc000000 ---p 00000000 00:00 0 
7f46dc000000-7f46dc021000 rw-p 00000000 00:00 0 
7f46dc021000-7f46e0000000 ---p 00000000 00:00 0 
7f46e101a000-7f46e101b000 rw-p 00000000 00:00 0 
7f46e101b000-7f46e101e000 ---p 00000000 00:00 0 
7f46e101e000-7f46e1054000 rw-p 00000000 00:00 0                          [stack:4858]
7f46e1054000-7f46e1055000 r--p 00000000 00:00 0 
7f46e1055000-7f46e1056000 r--s 00000000 08:01 4198872                    /home/effi/.gradle/caches/jars-1/dg22azhabc6tsc1i8xni15giz1bnssh/gradle-appengine-builder-model-0.1.0.jar
7f46e1056000-7f46e1058000 r--s 00004000 08:01 4198874                    /home/effi/.gradle/caches/jars-1/qtven7mi8z3hsfxxq8clnrju24s99pt/builder-model-1.1.0-rc1.jar
7f46e1058000-7f46e1112000 r--s 00fb6000 08:01 4198870                    /home/effi/.gradle/caches/jars-1/4ubxvm6cvkptn01nmlhp3vxjv7388k/openapi.jar
7f46e1112000-7f46e1114000 r--s 00005000 08:01 4198868                    /home/effi/.gradle/caches/jars-1/bhwj5r0qcaq4pqpfen2765w10ydne55/gradle-tooling-extension-api.jar
7f46e1114000-7f46e111a000 r--s 00026000 08:01 4198866                    /home/effi/.gradle/caches/jars-1/qlb402qqdb9mu9614i3hr843cfch7zw/gradle-base-services-2.2.jar
7f46e111a000-7f46e1142000 r--s 001cf000 08:01 4198864                    /home/effi/.gradle/caches/jars-1/87eo0lrvp84r6dbxjq018wy66es2era/guava-jdk5-17.0.jar
7f46e1142000-7f46e114b000 r--s 0002c000 08:01 4198862                    /home/effi/.gradle/caches/jars-1/ltkluv74baem3ersp41z8rutm6he5v5/gradle-tooling-api-2.2.jar
7f46e114b000-7f46e114e000 ---p 00000000 00:00 0 
7f46e114e000-7f46e124c000 rw-p 00000000 00:00 0                          [stack:4856]
7f46e124c000-7f46e12b7000 r--s 0069e000 08:01 2496337                    /usr/lib/jvm/java-7-openjdk/lib/tools.jar
7f46e12b7000-7f46e12ba000 ---p 00000000 00:00 0 
7f46e12ba000-7f46e13b8000 rw-p 00000000 00:00 0                          [stack:4854]
7f46e13b8000-7f46e13bb000 ---p 00000000 00:00 0 
7f46e13bb000-7f46e14b9000 rw-p 00000000 00:00 0                          [stack:4851]
7f46e14b9000-7f46e14bc000 ---p 00000000 00:00 0 
7f46e14bc000-7f46e15ba000 rw-p 00000000 00:00 0                          [stack:4850]
7f46e15ba000-7f46e15bd000 ---p 00000000 00:00 0 
7f46e15bd000-7f46e16bb000 rw-p 00000000 00:00 0                          [stack:4849]
7f46e16bb000-7f46e16be000 ---p 00000000 00:00 0 
7f46e16be000-7f46e17bc000 rw-p 00000000 00:00 0                          [stack:4848]
7f46e17bc000-7f46e17bf000 ---p 00000000 00:00 0 
7f46e17bf000-7f46e18bd000 rw-p 00000000 00:00 0                          [stack:4847]
7f46e18bd000-7f46e18c1000 r-xp 00000000 00:20 162184                     /tmp/native-platform5078418688313252869dir/libnative-platform.so
7f46e18c1000-7f46e1ac0000 ---p 00004000 00:20 162184                     /tmp/native-platform5078418688313252869dir/libnative-platform.so
7f46e1ac0000-7f46e1ac1000 rw-p 00003000 00:20 162184                     /tmp/native-platform5078418688313252869dir/libnative-platform.so
7f46e1ac1000-7f46e1ac6000 r--s 0004d000 08:01 2366537                    /usr/lib/jvm/java-7-openjdk/jre/lib/jsse.jar
7f46e1ac6000-7f46e1ac7000 r--s 00001000 08:01 5115473                    /home/effi/.gradle/wrapper/dists/gradle-2.2-bin/ca0flae0itb57he40lyj6fhpp/gradle-2.2/lib/plugins/gradle-plugin-development-2.2.jar
7f46e1ac7000-7f46e1acc000 r--s 00036000 08:01 5115471                    /home/effi/.gradle/wrapper/dists/gradle-2.2-bin/ca0flae0itb57he40lyj6fhpp/gradle-2.2/lib/plugins/gradle-ide-native-2.2.jar
7f46e1acc000-7f46e1ace000 r--s 0000e000 08:01 5115451                    /home/effi/.gradle/wrapper/dists/gradle-2.2-bin/ca0flae0itb57he40lyj6fhpp/gradle-2.2/lib/plugins/gradle-announce-2.2.jar
7f46e1ace000-7f46e1ad0000 r--s 00002000 08:01 5115472                    /home/effi/.gradle/wrapper/dists/gradle-2.2-bin/ca0flae0itb57he40lyj6fhpp/gradle-2.2/lib/plugins/gradle-cunit-2.2.jar
7f46e1ad0000-7f46e1ad5000 r--s 00013000 08:01 5115470                    /home/effi/.gradle/wrapper/dists/gradle-2.2-bin/ca0flae0itb57he40lyj6fhpp/gradle-2.2/lib/plugins/gradle-language-native-2.2.jar
7f46e1ad5000-7f46e1ae0000 r--s 0004d000 08:01 5115469                    /home/effi/.gradle/wrapper/dists/gradle-2.2-bin/ca0flae0itb57he40lyj6fhpp/gradle-2.2/lib/plugins/gradle-platform-native-2.2.jar
7f46e1ae0000-7f46e1ae2000 r--s 00008000 08:01 5115468                    /home/effi/.gradle/wrapper/dists/gradle-2.2-bin/ca0flae0itb57he40lyj6fhpp/gradle-2.2/lib/plugins/gradle-language-groovy-2.2.jar
7f46e1ae2000-7f46e1ae7000 r--s 00022000 08:01 5115467                    /home/effi/.gradle/wrapper/dists/gradle-2.2-bin/ca0flae0itb57he40lyj6fhpp/gradle-2.2/lib/plugins/gradle-language-java-2.2.jar
7f46e1ae7000-7f46e1aea000 r--s 00007000 08:01 5115466                    /home/effi/.gradle/wrapper/dists/gradle-2.2-bin/ca0flae0itb57he40lyj6fhpp/gradle-2.2/lib/plugins/gradle-language-jvm-2.2.jar
7f46e1aea000-7f46e1aed000 r--s 00009000 08:01 5115465                    /home/effi/.gradle/wrapper/dists/gradle-2.2-bin/ca0flae0itb57he40lyj6fhpp/gradle-2.2/lib/plugins/gradle-platform-jvm-2.2.jar
7f46e1aed000-7f46e1af2000 r--s 00018000 08:01 5115464                    /home/effi/.gradle/wrapper/dists/gradle-2.2-bin/ca0flae0itb57he40lyj6fhpp/gradle-2.2/lib/plugins/gradle-platform-base-2.2.jar
7f46e1af2000-7f46e1af7000 r--s 00026000 08:01 5115463                    /home/effi/.gradle/wrapper/dists/gradle-2.2-bin/ca0flae0itb57he40lyj6fhpp/gradle-2.2/lib/plugins/gradle-build-init-2.2.jar
7f46e1af7000-7f46e1afa000 r--s 0001d000 08:01 5115462                    /home/effi/.gradle/wrapper/dists/gradle-2.2-bin/ca0flae0itb57he40lyj6fhpp/gradle-2.2/lib/plugins/gradle-jacoco-2.2.jar
7f46e1afa000-7f46e1afd000 r--s 0000d000 08:01 5115461                    /home/effi/.gradle/wrapper/dists/gradle-2.2-bin/ca0flae0itb57he40lyj6fhpp/gradle-2.2/lib/plugins/gradle-ivy-2.2.jar
7f46e1afd000-7f46e1aff000 r--s 00002000 08:01 5115460                    /home/effi/.gradle/wrapper/dists/gradle-2.2-bin/ca0flae0itb57he40lyj6fhpp/gradle-2.2/lib/plugins/gradle-publish-2.2.jar
7f46e1aff000-7f46e1b01000 r--s 00005000 08:01 5115498                    /home/effi/.gradle/wrapper/dists/gradle-2.2-bin/ca0flae0itb57he40lyj6fhpp/gradle-2.2/lib/plugins/jatl-0.2.2.jar
7f46e1b01000-7f46e1b03000 r--s 0000f000 08:01 5115459                    /home/effi/.gradle/wrapper/dists/gradle-2.2-bin/ca0flae0itb57he40lyj6fhpp/gradle-2.2/lib/plugins/gradle-reporting-2.2.jar
7f46e1b03000-7f46e1b08000 r--s 00034000 08:01 5115458                    /home/effi/.gradle/wrapper/dists/gradle-2.2-bin/ca0flae0itb57he40lyj6fhpp/gradle-2.2/lib/plugins/gradle-diagnostics-2.2.jar
7f46e1b08000-7f46e1b0f000 r--s 00090000 08:01 5115457                    /home/effi/.gradle/wrapper/dists/gradle-2.2-bin/ca0flae0itb57he40lyj6fhpp/gradle-2.2/lib/plugins/gradle-build-comparison-2.2.jar
7f46e1b0f000-7f46e1b16000 r--s 00035000 08:01 5115497                    /home/effi/.gradle/wrapper/dists/gradle-2.2-bin/ca0flae0itb57he40lyj6fhpp/gradle-2.2/lib/plugins/simple-4.1.21.jar
7f46e1b16000-7f46e1b22000 r--s 00100000 08:01 5115495                    /home/effi/.gradle/wrapper/dists/gradle-2.2-bin/ca0flae0itb57he40lyj6fhpp/gradle-2.2/lib/plugins/rhino-1.7R3.jar
7f46e1b22000-7f46e1b27000 r--s 0001f000 08:01 5115456                    /home/effi/.gradle/wrapper/dists/gradle-2.2-bin/ca0flae0itb57he40lyj6fhpp/gradle-2.2/lib/plugins/gradle-javascript-2.2.jar
7f46e1b27000-7f46e1b29000 r--s 0000e000 08:01 5115455                    /home/effi/.gradle/wrapper/dists/gradle-2.2-bin/ca0flae0itb57he40lyj6fhpp/gradle-2.2/lib/plugins/gradle-ear-2.2.jar
7f46e1b29000-7f46e1b2d000 r--s 00025000 08:01 5115494                    /home/effi/.gradle/wrapper/dists/gradle-2.2-bin/ca0flae0itb57he40lyj6fhpp/gradle-2.2/lib/plugins/bcpg-jdk15-1.46.jar
7f46e1b2d000-7f46e1b30000 r--s 0001d000 08:01 5115454                    /home/effi/.gradle/wrapper/dists/gradle-2.2-bin/ca0flae0itb57he40lyj6fhpp/gradle-2.2/lib/plugins/gradle-signing-2.2.jar
7f46e1b30000-7f46e1b31000 r--s 00002000 08:01 5115493                    /home/effi/.gradle/wrapper/dists/gradle-2.2-bin/ca0flae0itb57he40lyj6fhpp/gradle-2.2/lib/plugins/sonar-batch-bootstrapper-2.9.jar
7f46e1b31000-7f46e1b34000 r--s 00018000 08:01 5115453                    /home/effi/.gradle/wrapper/dists/gradle-2.2-bin/ca0flae0itb57he40lyj6fhpp/gradle-2.2/lib/plugins/gradle-sonar-2.2.jar
7f46e1b34000-7f46e1b37000 r--s 00017000 08:01 5115452                    /home/effi/.gradle/wrapper/dists/gradle-2.2-bin/ca0flae0itb57he40lyj6fhpp/gradle-2.2/lib/plugins/gradle-scala-2.2.jar
7f46e1b37000-7f46e1b45000 r--s 000bc000 08:01 5115450                    /home/effi/.gradle/wrapper/dists/gradle-2.2-bin/ca0flae0itb57he40lyj6fhpp/gradle-2.2/lib/plugins/gradle-ide-2.2.jar
7f46e1b45000-7f46e1b48000 r--s 0000c000 08:01 5115491                    /home/effi/.gradle/wrapper/dists/gradle-2.2-bin/ca0flae0itb57he40lyj6fhpp/gradle-2.2/lib/plugins/pmaven-groovy-0.8-20100325.jar
7f46e1b48000-7f46e1b4a000 r--s 0000d000 08:01 5115482                    /home/effi/.gradle/wrapper/dists/gradle-2.2-bin/ca0flae0itb57he40lyj6fhpp/gradle-2.2/lib/plugins/jetty-plus-6.1.25.jar
7f46e1b4a000-7f46e1b4c000 r--s 00000000 08:01 5115492                    /home/effi/.gradle/wrapper/dists/gradle-2.2-bin/ca0flae0itb57he40lyj6fhpp/gradle-2.2/lib/plugins/plexus-component-annotations-1.5.2.jar
7f46e1b4c000-7f46e1b4d000 r--s 00004000 08:01 5115490                    /home/effi/.gradle/wrapper/dists/gradle-2.2-bin/ca0flae0itb57he40lyj6fhpp/gradle-2.2/lib/plugins/pmaven-common-0.8-20100325.jar
7f46e1b4d000-7f46e1b51000 r--s 0001e000 08:01 5115449                    /home/effi/.gradle/wrapper/dists/gradle-2.2-bin/ca0flae0itb57he40lyj6fhpp/gradle-2.2/lib/plugins/gradle-maven-2.2.jar
7f46e1b51000-7f46e1b69000 r--s 0013b000 08:01 5115488                    /home/effi/.gradle/wrapper/dists/gradle-2.2-bin/ca0flae0itb57he40lyj6fhpp/gradle-2.2/lib/plugins/bndlib-2.1.0.jar
7f46e1b69000-7f46e1b6b000 r--s 00004000 08:01 5115448                    /home/effi/.gradle/wrapper/dists/gradle-2.2-bin/ca0flae0itb57he40lyj6fhpp/gradle-2.2/lib/plugins/gradle-osgi-2.2.jar
7f46e1b6b000-7f46e1b70000 r--s 00068000 08:01 5115487                    /home/effi/.gradle/wrapper/dists/gradle-2.2-bin/ca0flae0itb57he40lyj6fhpp/gradle-2.2/lib/plugins/antlr-2.7.7.jar
7f46e1b70000-7f46e1b71000 r--s 00002000 08:01 5115486                    /home/effi/.gradle/wrapper/dists/gradle-2.2-bin/ca0flae0itb57he40lyj6fhpp/gradle-2.2/lib/plugins/ant-antlr-1.9.3.jar
7f46e1b71000-7f46e1b73000 r--s 00004000 08:01 5115447                    /home/effi/.gradle/wrapper/dists/gradle-2.2-bin/ca0flae0itb57he40lyj6fhpp/gradle-2.2/lib/plugins/gradle-antlr-2.2.jar
7f46e1b73000-7f46e1b76000 r--s 0001e000 08:01 5115509                    /home/effi/.gradle/wrapper/dists/gradle-2.2-bin/ca0flae0itb57he40lyj6fhpp/gradle-2.2/lib/plugins/jsp-api-2.1-6.1.14.jar
7f46e1b76000-7f46e1b99000 r--s 00344000 08:01 5115508                    /home/effi/.gradle/wrapper/dists/gradle-2.2-bin/ca0flae0itb57he40lyj6fhpp/gradle-2.2/lib/plugins/core-3.1.1.jar
7f46e1b99000-7f46e1b9a000 r--s 00006000 08:01 5115507                    /home/effi/.gradle/wrapper/dists/gradle-2.2-bin/ca0flae0itb57he40lyj6fhpp/gradle-2.2/lib/plugins/jetty-naming-6.1.25.jar
7f46e1b9a000-7f46e1b9b000 r--s 00002000 08:01 5115485                    /home/effi/.gradle/wrapper/dists/gradle-2.2-bin/ca0flae0itb57he40lyj6fhpp/gradle-2.2/lib/plugins/geronimo-annotation_1.0_spec-1.0.jar
7f46e1b9b000-7f46e1b9d000 r--s 00002000 08:01 5115484                    /home/effi/.gradle/wrapper/dists/gradle-2.2-bin/ca0flae0itb57he40lyj6fhpp/gradle-2.2/lib/plugins/jetty-annotations-6.1.25.jar
7f46e1b9d000-7f46e1bae000 r--s 000ea000 08:01 5115483                    /home/effi/.gradle/wrapper/dists/gradle-2.2-bin/ca0flae0itb57he40lyj6fhpp/gradle-2.2/lib/plugins/jsp-2.1-6.1.14.jar
7f46e1bae000-7f46e1bb0000 r--s 0001f000 08:01 5115481                    /home/effi/.gradle/wrapper/dists/gradle-2.2-bin/ca0flae0itb57he40lyj6fhpp/gradle-2.2/lib/plugins/servlet-api-2.5-20081211.jar
7f46e1bb0000-7f46e1bb4000 r--s 00028000 08:01 5115480                    /home/effi/.gradle/wrapper/dists/gradle-2.2-bin/ca0flae0itb57he40lyj6fhpp/gradle-2.2/lib/plugins/jetty-util-6.1.25.jar
7f46e1bb4000-7f46e1bbb000 r--s 0007d000 08:01 5115479                    /home/effi/.gradle/wrapper/dists/gradle-2.2-bin/ca0flae0itb57he40lyj6fhpp/gradle-2.2/lib/plugins/jetty-6.1.25.jar
7f46e1bbb000-7f46e1bbd000 r--s 00009000 08:01 5115446                    /home/effi/.gradle/wrapper/dists/gradle-2.2-bin/ca0flae0itb57he40lyj6fhpp/gradle-2.2/lib/plugins/gradle-jetty-2.2.jar
7f46e1bbd000-7f46e1bc2000 r--s 00041000 08:01 5115445                    /home/effi/.gradle/wrapper/dists/gradle-2.2-bin/ca0flae0itb57he40lyj6fhpp/gradle-2.2/lib/plugins/gradle-code-quality-2.2.jar
7f46e1bc2000-7f46e1bc4000 r--s 00009000 08:01 5115517                    /home/effi/.gradle/wrapper/dists/gradle-2.2-bin/ca0flae0itb57he40lyj6fhpp/gradle-2.2/lib/plugins/hamcrest-core-1.3.jar
7f46e1bc4000-7f46e1bca000 r--s 00033000 08:01 5115506                    /home/effi/.gradle/wrapper/dists/gradle-2.2-bin/ca0flae0itb57he40lyj6fhpp/gradle-2.2/lib/plugins/snakeyaml-1.6.jar
7f46e1bca000-7f46e1bcc000 r--s 00006000 08:01 5115505                    /home/effi/.gradle/wrapper/dists/gradle-2.2-bin/ca0flae0itb57he40lyj6fhpp/gradle-2.2/lib/plugins/jcommander-1.12.jar
7f46e1bcc000-7f46e1bd1000 r--s 00040000 08:01 5115504                    /home/effi/.gradle/wrapper/dists/gradle-2.2-bin/ca0flae0itb57he40lyj6fhpp/gradle-2.2/lib/plugins/bsh-2.0b4.jar
7f46e1bd1000-7f46e1bda000 r--s 00089000 08:01 5115477                    /home/effi/.gradle/wrapper/dists/gradle-2.2-bin/ca0flae0itb57he40lyj6fhpp/gradle-2.2/lib/plugins/testng-6.3.1.jar
7f46e1bda000-7f46e1be0000 r--s 00036000 08:01 5115476                    /home/effi/.gradle/wrapper/dists/gradle-2.2-bin/ca0flae0itb57he40lyj6fhpp/gradle-2.2/lib/plugins/junit-4.11.jar
7f46e1be0000-7f46e1bec000 r--s 00075000 08:01 5115444                    /home/effi/.gradle/wrapper/dists/gradle-2.2-bin/ca0flae0itb57he40lyj6fhpp/gradle-2.2/lib/plugins/gradle-plugins-2.2.jar
7f46e1bec000-7f46e1bef000 r--s 00011000 08:01 5115474                    /home/effi/.gradle/wrapper/dists/gradle-2.2-bin/ca0flae0itb57he40lyj6fhpp/gradle-2.2/lib/plugins/gradle-plugin-use-2.2.jar
7f46e1bef000-7f46e1c07000 r--s 00115000 08:01 5115515                    /home/effi/.gradle/wrapper/dists/gradle-2.2-bin/ca0flae0itb57he40lyj6fhpp/gradle-2.2/lib/plugins/xercesImpl-2.9.1.jar
7f46e1c07000-7f46e1c0f000 r--s 00028000 08:01 5115516                    /home/effi/.gradle/wrapper/dists/gradle-2.2-bin/ca0flae0itb57he40lyj6fhpp/gradle-2.2/lib/plugins/xml-apis-1.3.04.jar
7f46e1c0f000-7f46e1c15000 r--s 0005b000 08:01 5115514                    /home/effi/.gradle/wrapper/dists/gradle-2.2-bin/ca0flae0itb57he40lyj6fhpp/gradle-2.2/lib/plugins/jcifs-1.3.17.jar
7f46e1c15000-7f46e1c1b000 r--s 00031000 08:01 5115513                    /home/effi/.gradle/wrapper/dists/gradle-2.2-bin/ca0flae0itb57he40lyj6fhpp/gradle-2.2/lib/plugins/httpcore-4.2.2.jar
7f46e1c1b000-7f46e1c21000 r--s 00033000 08:01 5115512                    /home/effi/.gradle/wrapper/dists/gradle-2.2-bin/ca0flae0itb57he40lyj6fhpp/gradle-2.2/lib/plugins/commons-codec-1.6.jar
7f46e1c21000-7f46e1c2a000 r--s 00060000 08:01 5115510                    /home/effi/.gradle/wrapper/dists/gradle-2.2-bin/ca0flae0itb57he40lyj6fhpp/gradle-2.2/lib/plugins/httpclient-4.2.2.jar
7f46e1c2a000-7f46e1c52000 r--s 00194000 08:01 5115503                    /home/effi/.gradle/wrapper/dists/gradle-2.2-bin/ca0flae0itb57he40lyj6fhpp/gradle-2.2/lib/plugins/bcprov-jdk15-1.46.jar
7f46e1c52000-7f46e1c62000 r-xp 00000000 08:01 2366720                    /usr/lib/jvm/java-7-openjdk/jre/lib/amd64/libnio.so
7f46e1c62000-7f46e1e62000 ---p 00010000 08:01 2366720                    /usr/lib/jvm/java-7-openjdk/jre/lib/amd64/libnio.so
7f46e1e62000-7f46e1e63000 rw-p 00010000 08:01 2366720                    /usr/lib/jvm/java-7-openjdk/jre/lib/amd64/libnio.so
7f46e1e63000-7f46e1ed1000 r-xp 00000000 08:01 2107921                    /usr/lib/libpcre.so.1.2.4
7f46e1ed1000-7f46e20d0000 ---p 0006e000 08:01 2107921                    /usr/lib/libpcre.so.1.2.4
7f46e20d0000-7f46e20d1000 r--p 0006d000 08:01 2107921                    /usr/lib/libpcre.so.1.2.4
7f46e20d1000-7f46e20d2000 rw-p 0006e000 08:01 2107921                    /usr/lib/libpcre.so.1.2.4
7f46e20d2000-7f46e20da000 r-xp 00000000 08:01 2108050                    /usr/lib/libffi.so.6.0.4
7f46e20da000-7f46e22d9000 ---p 00008000 08:01 2108050                    /usr/lib/libffi.so.6.0.4
7f46e22d9000-7f46e22da000 r--p 00007000 08:01 2108050                    /usr/lib/libffi.so.6.0.4
7f46e22da000-7f46e22db000 rw-p 00008000 08:01 2108050                    /usr/lib/libffi.so.6.0.4
7f46e22db000-7f46e22ef000 r-xp 00000000 08:01 2100312                    /usr/lib/libresolv-2.21.so
7f46e22ef000-7f46e24ee000 ---p 00014000 08:01 2100312                    /usr/lib/libresolv-2.21.so
7f46e24ee000-7f46e24ef000 r--p 00013000 08:01 2100312                    /usr/lib/libresolv-2.21.so
7f46e24ef000-7f46e24f0000 rw-p 00014000 08:01 2100312                    /usr/lib/libresolv-2.21.so
7f46e24f0000-7f46e24f2000 rw-p 00000000 00:00 0 
7f46e24f2000-7f46e25fe000 r-xp 00000000 08:01 2108115                    /usr/lib/libglib-2.0.so.0.4400.0
7f46e25fe000-7f46e27fd000 ---p 0010c000 08:01 2108115                    /usr/lib/libglib-2.0.so.0.4400.0
7f46e27fd000-7f46e27fe000 r--p 0010b000 08:01 2108115                    /usr/lib/libglib-2.0.so.0.4400.0
7f46e27fe000-7f46e27ff000 rw-p 0010c000 08:01 2108115                    /usr/lib/libglib-2.0.so.0.4400.0
7f46e27ff000-7f46e5000000 rw-p 00000000 00:00 0 
7f46e5000000-7f46e5270000 rwxp 00000000 00:00 0 
7f46e5270000-7f46e89e0000 rw-p 00000000 00:00 0 
7f46e89e0000-7f46ec000000 ---p 00000000 00:00 0 
7f46ec000000-7f46ec002000 r--s 00009000 08:01 5115478                    /home/effi/.gradle/wrapper/dists/gradle-2.2-bin/ca0flae0itb57he40lyj6fhpp/gradle-2.2/lib/plugins/commons-cli-1.2.jar
7f46ec002000-7f46ec005000 r--s 0001c000 08:01 5115511                    /home/effi/.gradle/wrapper/dists/gradle-2.2-bin/ca0flae0itb57he40lyj6fhpp/gradle-2.2/lib/plugins/nekohtml-1.9.14.jar
7f46ec005000-7f46ec007000 r--s 00007000 08:01 5115499                    /home/effi/.gradle/wrapper/dists/gradle-2.2-bin/ca0flae0itb57he40lyj6fhpp/gradle-2.2/lib/plugins/gradle-resources-http-2.2.jar
7f46ec007000-7f46ec00b000 r--s 0001d000 08:01 5115502                    /home/effi/.gradle/wrapper/dists/gradle-2.2-bin/ca0flae0itb57he40lyj6fhpp/gradle-2.2/lib/plugins/xbean-reflect-3.4.jar
7f46ec00b000-7f46ec010000 r--s 0002a000 08:01 5115496                    /home/effi/.gradle/wrapper/dists/gradle-2.2-bin/ca0flae0itb57he40lyj6fhpp/gradle-2.2/lib/plugins/gson-2.2.4.jar
7f46ec010000-7f46ec014000 r--s 0003d000 08:01 5115501                    /home/effi/.gradle/wrapper/dists/gradle-2.2-bin/ca0flae0itb57he40lyj6fhpp/gradle-2.2/lib/plugins/jsch-0.1.51.jar
7f46ec014000-7f46ec02d000 r--s 00129000 08:01 5115489                    /home/effi/.gradle/wrapper/dists/gradle-2.2-bin/ca0flae0itb57he40lyj6fhpp/gradle-2.2/lib/plugins/maven-ant-tasks-2.1.3.jar
7f46ec02d000-7f46ec03c000 r--s 000d9000 08:01 5115500                    /home/effi/.gradle/wrapper/dists/gradle-2.2-bin/ca0flae0itb57he40lyj6fhpp/gradle-2.2/lib/plugins/ivy-2.2.0.jar
7f46ec03c000-7f46ec040000 r--s 0001e000 08:01 5115443                    /home/effi/.gradle/wrapper/dists/gradle-2.2-bin/ca0flae0itb57he40lyj6fhpp/gradle-2.2/lib/plugins/jarjar-aether-impl-1.13.1.jar
7f46ec040000-7f46ec043000 r--s 00027000 08:01 5115442                    /home/effi/.gradle/wrapper/dists/gradle-2.2-bin/ca0flae0itb57he40lyj6fhpp/gradle-2.2/lib/plugins/jarjar-maven-model-3.0.4.jar
7f46ec043000-7f46ec046000 r--s 0000b000 08:01 5115441                    /home/effi/.gradle/wrapper/dists/gradle-2.2-bin/ca0flae0itb57he40lyj6fhpp/gradle-2.2/lib/plugins/jarjar-maven-artifact-3.0.4.jar
7f46ec046000-7f46ec04a000 r--s 0001e000 08:01 5115440                    /home/effi/.gradle/wrapper/dists/gradle-2.2-bin/ca0flae0itb57he40lyj6fhpp/gradle-2.2/lib/plugins/jarjar-aether-util-1.13.1.jar
7f46ec04a000-7f46ec04c000 r--s 00007000 08:01 5115439                    /home/effi/.gradle/wrapper/dists/gradle-2.2-bin/ca0flae0itb57he40lyj6fhpp/gradle-2.2/lib/plugins/jarjar-wagon-http-shared4-2.4.jar
7f46ec04c000-7f46ec059000 r--s 00083000 08:01 5115438                    /home/effi/.gradle/wrapper/dists/gradle-2.2-bin/ca0flae0itb57he40lyj6fhpp/gradle-2.2/lib/plugins/jarjar-maven-core-3.0.4.jar
7f46ec059000-7f46ec05b000 r--s 00003000 08:01 5115437                    /home/effi/.gradle/wrapper/dists/gradle-2.2-bin/ca0flae0itb57he40lyj6fhpp/gradle-2.2/lib/plugins/jarjar-aether-spi-1.13.1.jar
7f46ec05b000-7f46ec05d000 r--s 00009000 08:01 5115436                    /home/effi/.gradle/wrapper/dists/gradle-2.2-bin/ca0flae0itb57he40lyj6fhpp/gradle-2.2/lib/plugins/jarjar-maven-settings-builder-3.0.4.jar
7f46ec05d000-7f46ec061000 r--s 00014000 08:01 5115435                    /home/effi/.gradle/wrapper/dists/gradle-2.2-bin/ca0flae0itb57he40lyj6fhpp/gradle-2.2/lib/plugins/jarjar-aether-api-1.13.1.jar
7f46ec061000-7f46ec062000 r--s 00002000 08:01 5115434                    /home/effi/.gradle/wrapper/dists/gradle-2.2-bin/ca0flae0itb57he40lyj6fhpp/gradle-2.2/lib/plugins/jarjar-wagon-http-2.4.jar
7f46ec062000-7f46ec069000 r--s 00042000 08:01 5115433                    /home/effi/.gradle/wrapper/dists/gradle-2.2-bin/ca0flae0itb57he40lyj6fhpp/gradle-2.2/lib/plugins/jarjar-maven-compat-3.0.4.jar
7f46ec069000-7f46ec06b000 r--s 00006000 08:01 5115432                    /home/effi/.gradle/wrapper/dists/gradle-2.2-bin/ca0flae0itb57he40lyj6fhpp/gradle-2.2/lib/plugins/jarjar-aether-connector-wagon-1.13.1.jar
7f46ec06b000-7f46ec06d000 r--s 00000000 08:01 5115431                    /home/effi/.gradle/wrapper/dists/gradle-2.2-bin/ca0flae0itb57he40lyj6fhpp/gradle-2.2/lib/plugins/jarjar-plexus-component-annotations-1.5.5.jar
7f46ec06d000-7f46ec06f000 r--s 00006000 08:01 5115430                    /home/effi/.gradle/wrapper/dists/gradle-2.2-bin/ca0flae0itb57he40lyj6fhpp/gradle-2.2/lib/plugins/jarjar-plexus-sec-dispatcher-1.3.jar
7f46ec06f000-7f46ec074000 r--s 00022000 08:01 5115429                    /home/effi/.gradle/wrapper/dists/gradle-2.2-bin/ca0flae0itb57he40lyj6fhpp/gradle-2.2/lib/plugins/jarjar-maven-model-builder-3.0.4.jar
7f46ec074000-7f46ec076000 r--s 0000b000 08:01 5115428                    /home/effi/.gradle/wrapper/dists/gradle-2.2-bin/ca0flae0itb57he40lyj6fhpp/gradle-2.2/lib/plugins/jarjar-maven-plugin-api-3.0.4.jar
7f46ec076000-7f46ec0a7000 rw-p 00000000 00:00 0 
7f46ec0a7000-7f46ec0aa000 r-xp 00000000 08:01 2108116                    /usr/lib/libgmodule-2.0.so.0.4400.0
7f46ec0aa000-7f46ec2a9000 ---p 00003000 08:01 2108116                    /usr/lib/libgmodule-2.0.so.0.4400.0
7f46ec2a9000-7f46ec2aa000 r--p 00002000 08:01 2108116                    /usr/lib/libgmodule-2.0.so.0.4400.0
7f46ec2aa000-7f46ec2ab000 rw-p 00003000 08:01 2108116                    /usr/lib/libgmodule-2.0.so.0.4400.0
7f46ec2ab000-7f46ec2fa000 r-xp 00000000 08:01 2108119                    /usr/lib/libgobject-2.0.so.0.4400.0
7f46ec2fa000-7f46ec4fa000 ---p 0004f000 08:01 2108119                    /usr/lib/libgobject-2.0.so.0.4400.0
7f46ec4fa000-7f46ec4fb000 r--p 0004f000 08:01 2108119                    /usr/lib/libgobject-2.0.so.0.4400.0
7f46ec4fb000-7f46ec4fc000 rw-p 00050000 08:01 2108119                    /usr/lib/libgobject-2.0.so.0.4400.0
7f46ec4fc000-7f46ec672000 r-xp 00000000 08:01 2108120                    /usr/lib/libgio-2.0.so.0.4400.0
7f46ec672000-7f46ec872000 ---p 00176000 08:01 2108120                    /usr/lib/libgio-2.0.so.0.4400.0
7f46ec872000-7f46ec876000 r--p 00176000 08:01 2108120                    /usr/lib/libgio-2.0.so.0.4400.0
7f46ec876000-7f46ec878000 rw-p 0017a000 08:01 2108120                    /usr/lib/libgio-2.0.so.0.4400.0
7f46ec878000-7f46ec87a000 rw-p 00000000 00:00 0 
7f46ec87a000-7f46ec87d000 r--s 0000a000 08:01 5115427                    /home/effi/.gradle/wrapper/dists/gradle-2.2-bin/ca0flae0itb57he40lyj6fhpp/gradle-2.2/lib/plugins/jarjar-plexus-classworlds-2.4.jar
7f46ec87d000-7f46ec881000 r--s 00035000 08:01 5115426                    /home/effi/.gradle/wrapper/dists/gradle-2.2-bin/ca0flae0itb57he40lyj6fhpp/gradle-2.2/lib/plugins/jarjar-plexus-utils-2.0.6.jar
7f46ec881000-7f46ec883000 r--s 0000e000 08:01 5115425                    /home/effi/.gradle/wrapper/dists/gradle-2.2-bin/ca0flae0itb57he40lyj6fhpp/gradle-2.2/lib/plugins/jarjar-plexus-interpolation-1.14.jar
7f46ec883000-7f46ec885000 r--s 00002000 08:01 5115424                    /home/effi/.gradle/wrapper/dists/gradle-2.2-bin/ca0flae0itb57he40lyj6fhpp/gradle-2.2/lib/plugins/jarjar-plexus-cipher-1.7.jar
7f46ec885000-7f46ec887000 r--s 0000c000 08:01 5115423                    /home/effi/.gradle/wrapper/dists/gradle-2.2-bin/ca0flae0itb57he40lyj6fhpp/gradle-2.2/lib/plugins/jarjar-wagon-provider-api-2.4.jar
7f46ec887000-7f46ec889000 r--s 0000d000 08:01 5115422                    /home/effi/.gradle/wrapper/dists/gradle-2.2-bin/ca0flae0itb57he40lyj6fhpp/gradle-2.2/lib/plugins/jarjar-maven-aether-provider-3.0.4.jar
7f46ec889000-7f46ec891000 r--s 00031000 08:01 5115421                    /home/effi/.gradle/wrapper/dists/gradle-2.2-bin/ca0flae0itb57he40lyj6fhpp/gradle-2.2/lib/plugins/jarjar-plexus-container-default-1.5.5.jar
7f46ec891000-7f46ec892000 r--s 00007000 08:01 5115420                    /home/effi/.gradle/wrapper/dists/gradle-2.2-bin/ca0flae0itb57he40lyj6fhpp/gradle-2.2/lib/plugins/jarjar-maven-repository-metadata-3.0.4.jar
7f46ec892000-7f46ec893000 r--s 0000b000 08:01 5115419                    /home/effi/.gradle/wrapper/dists/gradle-2.2-bin/ca0flae0itb57he40lyj6fhpp/gradle-2.2/lib/plugins/jarjar-maven-settings-3.0.4.jar
7f46ec893000-7f46ec8ab000 r--s 000b5000 08:01 5115475                    /home/effi/.gradle/wrapper/dists/gradle-2.2-bin/ca0flae0itb57he40lyj6fhpp/gradle-2.2/lib/plugins/gradle-dependency-management-2.2.jar
7f46ec8ab000-7f46ec8c2000 r-xp 00000000 08:01 2366719                    /usr/lib/jvm/java-7-openjdk/jre/lib/amd64/libnet.so
7f46ec8c2000-7f46ecac1000 ---p 00017000 08:01 2366719                    /usr/lib/jvm/java-7-openjdk/jre/lib/amd64/libnet.so
7f46ecac1000-7f46ecac2000 rw-p 00016000 08:01 2366719                    /usr/lib/jvm/java-7-openjdk/jre/lib/amd64/libnet.so
7f46ecac2000-7f46ecac3000 r--s 00005000 08:01 5113123                    /home/effi/.gradle/wrapper/dists/gradle-2.2-bin/ca0flae0itb57he40lyj6fhpp/gradle-2.2/lib/gradle-wrapper-2.2.jar
7f46ecac3000-7f46ecacc000 r--s 0002c000 08:01 5115375                    /home/effi/.gradle/wrapper/dists/gradle-2.2-bin/ca0flae0itb57he40lyj6fhpp/gradle-2.2/lib/gradle-tooling-api-2.2.jar
7f46ecacc000-7f46ecace000 r--s 00002000 08:01 5115399                    /home/effi/.gradle/wrapper/dists/gradle-2.2-bin/ca0flae0itb57he40lyj6fhpp/gradle-2.2/lib/gradle-open-api-2.2.jar
7f46ecace000-7f46ecad4000 r--s 00032000 08:01 5115401                    /home/effi/.gradle/wrapper/dists/gradle-2.2-bin/ca0flae0itb57he40lyj6fhpp/gradle-2.2/lib/jaxen-1.1.jar
7f46ecad4000-7f46ecad9000 r--s 00048000 08:01 5115400                    /home/effi/.gradle/wrapper/dists/gradle-2.2-bin/ca0flae0itb57he40lyj6fhpp/gradle-2.2/lib/dom4j-1.6.1.jar
7f46ecad9000-7f46ecae4000 r--s 00059000 08:01 5115374                    /home/effi/.gradle/wrapper/dists/gradle-2.2-bin/ca0flae0itb57he40lyj6fhpp/gradle-2.2/lib/gradle-ui-2.2.jar
7f46ecae4000-7f46ecae6000 r--s 00006000 08:01 5115395                    /home/effi/.gradle/wrapper/dists/gradle-2.2-bin/ca0flae0itb57he40lyj6fhpp/gradle-2.2/lib/gradle-resources-2.2.jar
7f46ecae6000-7f46ecae8000 r--s 00007000 08:01 5115417                    /home/effi/.gradle/wrapper/dists/gradle-2.2-bin/ca0flae0itb57he40lyj6fhpp/gradle-2.2/lib/objenesis-1.2.jar
7f46ecae8000-7f46ecaea000 r--s 00000000 08:01 5115416                    /home/effi/.gradle/wrapper/dists/gradle-2.2-bin/ca0flae0itb57he40lyj6fhpp/gradle-2.2/lib/minlog-1.2.jar
7f46ecaea000-7f46ecaec000 r--s 0000f000 08:01 5115415                    /home/effi/.gradle/wrapper/dists/gradle-2.2-bin/ca0flae0itb57he40lyj6fhpp/gradle-2.2/lib/reflectasm-1.07-shaded.jar
7f46ecaec000-7f46ecaf0000 r--s 00026000 08:01 5115406                    /home/effi/.gradle/wrapper/dists/gradle-2.2-bin/ca0flae0itb57he40lyj6fhpp/gradle-2.2/lib/kryo-2.20.jar
7f46ecaf0000-7f46ecaf9000 r--s 00039000 08:01 5115394                    /home/effi/.gradle/wrapper/dists/gradle-2.2-bin/ca0flae0itb57he40lyj6fhpp/gradle-2.2/lib/gradle-messaging-2.2.jar
7f46ecaf9000-7f46ecafa000 r--s 00003000 08:01 5115414                    /home/effi/.gradle/wrapper/dists/gradle-2.2-bin/ca0flae0itb57he40lyj6fhpp/gradle-2.2/lib/native-platform-freebsd-amd64-0.10.jar
7f46ecafa000-7f46ecafb000 r--s 00003000 08:01 5115413                    /home/effi/.gradle/wrapper/dists/gradle-2.2-bin/ca0flae0itb57he40lyj6fhpp/gradle-2.2/lib/native-platform-freebsd-i386-0.10.jar
7f46ecafb000-7f46ecafc000 r--s 00005000 08:01 5115412                    /home/effi/.gradle/wrapper/dists/gradle-2.2-bin/ca0flae0itb57he40lyj6fhpp/gradle-2.2/lib/native-platform-windows-i386-0.10.jar
7f46ecafc000-7f46ecafd000 r--s 00005000 08:01 5115411                    /home/effi/.gradle/wrapper/dists/gradle-2.2-bin/ca0flae0itb57he40lyj6fhpp/gradle-2.2/lib/native-platform-windows-amd64-0.10.jar
7f46ecafd000-7f46ecafe000 r--s 00003000 08:01 5115410                    /home/effi/.gradle/wrapper/dists/gradle-2.2-bin/ca0flae0itb57he40lyj6fhpp/gradle-2.2/lib/native-platform-linux-i386-0.10.jar
7f46ecafe000-7f46ecaff000 r--s 00003000 08:01 5115409                    /home/effi/.gradle/wrapper/dists/gradle-2.2-bin/ca0flae0itb57he40lyj6fhpp/gradle-2.2/lib/native-platform-linux-amd64-0.10.jar
7f46ecaff000-7f46ecb00000 r--s 00002000 08:01 5115408                    /home/effi/.gradle/wrapper/dists/gradle-2.2-bin/ca0flae0itb57he40lyj6fhpp/gradle-2.2/lib/native-platform-osx-amd64-0.10.jar
7f46ecb00000-7f46ecb01000 r--s 00002000 08:01 5115407                    /home/effi/.gradle/wrapper/dists/gradle-2.2-bin/ca0flae0itb57he40lyj6fhpp/gradle-2.2/lib/native-platform-osx-i386-0.10.jar
7f46ecb01000-7f46ecb03000 r--s 00008000 08:01 5115404                    /home/effi/.gradle/wrapper/dists/gradle-2.2-bin/ca0flae0itb57he40lyj6fhpp/gradle-2.2/lib/jansi-1.2.1.jar
7f46ecb03000-7f46ecb06000 r--s 0000d000 08:01 5115403                    /home/effi/.gradle/wrapper/dists/gradle-2.2-bin/ca0flae0itb57he40lyj6fhpp/gradle-2.2/lib/native-platform-0.10.jar
7f46ecb06000-7f46ecb0a000 r--s 000e4000 08:01 5115402                    /home/effi/.gradle/wrapper/dists/gradle-2.2-bin/ca0flae0itb57he40lyj6fhpp/gradle-2.2/lib/jna-3.2.7.jar
7f46ecb0a000-7f46ecb0c000 r--s 00008000 08:01 5115376                    /home/effi/.gradle/wrapper/dists/gradle-2.2-bin/ca0flae0itb57he40lyj6fhpp/gradle-2.2/lib/gradle-native-2.2.jar
7f46ecb0c000-7f46ecb0e000 r--s 00005000 08:01 5115373                    /home/effi/.gradle/wrapper/dists/gradle-2.2-bin/ca0flae0itb57he40lyj6fhpp/gradle-2.2/lib/gradle-cli-2.2.jar
7f46ecb0e000-7f46ecb10000 r--s 00003000 08:01 5115393                    /home/effi/.gradle/wrapper/dists/gradle-2.2-bin/ca0flae0itb57he40lyj6fhpp/gradle-2.2/lib/gradle-base-services-groovy-2.2.jar
7f46ecb10000-7f46ecb12000 r--s 0000a000 08:01 5115381                    /home/effi/.gradle/wrapper/dists/gradle-2.2-bin/ca0flae0itb57he40lyj6fhpp/gradle-2.2/lib/gradle-model-groovy-2.2.jar
7f46ecb12000-7f46ecb16000 r--s 0001b000 08:01 5115380                    /home/effi/.gradle/wrapper/dists/gradle-2.2-bin/ca0flae0itb57he40lyj6fhpp/gradle-2.2/lib/gradle-model-core-2.2.jar
7f46ecb16000-7f46ecb17000 r--s 00000000 08:01 5115396                    /home/effi/.gradle/wrapper/dists/gradle-2.2-bin/ca0flae0itb57he40lyj6fhpp/gradle-2.2/lib/gradle-docs-2.2.jar
7f46ecb17000-7f46ecb19000 r--s 00003000 08:01 5115398                    /home/effi/.gradle/wrapper/dists/gradle-2.2-bin/ca0flae0itb57he40lyj6fhpp/gradle-2.2/lib/jcl-over-slf4j-1.7.7.jar
7f46ecb19000-7f46ecb1a000 r--s 00005000 08:01 5115397                    /home/effi/.gradle/wrapper/dists/gradle-2.2-bin/ca0flae0itb57he40lyj6fhpp/gradle-2.2/lib/log4j-over-slf4j-1.7.7.jar
7f46ecb1a000-7f46ecb1b000 r--s 00000000 08:01 5115392                    /home/effi/.gradle/wrapper/dists/gradle-2.2-bin/ca0flae0itb57he40lyj6fhpp/gradle-2.2/lib/javax.inject-1.jar
7f46ecb1b000-7f46ecb1e000 r--s 0001b000 08:01 5115391                    /home/effi/.gradle/wrapper/dists/gradle-2.2-bin/ca0flae0itb57he40lyj6fhpp/gradle-2.2/lib/jarjar-1.3.jar
7f46ecb1e000-7f46ecb20000 r--s 00000000 08:01 5115390                    /home/effi/.gradle/wrapper/dists/gradle-2.2-bin/ca0flae0itb57he40lyj6fhpp/gradle-2.2/lib/jul-to-slf4j-1.7.7.jar
7f46ecb20000-7f46ecb21000 r--s 00000000 08:01 5115389                    /home/effi/.gradle/wrapper/dists/gradle-2.2-bin/ca0flae0itb57he40lyj6fhpp/gradle-2.2/lib/jcip-annotations-1.0.jar
7f46ecb21000-7f46ecb27000 r--s 0003b000 08:01 5115388                    /home/effi/.gradle/wrapper/dists/gradle-2.2-bin/ca0flae0itb57he40lyj6fhpp/gradle-2.2/lib/logback-classic-1.0.13.jar
7f46ecb27000-7f46ecb31000 r--s 0005d000 08:01 5115387                    /home/effi/.gradle/wrapper/dists/gradle-2.2-bin/ca0flae0itb57he40lyj6fhpp/gradle-2.2/lib/logback-core-1.0.13.jar
7f46ecb31000-7f46ecb36000 r--s 00041000 08:01 5115386                    /home/effi/.gradle/wrapper/dists/gradle-2.2-bin/ca0flae0itb57he40lyj6fhpp/gradle-2.2/lib/commons-lang-2.6.jar
7f46ecb36000-7f46ecb39000 r--s 00018000 08:01 5115385                    /home/effi/.gradle/wrapper/dists/gradle-2.2-bin/ca0flae0itb57he40lyj6fhpp/gradle-2.2/lib/commons-io-1.4.jar
7f46ecb39000-7f46ecb47000 r--s 0007f000 08:01 5115384                    /home/effi/.gradle/wrapper/dists/gradle-2.2-bin/ca0flae0itb57he40lyj6fhpp/gradle-2.2/lib/commons-collections-3.2.1.jar
7f46ecb47000-7f46ecbb2000 r--s 00685000 08:01 5115379                    /home/effi/.gradle/wrapper/dists/gradle-2.2-bin/ca0flae0itb57he40lyj6fhpp/gradle-2.2/lib/groovy-all-2.3.6.jar
7f46ecbb2000-7f46ecbda000 r--s 001cf000 08:01 5115378                    /home/effi/.gradle/wrapper/dists/gradle-2.2-bin/ca0flae0itb57he40lyj6fhpp/gradle-2.2/lib/guava-jdk5-17.0.jar
7f46ecbda000-7f46ecbf9000 r--s 001cc000 08:01 5115383                    /home/effi/.gradle/wrapper/dists/gradle-2.2-bin/ca0flae0itb57he40lyj6fhpp/gradle-2.2/lib/ant-1.9.3.jar
7f46ecbf9000-7f46ecc2a000 r--s 00191000 08:01 5115372                    /home/effi/.gradle/wrapper/dists/gradle-2.2-bin/ca0flae0itb57he40lyj6fhpp/gradle-2.2/lib/gradle-core-2.2.jar
7f46ecc2a000-7f46ecc2b000 ---p 00000000 00:00 0 
7f46ecc2b000-7f46ecd2b000 rw-p 00000000 00:00 0                          [stack:4845]
7f46ecd2b000-7f46ecd2e000 ---p 00000000 00:00 0 
7f46ecd2e000-7f46ece2c000 rw-p 00000000 00:00 0                          [stack:4844]
7f46ece2c000-7f46ece2f000 ---p 00000000 00:00 0 
7f46ece2f000-7f46ecf2d000 rw-p 00000000 00:00 0                          [stack:4843]
7f46ecf2d000-7f46ecf30000 ---p 00000000 00:00 0 
7f46ecf30000-7f46ed02e000 rw-p 00000000 00:00 0                          [stack:4842]
7f46ed02e000-7f46ed031000 ---p 00000000 00:00 0 
7f46ed031000-7f46ed12f000 rw-p 00000000 00:00 0                          [stack:4841]
7f46ed12f000-7f46ed2b8000 r--p 00000000 08:01 2117377                    /usr/lib/locale/locale-archive
7f46ed2b8000-7f46ed2bb000 ---p 00000000 00:00 0 
7f46ed2bb000-7f46ed3b9000 rw-p 00000000 00:00 0                          [stack:4840]
7f46ed3b9000-7f46ed3bc000 ---p 00000000 00:00 0 
7f46ed3bc000-7f46ed4ba000 rw-p 00000000 00:00 0                          [stack:4839]
7f46ed4ba000-7f46ed4bb000 ---p 00000000 00:00 0 
7f46ed4bb000-7f46edf70000 rw-p 00000000 00:00 0                          [stack:4838]
7f46edf70000-7f46ee121000 r--s 01d27000 08:01 2366535                    /usr/lib/jvm/java-7-openjdk/jre/lib/rt.jar
7f46ee121000-7f46ee49a000 rw-p 00000000 00:00 0 
7f46ee49a000-7f46ee49b000 ---p 00000000 00:00 0 
7f46ee49b000-7f46ee59b000 rw-p 00000000 00:00 0                          [stack:4837]
7f46ee59b000-7f46ee59c000 ---p 00000000 00:00 0 
7f46ee59c000-7f46ee6a7000 rw-p 00000000 00:00 0                          [stack:4836]
7f46ee6a7000-7f46ee71c000 rw-p 00000000 00:00 0 
7f46ee71c000-7f46ee72f000 rw-p 00000000 00:00 0 
7f46ee72f000-7f46ee872000 rw-p 00000000 00:00 0 
7f46ee872000-7f46ee87d000 rw-p 00000000 00:00 0 
7f46ee87d000-7f46ee8f2000 rw-p 00000000 00:00 0 
7f46ee8f2000-7f46ee905000 rw-p 00000000 00:00 0 
7f46ee905000-7f46eea47000 rw-p 00000000 00:00 0 
7f46eea47000-7f46eea8a000 rw-p 00000000 00:00 0 
7f46eea8a000-7f46eeaf2000 rw-p 00000000 00:00 0 
7f46eeaf2000-7f46eeaf3000 rw-p 00000000 00:00 0 
7f46eeaf3000-7f46eeafb000 r-xp 00000000 08:01 2366718                    /usr/lib/jvm/java-7-openjdk/jre/lib/amd64/libzip.so
7f46eeafb000-7f46eecfa000 ---p 00008000 08:01 2366718                    /usr/lib/jvm/java-7-openjdk/jre/lib/amd64/libzip.so
7f46eecfa000-7f46eecfb000 rw-p 00007000 08:01 2366718                    /usr/lib/jvm/java-7-openjdk/jre/lib/amd64/libzip.so
7f46eecfb000-7f46eed06000 r-xp 00000000 08:01 2100316                    /usr/lib/libnss_files-2.21.so
7f46eed06000-7f46eef06000 ---p 0000b000 08:01 2100316                    /usr/lib/libnss_files-2.21.so
7f46eef06000-7f46eef07000 r--p 0000b000 08:01 2100316                    /usr/lib/libnss_files-2.21.so
7f46eef07000-7f46eef08000 rw-p 0000c000 08:01 2100316                    /usr/lib/libnss_files-2.21.so
7f46eef08000-7f46eef34000 r-xp 00000000 08:01 2366717                    /usr/lib/jvm/java-7-openjdk/jre/lib/amd64/libjava.so
7f46eef34000-7f46ef133000 ---p 0002c000 08:01 2366717                    /usr/lib/jvm/java-7-openjdk/jre/lib/amd64/libjava.so
7f46ef133000-7f46ef135000 rw-p 0002b000 08:01 2366717                    /usr/lib/jvm/java-7-openjdk/jre/lib/amd64/libjava.so
7f46ef135000-7f46ef142000 r-xp 00000000 08:01 2366716                    /usr/lib/jvm/java-7-openjdk/jre/lib/amd64/libverify.so
7f46ef142000-7f46ef341000 ---p 0000d000 08:01 2366716                    /usr/lib/jvm/java-7-openjdk/jre/lib/amd64/libverify.so
7f46ef341000-7f46ef343000 rw-p 0000c000 08:01 2366716                    /usr/lib/jvm/java-7-openjdk/jre/lib/amd64/libverify.so
7f46ef343000-7f46ef34a000 r-xp 00000000 08:01 2100348                    /usr/lib/librt-2.21.so
7f46ef34a000-7f46ef549000 ---p 00007000 08:01 2100348                    /usr/lib/librt-2.21.so
7f46ef549000-7f46ef54a000 r--p 00006000 08:01 2100348                    /usr/lib/librt-2.21.so
7f46ef54a000-7f46ef54b000 rw-p 00007000 08:01 2100348                    /usr/lib/librt-2.21.so
7f46ef54b000-7f46ef561000 r-xp 00000000 08:01 2100680                    /usr/lib/libgcc_s.so.1
7f46ef561000-7f46ef760000 ---p 00016000 08:01 2100680                    /usr/lib/libgcc_s.so.1
7f46ef760000-7f46ef761000 rw-p 00015000 08:01 2100680                    /usr/lib/libgcc_s.so.1
7f46ef761000-7f46ef864000 r-xp 00000000 08:01 2100375                    /usr/lib/libm-2.21.so
7f46ef864000-7f46efa64000 ---p 00103000 08:01 2100375                    /usr/lib/libm-2.21.so
7f46efa64000-7f46efa65000 r--p 00103000 08:01 2100375                    /usr/lib/libm-2.21.so
7f46efa65000-7f46efa66000 rw-p 00104000 08:01 2100375                    /usr/lib/libm-2.21.so
7f46efa66000-7f46efb56000 r-xp 00000000 08:01 2100684                    /usr/lib/libstdc++.so.6.0.20
7f46efb56000-7f46efd56000 ---p 000f0000 08:01 2100684                    /usr/lib/libstdc++.so.6.0.20
7f46efd56000-7f46efd5e000 r--p 000f0000 08:01 2100684                    /usr/lib/libstdc++.so.6.0.20
7f46efd5e000-7f46efd60000 rw-p 000f8000 08:01 2100684                    /usr/lib/libstdc++.so.6.0.20
7f46efd60000-7f46efd75000 rw-p 00000000 00:00 0 
7f46efd75000-7f46f08ca000 r-xp 00000000 08:01 2496333                    /usr/lib/jvm/java-7-openjdk/jre/lib/amd64/server/libjvm.so
7f46f08ca000-7f46f0aca000 ---p 00b55000 08:01 2496333                    /usr/lib/jvm/java-7-openjdk/jre/lib/amd64/server/libjvm.so
7f46f0aca000-7f46f0b8c000 rw-p 00b55000 08:01 2496333                    /usr/lib/jvm/java-7-openjdk/jre/lib/amd64/server/libjvm.so
7f46f0b8c000-7f46f0bb8000 rw-p 00000000 00:00 0 
7f46f0bb8000-7f46f0bcd000 r-xp 00000000 08:01 2103417                    /usr/lib/libz.so.1.2.8
7f46f0bcd000-7f46f0dcc000 ---p 00015000 08:01 2103417                    /usr/lib/libz.so.1.2.8
7f46f0dcc000-7f46f0dcd000 r--p 00014000 08:01 2103417                    /usr/lib/libz.so.1.2.8
7f46f0dcd000-7f46f0dce000 rw-p 00015000 08:01 2103417                    /usr/lib/libz.so.1.2.8
7f46f0dce000-7f46f0f67000 r-xp 00000000 08:01 2100327                    /usr/lib/libc-2.21.so
7f46f0f67000-7f46f1167000 ---p 00199000 08:01 2100327                    /usr/lib/libc-2.21.so
7f46f1167000-7f46f116b000 r--p 00199000 08:01 2100327                    /usr/lib/libc-2.21.so
7f46f116b000-7f46f116d000 rw-p 0019d000 08:01 2100327                    /usr/lib/libc-2.21.so
7f46f116d000-7f46f1171000 rw-p 00000000 00:00 0 
7f46f1171000-7f46f1173000 r-xp 00000000 08:01 2100357                    /usr/lib/libdl-2.21.so
7f46f1173000-7f46f1373000 ---p 00002000 08:01 2100357                    /usr/lib/libdl-2.21.so
7f46f1373000-7f46f1374000 r--p 00002000 08:01 2100357                    /usr/lib/libdl-2.21.so
7f46f1374000-7f46f1375000 rw-p 00003000 08:01 2100357                    /usr/lib/libdl-2.21.so
7f46f1375000-7f46f1382000 r-xp 00000000 08:01 2496326                    /usr/lib/jvm/java-7-openjdk/jre/lib/amd64/jli/libjli.so
7f46f1382000-7f46f1581000 ---p 0000d000 08:01 2496326                    /usr/lib/jvm/java-7-openjdk/jre/lib/amd64/jli/libjli.so
7f46f1581000-7f46f1582000 rw-p 0000c000 08:01 2496326                    /usr/lib/jvm/java-7-openjdk/jre/lib/amd64/jli/libjli.so
7f46f1582000-7f46f159a000 r-xp 00000000 08:01 2100347                    /usr/lib/libpthread-2.21.so
7f46f159a000-7f46f1799000 ---p 00018000 08:01 2100347                    /usr/lib/libpthread-2.21.so
7f46f1799000-7f46f179a000 r--p 00017000 08:01 2100347                    /usr/lib/libpthread-2.21.so
7f46f179a000-7f46f179b000 rw-p 00018000 08:01 2100347                    /usr/lib/libpthread-2.21.so
7f46f179b000-7f46f179f000 rw-p 00000000 00:00 0 
7f46f179f000-7f46f17c1000 r-xp 00000000 08:01 2100371                    /usr/lib/ld-2.21.so
7f46f17c1000-7f46f17c6000 r--s 00036000 08:01 5115382                    /home/effi/.gradle/wrapper/dists/gradle-2.2-bin/ca0flae0itb57he40lyj6fhpp/gradle-2.2/lib/asm-all-5.0.3.jar
7f46f17c6000-7f46f17c8000 r--s 00006000 08:01 5115377                    /home/effi/.gradle/wrapper/dists/gradle-2.2-bin/ca0flae0itb57he40lyj6fhpp/gradle-2.2/lib/slf4j-api-1.7.7.jar
7f46f17c8000-7f46f17c9000 r--s 00004000 08:01 5115405                    /home/effi/.gradle/wrapper/dists/gradle-2.2-bin/ca0flae0itb57he40lyj6fhpp/gradle-2.2/lib/ant-launcher-1.9.3.jar
7f46f17c9000-7f46f17d3000 rw-p 00000000 00:00 0 
7f46f17d3000-7f46f1889000 rw-p 00000000 00:00 0 
7f46f1889000-7f46f188c000 ---p 00000000 00:00 0 
7f46f188c000-7f46f198e000 rw-p 00000000 00:00 0                          [stack:4835]
7f46f198e000-7f46f1994000 r--s 00026000 08:01 5113124                    /home/effi/.gradle/wrapper/dists/gradle-2.2-bin/ca0flae0itb57he40lyj6fhpp/gradle-2.2/lib/gradle-base-services-2.2.jar
7f46f1994000-7f46f199c000 r--s 0003c000 08:01 5113122                    /home/effi/.gradle/wrapper/dists/gradle-2.2-bin/ca0flae0itb57he40lyj6fhpp/gradle-2.2/lib/gradle-launcher-2.2.jar
7f46f199c000-7f46f19b5000 rw-p 00000000 00:00 0 
7f46f19b5000-7f46f19bd000 rw-s 00000000 00:20 162132                     /tmp/hsperfdata_effi/4833
7f46f19bd000-7f46f19be000 rw-p 00000000 00:00 0 
7f46f19be000-7f46f19bf000 ---p 00000000 00:00 0 
7f46f19bf000-7f46f19c0000 rw-p 00000000 00:00 0 
7f46f19c0000-7f46f19c1000 r--p 00021000 08:01 2100371                    /usr/lib/ld-2.21.so
7f46f19c1000-7f46f19c2000 rw-p 00022000 08:01 2100371                    /usr/lib/ld-2.21.so
7f46f19c2000-7f46f19c3000 rw-p 00000000 00:00 0 
7ffdec982000-7ffdec9a3000 rw-p 00000000 00:00 0                          [stack]
7ffdec9e2000-7ffdec9e4000 r--p 00000000 00:00 0                          [vvar]
7ffdec9e4000-7ffdec9e6000 r-xp 00000000 00:00 0                          [vdso]
ffffffffff600000-ffffffffff601000 r-xp 00000000 00:00 0                  [vsyscall]

VM Arguments:
jvm_args: -XX:MaxPermSize=256m -XX:+HeapDumpOnOutOfMemoryError -Xmx1024m -Dfile.encoding=UTF-8 -Duser.country=US -Duser.language=en -Duser.variant 
java_command: org.gradle.launcher.daemon.bootstrap.GradleDaemon 2.2 /home/effi/.gradle/daemon 10800000 aa64584a-fc09-41f3-8e21-881acc115daf -XX:MaxPermSize=256m -XX:+HeapDumpOnOutOfMemoryError -Xmx1024m -Dfile.encoding=UTF-8 -Duser.country=US -Duser.language=en -Duser.variant
Launcher Type: SUN_STANDARD

Environment Variables:
CLASSPATH=/opt/android-studio/bin/../lib/bootstrap.jar:/opt/android-studio/bin/../lib/extensions.jar:/opt/android-studio/bin/../lib/util.jar:/opt/android-studio/bin/../lib/jdom.jar:/opt/android-studio/bin/../lib/log4j.jar:/opt/android-studio/bin/../lib/trove4j.jar:/opt/android-studio/bin/../lib/jna.jar:/usr/lib/jvm/java-7-openjdk/lib/tools.jar
PATH=/usr/local/sbin:/usr/local/bin:/usr/bin:/usr/lib/jvm/default/bin:/usr/bin/site_perl:/usr/bin/vendor_perl:/usr/bin/core_perl
LD_LIBRARY_PATH=/opt/android-studio/bin:
SHELL=/bin/bash
DISPLAY=:0

Signal Handlers:
SIGSEGV: [libjvm.so+0x989390], sa_mask[0]=0x7ffbfeff, sa_flags=0x10000004
SIGBUS: [libjvm.so+0x989390], sa_mask[0]=0x7ffbfeff, sa_flags=0x10000004
SIGFPE: [libjvm.so+0x7f74d0], sa_mask[0]=0x7ffbfeff, sa_flags=0x10000004
SIGPIPE: [libjvm.so+0x7f74d0], sa_mask[0]=0x7ffbfeff, sa_flags=0x10000004
SIGXFSZ: [libjvm.so+0x7f74d0], sa_mask[0]=0x7ffbfeff, sa_flags=0x10000004
SIGILL: [libjvm.so+0x7f74d0], sa_mask[0]=0x7ffbfeff, sa_flags=0x10000004
SIGUSR1: SIG_DFL, sa_mask[0]=0x00000000, sa_flags=0x00000000
SIGUSR2: [libjvm.so+0x7f7350], sa_mask[0]=0x00000004, sa_flags=0x10000004
SIGHUP: [libjvm.so+0x7f7550], sa_mask[0]=0x7ffbfeff, sa_flags=0x10000004
SIGINT: [libjvm.so+0x7f7550], sa_mask[0]=0x7ffbfeff, sa_flags=0x10000004
SIGTERM: [libjvm.so+0x7f7550], sa_mask[0]=0x7ffbfeff, sa_flags=0x10000004
SIGQUIT: [libjvm.so+0x7f7550], sa_mask[0]=0x7ffbfeff, sa_flags=0x10000004
SIGTRAP: SIG_DFL, sa_mask[0]=0x00000000, sa_flags=0x00000000


---------------  S Y S T E M  ---------------

OS:Linux
uname:Linux 3.19.5-1-ck #1 SMP PREEMPT Sun Apr 19 07:39:25 EDT 2015 x86_64
libc:glibc 2.21 NPTL 2.21 
rlimit: STACK 8192k, CORE 0k, NPROC 14172, NOFILE 4096, AS infinity
load average:3.71 3.50 2.54

/proc/meminfo:
MemTotal:        3633940 kB
MemFree:          140256 kB
MemAvailable:      78236 kB
Buffers:             424 kB
Cached:          1574560 kB
SwapCached:            0 kB
Active:          2274832 kB
Inactive:        1051380 kB
Active(anon):    2267052 kB
Inactive(anon):  1044264 kB
Active(file):       7780 kB
Inactive(file):     7116 kB
Unevictable:          32 kB
Mlocked:              32 kB
SwapTotal:             0 kB
SwapFree:              0 kB
Dirty:               336 kB
Writeback:             0 kB
AnonPages:       1751492 kB
Mapped:            33560 kB
Shmem:           1559856 kB
Slab:              53704 kB
SReclaimable:      29996 kB
SUnreclaim:        23708 kB
KernelStack:        6592 kB
PageTables:        32536 kB
NFS_Unstable:          0 kB
Bounce:                0 kB
WritebackTmp:          0 kB
CommitLimit:     1816968 kB
Committed_AS:    5617244 kB
VmallocTotal:   34359738367 kB
VmallocUsed:       63724 kB
VmallocChunk:   34359667068 kB
HardwareCorrupted:     0 kB
AnonHugePages:    593920 kB
HugePages_Total:       0
HugePages_Free:        0
HugePages_Rsvd:        0
HugePages_Surp:        0
Hugepagesize:       2048 kB
DirectMap4k:     2204736 kB
DirectMap2M:     1570816 kB
DirectMap1G:           0 kB


CPU:total 2 (2 cores per cpu, 1 threads per core) family 20 model 2 stepping 0, cmov, cx8, fxsr, mmx, sse, sse2, sse3, ssse3, popcnt, mmxext, lzcnt, sse4a, tsc, tscinvbit, tscinv

/proc/cpuinfo:
processor	: 0
vendor_id	: AuthenticAMD
cpu family	: 20
model		: 2
model name	: AMD E-450 APU with Radeon(tm) HD Graphics
stepping	: 0
microcode	: 0x5000119
cpu MHz		: 1650.000
cache size	: 512 KB
physical id	: 0
siblings	: 2
core id		: 0
cpu cores	: 2
apicid		: 0
initial apicid	: 0
fpu		: yes
fpu_exception	: yes
cpuid level	: 6
wp		: yes
flags		: fpu vme de pse tsc msr pae mce cx8 apic sep mtrr pge mca cmov pat pse36 clflush mmx fxsr sse sse2 ht syscall nx mmxext fxsr_opt pdpe1gb rdtscp lm constant_tsc rep_good nopl nonstop_tsc extd_apicid aperfmperf pni monitor ssse3 cx16 popcnt lahf_lm cmp_legacy svm extapic cr8_legacy abm sse4a misalignsse 3dnowprefetch ibs skinit wdt arat hw_pstate npt lbrv svm_lock nrip_save pausefilter vmmcall
bugs		: fxsave_leak
bogomips	: 3292.91
TLB size	: 1024 4K pages
clflush size	: 64
cache_alignment	: 64
address sizes	: 36 bits physical, 48 bits virtual
power management: ts ttp tm stc 100mhzsteps hwpstate

processor	: 1
vendor_id	: AuthenticAMD
cpu family	: 20
model		: 2
model name	: AMD E-450 APU with Radeon(tm) HD Graphics
stepping	: 0
microcode	: 0x5000119
cpu MHz		: 1650.000
cache size	: 512 KB
physical id	: 0
siblings	: 2
core id		: 1
cpu cores	: 2
apicid		: 1
initial apicid	: 1
fpu		: yes
fpu_exception	: yes
cpuid level	: 6
wp		: yes
flags		: fpu vme de pse tsc msr pae mce cx8 apic sep mtrr pge mca cmov pat pse36 clflush mmx fxsr sse sse2 ht syscall nx mmxext fxsr_opt pdpe1gb rdtscp lm constant_tsc rep_good nopl nonstop_tsc extd_apicid aperfmperf pni monitor ssse3 cx16 popcnt lahf_lm cmp_legacy svm extapic cr8_legacy abm sse4a misalignsse 3dnowprefetch ibs skinit wdt arat hw_pstate npt lbrv svm_lock nrip_save pausefilter vmmcall
bugs		: fxsave_leak
bogomips	: 3292.91
TLB size	: 1024 4K pages
clflush size	: 64
cache_alignment	: 64
address sizes	: 36 bits physical, 48 bits virtual
power management: ts ttp tm stc 100mhzsteps hwpstate



Memory: 4k page, physical 3633940k(140256k free), swap 0k(0k free)

vm_info: OpenJDK 64-Bit Server VM (24.79-b02) for linux-amd64 JRE (1.7.0_79-b14), built on Apr 15 2015 12:42:59 by "builduser" with gcc 4.9.2 20150304 (prerelease)

time: Mon Apr 27 15:19:16 2015
elapsed time: 15 seconds

