#
# There is insufficient memory for the Java Runtime Environment to continue.
# Native memory allocation (malloc) failed to allocate 120586240 bytes for committing reserved memory.
# Possible reasons:
#   The system is out of physical RAM or swap space
#   In 32 bit mode, the process size limit was hit
# Possible solutions:
#   Reduce memory load on the system
#   Increase physical memory or swap space
#   Check if swap backing store is full
#   Use 64 bit Java on a 64 bit OS
#   Decrease Java heap size (-Xmx/-Xms)
#   Decrease number of Java threads
#   Decrease Java thread stack sizes (-Xss)
#   Set larger code cache with -XX:ReservedCodeCacheSize=
# This output file may be truncated or incomplete.
#
#  Out of Memory Error (os_linux.cpp:2809), pid=4746, tid=140313256810240
#
# JRE version: OpenJDK Runtime Environment (7.0_79-b14) (build 1.7.0_79-b14)
# Java VM: OpenJDK 64-Bit Server VM (24.79-b02 mixed mode linux-amd64 compressed oops)
# Derivative: IcedTea 2.5.5
# Distribution: Custom build (Wed Apr 15 12:39:15 UTC 2015)
# Failed to write core dump. Core dumps have been disabled. To enable core dumping, try "ulimit -c unlimited" before starting Java again
#

---------------  T H R E A D  ---------------

Current thread (0x00007f9d4006f800):  VMThread [stack: 0x00007f9d39c45000,0x00007f9d39d46000] [id=4751]

Stack: [0x00007f9d39c45000,0x00007f9d39d46000],  sp=0x00007f9d39d444e0,  free space=1021k
Native frames: (J=compiled Java code, j=interpreted, Vv=VM code, C=native code)
V  [libjvm.so+0x9888a6]
V  [libjvm.so+0x48eff2]
V  [libjvm.so+0x7fbf2b]
V  [libjvm.so+0x7f667e]
V  [libjvm.so+0x868ecb]
V  [libjvm.so+0x869d73]
V  [libjvm.so+0x86a48b]
V  [libjvm.so+0x865e99]
V  [libjvm.so+0x866678]
V  [libjvm.so+0x81e443]
V  [libjvm.so+0x98a172]
V  [libjvm.so+0x98ea07]
V  [libjvm.so+0x98cfeb]
V  [libjvm.so+0x98d696]
V  [libjvm.so+0x98db61]
V  [libjvm.so+0x7f8e72]

VM_Operation (0x00007f9d134c8aa0): ParallelGCFailedAllocation, mode: safepoint, requested by thread 0x00007f9d0000c800


---------------  P R O C E S S  ---------------

Java Threads: ( => current thread )
  0x0000000001a30000 JavaThread "process reaper" daemon [_thread_blocked, id=4773, stack(0x00007f9d13030000,0x00007f9d13069000)]
  0x0000000001995000 JavaThread "File lock request listener" [_thread_in_native, id=4771, stack(0x00007f9d13160000,0x00007f9d13261000)]
  0x0000000001790800 JavaThread "Stdin handler" [_thread_blocked, id=4769, stack(0x00007f9d132cc000,0x00007f9d133cd000)]
  0x00007f9d0000c800 JavaThread "Daemon worker" [_thread_blocked, id=4766, stack(0x00007f9d133cd000,0x00007f9d134ce000)]
  0x00007f9d00008000 JavaThread "Cancel handler" [_thread_blocked, id=4765, stack(0x00007f9d134ce000,0x00007f9d135cf000)]
  0x00007f9d00005800 JavaThread "Handler for socket connection from /127.0.0.1:37827 to /127.0.0.1:53232" [_thread_in_native, id=4764, stack(0x00007f9d135cf000,0x00007f9d136d0000)]
  0x00007f9d08029800 JavaThread "Daemon" [_thread_blocked, id=4763, stack(0x00007f9d136d0000,0x00007f9d137d1000)]
  0x00007f9d409f8800 JavaThread "Incoming local TCP Connector on port 37827" [_thread_in_native, id=4762, stack(0x00007f9d137d1000,0x00007f9d138d2000)]
  0x00007f9d400a8800 JavaThread "Service Thread" daemon [_thread_blocked, id=4757, stack(0x00007f9d394b6000,0x00007f9d395b7000)]
  0x00007f9d400a6800 JavaThread "C2 CompilerThread1" daemon [_thread_blocked, id=4756, stack(0x00007f9d395b7000,0x00007f9d396b8000)]
  0x00007f9d400a3800 JavaThread "C2 CompilerThread0" daemon [_thread_blocked, id=4755, stack(0x00007f9d396b8000,0x00007f9d397b9000)]
  0x00007f9d400a1000 JavaThread "Signal Dispatcher" daemon [_thread_blocked, id=4754, stack(0x00007f9d397b9000,0x00007f9d398ba000)]
  0x00007f9d40076000 JavaThread "Finalizer" daemon [_thread_blocked, id=4753, stack(0x00007f9d39a43000,0x00007f9d39b44000)]
  0x00007f9d40074000 JavaThread "Reference Handler" daemon [_thread_blocked, id=4752, stack(0x00007f9d39b44000,0x00007f9d39c45000)]
  0x00007f9d40009000 JavaThread "main" [_thread_blocked, id=4748, stack(0x00007f9d4789e000,0x00007f9d4799f000)]

Other Threads:
=>0x00007f9d4006f800 VMThread [stack: 0x00007f9d39c45000,0x00007f9d39d46000] [id=4751]
  0x00007f9d400ab800 WatcherThread [stack: 0x00007f9d393b5000,0x00007f9d394b6000] [id=4758]

VM state:at safepoint (normal execution)

VM Mutex/Monitor currently owned by a thread:  ([mutex/lock_event])
[0x00007f9d40006860] Threads_lock - owner thread: 0x00007f9d4006f800
[0x00007f9d40006d60] Heap_lock - owner thread: 0x00007f9d0000c800

Heap
 PSYoungGen      total 127488K, used 2592K [0x00000000eaa80000, 0x00000000f2f80000, 0x0000000100000000)
  eden space 118784K, 0% used [0x00000000eaa80000,0x00000000eaa80000,0x00000000f1e80000)
  from space 8704K, 29% used [0x00000000f1e80000,0x00000000f2108020,0x00000000f2700000)
  to   space 8704K, 0% used [0x00000000f2700000,0x00000000f2700000,0x00000000f2f80000)
 ParOldGen       total 37888K, used 13693K [0x00000000c0000000, 0x00000000c2500000, 0x00000000eaa80000)
  object space 37888K, 36% used [0x00000000c0000000,0x00000000c0d5f628,0x00000000c2500000)
 PSPermGen       total 21504K, used 21062K [0x00000000b0000000, 0x00000000b1500000, 0x00000000c0000000)
  object space 21504K, 97% used [0x00000000b0000000,0x00000000b1491b50,0x00000000b1500000)

Card table byte_map: [0x00007f9d44887000,0x00007f9d44b08000] byte_map_base: 0x00007f9d44307000

Polling page: 0x00007f9d479d3000

Code Cache  [0x00007f9d3d000000, 0x00007f9d3d270000, 0x00007f9d40000000)
 total_blobs=588 nmethods=277 adapters=265 free_code_cache=48167Kb largest_free_block=49256192

Compilation events (10 events):
Event: 20.707 Thread 0x00007f9d400a3800  296             java.util.HashMap::<init> (9 bytes)
Event: 20.718 Thread 0x00007f9d400a3800 nmethod 296 0x00007f9d3d0f9350 code [0x00007f9d3d0f94a0, 0x00007f9d3d0f95f8]
Event: 21.753 Thread 0x00007f9d400a6800  297             org.codehaus.groovy.ast.ClassNode$MapOfLists::<init> (5 bytes)
Event: 21.753 Thread 0x00007f9d400a3800  298             org.codehaus.groovy.ast.ClassNode$MapOfLists::<init> (16 bytes)
Event: 21.785 Thread 0x00007f9d400a3800 nmethod 298 0x00007f9d3d0a53d0 code [0x00007f9d3d0a5520, 0x00007f9d3d0a5638]
Event: 21.793 Thread 0x00007f9d400a6800 nmethod 297 0x00007f9d3d0a5090 code [0x00007f9d3d0a51e0, 0x00007f9d3d0a52f8]
Event: 22.022 Thread 0x00007f9d400a6800  300             java.util.concurrent.atomic.AtomicReferenceArray::byteOffset (12 bytes)
Event: 22.022 Thread 0x00007f9d400a3800  299             java.util.concurrent.atomic.AtomicReferenceArray::checkedByteOffset (45 bytes)
Event: 22.228 Thread 0x00007f9d400a6800 nmethod 300 0x00007f9d3d0b23d0 code [0x00007f9d3d0b2500, 0x00007f9d3d0b2558]
Event: 22.235 Thread 0x00007f9d400a3800 nmethod 299 0x00007f9d3d0fcd90 code [0x00007f9d3d0fcee0, 0x00007f9d3d0fcf78]

GC Heap History (10 events):
Event: 3.609 GC heap after
Heap after GC invocations=2 (full 0):
 PSYoungGen      total 31744K, used 2016K [0x00000000eaa80000, 0x00000000ecb80000, 0x0000000100000000)
  eden space 29696K, 0% used [0x00000000eaa80000,0x00000000eaa80000,0x00000000ec780000)
  from space 2048K, 98% used [0x00000000ec980000,0x00000000ecb78248,0x00000000ecb80000)
  to   space 2048K, 0% used [0x00000000ec780000,0x00000000ec780000,0x00000000ec980000)
 ParOldGen       total 37888K, used 984K [0x00000000c0000000, 0x00000000c2500000, 0x00000000eaa80000)
  object space 37888K, 2% used [0x00000000c0000000,0x00000000c00f6160,0x00000000c2500000)
 PSPermGen       total 21504K, used 7028K [0x00000000b0000000, 0x00000000b1500000, 0x00000000c0000000)
  object space 21504K, 32% used [0x00000000b0000000,0x00000000b06dd110,0x00000000b1500000)
}
Event: 6.483 GC heap before
{Heap before GC invocations=3 (full 0):
 PSYoungGen      total 31744K, used 31712K [0x00000000eaa80000, 0x00000000ecb80000, 0x0000000100000000)
  eden space 29696K, 100% used [0x00000000eaa80000,0x00000000ec780000,0x00000000ec780000)
  from space 2048K, 98% used [0x00000000ec980000,0x00000000ecb78248,0x00000000ecb80000)
  to   space 2048K, 0% used [0x00000000ec780000,0x00000000ec780000,0x00000000ec980000)
 ParOldGen       total 37888K, used 984K [0x00000000c0000000, 0x00000000c2500000, 0x00000000eaa80000)
  object space 37888K, 2% used [0x00000000c0000000,0x00000000c00f6160,0x00000000c2500000)
 PSPermGen       total 21504K, used 12309K [0x00000000b0000000, 0x00000000b1500000, 0x00000000c0000000)
  object space 21504K, 57% used [0x00000000b0000000,0x00000000b0c057a8,0x00000000b1500000)
Event: 6.531 GC heap after
Heap after GC invocations=3 (full 0):
 PSYoungGen      total 31744K, used 2048K [0x00000000eaa80000, 0x00000000ee880000, 0x0000000100000000)
  eden space 29696K, 0% used [0x00000000eaa80000,0x00000000eaa80000,0x00000000ec780000)
  from space 2048K, 100% used [0x00000000ec780000,0x00000000ec980000,0x00000000ec980000)
  to   space 2048K, 0% used [0x00000000ee680000,0x00000000ee680000,0x00000000ee880000)
 ParOldGen       total 37888K, used 5208K [0x00000000c0000000, 0x00000000c2500000, 0x00000000eaa80000)
  object space 37888K, 13% used [0x00000000c0000000,0x00000000c0516348,0x00000000c2500000)
 PSPermGen       total 21504K, used 12309K [0x00000000b0000000, 0x00000000b1500000, 0x00000000c0000000)
  object space 21504K, 57% used [0x00000000b0000000,0x00000000b0c057a8,0x00000000b1500000)
}
Event: 10.056 GC heap before
{Heap before GC invocations=4 (full 0):
 PSYoungGen      total 31744K, used 31744K [0x00000000eaa80000, 0x00000000ee880000, 0x0000000100000000)
  eden space 29696K, 100% used [0x00000000eaa80000,0x00000000ec780000,0x00000000ec780000)
  from space 2048K, 100% used [0x00000000ec780000,0x00000000ec980000,0x00000000ec980000)
  to   space 2048K, 0% used [0x00000000ee680000,0x00000000ee680000,0x00000000ee880000)
 ParOldGen       total 37888K, used 5208K [0x00000000c0000000, 0x00000000c2500000, 0x00000000eaa80000)
  object space 37888K, 13% used [0x00000000c0000000,0x00000000c0516348,0x00000000c2500000)
 PSPermGen       total 21504K, used 17871K [0x00000000b0000000, 0x00000000b1500000, 0x00000000c0000000)
  object space 21504K, 83% used [0x00000000b0000000,0x00000000b1173c80,0x00000000b1500000)
Event: 10.133 GC heap after
Heap after GC invocations=4 (full 0):
 PSYoungGen      total 61440K, used 2048K [0x00000000eaa80000, 0x00000000ee880000, 0x0000000100000000)
  eden space 59392K, 0% used [0x00000000eaa80000,0x00000000eaa80000,0x00000000ee480000)
  from space 2048K, 100% used [0x00000000ee680000,0x00000000ee880000,0x00000000ee880000)
  to   space 2048K, 0% used [0x00000000ee480000,0x00000000ee480000,0x00000000ee680000)
 ParOldGen       total 37888K, used 9675K [0x00000000c0000000, 0x00000000c2500000, 0x00000000eaa80000)
  object space 37888K, 25% used [0x00000000c0000000,0x00000000c0972da0,0x00000000c2500000)
 PSPermGen       total 21504K, used 17871K [0x00000000b0000000, 0x00000000b1500000, 0x00000000c0000000)
  object space 21504K, 83% used [0x00000000b0000000,0x00000000b1173c80,0x00000000b1500000)
}
Event: 16.525 GC heap before
{Heap before GC invocations=5 (full 0):
 PSYoungGen      total 61440K, used 61440K [0x00000000eaa80000, 0x00000000ee880000, 0x0000000100000000)
  eden space 59392K, 100% used [0x00000000eaa80000,0x00000000ee480000,0x00000000ee480000)
  from space 2048K, 100% used [0x00000000ee680000,0x00000000ee880000,0x00000000ee880000)
  to   space 2048K, 0% used [0x00000000ee480000,0x00000000ee480000,0x00000000ee680000)
 ParOldGen       total 37888K, used 9675K [0x00000000c0000000, 0x00000000c2500000, 0x00000000eaa80000)
  object space 37888K, 25% used [0x00000000c0000000,0x00000000c0972da0,0x00000000c2500000)
 PSPermGen       total 21504K, used 21027K [0x00000000b0000000, 0x00000000b1500000, 0x00000000c0000000)
  object space 21504K, 97% used [0x00000000b0000000,0x00000000b1488c48,0x00000000b1500000)
Event: 16.650 GC heap after
Heap after GC invocations=5 (full 0):
 PSYoungGen      total 61440K, used 2048K [0x00000000eaa80000, 0x00000000f2f80000, 0x0000000100000000)
  eden space 59392K, 0% used [0x00000000eaa80000,0x00000000eaa80000,0x00000000ee480000)
  from space 2048K, 100% used [0x00000000ee480000,0x00000000ee680000,0x00000000ee680000)
  to   space 8704K, 0% used [0x00000000f2700000,0x00000000f2700000,0x00000000f2f80000)
 ParOldGen       total 37888K, used 13318K [0x00000000c0000000, 0x00000000c2500000, 0x00000000eaa80000)
  object space 37888K, 35% used [0x00000000c0000000,0x00000000c0d01b18,0x00000000c2500000)
 PSPermGen       total 21504K, used 21027K [0x00000000b0000000, 0x00000000b1500000, 0x00000000c0000000)
  object space 21504K, 97% used [0x00000000b0000000,0x00000000b1488c48,0x00000000b1500000)
}
Event: 18.323 GC heap before
{Heap before GC invocations=6 (full 0):
 PSYoungGen      total 61440K, used 61440K [0x00000000eaa80000, 0x00000000f2f80000, 0x0000000100000000)
  eden space 59392K, 100% used [0x00000000eaa80000,0x00000000ee480000,0x00000000ee480000)
  from space 2048K, 100% used [0x00000000ee480000,0x00000000ee680000,0x00000000ee680000)
  to   space 8704K, 0% used [0x00000000f2700000,0x00000000f2700000,0x00000000f2f80000)
 ParOldGen       total 37888K, used 13318K [0x00000000c0000000, 0x00000000c2500000, 0x00000000eaa80000)
  object space 37888K, 35% used [0x00000000c0000000,0x00000000c0d01b18,0x00000000c2500000)
 PSPermGen       total 21504K, used 21040K [0x00000000b0000000, 0x00000000b1500000, 0x00000000c0000000)
  object space 21504K, 97% used [0x00000000b0000000,0x00000000b148c028,0x00000000b1500000)
Event: 18.375 GC heap after
Heap after GC invocations=6 (full 0):
 PSYoungGen      total 127488K, used 2400K [0x00000000eaa80000, 0x00000000f2f80000, 0x0000000100000000)
  eden space 118784K, 0% used [0x00000000eaa80000,0x00000000eaa80000,0x00000000f1e80000)
  from space 8704K, 27% used [0x00000000f2700000,0x00000000f2958000,0x00000000f2f80000)
  to   space 8704K, 0% used [0x00000000f1e80000,0x00000000f1e80000,0x00000000f2700000)
 ParOldGen       total 37888K, used 13318K [0x00000000c0000000, 0x00000000c2500000, 0x00000000eaa80000)
  object space 37888K, 35% used [0x00000000c0000000,0x00000000c0d01b18,0x00000000c2500000)
 PSPermGen       total 21504K, used 21040K [0x00000000b0000000, 0x00000000b1500000, 0x00000000c0000000)
  object space 21504K, 97% used [0x00000000b0000000,0x00000000b148c028,0x00000000b1500000)
}
Event: 22.829 GC heap before
{Heap before GC invocations=7 (full 0):
 PSYoungGen      total 127488K, used 121184K [0x00000000eaa80000, 0x00000000f2f80000, 0x0000000100000000)
  eden space 118784K, 100% used [0x00000000eaa80000,0x00000000f1e80000,0x00000000f1e80000)
  from space 8704K, 27% used [0x00000000f2700000,0x00000000f2958000,0x00000000f2f80000)
  to   space 8704K, 0% used [0x00000000f1e80000,0x00000000f1e80000,0x00000000f2700000)
 ParOldGen       total 37888K, used 13318K [0x00000000c0000000, 0x00000000c2500000, 0x00000000eaa80000)
  object space 37888K, 35% used [0x00000000c0000000,0x00000000c0d01b18,0x00000000c2500000)
 PSPermGen       total 21504K, used 21062K [0x00000000b0000000, 0x00000000b1500000, 0x00000000c0000000)
  object space 21504K, 97% used [0x00000000b0000000,0x00000000b1491b50,0x00000000b1500000)

Deoptimization events (10 events):
Event: 11.280 Thread 0x00007f9d0000c800 Uncommon trap: reason=unreached action=reinterpret pc=0x00007f9d3d076f34 method=java.lang.AbstractStringBuilder.append(Ljava/lang/String;)Ljava/lang/AbstractStringBuilder; @ 1
Event: 13.355 Thread 0x00007f9d0000c800 Uncommon trap: reason=unreached action=reinterpret pc=0x00007f9d3d0b2700 method=java.lang.reflect.Method.equals(Ljava/lang/Object;)Z @ 49
Event: 13.360 Thread 0x00007f9d0000c800 Uncommon trap: reason=unreached action=reinterpret pc=0x00007f9d3d0a627c method=java.lang.reflect.Method.equals(Ljava/lang/Object;)Z @ 49
Event: 18.825 Thread 0x00007f9d0000c800 Uncommon trap: reason=unreached action=reinterpret pc=0x00007f9d3d0e5ccc method=org.codehaus.groovy.ast.ClassNode.redirect()Lorg/codehaus/groovy/ast/ClassNode; @ 4
Event: 18.839 Thread 0x00007f9d0000c800 Uncommon trap: reason=unreached action=reinterpret pc=0x00007f9d3d0761cc method=org.codehaus.groovy.ast.ClassNode.redirect()Lorg/codehaus/groovy/ast/ClassNode; @ 4
Event: 22.651 Thread 0x00007f9d0000c800 Uncommon trap: reason=bimorphic action=maybe_recompile pc=0x00007f9d3d102b7c method=org.codehaus.groovy.control.ResolveVisitor.resolveNestedClass(Lorg/codehaus/groovy/ast/ClassNode;)Z @ 113
Event: 22.661 Thread 0x00007f9d0000c800 Uncommon trap: reason=bimorphic action=maybe_recompile pc=0x00007f9d3d102b7c method=org.codehaus.groovy.control.ResolveVisitor.resolveNestedClass(Lorg/codehaus/groovy/ast/ClassNode;)Z @ 113
Event: 22.662 Thread 0x00007f9d0000c800 Uncommon trap: reason=bimorphic action=maybe_recompile pc=0x00007f9d3d102b7c method=org.codehaus.groovy.control.ResolveVisitor.resolveNestedClass(Lorg/codehaus/groovy/ast/ClassNode;)Z @ 113
Event: 22.665 Thread 0x00007f9d0000c800 Uncommon trap: reason=unreached action=reinterpret pc=0x00007f9d3d101fd0 method=org.codehaus.groovy.ast.ClassNode.getCompileUnit()Lorg/codehaus/groovy/ast/CompileUnit; @ 26
Event: 22.680 Thread 0x00007f9d0000c800 Uncommon trap: reason=unreached action=reinterpret pc=0x00007f9d3d0f8960 method=org.codehaus.groovy.ast.ClassNode.redirect()Lorg/codehaus/groovy/ast/ClassNode; @ 4

Internal exceptions (10 events):
Event: 22.797 Thread 0x00007f9d0000c800 Threw 0x00000000f1e49830 at /build/java7-openjdk/src/icedtea-2.5.5/openjdk/hotspot/src/share/vm/prims/jvm.cpp:1284
Event: 22.797 Thread 0x00007f9d0000c800 Threw 0x00000000f1e4dbd0 at /build/java7-openjdk/src/icedtea-2.5.5/openjdk/hotspot/src/share/vm/prims/jvm.cpp:1284
Event: 22.797 Thread 0x00007f9d0000c800 Threw 0x00000000f1e56938 at /build/java7-openjdk/src/icedtea-2.5.5/openjdk/hotspot/src/share/vm/prims/jvm.cpp:1284
Event: 22.798 Thread 0x00007f9d0000c800 Threw 0x00000000f1e57720 at /build/java7-openjdk/src/icedtea-2.5.5/openjdk/hotspot/src/share/vm/prims/jvm.cpp:1284
Event: 22.799 Thread 0x00007f9d0000c800 Threw 0x00000000f1e65f08 at /build/java7-openjdk/src/icedtea-2.5.5/openjdk/hotspot/src/share/vm/prims/jvm.cpp:1284
Event: 22.799 Thread 0x00007f9d0000c800 Threw 0x00000000f1e66ab0 at /build/java7-openjdk/src/icedtea-2.5.5/openjdk/hotspot/src/share/vm/prims/jvm.cpp:1284
Event: 22.799 Thread 0x00007f9d0000c800 Threw 0x00000000f1e674c0 at /build/java7-openjdk/src/icedtea-2.5.5/openjdk/hotspot/src/share/vm/prims/jvm.cpp:1284
Event: 22.799 Thread 0x00007f9d0000c800 Threw 0x00000000f1e6bd18 at /build/java7-openjdk/src/icedtea-2.5.5/openjdk/hotspot/src/share/vm/prims/jvm.cpp:1284
Event: 22.799 Thread 0x00007f9d0000c800 Threw 0x00000000f1e754e8 at /build/java7-openjdk/src/icedtea-2.5.5/openjdk/hotspot/src/share/vm/prims/jvm.cpp:1284
Event: 22.803 Thread 0x00007f9d0000c800 Threw 0x00000000f1e762e8 at /build/java7-openjdk/src/icedtea-2.5.5/openjdk/hotspot/src/share/vm/prims/jvm.cpp:1284

Events (10 events):
Event: 22.787 loading class 0x0000000001b47380 done
Event: 22.796 loading class 0x0000000001b473d0
Event: 22.796 loading class 0x0000000001b473d0 done
Event: 22.797 loading class 0x0000000001b473d0
Event: 22.797 loading class 0x0000000001b473d0 done
Event: 22.799 loading class 0x0000000001b47410
Event: 22.799 loading class 0x0000000001b47410 done
Event: 22.799 loading class 0x0000000001b47410
Event: 22.799 loading class 0x0000000001b47410 done
Event: 22.806 Executing VM operation: ParallelGCFailedAllocation


Dynamic libraries:
00400000-00401000 r-xp 00000000 08:01 2366745                            /usr/lib/jvm/java-7-openjdk/jre/bin/java
00600000-00601000 rw-p 00000000 08:01 2366745                            /usr/lib/jvm/java-7-openjdk/jre/bin/java
01756000-01b7a000 rw-p 00000000 00:00 0                                  [heap]
b0000000-b1500000 rw-p 00000000 00:00 0 
b1500000-c0000000 rw-p 00000000 00:00 0 
c0000000-c2500000 rw-p 00000000 00:00 0 
c2500000-eaa80000 rw-p 00000000 00:00 0 
eaa80000-f2f80000 rw-p 00000000 00:00 0 
fa280000-100000000 rw-p 00000000 00:00 0 
7f9cf8000000-7f9cf8021000 rw-p 00000000 00:00 0 
7f9cf8021000-7f9cfc000000 ---p 00000000 00:00 0 
7f9d00000000-7f9d00021000 rw-p 00000000 00:00 0 
7f9d00021000-7f9d04000000 ---p 00000000 00:00 0 
7f9d04000000-7f9d04021000 rw-p 00000000 00:00 0 
7f9d04021000-7f9d08000000 ---p 00000000 00:00 0 
7f9d08000000-7f9d0802e000 rw-p 00000000 00:00 0 
7f9d0802e000-7f9d0c000000 ---p 00000000 00:00 0 
7f9d0c000000-7f9d0c021000 rw-p 00000000 00:00 0 
7f9d0c021000-7f9d10000000 ---p 00000000 00:00 0 
7f9d1302f000-7f9d13030000 rw-p 00000000 00:00 0 
7f9d13030000-7f9d13033000 ---p 00000000 00:00 0 
7f9d13033000-7f9d13069000 rw-p 00000000 00:00 0                          [stack:4773]
7f9d13069000-7f9d1306a000 r--p 00000000 00:00 0 
7f9d1306a000-7f9d1306b000 r--s 00000000 08:01 4198872                    /home/effi/.gradle/caches/jars-1/dg22azhabc6tsc1i8xni15giz1bnssh/gradle-appengine-builder-model-0.1.0.jar
7f9d1306b000-7f9d1306d000 r--s 00004000 08:01 4198874                    /home/effi/.gradle/caches/jars-1/qtven7mi8z3hsfxxq8clnrju24s99pt/builder-model-1.1.0-rc1.jar
7f9d1306d000-7f9d13127000 r--s 00fb6000 08:01 4198870                    /home/effi/.gradle/caches/jars-1/4ubxvm6cvkptn01nmlhp3vxjv7388k/openapi.jar
7f9d13127000-7f9d13129000 r--s 00005000 08:01 4198868                    /home/effi/.gradle/caches/jars-1/bhwj5r0qcaq4pqpfen2765w10ydne55/gradle-tooling-extension-api.jar
7f9d13129000-7f9d1312f000 r--s 00026000 08:01 4198866                    /home/effi/.gradle/caches/jars-1/qlb402qqdb9mu9614i3hr843cfch7zw/gradle-base-services-2.2.jar
7f9d1312f000-7f9d13157000 r--s 001cf000 08:01 4198864                    /home/effi/.gradle/caches/jars-1/87eo0lrvp84r6dbxjq018wy66es2era/guava-jdk5-17.0.jar
7f9d13157000-7f9d13160000 r--s 0002c000 08:01 4198862                    /home/effi/.gradle/caches/jars-1/ltkluv74baem3ersp41z8rutm6he5v5/gradle-tooling-api-2.2.jar
7f9d13160000-7f9d13163000 ---p 00000000 00:00 0 
7f9d13163000-7f9d13261000 rw-p 00000000 00:00 0                          [stack:4771]
7f9d13261000-7f9d132cc000 r--s 0069e000 08:01 2496337                    /usr/lib/jvm/java-7-openjdk/lib/tools.jar
7f9d132cc000-7f9d132cf000 ---p 00000000 00:00 0 
7f9d132cf000-7f9d133cd000 rw-p 00000000 00:00 0                          [stack:4769]
7f9d133cd000-7f9d133d0000 ---p 00000000 00:00 0 
7f9d133d0000-7f9d134ce000 rw-p 00000000 00:00 0                          [stack:4766]
7f9d134ce000-7f9d134d1000 ---p 00000000 00:00 0 
7f9d134d1000-7f9d135cf000 rw-p 00000000 00:00 0                          [stack:4765]
7f9d135cf000-7f9d135d2000 ---p 00000000 00:00 0 
7f9d135d2000-7f9d136d0000 rw-p 00000000 00:00 0                          [stack:4764]
7f9d136d0000-7f9d136d3000 ---p 00000000 00:00 0 
7f9d136d3000-7f9d137d1000 rw-p 00000000 00:00 0                          [stack:4763]
7f9d137d1000-7f9d137d4000 ---p 00000000 00:00 0 
7f9d137d4000-7f9d138d2000 rw-p 00000000 00:00 0                          [stack:4762]
7f9d138d2000-7f9d138d6000 r-xp 00000000 00:20 158087                     /tmp/native-platform8218258506031075912dir/libnative-platform.so
7f9d138d6000-7f9d13ad5000 ---p 00004000 00:20 158087                     /tmp/native-platform8218258506031075912dir/libnative-platform.so
7f9d13ad5000-7f9d13ad6000 rw-p 00003000 00:20 158087                     /tmp/native-platform8218258506031075912dir/libnative-platform.so
7f9d13ad6000-7f9d13adb000 r--s 0004d000 08:01 2366537                    /usr/lib/jvm/java-7-openjdk/jre/lib/jsse.jar
7f9d13adb000-7f9d13add000 r--s 00002000 08:01 5115472                    /home/effi/.gradle/wrapper/dists/gradle-2.2-bin/ca0flae0itb57he40lyj6fhpp/gradle-2.2/lib/plugins/gradle-cunit-2.2.jar
7f9d13add000-7f9d13ae2000 r--s 00036000 08:01 5115471                    /home/effi/.gradle/wrapper/dists/gradle-2.2-bin/ca0flae0itb57he40lyj6fhpp/gradle-2.2/lib/plugins/gradle-ide-native-2.2.jar
7f9d13ae2000-7f9d13ae7000 r--s 00013000 08:01 5115470                    /home/effi/.gradle/wrapper/dists/gradle-2.2-bin/ca0flae0itb57he40lyj6fhpp/gradle-2.2/lib/plugins/gradle-language-native-2.2.jar
7f9d13ae7000-7f9d13af2000 r--s 0004d000 08:01 5115469                    /home/effi/.gradle/wrapper/dists/gradle-2.2-bin/ca0flae0itb57he40lyj6fhpp/gradle-2.2/lib/plugins/gradle-platform-native-2.2.jar
7f9d13af2000-7f9d13af7000 r--s 00022000 08:01 5115467                    /home/effi/.gradle/wrapper/dists/gradle-2.2-bin/ca0flae0itb57he40lyj6fhpp/gradle-2.2/lib/plugins/gradle-language-java-2.2.jar
7f9d13af7000-7f9d13afb000 r--s 0001e000 08:01 5115449                    /home/effi/.gradle/wrapper/dists/gradle-2.2-bin/ca0flae0itb57he40lyj6fhpp/gradle-2.2/lib/plugins/gradle-maven-2.2.jar
7f9d13afb000-7f9d13afc000 r--s 00001000 08:01 5115473                    /home/effi/.gradle/wrapper/dists/gradle-2.2-bin/ca0flae0itb57he40lyj6fhpp/gradle-2.2/lib/plugins/gradle-plugin-development-2.2.jar
7f9d13afc000-7f9d13afe000 r--s 00008000 08:01 5115468                    /home/effi/.gradle/wrapper/dists/gradle-2.2-bin/ca0flae0itb57he40lyj6fhpp/gradle-2.2/lib/plugins/gradle-language-groovy-2.2.jar
7f9d13afe000-7f9d13b01000 r--s 00007000 08:01 5115466                    /home/effi/.gradle/wrapper/dists/gradle-2.2-bin/ca0flae0itb57he40lyj6fhpp/gradle-2.2/lib/plugins/gradle-language-jvm-2.2.jar
7f9d13b01000-7f9d13b04000 r--s 00009000 08:01 5115465                    /home/effi/.gradle/wrapper/dists/gradle-2.2-bin/ca0flae0itb57he40lyj6fhpp/gradle-2.2/lib/plugins/gradle-platform-jvm-2.2.jar
7f9d13b04000-7f9d13b09000 r--s 00018000 08:01 5115464                    /home/effi/.gradle/wrapper/dists/gradle-2.2-bin/ca0flae0itb57he40lyj6fhpp/gradle-2.2/lib/plugins/gradle-platform-base-2.2.jar
7f9d13b09000-7f9d13b0e000 r--s 00026000 08:01 5115463                    /home/effi/.gradle/wrapper/dists/gradle-2.2-bin/ca0flae0itb57he40lyj6fhpp/gradle-2.2/lib/plugins/gradle-build-init-2.2.jar
7f9d13b0e000-7f9d13b11000 r--s 0001d000 08:01 5115462                    /home/effi/.gradle/wrapper/dists/gradle-2.2-bin/ca0flae0itb57he40lyj6fhpp/gradle-2.2/lib/plugins/gradle-jacoco-2.2.jar
7f9d13b11000-7f9d13b14000 r--s 0000d000 08:01 5115461                    /home/effi/.gradle/wrapper/dists/gradle-2.2-bin/ca0flae0itb57he40lyj6fhpp/gradle-2.2/lib/plugins/gradle-ivy-2.2.jar
7f9d13b14000-7f9d13b16000 r--s 00002000 08:01 5115460                    /home/effi/.gradle/wrapper/dists/gradle-2.2-bin/ca0flae0itb57he40lyj6fhpp/gradle-2.2/lib/plugins/gradle-publish-2.2.jar
7f9d13b16000-7f9d13b18000 r--s 00005000 08:01 5115498                    /home/effi/.gradle/wrapper/dists/gradle-2.2-bin/ca0flae0itb57he40lyj6fhpp/gradle-2.2/lib/plugins/jatl-0.2.2.jar
7f9d13b18000-7f9d13b1a000 r--s 0000f000 08:01 5115459                    /home/effi/.gradle/wrapper/dists/gradle-2.2-bin/ca0flae0itb57he40lyj6fhpp/gradle-2.2/lib/plugins/gradle-reporting-2.2.jar
7f9d13b1a000-7f9d13b1f000 r--s 00034000 08:01 5115458                    /home/effi/.gradle/wrapper/dists/gradle-2.2-bin/ca0flae0itb57he40lyj6fhpp/gradle-2.2/lib/plugins/gradle-diagnostics-2.2.jar
7f9d13b1f000-7f9d13b26000 r--s 00090000 08:01 5115457                    /home/effi/.gradle/wrapper/dists/gradle-2.2-bin/ca0flae0itb57he40lyj6fhpp/gradle-2.2/lib/plugins/gradle-build-comparison-2.2.jar
7f9d13b26000-7f9d13b2d000 r--s 00035000 08:01 5115497                    /home/effi/.gradle/wrapper/dists/gradle-2.2-bin/ca0flae0itb57he40lyj6fhpp/gradle-2.2/lib/plugins/simple-4.1.21.jar
7f9d13b2d000-7f9d13b39000 r--s 00100000 08:01 5115495                    /home/effi/.gradle/wrapper/dists/gradle-2.2-bin/ca0flae0itb57he40lyj6fhpp/gradle-2.2/lib/plugins/rhino-1.7R3.jar
7f9d13b39000-7f9d13b3e000 r--s 0001f000 08:01 5115456                    /home/effi/.gradle/wrapper/dists/gradle-2.2-bin/ca0flae0itb57he40lyj6fhpp/gradle-2.2/lib/plugins/gradle-javascript-2.2.jar
7f9d13b3e000-7f9d13b40000 r--s 0000e000 08:01 5115455                    /home/effi/.gradle/wrapper/dists/gradle-2.2-bin/ca0flae0itb57he40lyj6fhpp/gradle-2.2/lib/plugins/gradle-ear-2.2.jar
7f9d13b40000-7f9d13b44000 r--s 00025000 08:01 5115494                    /home/effi/.gradle/wrapper/dists/gradle-2.2-bin/ca0flae0itb57he40lyj6fhpp/gradle-2.2/lib/plugins/bcpg-jdk15-1.46.jar
7f9d13b44000-7f9d13b47000 r--s 0001d000 08:01 5115454                    /home/effi/.gradle/wrapper/dists/gradle-2.2-bin/ca0flae0itb57he40lyj6fhpp/gradle-2.2/lib/plugins/gradle-signing-2.2.jar
7f9d13b47000-7f9d13b48000 r--s 00002000 08:01 5115493                    /home/effi/.gradle/wrapper/dists/gradle-2.2-bin/ca0flae0itb57he40lyj6fhpp/gradle-2.2/lib/plugins/sonar-batch-bootstrapper-2.9.jar
7f9d13b48000-7f9d13b4b000 r--s 00018000 08:01 5115453                    /home/effi/.gradle/wrapper/dists/gradle-2.2-bin/ca0flae0itb57he40lyj6fhpp/gradle-2.2/lib/plugins/gradle-sonar-2.2.jar
7f9d13b4b000-7f9d13b4e000 r--s 00017000 08:01 5115452                    /home/effi/.gradle/wrapper/dists/gradle-2.2-bin/ca0flae0itb57he40lyj6fhpp/gradle-2.2/lib/plugins/gradle-scala-2.2.jar
7f9d13b4e000-7f9d13b50000 r--s 0000e000 08:01 5115451                    /home/effi/.gradle/wrapper/dists/gradle-2.2-bin/ca0flae0itb57he40lyj6fhpp/gradle-2.2/lib/plugins/gradle-announce-2.2.jar
7f9d13b50000-7f9d13b5e000 r--s 000bc000 08:01 5115450                    /home/effi/.gradle/wrapper/dists/gradle-2.2-bin/ca0flae0itb57he40lyj6fhpp/gradle-2.2/lib/plugins/gradle-ide-2.2.jar
7f9d13b5e000-7f9d13b60000 r--s 00000000 08:01 5115492                    /home/effi/.gradle/wrapper/dists/gradle-2.2-bin/ca0flae0itb57he40lyj6fhpp/gradle-2.2/lib/plugins/plexus-component-annotations-1.5.2.jar
7f9d13b60000-7f9d13b63000 r--s 0000c000 08:01 5115491                    /home/effi/.gradle/wrapper/dists/gradle-2.2-bin/ca0flae0itb57he40lyj6fhpp/gradle-2.2/lib/plugins/pmaven-groovy-0.8-20100325.jar
7f9d13b63000-7f9d13b7b000 r--s 0013b000 08:01 5115488                    /home/effi/.gradle/wrapper/dists/gradle-2.2-bin/ca0flae0itb57he40lyj6fhpp/gradle-2.2/lib/plugins/bndlib-2.1.0.jar
7f9d13b7b000-7f9d13b80000 r--s 00068000 08:01 5115487                    /home/effi/.gradle/wrapper/dists/gradle-2.2-bin/ca0flae0itb57he40lyj6fhpp/gradle-2.2/lib/plugins/antlr-2.7.7.jar
7f9d13b80000-7f9d13b90000 r-xp 00000000 08:01 2366720                    /usr/lib/jvm/java-7-openjdk/jre/lib/amd64/libnio.so
7f9d13b90000-7f9d13d90000 ---p 00010000 08:01 2366720                    /usr/lib/jvm/java-7-openjdk/jre/lib/amd64/libnio.so
7f9d13d90000-7f9d13d91000 rw-p 00010000 08:01 2366720                    /usr/lib/jvm/java-7-openjdk/jre/lib/amd64/libnio.so
7f9d13d91000-7f9d13dff000 r-xp 00000000 08:01 2107921                    /usr/lib/libpcre.so.1.2.4
7f9d13dff000-7f9d13ffe000 ---p 0006e000 08:01 2107921                    /usr/lib/libpcre.so.1.2.4
7f9d13ffe000-7f9d13fff000 r--p 0006d000 08:01 2107921                    /usr/lib/libpcre.so.1.2.4
7f9d13fff000-7f9d14000000 rw-p 0006e000 08:01 2107921                    /usr/lib/libpcre.so.1.2.4
7f9d14000000-7f9d14981000 rw-p 00000000 00:00 0 
7f9d14981000-7f9d18000000 ---p 00000000 00:00 0 
7f9d18000000-7f9d18021000 rw-p 00000000 00:00 0 
7f9d18021000-7f9d1c000000 ---p 00000000 00:00 0 
7f9d1c000000-7f9d1c021000 rw-p 00000000 00:00 0 
7f9d1c021000-7f9d20000000 ---p 00000000 00:00 0 
7f9d20000000-7f9d20535000 rw-p 00000000 00:00 0 
7f9d20535000-7f9d24000000 ---p 00000000 00:00 0 
7f9d24000000-7f9d24021000 rw-p 00000000 00:00 0 
7f9d24021000-7f9d28000000 ---p 00000000 00:00 0 
7f9d28000000-7f9d28021000 rw-p 00000000 00:00 0 
7f9d28021000-7f9d2c000000 ---p 00000000 00:00 0 
7f9d2c000000-7f9d2c021000 rw-p 00000000 00:00 0 
7f9d2c021000-7f9d30000000 ---p 00000000 00:00 0 
7f9d30000000-7f9d30021000 rw-p 00000000 00:00 0 
7f9d30021000-7f9d34000000 ---p 00000000 00:00 0 
7f9d34000000-7f9d3402d000 rw-p 00000000 00:00 0 
7f9d3402d000-7f9d38000000 ---p 00000000 00:00 0 
7f9d38000000-7f9d38001000 r--s 00004000 08:01 5115490                    /home/effi/.gradle/wrapper/dists/gradle-2.2-bin/ca0flae0itb57he40lyj6fhpp/gradle-2.2/lib/plugins/pmaven-common-0.8-20100325.jar
7f9d38001000-7f9d38003000 r--s 00004000 08:01 5115448                    /home/effi/.gradle/wrapper/dists/gradle-2.2-bin/ca0flae0itb57he40lyj6fhpp/gradle-2.2/lib/plugins/gradle-osgi-2.2.jar
7f9d38003000-7f9d38004000 r--s 00002000 08:01 5115486                    /home/effi/.gradle/wrapper/dists/gradle-2.2-bin/ca0flae0itb57he40lyj6fhpp/gradle-2.2/lib/plugins/ant-antlr-1.9.3.jar
7f9d38004000-7f9d38006000 r--s 00004000 08:01 5115447                    /home/effi/.gradle/wrapper/dists/gradle-2.2-bin/ca0flae0itb57he40lyj6fhpp/gradle-2.2/lib/plugins/gradle-antlr-2.2.jar
7f9d38006000-7f9d38009000 r--s 0001e000 08:01 5115509                    /home/effi/.gradle/wrapper/dists/gradle-2.2-bin/ca0flae0itb57he40lyj6fhpp/gradle-2.2/lib/plugins/jsp-api-2.1-6.1.14.jar
7f9d38009000-7f9d3802c000 r--s 00344000 08:01 5115508                    /home/effi/.gradle/wrapper/dists/gradle-2.2-bin/ca0flae0itb57he40lyj6fhpp/gradle-2.2/lib/plugins/core-3.1.1.jar
7f9d3802c000-7f9d3802d000 r--s 00006000 08:01 5115507                    /home/effi/.gradle/wrapper/dists/gradle-2.2-bin/ca0flae0itb57he40lyj6fhpp/gradle-2.2/lib/plugins/jetty-naming-6.1.25.jar
7f9d3802d000-7f9d3802e000 r--s 00002000 08:01 5115485                    /home/effi/.gradle/wrapper/dists/gradle-2.2-bin/ca0flae0itb57he40lyj6fhpp/gradle-2.2/lib/plugins/geronimo-annotation_1.0_spec-1.0.jar
7f9d3802e000-7f9d38030000 r--s 00002000 08:01 5115484                    /home/effi/.gradle/wrapper/dists/gradle-2.2-bin/ca0flae0itb57he40lyj6fhpp/gradle-2.2/lib/plugins/jetty-annotations-6.1.25.jar
7f9d38030000-7f9d38041000 r--s 000ea000 08:01 5115483                    /home/effi/.gradle/wrapper/dists/gradle-2.2-bin/ca0flae0itb57he40lyj6fhpp/gradle-2.2/lib/plugins/jsp-2.1-6.1.14.jar
7f9d38041000-7f9d38043000 r--s 0000d000 08:01 5115482                    /home/effi/.gradle/wrapper/dists/gradle-2.2-bin/ca0flae0itb57he40lyj6fhpp/gradle-2.2/lib/plugins/jetty-plus-6.1.25.jar
7f9d38043000-7f9d38045000 r--s 0001f000 08:01 5115481                    /home/effi/.gradle/wrapper/dists/gradle-2.2-bin/ca0flae0itb57he40lyj6fhpp/gradle-2.2/lib/plugins/servlet-api-2.5-20081211.jar
7f9d38045000-7f9d38049000 r--s 00028000 08:01 5115480                    /home/effi/.gradle/wrapper/dists/gradle-2.2-bin/ca0flae0itb57he40lyj6fhpp/gradle-2.2/lib/plugins/jetty-util-6.1.25.jar
7f9d38049000-7f9d38050000 r--s 0007d000 08:01 5115479                    /home/effi/.gradle/wrapper/dists/gradle-2.2-bin/ca0flae0itb57he40lyj6fhpp/gradle-2.2/lib/plugins/jetty-6.1.25.jar
7f9d38050000-7f9d38052000 r--s 00009000 08:01 5115446                    /home/effi/.gradle/wrapper/dists/gradle-2.2-bin/ca0flae0itb57he40lyj6fhpp/gradle-2.2/lib/plugins/gradle-jetty-2.2.jar
7f9d38052000-7f9d38057000 r--s 00041000 08:01 5115445                    /home/effi/.gradle/wrapper/dists/gradle-2.2-bin/ca0flae0itb57he40lyj6fhpp/gradle-2.2/lib/plugins/gradle-code-quality-2.2.jar
7f9d38057000-7f9d38059000 r--s 00009000 08:01 5115517                    /home/effi/.gradle/wrapper/dists/gradle-2.2-bin/ca0flae0itb57he40lyj6fhpp/gradle-2.2/lib/plugins/hamcrest-core-1.3.jar
7f9d38059000-7f9d3805f000 r--s 00033000 08:01 5115506                    /home/effi/.gradle/wrapper/dists/gradle-2.2-bin/ca0flae0itb57he40lyj6fhpp/gradle-2.2/lib/plugins/snakeyaml-1.6.jar
7f9d3805f000-7f9d38061000 r--s 00006000 08:01 5115505                    /home/effi/.gradle/wrapper/dists/gradle-2.2-bin/ca0flae0itb57he40lyj6fhpp/gradle-2.2/lib/plugins/jcommander-1.12.jar
7f9d38061000-7f9d38066000 r--s 00040000 08:01 5115504                    /home/effi/.gradle/wrapper/dists/gradle-2.2-bin/ca0flae0itb57he40lyj6fhpp/gradle-2.2/lib/plugins/bsh-2.0b4.jar
7f9d38066000-7f9d38068000 r--s 00009000 08:01 5115478                    /home/effi/.gradle/wrapper/dists/gradle-2.2-bin/ca0flae0itb57he40lyj6fhpp/gradle-2.2/lib/plugins/commons-cli-1.2.jar
7f9d38068000-7f9d38071000 r--s 00089000 08:01 5115477                    /home/effi/.gradle/wrapper/dists/gradle-2.2-bin/ca0flae0itb57he40lyj6fhpp/gradle-2.2/lib/plugins/testng-6.3.1.jar
7f9d38071000-7f9d38077000 r--s 00036000 08:01 5115476                    /home/effi/.gradle/wrapper/dists/gradle-2.2-bin/ca0flae0itb57he40lyj6fhpp/gradle-2.2/lib/plugins/junit-4.11.jar
7f9d38077000-7f9d38083000 r--s 00075000 08:01 5115444                    /home/effi/.gradle/wrapper/dists/gradle-2.2-bin/ca0flae0itb57he40lyj6fhpp/gradle-2.2/lib/plugins/gradle-plugins-2.2.jar
7f9d38083000-7f9d38086000 r--s 00011000 08:01 5115474                    /home/effi/.gradle/wrapper/dists/gradle-2.2-bin/ca0flae0itb57he40lyj6fhpp/gradle-2.2/lib/plugins/gradle-plugin-use-2.2.jar
7f9d38086000-7f9d3809e000 r--s 00115000 08:01 5115515                    /home/effi/.gradle/wrapper/dists/gradle-2.2-bin/ca0flae0itb57he40lyj6fhpp/gradle-2.2/lib/plugins/xercesImpl-2.9.1.jar
7f9d3809e000-7f9d380a6000 r--s 00028000 08:01 5115516                    /home/effi/.gradle/wrapper/dists/gradle-2.2-bin/ca0flae0itb57he40lyj6fhpp/gradle-2.2/lib/plugins/xml-apis-1.3.04.jar
7f9d380a6000-7f9d380ac000 r--s 0005b000 08:01 5115514                    /home/effi/.gradle/wrapper/dists/gradle-2.2-bin/ca0flae0itb57he40lyj6fhpp/gradle-2.2/lib/plugins/jcifs-1.3.17.jar
7f9d380ac000-7f9d380b2000 r--s 00031000 08:01 5115513                    /home/effi/.gradle/wrapper/dists/gradle-2.2-bin/ca0flae0itb57he40lyj6fhpp/gradle-2.2/lib/plugins/httpcore-4.2.2.jar
7f9d380b2000-7f9d380b8000 r--s 00033000 08:01 5115512                    /home/effi/.gradle/wrapper/dists/gradle-2.2-bin/ca0flae0itb57he40lyj6fhpp/gradle-2.2/lib/plugins/commons-codec-1.6.jar
7f9d380b8000-7f9d380bb000 r--s 0001c000 08:01 5115511                    /home/effi/.gradle/wrapper/dists/gradle-2.2-bin/ca0flae0itb57he40lyj6fhpp/gradle-2.2/lib/plugins/nekohtml-1.9.14.jar
7f9d380bb000-7f9d380c4000 r--s 00060000 08:01 5115510                    /home/effi/.gradle/wrapper/dists/gradle-2.2-bin/ca0flae0itb57he40lyj6fhpp/gradle-2.2/lib/plugins/httpclient-4.2.2.jar
7f9d380c4000-7f9d380c6000 r--s 00007000 08:01 5115499                    /home/effi/.gradle/wrapper/dists/gradle-2.2-bin/ca0flae0itb57he40lyj6fhpp/gradle-2.2/lib/plugins/gradle-resources-http-2.2.jar
7f9d380c6000-7f9d380ee000 r--s 00194000 08:01 5115503                    /home/effi/.gradle/wrapper/dists/gradle-2.2-bin/ca0flae0itb57he40lyj6fhpp/gradle-2.2/lib/plugins/bcprov-jdk15-1.46.jar
7f9d380ee000-7f9d380f2000 r--s 0001d000 08:01 5115502                    /home/effi/.gradle/wrapper/dists/gradle-2.2-bin/ca0flae0itb57he40lyj6fhpp/gradle-2.2/lib/plugins/xbean-reflect-3.4.jar
7f9d380f2000-7f9d380f7000 r--s 0002a000 08:01 5115496                    /home/effi/.gradle/wrapper/dists/gradle-2.2-bin/ca0flae0itb57he40lyj6fhpp/gradle-2.2/lib/plugins/gson-2.2.4.jar
7f9d380f7000-7f9d380fb000 r--s 0003d000 08:01 5115501                    /home/effi/.gradle/wrapper/dists/gradle-2.2-bin/ca0flae0itb57he40lyj6fhpp/gradle-2.2/lib/plugins/jsch-0.1.51.jar
7f9d380fb000-7f9d38114000 r--s 00129000 08:01 5115489                    /home/effi/.gradle/wrapper/dists/gradle-2.2-bin/ca0flae0itb57he40lyj6fhpp/gradle-2.2/lib/plugins/maven-ant-tasks-2.1.3.jar
7f9d38114000-7f9d38123000 r--s 000d9000 08:01 5115500                    /home/effi/.gradle/wrapper/dists/gradle-2.2-bin/ca0flae0itb57he40lyj6fhpp/gradle-2.2/lib/plugins/ivy-2.2.0.jar
7f9d38123000-7f9d38127000 r--s 0001e000 08:01 5115443                    /home/effi/.gradle/wrapper/dists/gradle-2.2-bin/ca0flae0itb57he40lyj6fhpp/gradle-2.2/lib/plugins/jarjar-aether-impl-1.13.1.jar
7f9d38127000-7f9d3812a000 r--s 00027000 08:01 5115442                    /home/effi/.gradle/wrapper/dists/gradle-2.2-bin/ca0flae0itb57he40lyj6fhpp/gradle-2.2/lib/plugins/jarjar-maven-model-3.0.4.jar
7f9d3812a000-7f9d3812d000 r--s 0000b000 08:01 5115441                    /home/effi/.gradle/wrapper/dists/gradle-2.2-bin/ca0flae0itb57he40lyj6fhpp/gradle-2.2/lib/plugins/jarjar-maven-artifact-3.0.4.jar
7f9d3812d000-7f9d38131000 r--s 0001e000 08:01 5115440                    /home/effi/.gradle/wrapper/dists/gradle-2.2-bin/ca0flae0itb57he40lyj6fhpp/gradle-2.2/lib/plugins/jarjar-aether-util-1.13.1.jar
7f9d38131000-7f9d38133000 r--s 00007000 08:01 5115439                    /home/effi/.gradle/wrapper/dists/gradle-2.2-bin/ca0flae0itb57he40lyj6fhpp/gradle-2.2/lib/plugins/jarjar-wagon-http-shared4-2.4.jar
7f9d38133000-7f9d38140000 r--s 00083000 08:01 5115438                    /home/effi/.gradle/wrapper/dists/gradle-2.2-bin/ca0flae0itb57he40lyj6fhpp/gradle-2.2/lib/plugins/jarjar-maven-core-3.0.4.jar
7f9d38140000-7f9d38142000 r--s 00003000 08:01 5115437                    /home/effi/.gradle/wrapper/dists/gradle-2.2-bin/ca0flae0itb57he40lyj6fhpp/gradle-2.2/lib/plugins/jarjar-aether-spi-1.13.1.jar
7f9d38142000-7f9d38144000 r--s 00009000 08:01 5115436                    /home/effi/.gradle/wrapper/dists/gradle-2.2-bin/ca0flae0itb57he40lyj6fhpp/gradle-2.2/lib/plugins/jarjar-maven-settings-builder-3.0.4.jar
7f9d38144000-7f9d38148000 r--s 00014000 08:01 5115435                    /home/effi/.gradle/wrapper/dists/gradle-2.2-bin/ca0flae0itb57he40lyj6fhpp/gradle-2.2/lib/plugins/jarjar-aether-api-1.13.1.jar
7f9d38148000-7f9d38149000 r--s 00002000 08:01 5115434                    /home/effi/.gradle/wrapper/dists/gradle-2.2-bin/ca0flae0itb57he40lyj6fhpp/gradle-2.2/lib/plugins/jarjar-wagon-http-2.4.jar
7f9d38149000-7f9d38150000 r--s 00042000 08:01 5115433                    /home/effi/.gradle/wrapper/dists/gradle-2.2-bin/ca0flae0itb57he40lyj6fhpp/gradle-2.2/lib/plugins/jarjar-maven-compat-3.0.4.jar
7f9d38150000-7f9d38152000 r--s 00006000 08:01 5115432                    /home/effi/.gradle/wrapper/dists/gradle-2.2-bin/ca0flae0itb57he40lyj6fhpp/gradle-2.2/lib/plugins/jarjar-aether-connector-wagon-1.13.1.jar
7f9d38152000-7f9d38154000 r--s 00000000 08:01 5115431                    /home/effi/.gradle/wrapper/dists/gradle-2.2-bin/ca0flae0itb57he40lyj6fhpp/gradle-2.2/lib/plugins/jarjar-plexus-component-annotations-1.5.5.jar
7f9d38154000-7f9d38156000 r--s 00006000 08:01 5115430                    /home/effi/.gradle/wrapper/dists/gradle-2.2-bin/ca0flae0itb57he40lyj6fhpp/gradle-2.2/lib/plugins/jarjar-plexus-sec-dispatcher-1.3.jar
7f9d38156000-7f9d3815b000 r--s 00022000 08:01 5115429                    /home/effi/.gradle/wrapper/dists/gradle-2.2-bin/ca0flae0itb57he40lyj6fhpp/gradle-2.2/lib/plugins/jarjar-maven-model-builder-3.0.4.jar
7f9d3815b000-7f9d3815d000 r--s 0000b000 08:01 5115428                    /home/effi/.gradle/wrapper/dists/gradle-2.2-bin/ca0flae0itb57he40lyj6fhpp/gradle-2.2/lib/plugins/jarjar-maven-plugin-api-3.0.4.jar
7f9d3815d000-7f9d3818e000 rw-p 00000000 00:00 0 
7f9d3818e000-7f9d38196000 r-xp 00000000 08:01 2108050                    /usr/lib/libffi.so.6.0.4
7f9d38196000-7f9d38395000 ---p 00008000 08:01 2108050                    /usr/lib/libffi.so.6.0.4
7f9d38395000-7f9d38396000 r--p 00007000 08:01 2108050                    /usr/lib/libffi.so.6.0.4
7f9d38396000-7f9d38397000 rw-p 00008000 08:01 2108050                    /usr/lib/libffi.so.6.0.4
7f9d38397000-7f9d383ab000 r-xp 00000000 08:01 2100312                    /usr/lib/libresolv-2.21.so
7f9d383ab000-7f9d385aa000 ---p 00014000 08:01 2100312                    /usr/lib/libresolv-2.21.so
7f9d385aa000-7f9d385ab000 r--p 00013000 08:01 2100312                    /usr/lib/libresolv-2.21.so
7f9d385ab000-7f9d385ac000 rw-p 00014000 08:01 2100312                    /usr/lib/libresolv-2.21.so
7f9d385ac000-7f9d385ae000 rw-p 00000000 00:00 0 
7f9d385ae000-7f9d385b1000 r-xp 00000000 08:01 2108116                    /usr/lib/libgmodule-2.0.so.0.4400.0
7f9d385b1000-7f9d387b0000 ---p 00003000 08:01 2108116                    /usr/lib/libgmodule-2.0.so.0.4400.0
7f9d387b0000-7f9d387b1000 r--p 00002000 08:01 2108116                    /usr/lib/libgmodule-2.0.so.0.4400.0
7f9d387b1000-7f9d387b2000 rw-p 00003000 08:01 2108116                    /usr/lib/libgmodule-2.0.so.0.4400.0
7f9d387b2000-7f9d388be000 r-xp 00000000 08:01 2108115                    /usr/lib/libglib-2.0.so.0.4400.0
7f9d388be000-7f9d38abd000 ---p 0010c000 08:01 2108115                    /usr/lib/libglib-2.0.so.0.4400.0
7f9d38abd000-7f9d38abe000 r--p 0010b000 08:01 2108115                    /usr/lib/libglib-2.0.so.0.4400.0
7f9d38abe000-7f9d38abf000 rw-p 0010c000 08:01 2108115                    /usr/lib/libglib-2.0.so.0.4400.0
7f9d38abf000-7f9d38ac0000 rw-p 00000000 00:00 0 
7f9d38ac0000-7f9d38b0f000 r-xp 00000000 08:01 2108119                    /usr/lib/libgobject-2.0.so.0.4400.0
7f9d38b0f000-7f9d38d0f000 ---p 0004f000 08:01 2108119                    /usr/lib/libgobject-2.0.so.0.4400.0
7f9d38d0f000-7f9d38d10000 r--p 0004f000 08:01 2108119                    /usr/lib/libgobject-2.0.so.0.4400.0
7f9d38d10000-7f9d38d11000 rw-p 00050000 08:01 2108119                    /usr/lib/libgobject-2.0.so.0.4400.0
7f9d38d11000-7f9d38e87000 r-xp 00000000 08:01 2108120                    /usr/lib/libgio-2.0.so.0.4400.0
7f9d38e87000-7f9d39087000 ---p 00176000 08:01 2108120                    /usr/lib/libgio-2.0.so.0.4400.0
7f9d39087000-7f9d3908b000 r--p 00176000 08:01 2108120                    /usr/lib/libgio-2.0.so.0.4400.0
7f9d3908b000-7f9d3908d000 rw-p 0017a000 08:01 2108120                    /usr/lib/libgio-2.0.so.0.4400.0
7f9d3908d000-7f9d3908f000 rw-p 00000000 00:00 0 
7f9d3908f000-7f9d39092000 r--s 0000a000 08:01 5115427                    /home/effi/.gradle/wrapper/dists/gradle-2.2-bin/ca0flae0itb57he40lyj6fhpp/gradle-2.2/lib/plugins/jarjar-plexus-classworlds-2.4.jar
7f9d39092000-7f9d39096000 r--s 00035000 08:01 5115426                    /home/effi/.gradle/wrapper/dists/gradle-2.2-bin/ca0flae0itb57he40lyj6fhpp/gradle-2.2/lib/plugins/jarjar-plexus-utils-2.0.6.jar
7f9d39096000-7f9d39098000 r--s 0000e000 08:01 5115425                    /home/effi/.gradle/wrapper/dists/gradle-2.2-bin/ca0flae0itb57he40lyj6fhpp/gradle-2.2/lib/plugins/jarjar-plexus-interpolation-1.14.jar
7f9d39098000-7f9d3909a000 r--s 00002000 08:01 5115424                    /home/effi/.gradle/wrapper/dists/gradle-2.2-bin/ca0flae0itb57he40lyj6fhpp/gradle-2.2/lib/plugins/jarjar-plexus-cipher-1.7.jar
7f9d3909a000-7f9d3909c000 r--s 0000c000 08:01 5115423                    /home/effi/.gradle/wrapper/dists/gradle-2.2-bin/ca0flae0itb57he40lyj6fhpp/gradle-2.2/lib/plugins/jarjar-wagon-provider-api-2.4.jar
7f9d3909c000-7f9d3909e000 r--s 0000d000 08:01 5115422                    /home/effi/.gradle/wrapper/dists/gradle-2.2-bin/ca0flae0itb57he40lyj6fhpp/gradle-2.2/lib/plugins/jarjar-maven-aether-provider-3.0.4.jar
7f9d3909e000-7f9d390a6000 r--s 00031000 08:01 5115421                    /home/effi/.gradle/wrapper/dists/gradle-2.2-bin/ca0flae0itb57he40lyj6fhpp/gradle-2.2/lib/plugins/jarjar-plexus-container-default-1.5.5.jar
7f9d390a6000-7f9d390a7000 r--s 00007000 08:01 5115420                    /home/effi/.gradle/wrapper/dists/gradle-2.2-bin/ca0flae0itb57he40lyj6fhpp/gradle-2.2/lib/plugins/jarjar-maven-repository-metadata-3.0.4.jar
7f9d390a7000-7f9d390a8000 r--s 0000b000 08:01 5115419                    /home/effi/.gradle/wrapper/dists/gradle-2.2-bin/ca0flae0itb57he40lyj6fhpp/gradle-2.2/lib/plugins/jarjar-maven-settings-3.0.4.jar
7f9d390a8000-7f9d390c0000 r--s 000b5000 08:01 5115475                    /home/effi/.gradle/wrapper/dists/gradle-2.2-bin/ca0flae0itb57he40lyj6fhpp/gradle-2.2/lib/plugins/gradle-dependency-management-2.2.jar
7f9d390c0000-7f9d390d7000 r-xp 00000000 08:01 2366719                    /usr/lib/jvm/java-7-openjdk/jre/lib/amd64/libnet.so
7f9d390d7000-7f9d392d6000 ---p 00017000 08:01 2366719                    /usr/lib/jvm/java-7-openjdk/jre/lib/amd64/libnet.so
7f9d392d6000-7f9d392d7000 rw-p 00016000 08:01 2366719                    /usr/lib/jvm/java-7-openjdk/jre/lib/amd64/libnet.so
7f9d392d7000-7f9d392d8000 r--s 00005000 08:01 5113123                    /home/effi/.gradle/wrapper/dists/gradle-2.2-bin/ca0flae0itb57he40lyj6fhpp/gradle-2.2/lib/gradle-wrapper-2.2.jar
7f9d392d8000-7f9d392e1000 r--s 0002c000 08:01 5115375                    /home/effi/.gradle/wrapper/dists/gradle-2.2-bin/ca0flae0itb57he40lyj6fhpp/gradle-2.2/lib/gradle-tooling-api-2.2.jar
7f9d392e1000-7f9d392e3000 r--s 00002000 08:01 5115399                    /home/effi/.gradle/wrapper/dists/gradle-2.2-bin/ca0flae0itb57he40lyj6fhpp/gradle-2.2/lib/gradle-open-api-2.2.jar
7f9d392e3000-7f9d392e9000 r--s 00032000 08:01 5115401                    /home/effi/.gradle/wrapper/dists/gradle-2.2-bin/ca0flae0itb57he40lyj6fhpp/gradle-2.2/lib/jaxen-1.1.jar
7f9d392e9000-7f9d392ee000 r--s 00048000 08:01 5115400                    /home/effi/.gradle/wrapper/dists/gradle-2.2-bin/ca0flae0itb57he40lyj6fhpp/gradle-2.2/lib/dom4j-1.6.1.jar
7f9d392ee000-7f9d392f9000 r--s 00059000 08:01 5115374                    /home/effi/.gradle/wrapper/dists/gradle-2.2-bin/ca0flae0itb57he40lyj6fhpp/gradle-2.2/lib/gradle-ui-2.2.jar
7f9d392f9000-7f9d392fb000 r--s 00006000 08:01 5115395                    /home/effi/.gradle/wrapper/dists/gradle-2.2-bin/ca0flae0itb57he40lyj6fhpp/gradle-2.2/lib/gradle-resources-2.2.jar
7f9d392fb000-7f9d392fd000 r--s 00007000 08:01 5115417                    /home/effi/.gradle/wrapper/dists/gradle-2.2-bin/ca0flae0itb57he40lyj6fhpp/gradle-2.2/lib/objenesis-1.2.jar
7f9d392fd000-7f9d392ff000 r--s 00000000 08:01 5115416                    /home/effi/.gradle/wrapper/dists/gradle-2.2-bin/ca0flae0itb57he40lyj6fhpp/gradle-2.2/lib/minlog-1.2.jar
7f9d392ff000-7f9d39301000 r--s 0000f000 08:01 5115415                    /home/effi/.gradle/wrapper/dists/gradle-2.2-bin/ca0flae0itb57he40lyj6fhpp/gradle-2.2/lib/reflectasm-1.07-shaded.jar
7f9d39301000-7f9d39305000 r--s 00026000 08:01 5115406                    /home/effi/.gradle/wrapper/dists/gradle-2.2-bin/ca0flae0itb57he40lyj6fhpp/gradle-2.2/lib/kryo-2.20.jar
7f9d39305000-7f9d3930e000 r--s 00039000 08:01 5115394                    /home/effi/.gradle/wrapper/dists/gradle-2.2-bin/ca0flae0itb57he40lyj6fhpp/gradle-2.2/lib/gradle-messaging-2.2.jar
7f9d3930e000-7f9d3930f000 r--s 00003000 08:01 5115414                    /home/effi/.gradle/wrapper/dists/gradle-2.2-bin/ca0flae0itb57he40lyj6fhpp/gradle-2.2/lib/native-platform-freebsd-amd64-0.10.jar
7f9d3930f000-7f9d39310000 r--s 00003000 08:01 5115413                    /home/effi/.gradle/wrapper/dists/gradle-2.2-bin/ca0flae0itb57he40lyj6fhpp/gradle-2.2/lib/native-platform-freebsd-i386-0.10.jar
7f9d39310000-7f9d39311000 r--s 00005000 08:01 5115412                    /home/effi/.gradle/wrapper/dists/gradle-2.2-bin/ca0flae0itb57he40lyj6fhpp/gradle-2.2/lib/native-platform-windows-i386-0.10.jar
7f9d39311000-7f9d39312000 r--s 00005000 08:01 5115411                    /home/effi/.gradle/wrapper/dists/gradle-2.2-bin/ca0flae0itb57he40lyj6fhpp/gradle-2.2/lib/native-platform-windows-amd64-0.10.jar
7f9d39312000-7f9d39313000 r--s 00003000 08:01 5115410                    /home/effi/.gradle/wrapper/dists/gradle-2.2-bin/ca0flae0itb57he40lyj6fhpp/gradle-2.2/lib/native-platform-linux-i386-0.10.jar
7f9d39313000-7f9d39314000 r--s 00003000 08:01 5115409                    /home/effi/.gradle/wrapper/dists/gradle-2.2-bin/ca0flae0itb57he40lyj6fhpp/gradle-2.2/lib/native-platform-linux-amd64-0.10.jar
7f9d39314000-7f9d39315000 r--s 00002000 08:01 5115408                    /home/effi/.gradle/wrapper/dists/gradle-2.2-bin/ca0flae0itb57he40lyj6fhpp/gradle-2.2/lib/native-platform-osx-amd64-0.10.jar
7f9d39315000-7f9d39316000 r--s 00002000 08:01 5115407                    /home/effi/.gradle/wrapper/dists/gradle-2.2-bin/ca0flae0itb57he40lyj6fhpp/gradle-2.2/lib/native-platform-osx-i386-0.10.jar
7f9d39316000-7f9d39318000 r--s 00008000 08:01 5115404                    /home/effi/.gradle/wrapper/dists/gradle-2.2-bin/ca0flae0itb57he40lyj6fhpp/gradle-2.2/lib/jansi-1.2.1.jar
7f9d39318000-7f9d3931b000 r--s 0000d000 08:01 5115403                    /home/effi/.gradle/wrapper/dists/gradle-2.2-bin/ca0flae0itb57he40lyj6fhpp/gradle-2.2/lib/native-platform-0.10.jar
7f9d3931b000-7f9d3931f000 r--s 000e4000 08:01 5115402                    /home/effi/.gradle/wrapper/dists/gradle-2.2-bin/ca0flae0itb57he40lyj6fhpp/gradle-2.2/lib/jna-3.2.7.jar
7f9d3931f000-7f9d39321000 r--s 00008000 08:01 5115376                    /home/effi/.gradle/wrapper/dists/gradle-2.2-bin/ca0flae0itb57he40lyj6fhpp/gradle-2.2/lib/gradle-native-2.2.jar
7f9d39321000-7f9d39323000 r--s 00005000 08:01 5115373                    /home/effi/.gradle/wrapper/dists/gradle-2.2-bin/ca0flae0itb57he40lyj6fhpp/gradle-2.2/lib/gradle-cli-2.2.jar
7f9d39323000-7f9d39325000 r--s 00003000 08:01 5115393                    /home/effi/.gradle/wrapper/dists/gradle-2.2-bin/ca0flae0itb57he40lyj6fhpp/gradle-2.2/lib/gradle-base-services-groovy-2.2.jar
7f9d39325000-7f9d39327000 r--s 0000a000 08:01 5115381                    /home/effi/.gradle/wrapper/dists/gradle-2.2-bin/ca0flae0itb57he40lyj6fhpp/gradle-2.2/lib/gradle-model-groovy-2.2.jar
7f9d39327000-7f9d3932b000 r--s 0001b000 08:01 5115380                    /home/effi/.gradle/wrapper/dists/gradle-2.2-bin/ca0flae0itb57he40lyj6fhpp/gradle-2.2/lib/gradle-model-core-2.2.jar
7f9d3932b000-7f9d3932c000 r--s 00000000 08:01 5115396                    /home/effi/.gradle/wrapper/dists/gradle-2.2-bin/ca0flae0itb57he40lyj6fhpp/gradle-2.2/lib/gradle-docs-2.2.jar
7f9d3932c000-7f9d3932e000 r--s 00003000 08:01 5115398                    /home/effi/.gradle/wrapper/dists/gradle-2.2-bin/ca0flae0itb57he40lyj6fhpp/gradle-2.2/lib/jcl-over-slf4j-1.7.7.jar
7f9d3932e000-7f9d3932f000 r--s 00005000 08:01 5115397                    /home/effi/.gradle/wrapper/dists/gradle-2.2-bin/ca0flae0itb57he40lyj6fhpp/gradle-2.2/lib/log4j-over-slf4j-1.7.7.jar
7f9d3932f000-7f9d39330000 r--s 00000000 08:01 5115392                    /home/effi/.gradle/wrapper/dists/gradle-2.2-bin/ca0flae0itb57he40lyj6fhpp/gradle-2.2/lib/javax.inject-1.jar
7f9d39330000-7f9d39333000 r--s 0001b000 08:01 5115391                    /home/effi/.gradle/wrapper/dists/gradle-2.2-bin/ca0flae0itb57he40lyj6fhpp/gradle-2.2/lib/jarjar-1.3.jar
7f9d39333000-7f9d39335000 r--s 00000000 08:01 5115390                    /home/effi/.gradle/wrapper/dists/gradle-2.2-bin/ca0flae0itb57he40lyj6fhpp/gradle-2.2/lib/jul-to-slf4j-1.7.7.jar
7f9d39335000-7f9d3933b000 r--s 0003b000 08:01 5115388                    /home/effi/.gradle/wrapper/dists/gradle-2.2-bin/ca0flae0itb57he40lyj6fhpp/gradle-2.2/lib/logback-classic-1.0.13.jar
7f9d3933b000-7f9d39345000 r--s 0005d000 08:01 5115387                    /home/effi/.gradle/wrapper/dists/gradle-2.2-bin/ca0flae0itb57he40lyj6fhpp/gradle-2.2/lib/logback-core-1.0.13.jar
7f9d39345000-7f9d3934a000 r--s 00041000 08:01 5115386                    /home/effi/.gradle/wrapper/dists/gradle-2.2-bin/ca0flae0itb57he40lyj6fhpp/gradle-2.2/lib/commons-lang-2.6.jar
7f9d3934a000-7f9d393b5000 r--s 00685000 08:01 5115379                    /home/effi/.gradle/wrapper/dists/gradle-2.2-bin/ca0flae0itb57he40lyj6fhpp/gradle-2.2/lib/groovy-all-2.3.6.jar
7f9d393b5000-7f9d393b6000 ---p 00000000 00:00 0 
7f9d393b6000-7f9d394b6000 rw-p 00000000 00:00 0                          [stack:4758]
7f9d394b6000-7f9d394b9000 ---p 00000000 00:00 0 
7f9d394b9000-7f9d395b7000 rw-p 00000000 00:00 0                          [stack:4757]
7f9d395b7000-7f9d395ba000 ---p 00000000 00:00 0 
7f9d395ba000-7f9d396b8000 rw-p 00000000 00:00 0                          [stack:4756]
7f9d396b8000-7f9d396bb000 ---p 00000000 00:00 0 
7f9d396bb000-7f9d397b9000 rw-p 00000000 00:00 0                          [stack:4755]
7f9d397b9000-7f9d397bc000 ---p 00000000 00:00 0 
7f9d397bc000-7f9d398ba000 rw-p 00000000 00:00 0                          [stack:4754]
7f9d398ba000-7f9d39a43000 r--p 00000000 08:01 2117377                    /usr/lib/locale/locale-archive
7f9d39a43000-7f9d39a46000 ---p 00000000 00:00 0 
7f9d39a46000-7f9d39b44000 rw-p 00000000 00:00 0                          [stack:4753]
7f9d39b44000-7f9d39b47000 ---p 00000000 00:00 0 
7f9d39b47000-7f9d39c45000 rw-p 00000000 00:00 0                          [stack:4752]
7f9d39c45000-7f9d39c46000 ---p 00000000 00:00 0 
7f9d39c46000-7f9d3a64f000 rw-p 00000000 00:00 0                          [stack:4751]
7f9d3a64f000-7f9d3a800000 r--s 01d27000 08:01 2366535                    /usr/lib/jvm/java-7-openjdk/jre/lib/rt.jar
7f9d3a800000-7f9d3d000000 rw-p 00000000 00:00 0 
7f9d3d000000-7f9d3d270000 rwxp 00000000 00:00 0 
7f9d3d270000-7f9d40a1a000 rw-p 00000000 00:00 0 
7f9d40a1a000-7f9d44000000 ---p 00000000 00:00 0 
7f9d44000000-7f9d44001000 r--s 00000000 08:01 5115389                    /home/effi/.gradle/wrapper/dists/gradle-2.2-bin/ca0flae0itb57he40lyj6fhpp/gradle-2.2/lib/jcip-annotations-1.0.jar
7f9d44001000-7f9d44004000 r--s 00018000 08:01 5115385                    /home/effi/.gradle/wrapper/dists/gradle-2.2-bin/ca0flae0itb57he40lyj6fhpp/gradle-2.2/lib/commons-io-1.4.jar
7f9d44004000-7f9d44012000 r--s 0007f000 08:01 5115384                    /home/effi/.gradle/wrapper/dists/gradle-2.2-bin/ca0flae0itb57he40lyj6fhpp/gradle-2.2/lib/commons-collections-3.2.1.jar
7f9d44012000-7f9d4403a000 r--s 001cf000 08:01 5115378                    /home/effi/.gradle/wrapper/dists/gradle-2.2-bin/ca0flae0itb57he40lyj6fhpp/gradle-2.2/lib/guava-jdk5-17.0.jar
7f9d4403a000-7f9d44059000 r--s 001cc000 08:01 5115383                    /home/effi/.gradle/wrapper/dists/gradle-2.2-bin/ca0flae0itb57he40lyj6fhpp/gradle-2.2/lib/ant-1.9.3.jar
7f9d44059000-7f9d4408a000 r--s 00191000 08:01 5115372                    /home/effi/.gradle/wrapper/dists/gradle-2.2-bin/ca0flae0itb57he40lyj6fhpp/gradle-2.2/lib/gradle-core-2.2.jar
7f9d4408a000-7f9d444af000 rw-p 00000000 00:00 0 
7f9d444af000-7f9d444b0000 ---p 00000000 00:00 0 
7f9d444b0000-7f9d445b0000 rw-p 00000000 00:00 0                          [stack:4750]
7f9d445b0000-7f9d445b1000 ---p 00000000 00:00 0 
7f9d445b1000-7f9d446bc000 rw-p 00000000 00:00 0                          [stack:4749]
7f9d446bc000-7f9d44731000 rw-p 00000000 00:00 0 
7f9d44731000-7f9d44744000 rw-p 00000000 00:00 0 
7f9d44744000-7f9d44887000 rw-p 00000000 00:00 0 
7f9d44887000-7f9d44892000 rw-p 00000000 00:00 0 
7f9d44892000-7f9d44907000 rw-p 00000000 00:00 0 
7f9d44907000-7f9d4491a000 rw-p 00000000 00:00 0 
7f9d4491a000-7f9d44a5c000 rw-p 00000000 00:00 0 
7f9d44a5c000-7f9d44a9f000 rw-p 00000000 00:00 0 
7f9d44a9f000-7f9d44b07000 rw-p 00000000 00:00 0 
7f9d44b07000-7f9d44b08000 rw-p 00000000 00:00 0 
7f9d44b08000-7f9d44b10000 r-xp 00000000 08:01 2366718                    /usr/lib/jvm/java-7-openjdk/jre/lib/amd64/libzip.so
7f9d44b10000-7f9d44d0f000 ---p 00008000 08:01 2366718                    /usr/lib/jvm/java-7-openjdk/jre/lib/amd64/libzip.so
7f9d44d0f000-7f9d44d10000 rw-p 00007000 08:01 2366718                    /usr/lib/jvm/java-7-openjdk/jre/lib/amd64/libzip.so
7f9d44d10000-7f9d44d1b000 r-xp 00000000 08:01 2100316                    /usr/lib/libnss_files-2.21.so
7f9d44d1b000-7f9d44f1b000 ---p 0000b000 08:01 2100316                    /usr/lib/libnss_files-2.21.so
7f9d44f1b000-7f9d44f1c000 r--p 0000b000 08:01 2100316                    /usr/lib/libnss_files-2.21.so
7f9d44f1c000-7f9d44f1d000 rw-p 0000c000 08:01 2100316                    /usr/lib/libnss_files-2.21.so
7f9d44f1d000-7f9d44f49000 r-xp 00000000 08:01 2366717                    /usr/lib/jvm/java-7-openjdk/jre/lib/amd64/libjava.so
7f9d44f49000-7f9d45148000 ---p 0002c000 08:01 2366717                    /usr/lib/jvm/java-7-openjdk/jre/lib/amd64/libjava.so
7f9d45148000-7f9d4514a000 rw-p 0002b000 08:01 2366717                    /usr/lib/jvm/java-7-openjdk/jre/lib/amd64/libjava.so
7f9d4514a000-7f9d45157000 r-xp 00000000 08:01 2366716                    /usr/lib/jvm/java-7-openjdk/jre/lib/amd64/libverify.so
7f9d45157000-7f9d45356000 ---p 0000d000 08:01 2366716                    /usr/lib/jvm/java-7-openjdk/jre/lib/amd64/libverify.so
7f9d45356000-7f9d45358000 rw-p 0000c000 08:01 2366716                    /usr/lib/jvm/java-7-openjdk/jre/lib/amd64/libverify.so
7f9d45358000-7f9d4535f000 r-xp 00000000 08:01 2100348                    /usr/lib/librt-2.21.so
7f9d4535f000-7f9d4555e000 ---p 00007000 08:01 2100348                    /usr/lib/librt-2.21.so
7f9d4555e000-7f9d4555f000 r--p 00006000 08:01 2100348                    /usr/lib/librt-2.21.so
7f9d4555f000-7f9d45560000 rw-p 00007000 08:01 2100348                    /usr/lib/librt-2.21.so
7f9d45560000-7f9d45576000 r-xp 00000000 08:01 2100680                    /usr/lib/libgcc_s.so.1
7f9d45576000-7f9d45775000 ---p 00016000 08:01 2100680                    /usr/lib/libgcc_s.so.1
7f9d45775000-7f9d45776000 rw-p 00015000 08:01 2100680                    /usr/lib/libgcc_s.so.1
7f9d45776000-7f9d45879000 r-xp 00000000 08:01 2100375                    /usr/lib/libm-2.21.so
7f9d45879000-7f9d45a79000 ---p 00103000 08:01 2100375                    /usr/lib/libm-2.21.so
7f9d45a79000-7f9d45a7a000 r--p 00103000 08:01 2100375                    /usr/lib/libm-2.21.so
7f9d45a7a000-7f9d45a7b000 rw-p 00104000 08:01 2100375                    /usr/lib/libm-2.21.so
7f9d45a7b000-7f9d45b6b000 r-xp 00000000 08:01 2100684                    /usr/lib/libstdc++.so.6.0.20
7f9d45b6b000-7f9d45d6b000 ---p 000f0000 08:01 2100684                    /usr/lib/libstdc++.so.6.0.20
7f9d45d6b000-7f9d45d73000 r--p 000f0000 08:01 2100684                    /usr/lib/libstdc++.so.6.0.20
7f9d45d73000-7f9d45d75000 rw-p 000f8000 08:01 2100684                    /usr/lib/libstdc++.so.6.0.20
7f9d45d75000-7f9d45d8a000 rw-p 00000000 00:00 0 
7f9d45d8a000-7f9d468df000 r-xp 00000000 08:01 2496333                    /usr/lib/jvm/java-7-openjdk/jre/lib/amd64/server/libjvm.so
7f9d468df000-7f9d46adf000 ---p 00b55000 08:01 2496333                    /usr/lib/jvm/java-7-openjdk/jre/lib/amd64/server/libjvm.so
7f9d46adf000-7f9d46ba1000 rw-p 00b55000 08:01 2496333                    /usr/lib/jvm/java-7-openjdk/jre/lib/amd64/server/libjvm.so
7f9d46ba1000-7f9d46bcd000 rw-p 00000000 00:00 0 
7f9d46bcd000-7f9d46be2000 r-xp 00000000 08:01 2103417                    /usr/lib/libz.so.1.2.8
7f9d46be2000-7f9d46de1000 ---p 00015000 08:01 2103417                    /usr/lib/libz.so.1.2.8
7f9d46de1000-7f9d46de2000 r--p 00014000 08:01 2103417                    /usr/lib/libz.so.1.2.8
7f9d46de2000-7f9d46de3000 rw-p 00015000 08:01 2103417                    /usr/lib/libz.so.1.2.8
7f9d46de3000-7f9d46f7c000 r-xp 00000000 08:01 2100327                    /usr/lib/libc-2.21.so
7f9d46f7c000-7f9d4717c000 ---p 00199000 08:01 2100327                    /usr/lib/libc-2.21.so
7f9d4717c000-7f9d47180000 r--p 00199000 08:01 2100327                    /usr/lib/libc-2.21.so
7f9d47180000-7f9d47182000 rw-p 0019d000 08:01 2100327                    /usr/lib/libc-2.21.so
7f9d47182000-7f9d47186000 rw-p 00000000 00:00 0 
7f9d47186000-7f9d47188000 r-xp 00000000 08:01 2100357                    /usr/lib/libdl-2.21.so
7f9d47188000-7f9d47388000 ---p 00002000 08:01 2100357                    /usr/lib/libdl-2.21.so
7f9d47388000-7f9d47389000 r--p 00002000 08:01 2100357                    /usr/lib/libdl-2.21.so
7f9d47389000-7f9d4738a000 rw-p 00003000 08:01 2100357                    /usr/lib/libdl-2.21.so
7f9d4738a000-7f9d47397000 r-xp 00000000 08:01 2496326                    /usr/lib/jvm/java-7-openjdk/jre/lib/amd64/jli/libjli.so
7f9d47397000-7f9d47596000 ---p 0000d000 08:01 2496326                    /usr/lib/jvm/java-7-openjdk/jre/lib/amd64/jli/libjli.so
7f9d47596000-7f9d47597000 rw-p 0000c000 08:01 2496326                    /usr/lib/jvm/java-7-openjdk/jre/lib/amd64/jli/libjli.so
7f9d47597000-7f9d475af000 r-xp 00000000 08:01 2100347                    /usr/lib/libpthread-2.21.so
7f9d475af000-7f9d477ae000 ---p 00018000 08:01 2100347                    /usr/lib/libpthread-2.21.so
7f9d477ae000-7f9d477af000 r--p 00017000 08:01 2100347                    /usr/lib/libpthread-2.21.so
7f9d477af000-7f9d477b0000 rw-p 00018000 08:01 2100347                    /usr/lib/libpthread-2.21.so
7f9d477b0000-7f9d477b4000 rw-p 00000000 00:00 0 
7f9d477b4000-7f9d477d6000 r-xp 00000000 08:01 2100371                    /usr/lib/ld-2.21.so
7f9d477d6000-7f9d477db000 r--s 00036000 08:01 5115382                    /home/effi/.gradle/wrapper/dists/gradle-2.2-bin/ca0flae0itb57he40lyj6fhpp/gradle-2.2/lib/asm-all-5.0.3.jar
7f9d477db000-7f9d477dd000 r--s 00006000 08:01 5115377                    /home/effi/.gradle/wrapper/dists/gradle-2.2-bin/ca0flae0itb57he40lyj6fhpp/gradle-2.2/lib/slf4j-api-1.7.7.jar
7f9d477dd000-7f9d477de000 r--s 00004000 08:01 5115405                    /home/effi/.gradle/wrapper/dists/gradle-2.2-bin/ca0flae0itb57he40lyj6fhpp/gradle-2.2/lib/ant-launcher-1.9.3.jar
7f9d477de000-7f9d477e8000 rw-p 00000000 00:00 0 
7f9d477e8000-7f9d4789e000 rw-p 00000000 00:00 0 
7f9d4789e000-7f9d478a1000 ---p 00000000 00:00 0 
7f9d478a1000-7f9d479a3000 rw-p 00000000 00:00 0                          [stack:4748]
7f9d479a3000-7f9d479a9000 r--s 00026000 08:01 5113124                    /home/effi/.gradle/wrapper/dists/gradle-2.2-bin/ca0flae0itb57he40lyj6fhpp/gradle-2.2/lib/gradle-base-services-2.2.jar
7f9d479a9000-7f9d479b1000 r--s 0003c000 08:01 5113122                    /home/effi/.gradle/wrapper/dists/gradle-2.2-bin/ca0flae0itb57he40lyj6fhpp/gradle-2.2/lib/gradle-launcher-2.2.jar
7f9d479b1000-7f9d479ca000 rw-p 00000000 00:00 0 
7f9d479ca000-7f9d479d2000 rw-s 00000000 00:20 157141                     /tmp/hsperfdata_effi/4746
7f9d479d2000-7f9d479d3000 rw-p 00000000 00:00 0 
7f9d479d3000-7f9d479d4000 ---p 00000000 00:00 0 
7f9d479d4000-7f9d479d5000 rw-p 00000000 00:00 0 
7f9d479d5000-7f9d479d6000 r--p 00021000 08:01 2100371                    /usr/lib/ld-2.21.so
7f9d479d6000-7f9d479d7000 rw-p 00022000 08:01 2100371                    /usr/lib/ld-2.21.so
7f9d479d7000-7f9d479d8000 rw-p 00000000 00:00 0 
7ffe55ba5000-7ffe55bc6000 rw-p 00000000 00:00 0                          [stack]
7ffe55bf7000-7ffe55bf9000 r--p 00000000 00:00 0                          [vvar]
7ffe55bf9000-7ffe55bfb000 r-xp 00000000 00:00 0                          [vdso]
ffffffffff600000-ffffffffff601000 r-xp 00000000 00:00 0                  [vsyscall]

VM Arguments:
jvm_args: -XX:MaxPermSize=256m -XX:+HeapDumpOnOutOfMemoryError -Xmx1024m -Dfile.encoding=UTF-8 -Duser.country=US -Duser.language=en -Duser.variant 
java_command: org.gradle.launcher.daemon.bootstrap.GradleDaemon 2.2 /home/effi/.gradle/daemon 10800000 05434c8b-2764-475c-bcf4-332d5e1b5c17 -XX:MaxPermSize=256m -XX:+HeapDumpOnOutOfMemoryError -Xmx1024m -Dfile.encoding=UTF-8 -Duser.country=US -Duser.language=en -Duser.variant
Launcher Type: SUN_STANDARD

Environment Variables:
CLASSPATH=/opt/android-studio/bin/../lib/bootstrap.jar:/opt/android-studio/bin/../lib/extensions.jar:/opt/android-studio/bin/../lib/util.jar:/opt/android-studio/bin/../lib/jdom.jar:/opt/android-studio/bin/../lib/log4j.jar:/opt/android-studio/bin/../lib/trove4j.jar:/opt/android-studio/bin/../lib/jna.jar:/usr/lib/jvm/java-7-openjdk/lib/tools.jar
PATH=/usr/local/sbin:/usr/local/bin:/usr/bin:/usr/lib/jvm/default/bin:/usr/bin/site_perl:/usr/bin/vendor_perl:/usr/bin/core_perl
LD_LIBRARY_PATH=/opt/android-studio/bin:
SHELL=/bin/bash
DISPLAY=:0

Signal Handlers:
SIGSEGV: [libjvm.so+0x989390], sa_mask[0]=0x7ffbfeff, sa_flags=0x10000004
SIGBUS: [libjvm.so+0x989390], sa_mask[0]=0x7ffbfeff, sa_flags=0x10000004
SIGFPE: [libjvm.so+0x7f74d0], sa_mask[0]=0x7ffbfeff, sa_flags=0x10000004
SIGPIPE: [libjvm.so+0x7f74d0], sa_mask[0]=0x7ffbfeff, sa_flags=0x10000004
SIGXFSZ: [libjvm.so+0x7f74d0], sa_mask[0]=0x7ffbfeff, sa_flags=0x10000004
SIGILL: [libjvm.so+0x7f74d0], sa_mask[0]=0x7ffbfeff, sa_flags=0x10000004
SIGUSR1: SIG_DFL, sa_mask[0]=0x00000000, sa_flags=0x00000000
SIGUSR2: [libjvm.so+0x7f7350], sa_mask[0]=0x00000004, sa_flags=0x10000004
SIGHUP: [libjvm.so+0x7f7550], sa_mask[0]=0x7ffbfeff, sa_flags=0x10000004
SIGINT: [libjvm.so+0x7f7550], sa_mask[0]=0x7ffbfeff, sa_flags=0x10000004
SIGTERM: [libjvm.so+0x7f7550], sa_mask[0]=0x7ffbfeff, sa_flags=0x10000004
SIGQUIT: [libjvm.so+0x7f7550], sa_mask[0]=0x7ffbfeff, sa_flags=0x10000004
SIGTRAP: SIG_DFL, sa_mask[0]=0x00000000, sa_flags=0x00000000


---------------  S Y S T E M  ---------------

OS:Linux
uname:Linux 3.19.5-1-ck #1 SMP PREEMPT Sun Apr 19 07:39:25 EDT 2015 x86_64
libc:glibc 2.21 NPTL 2.21 
rlimit: STACK 8192k, CORE 0k, NPROC 14172, NOFILE 4096, AS infinity
load average:4.93 3.62 2.52

/proc/meminfo:
MemTotal:        3633940 kB
MemFree:           96176 kB
MemAvailable:      38180 kB
Buffers:             548 kB
Cached:          1582640 kB
SwapCached:            0 kB
Active:          2312860 kB
Inactive:        1055824 kB
Active(anon):    2301352 kB
Inactive(anon):  1044264 kB
Active(file):      11508 kB
Inactive(file):    11560 kB
Unevictable:          32 kB
Mlocked:              32 kB
SwapTotal:             0 kB
SwapFree:              0 kB
Dirty:               256 kB
Writeback:            60 kB
AnonPages:       1785828 kB
Mapped:            42208 kB
Shmem:           1559828 kB
Slab:              53548 kB
SReclaimable:      29872 kB
SUnreclaim:        23676 kB
KernelStack:        6688 kB
PageTables:        32736 kB
NFS_Unstable:          0 kB
Bounce:                0 kB
WritebackTmp:          0 kB
CommitLimit:     1816968 kB
Committed_AS:    5662696 kB
VmallocTotal:   34359738367 kB
VmallocUsed:       63724 kB
VmallocChunk:   34359667068 kB
HardwareCorrupted:     0 kB
AnonHugePages:    565248 kB
HugePages_Total:       0
HugePages_Free:        0
HugePages_Rsvd:        0
HugePages_Surp:        0
Hugepagesize:       2048 kB
DirectMap4k:     2204736 kB
DirectMap2M:     1570816 kB
DirectMap1G:           0 kB


CPU:total 2 (2 cores per cpu, 1 threads per core) family 20 model 2 stepping 0, cmov, cx8, fxsr, mmx, sse, sse2, sse3, ssse3, popcnt, mmxext, lzcnt, sse4a, tsc, tscinvbit, tscinv

/proc/cpuinfo:
processor	: 0
vendor_id	: AuthenticAMD
cpu family	: 20
model		: 2
model name	: AMD E-450 APU with Radeon(tm) HD Graphics
stepping	: 0
microcode	: 0x5000119
cpu MHz		: 1650.000
cache size	: 512 KB
physical id	: 0
siblings	: 2
core id		: 0
cpu cores	: 2
apicid		: 0
initial apicid	: 0
fpu		: yes
fpu_exception	: yes
cpuid level	: 6
wp		: yes
flags		: fpu vme de pse tsc msr pae mce cx8 apic sep mtrr pge mca cmov pat pse36 clflush mmx fxsr sse sse2 ht syscall nx mmxext fxsr_opt pdpe1gb rdtscp lm constant_tsc rep_good nopl nonstop_tsc extd_apicid aperfmperf pni monitor ssse3 cx16 popcnt lahf_lm cmp_legacy svm extapic cr8_legacy abm sse4a misalignsse 3dnowprefetch ibs skinit wdt arat hw_pstate npt lbrv svm_lock nrip_save pausefilter vmmcall
bugs		: fxsave_leak
bogomips	: 3292.91
TLB size	: 1024 4K pages
clflush size	: 64
cache_alignment	: 64
address sizes	: 36 bits physical, 48 bits virtual
power management: ts ttp tm stc 100mhzsteps hwpstate

processor	: 1
vendor_id	: AuthenticAMD
cpu family	: 20
model		: 2
model name	: AMD E-450 APU with Radeon(tm) HD Graphics
stepping	: 0
microcode	: 0x5000119
cpu MHz		: 1650.000
cache size	: 512 KB
physical id	: 0
siblings	: 2
core id		: 1
cpu cores	: 2
apicid		: 1
initial apicid	: 1
fpu		: yes
fpu_exception	: yes
cpuid level	: 6
wp		: yes
flags		: fpu vme de pse tsc msr pae mce cx8 apic sep mtrr pge mca cmov pat pse36 clflush mmx fxsr sse sse2 ht syscall nx mmxext fxsr_opt pdpe1gb rdtscp lm constant_tsc rep_good nopl nonstop_tsc extd_apicid aperfmperf pni monitor ssse3 cx16 popcnt lahf_lm cmp_legacy svm extapic cr8_legacy abm sse4a misalignsse 3dnowprefetch ibs skinit wdt arat hw_pstate npt lbrv svm_lock nrip_save pausefilter vmmcall
bugs		: fxsave_leak
bogomips	: 3292.91
TLB size	: 1024 4K pages
clflush size	: 64
cache_alignment	: 64
address sizes	: 36 bits physical, 48 bits virtual
power management: ts ttp tm stc 100mhzsteps hwpstate



Memory: 4k page, physical 3633940k(96276k free), swap 0k(0k free)

vm_info: OpenJDK 64-Bit Server VM (24.79-b02) for linux-amd64 JRE (1.7.0_79-b14), built on Apr 15 2015 12:42:59 by "builduser" with gcc 4.9.2 20150304 (prerelease)

time: Mon Apr 27 15:18:30 2015
elapsed time: 22 seconds

