#
# There is insufficient memory for the Java Runtime Environment to continue.
# Native memory allocation (malloc) failed to allocate 45088768 bytes for committing reserved memory.
# Possible reasons:
#   The system is out of physical RAM or swap space
#   In 32 bit mode, the process size limit was hit
# Possible solutions:
#   Reduce memory load on the system
#   Increase physical memory or swap space
#   Check if swap backing store is full
#   Use 64 bit Java on a 64 bit OS
#   Decrease Java heap size (-Xmx/-Xms)
#   Decrease number of Java threads
#   Decrease Java thread stack sizes (-Xss)
#   Set larger code cache with -XX:ReservedCodeCacheSize=
# This output file may be truncated or incomplete.
#
#  Out of Memory Error (os_linux.cpp:2809), pid=7274, tid=140478204659456
#
# JRE version: OpenJDK Runtime Environment (7.0_79-b14) (build 1.7.0_79-b14)
# Java VM: OpenJDK 64-Bit Server VM (24.79-b02 mixed mode linux-amd64 compressed oops)
# Derivative: IcedTea 2.5.5
# Distribution: Custom build (Wed Apr 15 12:39:15 UTC 2015)
# Failed to write core dump. Core dumps have been disabled. To enable core dumping, try "ulimit -c unlimited" before starting Java again
#

---------------  T H R E A D  ---------------

Current thread (0x00007fc3ac071800):  VMThread [stack: 0x00007fc3a16cc000,0x00007fc3a17cd000] [id=7282]

Stack: [0x00007fc3a16cc000,0x00007fc3a17cd000],  sp=0x00007fc3a17cb4e0,  free space=1021k
Native frames: (J=compiled Java code, j=interpreted, Vv=VM code, C=native code)
V  [libjvm.so+0x9888a6]
V  [libjvm.so+0x48eff2]
V  [libjvm.so+0x7fbf2b]
V  [libjvm.so+0x7f667e]
V  [libjvm.so+0x868ecb]
V  [libjvm.so+0x869d73]
V  [libjvm.so+0x86a48b]
V  [libjvm.so+0x865e99]
V  [libjvm.so+0x866678]
V  [libjvm.so+0x81e443]
V  [libjvm.so+0x98a172]
V  [libjvm.so+0x98ea07]
V  [libjvm.so+0x98cfeb]
V  [libjvm.so+0x98d696]
V  [libjvm.so+0x98db61]
V  [libjvm.so+0x7f8e72]

VM_Operation (0x00007fc3b3076560): ParallelGCFailedAllocation, mode: safepoint, requested by thread 0x00007fc3ac00a800


---------------  P R O C E S S  ---------------

Java Threads: ( => current thread )
  0x00007fc3ac0aa000 JavaThread "Service Thread" daemon [_thread_blocked, id=7288, stack(0x00007fc3a0f3d000,0x00007fc3a103e000)]
  0x00007fc3ac0a8000 JavaThread "C2 CompilerThread1" daemon [_thread_blocked, id=7287, stack(0x00007fc3a103e000,0x00007fc3a113f000)]
  0x00007fc3ac0a5000 JavaThread "C2 CompilerThread0" daemon [_thread_blocked, id=7286, stack(0x00007fc3a113f000,0x00007fc3a1240000)]
  0x00007fc3ac0a3000 JavaThread "Signal Dispatcher" daemon [_thread_blocked, id=7285, stack(0x00007fc3a1240000,0x00007fc3a1341000)]
  0x00007fc3ac078000 JavaThread "Finalizer" daemon [_thread_blocked, id=7284, stack(0x00007fc3a14ca000,0x00007fc3a15cb000)]
  0x00007fc3ac076000 JavaThread "Reference Handler" daemon [_thread_blocked, id=7283, stack(0x00007fc3a15cb000,0x00007fc3a16cc000)]
  0x00007fc3ac00a800 JavaThread "main" [_thread_blocked, id=7279, stack(0x00007fc3b2f77000,0x00007fc3b3078000)]

Other Threads:
=>0x00007fc3ac071800 VMThread [stack: 0x00007fc3a16cc000,0x00007fc3a17cd000] [id=7282]
  0x00007fc3ac0b5000 WatcherThread [stack: 0x00007fc3a0e3c000,0x00007fc3a0f3d000] [id=7289]

VM state:at safepoint (normal execution)

VM Mutex/Monitor currently owned by a thread:  ([mutex/lock_event])
[0x00007fc3ac0084c0] Threads_lock - owner thread: 0x00007fc3ac071800
[0x00007fc3ac0089c0] Heap_lock - owner thread: 0x00007fc3ac00a800

Heap
 PSYoungGen      total 31744K, used 2041K [0x00000000eaa80000, 0x00000000ecb80000, 0x0000000100000000)
  eden space 29696K, 0% used [0x00000000eaa80000,0x00000000eaa80000,0x00000000ec780000)
  from space 2048K, 99% used [0x00000000ec780000,0x00000000ec97e4c0,0x00000000ec980000)
  to   space 2048K, 0% used [0x00000000ec980000,0x00000000ec980000,0x00000000ecb80000)
 ParOldGen       total 37888K, used 18969K [0x00000000c0000000, 0x00000000c2500000, 0x00000000eaa80000)
  object space 37888K, 50% used [0x00000000c0000000,0x00000000c1286740,0x00000000c2500000)
 PSPermGen       total 21504K, used 7147K [0x00000000b5a00000, 0x00000000b6f00000, 0x00000000c0000000)
  object space 21504K, 33% used [0x00000000b5a00000,0x00000000b60faf08,0x00000000b6f00000)

Card table byte_map: [0x00007fc3a8dac000,0x00007fc3a9000000] byte_map_base: 0x00007fc3a87ff000

Polling page: 0x00007fc3b30ac000

Code Cache  [0x00007fc3a9000000, 0x00007fc3a9270000, 0x00007fc3ac000000)
 total_blobs=752 nmethods=504 adapters=202 free_code_cache=47623Kb largest_free_block=48733376

Compilation events (10 events):
Event: 50.903 Thread 0x00007fc3ac0a5000 nmethod 509 0x00007fc3a9182550 code [0x00007fc3a91826c0, 0x00007fc3a91827f0]
Event: 50.907 Thread 0x00007fc3ac0a5000  510             com.android.dx.io.OpcodeInfo::getIndexType (8 bytes)
Event: 50.919 Thread 0x00007fc3ac0a5000 nmethod 510 0x00007fc3a9182290 code [0x00007fc3a91823e0, 0x00007fc3a9182478]
Event: 50.919 Thread 0x00007fc3ac0a5000  511             com.android.dx.io.OpcodeInfo$Info::getIndexType (5 bytes)
Event: 50.920 Thread 0x00007fc3ac0a5000 nmethod 511 0x00007fc3a9182090 code [0x00007fc3a91821c0, 0x00007fc3a9182218]
Event: 50.920 Thread 0x00007fc3ac0a5000  512             com.android.dx.io.instructions.OneRegisterDecodedInstruction::<init> (20 bytes)
Event: 50.932 Thread 0x00007fc3ac0a5000 nmethod 512 0x00007fc3a9181d50 code [0x00007fc3a9181ea0, 0x00007fc3a9181f98]
Event: 50.932 Thread 0x00007fc3ac0a5000  513             com.android.dx.merge.DexMerger::transformDebugInfoItem (313 bytes)
Event: 50.983 Thread 0x00007fc3ac0a8000 nmethod 508 0x00007fc3a9184190 code [0x00007fc3a9184620, 0x00007fc3a91851b8]
Event: 52.116 Thread 0x00007fc3ac0a8000  514             com.android.dx.io.instructions.InstructionCodec::access$100 (5 bytes)

GC Heap History (9 events):
Event: 3.247 GC heap before
{Heap before GC invocations=1 (full 0):
 PSYoungGen      total 16896K, used 14848K [0x00000000eaa80000, 0x00000000ebd00000, 0x0000000100000000)
  eden space 14848K, 100% used [0x00000000eaa80000,0x00000000eb900000,0x00000000eb900000)
  from space 2048K, 0% used [0x00000000ebb00000,0x00000000ebb00000,0x00000000ebd00000)
  to   space 2048K, 0% used [0x00000000eb900000,0x00000000eb900000,0x00000000ebb00000)
 ParOldGen       total 37888K, used 0K [0x00000000c0000000, 0x00000000c2500000, 0x00000000eaa80000)
  object space 37888K, 0% used [0x00000000c0000000,0x00000000c0000000,0x00000000c2500000)
 PSPermGen       total 21504K, used 5171K [0x00000000b5a00000, 0x00000000b6f00000, 0x00000000c0000000)
  object space 21504K, 24% used [0x00000000b5a00000,0x00000000b5f0cf40,0x00000000b6f00000)
Event: 3.275 GC heap after
Heap after GC invocations=1 (full 0):
 PSYoungGen      total 16896K, used 2016K [0x00000000eaa80000, 0x00000000ebd00000, 0x0000000100000000)
  eden space 14848K, 0% used [0x00000000eaa80000,0x00000000eaa80000,0x00000000eb900000)
  from space 2048K, 98% used [0x00000000eb900000,0x00000000ebaf8018,0x00000000ebb00000)
  to   space 2048K, 0% used [0x00000000ebb00000,0x00000000ebb00000,0x00000000ebd00000)
 ParOldGen       total 37888K, used 1832K [0x00000000c0000000, 0x00000000c2500000, 0x00000000eaa80000)
  object space 37888K, 4% used [0x00000000c0000000,0x00000000c01ca3d8,0x00000000c2500000)
 PSPermGen       total 21504K, used 5171K [0x00000000b5a00000, 0x00000000b6f00000, 0x00000000c0000000)
  object space 21504K, 24% used [0x00000000b5a00000,0x00000000b5f0cf40,0x00000000b6f00000)
}
Event: 6.737 GC heap before
{Heap before GC invocations=2 (full 0):
 PSYoungGen      total 16896K, used 16864K [0x00000000eaa80000, 0x00000000ebd00000, 0x0000000100000000)
  eden space 14848K, 100% used [0x00000000eaa80000,0x00000000eb900000,0x00000000eb900000)
  from space 2048K, 98% used [0x00000000eb900000,0x00000000ebaf8018,0x00000000ebb00000)
  to   space 2048K, 0% used [0x00000000ebb00000,0x00000000ebb00000,0x00000000ebd00000)
 ParOldGen       total 37888K, used 1832K [0x00000000c0000000, 0x00000000c2500000, 0x00000000eaa80000)
  object space 37888K, 4% used [0x00000000c0000000,0x00000000c01ca3d8,0x00000000c2500000)
 PSPermGen       total 21504K, used 5340K [0x00000000b5a00000, 0x00000000b6f00000, 0x00000000c0000000)
  object space 21504K, 24% used [0x00000000b5a00000,0x00000000b5f370d8,0x00000000b6f00000)
Event: 6.812 GC heap after
Heap after GC invocations=2 (full 0):
 PSYoungGen      total 16896K, used 2016K [0x00000000eaa80000, 0x00000000ecb80000, 0x0000000100000000)
  eden space 14848K, 0% used [0x00000000eaa80000,0x00000000eaa80000,0x00000000eb900000)
  from space 2048K, 98% used [0x00000000ebb00000,0x00000000ebcf8010,0x00000000ebd00000)
  to   space 2048K, 0% used [0x00000000eb900000,0x00000000eb900000,0x00000000ebb00000)
 ParOldGen       total 37888K, used 4668K [0x00000000c0000000, 0x00000000c2500000, 0x00000000eaa80000)
  object space 37888K, 12% used [0x00000000c0000000,0x00000000c048f190,0x00000000c2500000)
 PSPermGen       total 21504K, used 5340K [0x00000000b5a00000, 0x00000000b6f00000, 0x00000000c0000000)
  object space 21504K, 24% used [0x00000000b5a00000,0x00000000b5f370d8,0x00000000b6f00000)
}
Event: 10.865 GC heap before
{Heap before GC invocations=3 (full 0):
 PSYoungGen      total 16896K, used 16861K [0x00000000eaa80000, 0x00000000ecb80000, 0x0000000100000000)
  eden space 14848K, 99% used [0x00000000eaa80000,0x00000000eb8ff6c8,0x00000000eb900000)
  from space 2048K, 98% used [0x00000000ebb00000,0x00000000ebcf8010,0x00000000ebd00000)
  to   space 2048K, 0% used [0x00000000eb900000,0x00000000eb900000,0x00000000ebb00000)
 ParOldGen       total 37888K, used 4668K [0x00000000c0000000, 0x00000000c2500000, 0x00000000eaa80000)
  object space 37888K, 12% used [0x00000000c0000000,0x00000000c048f190,0x00000000c2500000)
 PSPermGen       total 21504K, used 5779K [0x00000000b5a00000, 0x00000000b6f00000, 0x00000000c0000000)
  object space 21504K, 26% used [0x00000000b5a00000,0x00000000b5fa4e60,0x00000000b6f00000)
Event: 10.967 GC heap after
Heap after GC invocations=3 (full 0):
 PSYoungGen      total 16896K, used 2019K [0x00000000eaa80000, 0x00000000ecb80000, 0x0000000100000000)
  eden space 14848K, 0% used [0x00000000eaa80000,0x00000000eaa80000,0x00000000eb900000)
  from space 2048K, 98% used [0x00000000eb900000,0x00000000ebaf8f00,0x00000000ebb00000)
  to   space 2048K, 0% used [0x00000000ec980000,0x00000000ec980000,0x00000000ecb80000)
 ParOldGen       total 37888K, used 8632K [0x00000000c0000000, 0x00000000c2500000, 0x00000000eaa80000)
  object space 37888K, 22% used [0x00000000c0000000,0x00000000c086e338,0x00000000c2500000)
 PSPermGen       total 21504K, used 5779K [0x00000000b5a00000, 0x00000000b6f00000, 0x00000000c0000000)
  object space 21504K, 26% used [0x00000000b5a00000,0x00000000b5fa4e60,0x00000000b6f00000)
}
Event: 11.553 GC heap before
{Heap before GC invocations=4 (full 0):
 PSYoungGen      total 16896K, used 16754K [0x00000000eaa80000, 0x00000000ecb80000, 0x0000000100000000)
  eden space 14848K, 99% used [0x00000000eaa80000,0x00000000eb8e3ba8,0x00000000eb900000)
  from space 2048K, 98% used [0x00000000eb900000,0x00000000ebaf8f00,0x00000000ebb00000)
  to   space 2048K, 0% used [0x00000000ec980000,0x00000000ec980000,0x00000000ecb80000)
 ParOldGen       total 37888K, used 8632K [0x00000000c0000000, 0x00000000c2500000, 0x00000000eaa80000)
  object space 37888K, 22% used [0x00000000c0000000,0x00000000c086e338,0x00000000c2500000)
 PSPermGen       total 21504K, used 5780K [0x00000000b5a00000, 0x00000000b6f00000, 0x00000000c0000000)
  object space 21504K, 26% used [0x00000000b5a00000,0x00000000b5fa5028,0x00000000b6f00000)
Event: 11.631 GC heap after
Heap after GC invocations=4 (full 0):
 PSYoungGen      total 31744K, used 2037K [0x00000000eaa80000, 0x00000000ecb80000, 0x0000000100000000)
  eden space 29696K, 0% used [0x00000000eaa80000,0x00000000eaa80000,0x00000000ec780000)
  from space 2048K, 99% used [0x00000000ec980000,0x00000000ecb7d660,0x00000000ecb80000)
  to   space 2048K, 0% used [0x00000000ec780000,0x00000000ec780000,0x00000000ec980000)
 ParOldGen       total 37888K, used 12904K [0x00000000c0000000, 0x00000000c2500000, 0x00000000eaa80000)
  object space 37888K, 34% used [0x00000000c0000000,0x00000000c0c9a3b0,0x00000000c2500000)
 PSPermGen       total 21504K, used 5780K [0x00000000b5a00000, 0x00000000b6f00000, 0x00000000c0000000)
  object space 21504K, 26% used [0x00000000b5a00000,0x00000000b5fa5028,0x00000000b6f00000)
}
Event: 58.608 GC heap before
{Heap before GC invocations=5 (full 0):
 PSYoungGen      total 31744K, used 31000K [0x00000000eaa80000, 0x00000000ecb80000, 0x0000000100000000)
  eden space 29696K, 97% used [0x00000000eaa80000,0x00000000ec6c8a40,0x00000000ec780000)
  from space 2048K, 99% used [0x00000000ec980000,0x00000000ecb7d660,0x00000000ecb80000)
  to   space 2048K, 0% used [0x00000000ec780000,0x00000000ec780000,0x00000000ec980000)
 ParOldGen       total 37888K, used 12904K [0x00000000c0000000, 0x00000000c2500000, 0x00000000eaa80000)
  object space 37888K, 34% used [0x00000000c0000000,0x00000000c0c9a3b0,0x00000000c2500000)
 PSPermGen       total 21504K, used 7147K [0x00000000b5a00000, 0x00000000b6f00000, 0x00000000c0000000)
  object space 21504K, 33% used [0x00000000b5a00000,0x00000000b60faf08,0x00000000b6f00000)

Deoptimization events (10 events):
Event: 38.783 Thread 0x00007fc3ac00a800 Uncommon trap: reason=class_check action=maybe_recompile pc=0x00007fc3a913d9a4 method=com.android.dex.Leb128.writeUnsignedLeb128(Lcom/android/dex/util/ByteOutput;I)V @ 40
Event: 38.785 Thread 0x00007fc3ac00a800 Uncommon trap: reason=class_check action=maybe_recompile pc=0x00007fc3a913d9a4 method=com.android.dex.Leb128.writeUnsignedLeb128(Lcom/android/dex/util/ByteOutput;I)V @ 40
Event: 38.785 Thread 0x00007fc3ac00a800 Uncommon trap: reason=class_check action=maybe_recompile pc=0x00007fc3a913d9a4 method=com.android.dex.Leb128.writeUnsignedLeb128(Lcom/android/dex/util/ByteOutput;I)V @ 40
Event: 38.785 Thread 0x00007fc3ac00a800 Uncommon trap: reason=class_check action=maybe_recompile pc=0x00007fc3a913d9a4 method=com.android.dex.Leb128.writeUnsignedLeb128(Lcom/android/dex/util/ByteOutput;I)V @ 40
Event: 41.551 Thread 0x00007fc3ac00a800 Uncommon trap: reason=predicate action=maybe_recompile pc=0x00007fc3a9158430 method=com.android.dex.Leb128.writeUnsignedLeb128(Lcom/android/dex/util/ByteOutput;I)V @ 9
Event: 43.582 Thread 0x00007fc3ac00a800 Uncommon trap: reason=predicate action=maybe_recompile pc=0x00007fc3a9161190 method=com.android.dex.Leb128.readUnsignedLeb128(Lcom/android/dex/util/ByteInput;)I @ 41
Event: 47.097 Thread 0x00007fc3ac00a800 Uncommon trap: reason=bimorphic action=maybe_recompile pc=0x00007fc3a916cfd8 method=com.android.dx.merge.DexMerger$IdMerger.mergeSorted()V @ 372
Event: 47.121 Thread 0x00007fc3ac00a800 Uncommon trap: reason=bimorphic action=maybe_recompile pc=0x00007fc3a916cf9c method=com.android.dx.merge.DexMerger$IdMerger.mergeSorted()V @ 11
Event: 47.531 Thread 0x00007fc3ac00a800 Uncommon trap: reason=bimorphic action=maybe_recompile pc=0x00007fc3a916cf9c method=com.android.dx.merge.DexMerger$IdMerger.mergeSorted()V @ 11
Event: 47.540 Thread 0x00007fc3ac00a800 Uncommon trap: reason=bimorphic action=maybe_recompile pc=0x00007fc3a916cf9c method=com.android.dx.merge.DexMerger$IdMerger.mergeSorted()V @ 11

Internal exceptions (10 events):
Event: 41.892 Thread 0x00007fc3ac00a800 Threw 0x00000000ebbe4f10 at /build/java7-openjdk/src/icedtea-2.5.5/openjdk/hotspot/src/share/vm/prims/jvm.cpp:1284
Event: 41.893 Thread 0x00007fc3ac00a800 Threw 0x00000000ebbe7d68 at /build/java7-openjdk/src/icedtea-2.5.5/openjdk/hotspot/src/share/vm/prims/jvm.cpp:1284
Event: 41.895 Thread 0x00007fc3ac00a800 Threw 0x00000000ebbeac98 at /build/java7-openjdk/src/icedtea-2.5.5/openjdk/hotspot/src/share/vm/prims/jvm.cpp:1284
Event: 41.898 Thread 0x00007fc3ac00a800 Threw 0x00000000ebbedca8 at /build/java7-openjdk/src/icedtea-2.5.5/openjdk/hotspot/src/share/vm/prims/jvm.cpp:1284
Event: 41.983 Thread 0x00007fc3ac00a800 Threw 0x00000000ebbf14f8 at /build/java7-openjdk/src/icedtea-2.5.5/openjdk/hotspot/src/share/vm/prims/jvm.cpp:1284
Event: 41.992 Thread 0x00007fc3ac00a800 Threw 0x00000000ebbf4230 at /build/java7-openjdk/src/icedtea-2.5.5/openjdk/hotspot/src/share/vm/prims/jvm.cpp:1284
Event: 41.994 Thread 0x00007fc3ac00a800 Threw 0x00000000ebbf7128 at /build/java7-openjdk/src/icedtea-2.5.5/openjdk/hotspot/src/share/vm/prims/jvm.cpp:1284
Event: 41.997 Thread 0x00007fc3ac00a800 Threw 0x00000000ebbfa438 at /build/java7-openjdk/src/icedtea-2.5.5/openjdk/hotspot/src/share/vm/prims/jvm.cpp:1284
Event: 42.018 Thread 0x00007fc3ac00a800 Threw 0x00000000ebc41790 at /build/java7-openjdk/src/icedtea-2.5.5/openjdk/hotspot/src/share/vm/prims/jvm.cpp:1284
Event: 42.021 Thread 0x00007fc3ac00a800 Threw 0x00000000ebc437e8 at /build/java7-openjdk/src/icedtea-2.5.5/openjdk/hotspot/src/share/vm/prims/jvm.cpp:1284

Events (10 events):
Event: 47.121 Thread 0x00007fc3ac00a800 DEOPT PACKING pc=0x00007fc3a916cf9c sp=0x00007fc3b3076650
Event: 47.121 Thread 0x00007fc3ac00a800 DEOPT UNPACKING pc=0x00007fc3a9039045 sp=0x00007fc3b30765f0 mode 2
Event: 47.403 Thread 0x00007fc3ac00a800 Uncommon trap: trap_request=0xffffffc6 fr.pc=0x00007fc3a916cf9c
Event: 47.533 Thread 0x00007fc3ac00a800 DEOPT PACKING pc=0x00007fc3a916cf9c sp=0x00007fc3b3076650
Event: 47.533 Thread 0x00007fc3ac00a800 DEOPT UNPACKING pc=0x00007fc3a9039045 sp=0x00007fc3b30765f0 mode 2
Event: 47.540 Thread 0x00007fc3ac00a800 Uncommon trap: trap_request=0xffffffc6 fr.pc=0x00007fc3a916cf9c
Event: 47.545 Thread 0x00007fc3ac00a800 DEOPT PACKING pc=0x00007fc3a916cf9c sp=0x00007fc3b3076650
Event: 47.545 Thread 0x00007fc3ac00a800 DEOPT UNPACKING pc=0x00007fc3a9039045 sp=0x00007fc3b30765f0 mode 2
Event: 50.599 Thread 0x00007fc3ac0a8000 flushing nmethod 0x00007fc3a9133a50
Event: 58.027 Executing VM operation: ParallelGCFailedAllocation


Dynamic libraries:
00400000-00401000 r-xp 00000000 08:01 2366745                            /usr/lib/jvm/java-7-openjdk/jre/bin/java
00600000-00601000 rw-p 00000000 08:01 2366745                            /usr/lib/jvm/java-7-openjdk/jre/bin/java
0079b000-007bc000 rw-p 00000000 00:00 0                                  [heap]
b5a00000-b6f00000 rw-p 00000000 00:00 0 
b6f00000-c0000000 rw-p 00000000 00:00 0 
c0000000-c2500000 rw-p 00000000 00:00 0 
c2500000-eaa80000 rw-p 00000000 00:00 0 
eaa80000-ecb80000 rw-p 00000000 00:00 0 
ef680000-100000000 rw-p 00000000 00:00 0 
7fc378000000-7fc378021000 rw-p 00000000 00:00 0 
7fc378021000-7fc37c000000 ---p 00000000 00:00 0 
7fc37f76d000-7fc37f7db000 r-xp 00000000 08:01 2107921                    /usr/lib/libpcre.so.1.2.4
7fc37f7db000-7fc37f9da000 ---p 0006e000 08:01 2107921                    /usr/lib/libpcre.so.1.2.4
7fc37f9da000-7fc37f9db000 r--p 0006d000 08:01 2107921                    /usr/lib/libpcre.so.1.2.4
7fc37f9db000-7fc37f9dc000 rw-p 0006e000 08:01 2107921                    /usr/lib/libpcre.so.1.2.4
7fc37f9dc000-7fc37f9e4000 r-xp 00000000 08:01 2108050                    /usr/lib/libffi.so.6.0.4
7fc37f9e4000-7fc37fbe3000 ---p 00008000 08:01 2108050                    /usr/lib/libffi.so.6.0.4
7fc37fbe3000-7fc37fbe4000 r--p 00007000 08:01 2108050                    /usr/lib/libffi.so.6.0.4
7fc37fbe4000-7fc37fbe5000 rw-p 00008000 08:01 2108050                    /usr/lib/libffi.so.6.0.4
7fc37fbe5000-7fc37fbf9000 r-xp 00000000 08:01 2100312                    /usr/lib/libresolv-2.21.so
7fc37fbf9000-7fc37fdf8000 ---p 00014000 08:01 2100312                    /usr/lib/libresolv-2.21.so
7fc37fdf8000-7fc37fdf9000 r--p 00013000 08:01 2100312                    /usr/lib/libresolv-2.21.so
7fc37fdf9000-7fc37fdfa000 rw-p 00014000 08:01 2100312                    /usr/lib/libresolv-2.21.so
7fc37fdfa000-7fc37fdfc000 rw-p 00000000 00:00 0 
7fc37fdfc000-7fc37fdff000 r-xp 00000000 08:01 2108116                    /usr/lib/libgmodule-2.0.so.0.4400.0
7fc37fdff000-7fc37fffe000 ---p 00003000 08:01 2108116                    /usr/lib/libgmodule-2.0.so.0.4400.0
7fc37fffe000-7fc37ffff000 r--p 00002000 08:01 2108116                    /usr/lib/libgmodule-2.0.so.0.4400.0
7fc37ffff000-7fc380000000 rw-p 00003000 08:01 2108116                    /usr/lib/libgmodule-2.0.so.0.4400.0
7fc380000000-7fc380a71000 rw-p 00000000 00:00 0 
7fc380a71000-7fc384000000 ---p 00000000 00:00 0 
7fc384000000-7fc384021000 rw-p 00000000 00:00 0 
7fc384021000-7fc388000000 ---p 00000000 00:00 0 
7fc388000000-7fc388021000 rw-p 00000000 00:00 0 
7fc388021000-7fc38c000000 ---p 00000000 00:00 0 
7fc38c000000-7fc38c5c2000 rw-p 00000000 00:00 0 
7fc38c5c2000-7fc390000000 ---p 00000000 00:00 0 
7fc390000000-7fc390021000 rw-p 00000000 00:00 0 
7fc390021000-7fc394000000 ---p 00000000 00:00 0 
7fc394000000-7fc394021000 rw-p 00000000 00:00 0 
7fc394021000-7fc398000000 ---p 00000000 00:00 0 
7fc398000000-7fc398021000 rw-p 00000000 00:00 0 
7fc398021000-7fc39c000000 ---p 00000000 00:00 0 
7fc39c000000-7fc39c021000 rw-p 00000000 00:00 0 
7fc39c021000-7fc3a0000000 ---p 00000000 00:00 0 
7fc3a0106000-7fc3a0212000 r-xp 00000000 08:01 2108115                    /usr/lib/libglib-2.0.so.0.4400.0
7fc3a0212000-7fc3a0411000 ---p 0010c000 08:01 2108115                    /usr/lib/libglib-2.0.so.0.4400.0
7fc3a0411000-7fc3a0412000 r--p 0010b000 08:01 2108115                    /usr/lib/libglib-2.0.so.0.4400.0
7fc3a0412000-7fc3a0413000 rw-p 0010c000 08:01 2108115                    /usr/lib/libglib-2.0.so.0.4400.0
7fc3a0413000-7fc3a0414000 rw-p 00000000 00:00 0 
7fc3a0414000-7fc3a0463000 r-xp 00000000 08:01 2108119                    /usr/lib/libgobject-2.0.so.0.4400.0
7fc3a0463000-7fc3a0663000 ---p 0004f000 08:01 2108119                    /usr/lib/libgobject-2.0.so.0.4400.0
7fc3a0663000-7fc3a0664000 r--p 0004f000 08:01 2108119                    /usr/lib/libgobject-2.0.so.0.4400.0
7fc3a0664000-7fc3a0665000 rw-p 00050000 08:01 2108119                    /usr/lib/libgobject-2.0.so.0.4400.0
7fc3a0665000-7fc3a07db000 r-xp 00000000 08:01 2108120                    /usr/lib/libgio-2.0.so.0.4400.0
7fc3a07db000-7fc3a09db000 ---p 00176000 08:01 2108120                    /usr/lib/libgio-2.0.so.0.4400.0
7fc3a09db000-7fc3a09df000 r--p 00176000 08:01 2108120                    /usr/lib/libgio-2.0.so.0.4400.0
7fc3a09df000-7fc3a09e1000 rw-p 0017a000 08:01 2108120                    /usr/lib/libgio-2.0.so.0.4400.0
7fc3a09e1000-7fc3a09e3000 rw-p 00000000 00:00 0 
7fc3a0a14000-7fc3a0a2b000 r-xp 00000000 08:01 2366719                    /usr/lib/jvm/java-7-openjdk/jre/lib/amd64/libnet.so
7fc3a0a2b000-7fc3a0c2a000 ---p 00017000 08:01 2366719                    /usr/lib/jvm/java-7-openjdk/jre/lib/amd64/libnet.so
7fc3a0c2a000-7fc3a0c2b000 rw-p 00016000 08:01 2366719                    /usr/lib/jvm/java-7-openjdk/jre/lib/amd64/libnet.so
7fc3a0c2b000-7fc3a0c3b000 r-xp 00000000 08:01 2366720                    /usr/lib/jvm/java-7-openjdk/jre/lib/amd64/libnio.so
7fc3a0c3b000-7fc3a0e3b000 ---p 00010000 08:01 2366720                    /usr/lib/jvm/java-7-openjdk/jre/lib/amd64/libnio.so
7fc3a0e3b000-7fc3a0e3c000 rw-p 00010000 08:01 2366720                    /usr/lib/jvm/java-7-openjdk/jre/lib/amd64/libnio.so
7fc3a0e3c000-7fc3a0e3d000 ---p 00000000 00:00 0 
7fc3a0e3d000-7fc3a0f3d000 rw-p 00000000 00:00 0                          [stack:7289]
7fc3a0f3d000-7fc3a0f40000 ---p 00000000 00:00 0 
7fc3a0f40000-7fc3a103e000 rw-p 00000000 00:00 0                          [stack:7288]
7fc3a103e000-7fc3a1041000 ---p 00000000 00:00 0 
7fc3a1041000-7fc3a113f000 rw-p 00000000 00:00 0                          [stack:7287]
7fc3a113f000-7fc3a1142000 ---p 00000000 00:00 0 
7fc3a1142000-7fc3a1240000 rw-p 00000000 00:00 0                          [stack:7286]
7fc3a1240000-7fc3a1243000 ---p 00000000 00:00 0 
7fc3a1243000-7fc3a1341000 rw-p 00000000 00:00 0                          [stack:7285]
7fc3a1341000-7fc3a14ca000 r--p 00000000 08:01 2117377                    /usr/lib/locale/locale-archive
7fc3a14ca000-7fc3a14cd000 ---p 00000000 00:00 0 
7fc3a14cd000-7fc3a15cb000 rw-p 00000000 00:00 0                          [stack:7284]
7fc3a15cb000-7fc3a15ce000 ---p 00000000 00:00 0 
7fc3a15ce000-7fc3a16cc000 rw-p 00000000 00:00 0                          [stack:7283]
7fc3a16cc000-7fc3a16cd000 ---p 00000000 00:00 0 
7fc3a16cd000-7fc3a4000000 rw-p 00000000 00:00 0                          [stack:7282]
7fc3a4000000-7fc3a4021000 rw-p 00000000 00:00 0 
7fc3a4021000-7fc3a8000000 ---p 00000000 00:00 0 
7fc3a8023000-7fc3a86d5000 rw-p 00000000 00:00 0 
7fc3a86d5000-7fc3a8886000 r--s 01d27000 08:01 2366535                    /usr/lib/jvm/java-7-openjdk/jre/lib/rt.jar
7fc3a8886000-7fc3a8baa000 rw-p 00000000 00:00 0 
7fc3a8baa000-7fc3a8bab000 ---p 00000000 00:00 0 
7fc3a8bab000-7fc3a8cab000 rw-p 00000000 00:00 0                          [stack:7281]
7fc3a8cab000-7fc3a8cac000 ---p 00000000 00:00 0 
7fc3a8cac000-7fc3a8db7000 rw-p 00000000 00:00 0                          [stack:7280]
7fc3a8db7000-7fc3a8dff000 rw-p 00000000 00:00 0 
7fc3a8dff000-7fc3a8e12000 rw-p 00000000 00:00 0 
7fc3a8e12000-7fc3a8f54000 rw-p 00000000 00:00 0 
7fc3a8f54000-7fc3a8f65000 rw-p 00000000 00:00 0 
7fc3a8f65000-7fc3a8fff000 rw-p 00000000 00:00 0 
7fc3a8fff000-7fc3a9000000 rw-p 00000000 00:00 0 
7fc3a9000000-7fc3a9270000 rwxp 00000000 00:00 0 
7fc3a9270000-7fc3ac208000 rw-p 00000000 00:00 0 
7fc3ac208000-7fc3b0000000 ---p 00000000 00:00 0 
7fc3b0010000-7fc3b0043000 rw-p 00000000 00:00 0 
7fc3b0043000-7fc3b008b000 rw-p 00000000 00:00 0 
7fc3b008b000-7fc3b009e000 rw-p 00000000 00:00 0 
7fc3b009e000-7fc3b01e1000 rw-p 00000000 00:00 0 
7fc3b01e1000-7fc3b01e9000 r-xp 00000000 08:01 2366718                    /usr/lib/jvm/java-7-openjdk/jre/lib/amd64/libzip.so
7fc3b01e9000-7fc3b03e8000 ---p 00008000 08:01 2366718                    /usr/lib/jvm/java-7-openjdk/jre/lib/amd64/libzip.so
7fc3b03e8000-7fc3b03e9000 rw-p 00007000 08:01 2366718                    /usr/lib/jvm/java-7-openjdk/jre/lib/amd64/libzip.so
7fc3b03e9000-7fc3b03f4000 r-xp 00000000 08:01 2100316                    /usr/lib/libnss_files-2.21.so
7fc3b03f4000-7fc3b05f4000 ---p 0000b000 08:01 2100316                    /usr/lib/libnss_files-2.21.so
7fc3b05f4000-7fc3b05f5000 r--p 0000b000 08:01 2100316                    /usr/lib/libnss_files-2.21.so
7fc3b05f5000-7fc3b05f6000 rw-p 0000c000 08:01 2100316                    /usr/lib/libnss_files-2.21.so
7fc3b05f6000-7fc3b0622000 r-xp 00000000 08:01 2366717                    /usr/lib/jvm/java-7-openjdk/jre/lib/amd64/libjava.so
7fc3b0622000-7fc3b0821000 ---p 0002c000 08:01 2366717                    /usr/lib/jvm/java-7-openjdk/jre/lib/amd64/libjava.so
7fc3b0821000-7fc3b0823000 rw-p 0002b000 08:01 2366717                    /usr/lib/jvm/java-7-openjdk/jre/lib/amd64/libjava.so
7fc3b0823000-7fc3b0830000 r-xp 00000000 08:01 2366716                    /usr/lib/jvm/java-7-openjdk/jre/lib/amd64/libverify.so
7fc3b0830000-7fc3b0a2f000 ---p 0000d000 08:01 2366716                    /usr/lib/jvm/java-7-openjdk/jre/lib/amd64/libverify.so
7fc3b0a2f000-7fc3b0a31000 rw-p 0000c000 08:01 2366716                    /usr/lib/jvm/java-7-openjdk/jre/lib/amd64/libverify.so
7fc3b0a31000-7fc3b0a38000 r-xp 00000000 08:01 2100348                    /usr/lib/librt-2.21.so
7fc3b0a38000-7fc3b0c37000 ---p 00007000 08:01 2100348                    /usr/lib/librt-2.21.so
7fc3b0c37000-7fc3b0c38000 r--p 00006000 08:01 2100348                    /usr/lib/librt-2.21.so
7fc3b0c38000-7fc3b0c39000 rw-p 00007000 08:01 2100348                    /usr/lib/librt-2.21.so
7fc3b0c39000-7fc3b0c4f000 r-xp 00000000 08:01 2100680                    /usr/lib/libgcc_s.so.1
7fc3b0c4f000-7fc3b0e4e000 ---p 00016000 08:01 2100680                    /usr/lib/libgcc_s.so.1
7fc3b0e4e000-7fc3b0e4f000 rw-p 00015000 08:01 2100680                    /usr/lib/libgcc_s.so.1
7fc3b0e4f000-7fc3b0f52000 r-xp 00000000 08:01 2100375                    /usr/lib/libm-2.21.so
7fc3b0f52000-7fc3b1152000 ---p 00103000 08:01 2100375                    /usr/lib/libm-2.21.so
7fc3b1152000-7fc3b1153000 r--p 00103000 08:01 2100375                    /usr/lib/libm-2.21.so
7fc3b1153000-7fc3b1154000 rw-p 00104000 08:01 2100375                    /usr/lib/libm-2.21.so
7fc3b1154000-7fc3b1244000 r-xp 00000000 08:01 2100684                    /usr/lib/libstdc++.so.6.0.20
7fc3b1244000-7fc3b1444000 ---p 000f0000 08:01 2100684                    /usr/lib/libstdc++.so.6.0.20
7fc3b1444000-7fc3b144c000 r--p 000f0000 08:01 2100684                    /usr/lib/libstdc++.so.6.0.20
7fc3b144c000-7fc3b144e000 rw-p 000f8000 08:01 2100684                    /usr/lib/libstdc++.so.6.0.20
7fc3b144e000-7fc3b1463000 rw-p 00000000 00:00 0 
7fc3b1463000-7fc3b1fb8000 r-xp 00000000 08:01 2496333                    /usr/lib/jvm/java-7-openjdk/jre/lib/amd64/server/libjvm.so
7fc3b1fb8000-7fc3b21b8000 ---p 00b55000 08:01 2496333                    /usr/lib/jvm/java-7-openjdk/jre/lib/amd64/server/libjvm.so
7fc3b21b8000-7fc3b227a000 rw-p 00b55000 08:01 2496333                    /usr/lib/jvm/java-7-openjdk/jre/lib/amd64/server/libjvm.so
7fc3b227a000-7fc3b22a6000 rw-p 00000000 00:00 0 
7fc3b22a6000-7fc3b22bb000 r-xp 00000000 08:01 2103417                    /usr/lib/libz.so.1.2.8
7fc3b22bb000-7fc3b24ba000 ---p 00015000 08:01 2103417                    /usr/lib/libz.so.1.2.8
7fc3b24ba000-7fc3b24bb000 r--p 00014000 08:01 2103417                    /usr/lib/libz.so.1.2.8
7fc3b24bb000-7fc3b24bc000 rw-p 00015000 08:01 2103417                    /usr/lib/libz.so.1.2.8
7fc3b24bc000-7fc3b2655000 r-xp 00000000 08:01 2100327                    /usr/lib/libc-2.21.so
7fc3b2655000-7fc3b2855000 ---p 00199000 08:01 2100327                    /usr/lib/libc-2.21.so
7fc3b2855000-7fc3b2859000 r--p 00199000 08:01 2100327                    /usr/lib/libc-2.21.so
7fc3b2859000-7fc3b285b000 rw-p 0019d000 08:01 2100327                    /usr/lib/libc-2.21.so
7fc3b285b000-7fc3b285f000 rw-p 00000000 00:00 0 
7fc3b285f000-7fc3b2861000 r-xp 00000000 08:01 2100357                    /usr/lib/libdl-2.21.so
7fc3b2861000-7fc3b2a61000 ---p 00002000 08:01 2100357                    /usr/lib/libdl-2.21.so
7fc3b2a61000-7fc3b2a62000 r--p 00002000 08:01 2100357                    /usr/lib/libdl-2.21.so
7fc3b2a62000-7fc3b2a63000 rw-p 00003000 08:01 2100357                    /usr/lib/libdl-2.21.so
7fc3b2a63000-7fc3b2a70000 r-xp 00000000 08:01 2496326                    /usr/lib/jvm/java-7-openjdk/jre/lib/amd64/jli/libjli.so
7fc3b2a70000-7fc3b2c6f000 ---p 0000d000 08:01 2496326                    /usr/lib/jvm/java-7-openjdk/jre/lib/amd64/jli/libjli.so
7fc3b2c6f000-7fc3b2c70000 rw-p 0000c000 08:01 2496326                    /usr/lib/jvm/java-7-openjdk/jre/lib/amd64/jli/libjli.so
7fc3b2c70000-7fc3b2c88000 r-xp 00000000 08:01 2100347                    /usr/lib/libpthread-2.21.so
7fc3b2c88000-7fc3b2e87000 ---p 00018000 08:01 2100347                    /usr/lib/libpthread-2.21.so
7fc3b2e87000-7fc3b2e88000 r--p 00017000 08:01 2100347                    /usr/lib/libpthread-2.21.so
7fc3b2e88000-7fc3b2e89000 rw-p 00018000 08:01 2100347                    /usr/lib/libpthread-2.21.so
7fc3b2e89000-7fc3b2e8d000 rw-p 00000000 00:00 0 
7fc3b2e8d000-7fc3b2eaf000 r-xp 00000000 08:01 2100371                    /usr/lib/ld-2.21.so
7fc3b2eb1000-7fc3b2eb2000 rw-p 00000000 00:00 0 
7fc3b2eb2000-7fc3b2eb7000 r--s 0004d000 08:01 2366537                    /usr/lib/jvm/java-7-openjdk/jre/lib/jsse.jar
7fc3b2eb7000-7fc3b2ec1000 rw-p 00000000 00:00 0 
7fc3b2ec1000-7fc3b2f77000 rw-p 00000000 00:00 0 
7fc3b2f77000-7fc3b2f7a000 ---p 00000000 00:00 0 
7fc3b2f7a000-7fc3b307c000 rw-p 00000000 00:00 0                          [stack:7279]
7fc3b307c000-7fc3b308b000 r--s 000dd000 08:01 3934707                    /home/effi/Android/Sdk/build-tools/21.1.2/lib/dx.jar
7fc3b308b000-7fc3b30a3000 rw-p 00000000 00:00 0 
7fc3b30a3000-7fc3b30ab000 rw-s 00000000 00:20 275078                     /tmp/hsperfdata_effi/7274
7fc3b30ab000-7fc3b30ac000 rw-p 00000000 00:00 0 
7fc3b30ac000-7fc3b30ad000 ---p 00000000 00:00 0 
7fc3b30ad000-7fc3b30ae000 rw-p 00000000 00:00 0 
7fc3b30ae000-7fc3b30af000 r--p 00021000 08:01 2100371                    /usr/lib/ld-2.21.so
7fc3b30af000-7fc3b30b0000 rw-p 00022000 08:01 2100371                    /usr/lib/ld-2.21.so
7fc3b30b0000-7fc3b30b1000 rw-p 00000000 00:00 0 
7ffcb1648000-7ffcb166a000 rw-p 00000000 00:00 0                          [stack]
7ffcb1786000-7ffcb1788000 r--p 00000000 00:00 0                          [vvar]
7ffcb1788000-7ffcb178a000 r-xp 00000000 00:00 0                          [vdso]
ffffffffff600000-ffffffffff601000 r-xp 00000000 00:00 0                  [vsyscall]

VM Arguments:
jvm_args: -Xmx1024M -Dfile.encoding=UTF-8 -Duser.country=US -Duser.language=en -Duser.variant 
java_command: com.android.dx.command.Main --dex --output /home/effi/Android/SMRTMS/app/build/intermediates/dex/debug /home/effi/Android/SMRTMS/app/build/intermediates/classes/debug /home/effi/Android/SMRTMS/app/build/intermediates/pre-dexed/debug/support-annotations-22.0.0-6d9f7510f70aca852d4d9b5b508f9259296609ee.jar /home/effi/Android/SMRTMS/app/build/intermediates/pre-dexed/debug/classes-829c1dd5a85495988e0515876ccf6b99d12a8aa1.jar /home/effi/Android/SMRTMS/app/build/intermediates/pre-dexed/debug/classes-24028a87921c5f6c0e81dd021c8968991807a235.jar /home/effi/Android/SMRTMS/app/build/intermediates/pre-dexed/debug/classes-fca18454007baaf2d33555efc1a205f35dc483cb.jar /home/effi/Android/SMRTMS/app/build/intermediates/pre-dexed/debug/classes-3701b7eaf9b0a54b3a3c5d42ee678e92df7f64b4.jar /home/effi/Android/SMRTMS/app/build/intermediates/pre-dexed/debug/classes-4e9361d7e1ffb9caf3f3057e41ed37507422bbd4.jar /home/effi/Android/SMRTMS/app/build/intermediates/pre-dexed/debug/jackson-annotations-2.2.2-10c4cc3ae2a11aed2bf14a026b05bfc1a65cd583.jar /home/effi/Android/SMRTMS/app/build/intermediates/pre-dexed/debug/firebase-client-android-2.2.3-79db9cecb3bcda3790c3212f5c1289abc46e1fa0.jar /home/effi/Android/SMRTMS/app/build/intermediates/pre-dexed/debug/tubesock-0.0.11-8b0580f778917b2b5ddded1057886d5c70cc8691.jar /home/effi/Android/SMRTMS/app/build/intermediates/pre-dexed/debug/classes-4fc9e2d697d9eb10bd1b9588df33ca483f224587.jar /home/effi/Android/SMRTMS/app/build/intermediates/pre-dexed/debug/classes-53d3470e08ea79205986aa665d86ff462d16ec3d.jar /home/effi/Android/SMRTMS/app/build/intermediates/pre-dexed/debug/android-async-http-1.4.5-2ed6c9753acdba148d5f44af76dbf76996b687e7.jar /home/effi/Android/SMRTMS/app/build/intermediates/pre-dexed/debug/classes-57a8a54196c9a5429dab373b54ac2b1aee30e14e.jar /home/effi/Android/SMRTMS/app/build/intermediates/pre-dexed/debug/classes-c1735cd463ba0a96bb9c3f417a5210797bc5ffe3.jar /home/effi/Android/SMRTMS/app/build/intermediates/pre-dexed/debug/c
Launcher Type: SUN_STANDARD

Environment Variables:
CLASSPATH=/opt/android-studio/bin/../lib/bootstrap.jar:/opt/android-studio/bin/../lib/extensions.jar:/opt/android-studio/bin/../lib/util.jar:/opt/android-studio/bin/../lib/jdom.jar:/opt/android-studio/bin/../lib/log4j.jar:/opt/android-studio/bin/../lib/trove4j.jar:/opt/android-studio/bin/../lib/jna.jar:/usr/lib/jvm/java-7-openjdk/lib/tools.jar
PATH=/usr/local/sbin:/usr/local/bin:/usr/bin:/usr/lib/jvm/default/bin:/usr/bin/site_perl:/usr/bin/vendor_perl:/usr/bin/core_perl
LD_LIBRARY_PATH=/opt/android-studio/bin:
SHELL=/bin/bash
DISPLAY=:0

Signal Handlers:
SIGSEGV: [libjvm.so+0x989390], sa_mask[0]=0x7ffbfeff, sa_flags=0x10000004
SIGBUS: [libjvm.so+0x989390], sa_mask[0]=0x7ffbfeff, sa_flags=0x10000004
SIGFPE: [libjvm.so+0x7f74d0], sa_mask[0]=0x7ffbfeff, sa_flags=0x10000004
SIGPIPE: [libjvm.so+0x7f74d0], sa_mask[0]=0x7ffbfeff, sa_flags=0x10000004
SIGXFSZ: [libjvm.so+0x7f74d0], sa_mask[0]=0x7ffbfeff, sa_flags=0x10000004
SIGILL: [libjvm.so+0x7f74d0], sa_mask[0]=0x7ffbfeff, sa_flags=0x10000004
SIGUSR1: SIG_DFL, sa_mask[0]=0x00000000, sa_flags=0x00000000
SIGUSR2: [libjvm.so+0x7f7350], sa_mask[0]=0x00000004, sa_flags=0x10000004
SIGHUP: [libjvm.so+0x7f7550], sa_mask[0]=0x7ffbfeff, sa_flags=0x10000004
SIGINT: [libjvm.so+0x7f7550], sa_mask[0]=0x7ffbfeff, sa_flags=0x10000004
SIGTERM: [libjvm.so+0x7f7550], sa_mask[0]=0x7ffbfeff, sa_flags=0x10000004
SIGQUIT: [libjvm.so+0x7f7550], sa_mask[0]=0x7ffbfeff, sa_flags=0x10000004
SIGTRAP: SIG_DFL, sa_mask[0]=0x00000000, sa_flags=0x00000000


---------------  S Y S T E M  ---------------

OS:Linux
uname:Linux 3.19.5-1-ck #1 SMP PREEMPT Sun Apr 19 07:39:25 EDT 2015 x86_64
libc:glibc 2.21 NPTL 2.21 
rlimit: STACK 8192k, CORE 0k, NPROC 14172, NOFILE 4096, AS infinity
load average:9.93 5.10 4.51

/proc/meminfo:
MemTotal:        3633940 kB
MemFree:           84996 kB
MemAvailable:      21992 kB
Buffers:             148 kB
Cached:          1565012 kB
SwapCached:            0 kB
Active:          2359196 kB
Inactive:        1044760 kB
Active(anon):    2353048 kB
Inactive(anon):  1037564 kB
Active(file):       6148 kB
Inactive(file):     7196 kB
Unevictable:          32 kB
Mlocked:              32 kB
SwapTotal:             0 kB
SwapFree:              0 kB
Dirty:                16 kB
Writeback:             0 kB
AnonPages:       1839156 kB
Mapped:            22984 kB
Shmem:           1551488 kB
Slab:              53092 kB
SReclaimable:      29584 kB
SUnreclaim:        23508 kB
KernelStack:        5200 kB
PageTables:        29568 kB
NFS_Unstable:          0 kB
Bounce:                0 kB
WritebackTmp:          0 kB
CommitLimit:     1816968 kB
Committed_AS:    4865840 kB
VmallocTotal:   34359738367 kB
VmallocUsed:       63472 kB
VmallocChunk:   34359667068 kB
HardwareCorrupted:     0 kB
AnonHugePages:    669696 kB
HugePages_Total:       0
HugePages_Free:        0
HugePages_Rsvd:        0
HugePages_Surp:        0
Hugepagesize:       2048 kB
DirectMap4k:     2208832 kB
DirectMap2M:     1566720 kB
DirectMap1G:           0 kB


CPU:total 2 (2 cores per cpu, 1 threads per core) family 20 model 2 stepping 0, cmov, cx8, fxsr, mmx, sse, sse2, sse3, ssse3, popcnt, mmxext, lzcnt, sse4a, tsc, tscinvbit, tscinv

/proc/cpuinfo:
processor	: 0
vendor_id	: AuthenticAMD
cpu family	: 20
model		: 2
model name	: AMD E-450 APU with Radeon(tm) HD Graphics
stepping	: 0
microcode	: 0x5000119
cpu MHz		: 1320.000
cache size	: 512 KB
physical id	: 0
siblings	: 2
core id		: 0
cpu cores	: 2
apicid		: 0
initial apicid	: 0
fpu		: yes
fpu_exception	: yes
cpuid level	: 6
wp		: yes
flags		: fpu vme de pse tsc msr pae mce cx8 apic sep mtrr pge mca cmov pat pse36 clflush mmx fxsr sse sse2 ht syscall nx mmxext fxsr_opt pdpe1gb rdtscp lm constant_tsc rep_good nopl nonstop_tsc extd_apicid aperfmperf pni monitor ssse3 cx16 popcnt lahf_lm cmp_legacy svm extapic cr8_legacy abm sse4a misalignsse 3dnowprefetch ibs skinit wdt arat hw_pstate npt lbrv svm_lock nrip_save pausefilter vmmcall
bugs		: fxsave_leak
bogomips	: 3292.91
TLB size	: 1024 4K pages
clflush size	: 64
cache_alignment	: 64
address sizes	: 36 bits physical, 48 bits virtual
power management: ts ttp tm stc 100mhzsteps hwpstate

processor	: 1
vendor_id	: AuthenticAMD
cpu family	: 20
model		: 2
model name	: AMD E-450 APU with Radeon(tm) HD Graphics
stepping	: 0
microcode	: 0x5000119
cpu MHz		: 1320.000
cache size	: 512 KB
physical id	: 0
siblings	: 2
core id		: 1
cpu cores	: 2
apicid		: 1
initial apicid	: 1
fpu		: yes
fpu_exception	: yes
cpuid level	: 6
wp		: yes
flags		: fpu vme de pse tsc msr pae mce cx8 apic sep mtrr pge mca cmov pat pse36 clflush mmx fxsr sse sse2 ht syscall nx mmxext fxsr_opt pdpe1gb rdtscp lm constant_tsc rep_good nopl nonstop_tsc extd_apicid aperfmperf pni monitor ssse3 cx16 popcnt lahf_lm cmp_legacy svm extapic cr8_legacy abm sse4a misalignsse 3dnowprefetch ibs skinit wdt arat hw_pstate npt lbrv svm_lock nrip_save pausefilter vmmcall
bugs		: fxsave_leak
bogomips	: 3292.91
TLB size	: 1024 4K pages
clflush size	: 64
cache_alignment	: 64
address sizes	: 36 bits physical, 48 bits virtual
power management: ts ttp tm stc 100mhzsteps hwpstate



Memory: 4k page, physical 3633940k(84748k free), swap 0k(0k free)

vm_info: OpenJDK 64-Bit Server VM (24.79-b02) for linux-amd64 JRE (1.7.0_79-b14), built on Apr 15 2015 12:42:59 by "builduser" with gcc 4.9.2 20150304 (prerelease)

time: Mon Apr 27 15:57:54 2015
elapsed time: 61 seconds

