#
# There is insufficient memory for the Java Runtime Environment to continue.
# Native memory allocation (malloc) failed to allocate 44040192 bytes for committing reserved memory.
# Possible reasons:
#   The system is out of physical RAM or swap space
#   In 32 bit mode, the process size limit was hit
# Possible solutions:
#   Reduce memory load on the system
#   Increase physical memory or swap space
#   Check if swap backing store is full
#   Use 64 bit Java on a 64 bit OS
#   Decrease Java heap size (-Xmx/-Xms)
#   Decrease number of Java threads
#   Decrease Java thread stack sizes (-Xss)
#   Set larger code cache with -XX:ReservedCodeCacheSize=
# This output file may be truncated or incomplete.
#
#  Out of Memory Error (os_linux.cpp:2809), pid=7224, tid=140016757982976
#
# JRE version: OpenJDK Runtime Environment (7.0_79-b14) (build 1.7.0_79-b14)
# Java VM: OpenJDK 64-Bit Server VM (24.79-b02 mixed mode linux-amd64 compressed oops)
# Derivative: IcedTea 2.5.5
# Distribution: Custom build (Wed Apr 15 12:39:15 UTC 2015)
# Failed to write core dump. Core dumps have been disabled. To enable core dumping, try "ulimit -c unlimited" before starting Java again
#

---------------  T H R E A D  ---------------

Current thread (0x00007f582c071800):  VMThread [stack: 0x00007f58310f4000,0x00007f58311f5000] [id=7232]

Stack: [0x00007f58310f4000,0x00007f58311f5000],  sp=0x00007f58311f34e0,  free space=1021k
Native frames: (J=compiled Java code, j=interpreted, Vv=VM code, C=native code)
V  [libjvm.so+0x9888a6]
V  [libjvm.so+0x48eff2]
V  [libjvm.so+0x7fbf2b]
V  [libjvm.so+0x7f667e]
V  [libjvm.so+0x868ecb]
V  [libjvm.so+0x869d73]
V  [libjvm.so+0x86a48b]
V  [libjvm.so+0x865e99]
V  [libjvm.so+0x866678]
V  [libjvm.so+0x81e443]
V  [libjvm.so+0x98a172]
V  [libjvm.so+0x98ea07]
V  [libjvm.so+0x98cfeb]
V  [libjvm.so+0x98d696]
V  [libjvm.so+0x98db61]
V  [libjvm.so+0x7f8e72]

VM_Operation (0x00007f583553b560): ParallelGCFailedAllocation, mode: safepoint, requested by thread 0x00007f582c00a800


---------------  P R O C E S S  ---------------

Java Threads: ( => current thread )
  0x00007f582c0a4000 JavaThread "Service Thread" daemon [_thread_blocked, id=7238, stack(0x00007f5830965000,0x00007f5830a66000)]
  0x00007f582c0a2000 JavaThread "C2 CompilerThread1" daemon [_thread_blocked, id=7237, stack(0x00007f5830a66000,0x00007f5830b67000)]
  0x00007f582c09f000 JavaThread "C2 CompilerThread0" daemon [_thread_blocked, id=7236, stack(0x00007f5830b67000,0x00007f5830c68000)]
  0x00007f582c09d000 JavaThread "Signal Dispatcher" daemon [_thread_blocked, id=7235, stack(0x00007f5830c68000,0x00007f5830d69000)]
  0x00007f582c078000 JavaThread "Finalizer" daemon [_thread_blocked, id=7234, stack(0x00007f5830ef2000,0x00007f5830ff3000)]
  0x00007f582c076000 JavaThread "Reference Handler" daemon [_thread_blocked, id=7233, stack(0x00007f5830ff3000,0x00007f58310f4000)]
  0x00007f582c00a800 JavaThread "main" [_thread_blocked, id=7229, stack(0x00007f583543c000,0x00007f583553d000)]

Other Threads:
=>0x00007f582c071800 VMThread [stack: 0x00007f58310f4000,0x00007f58311f5000] [id=7232]
  0x00007f582c0af000 WatcherThread [stack: 0x00007f5830864000,0x00007f5830965000] [id=7239]

VM state:at safepoint (normal execution)

VM Mutex/Monitor currently owned by a thread:  ([mutex/lock_event])
[0x00007f582c0084c0] Threads_lock - owner thread: 0x00007f582c071800
[0x00007f582c0089c0] Heap_lock - owner thread: 0x00007f582c00a800

Heap
 PSYoungGen      total 31744K, used 2048K [0x00000000eaa80000, 0x00000000ecb80000, 0x0000000100000000)
  eden space 29696K, 0% used [0x00000000eaa80000,0x00000000eaa80000,0x00000000ec780000)
  from space 2048K, 100% used [0x00000000ec780000,0x00000000ec980000,0x00000000ec980000)
  to   space 2048K, 0% used [0x00000000ec980000,0x00000000ec980000,0x00000000ecb80000)
 ParOldGen       total 37888K, used 18636K [0x00000000c0000000, 0x00000000c2500000, 0x00000000eaa80000)
  object space 37888K, 49% used [0x00000000c0000000,0x00000000c1233048,0x00000000c2500000)
 PSPermGen       total 21504K, used 7150K [0x00000000b5a00000, 0x00000000b6f00000, 0x00000000c0000000)
  object space 21504K, 33% used [0x00000000b5a00000,0x00000000b60fba50,0x00000000b6f00000)

Card table byte_map: [0x00007f5832452000,0x00007f58326a6000] byte_map_base: 0x00007f5831ea5000

Polling page: 0x00007f5835571000

Code Cache  [0x00007f5829000000, 0x00007f5829270000, 0x00007f582c000000)
 total_blobs=746 nmethods=498 adapters=202 free_code_cache=47594Kb largest_free_block=48697600

Compilation events (10 events):
Event: 17.198 Thread 0x00007f582c09f000 nmethod 502 0x00007f582918be50 code [0x00007f582918c060, 0x00007f582918c8c8]
Event: 17.200 Thread 0x00007f582c09f000  504             com.android.dex.Mutf8::encode (19 bytes)
Event: 17.222 Thread 0x00007f582c0a2000 nmethod 503 0x00007f5829184f90 code [0x00007f5829185140, 0x00007f5829185718]
Event: 17.223 Thread 0x00007f582c0a2000  505             java.lang.String::compareTo (9 bytes)
Event: 17.232 Thread 0x00007f582c09f000 nmethod 504 0x00007f5829182a50 code [0x00007f5829182bc0, 0x00007f5829182ee8]
Event: 17.232 Thread 0x00007f582c09f000  506             java.lang.Integer::hashCode (5 bytes)
Event: 17.235 Thread 0x00007f582c0a2000 nmethod 505 0x00007f5829186e10 code [0x00007f5829186f60, 0x00007f5829187058]
Event: 17.235 Thread 0x00007f582c0a2000  507             com.android.dx.merge.IndexMap$EncodedValueTransformer::transform (495 bytes)
Event: 17.236 Thread 0x00007f582c09f000 nmethod 506 0x00007f5829184d50 code [0x00007f5829184e80, 0x00007f5829184ed8]
Event: 17.237 Thread 0x00007f582c09f000  508             com.android.dx.merge.IndexMap$EncodedValueTransformer::transformArray (32 bytes)

GC Heap History (9 events):
Event: 3.724 GC heap before
{Heap before GC invocations=1 (full 0):
 PSYoungGen      total 16896K, used 14848K [0x00000000eaa80000, 0x00000000ebd00000, 0x0000000100000000)
  eden space 14848K, 100% used [0x00000000eaa80000,0x00000000eb900000,0x00000000eb900000)
  from space 2048K, 0% used [0x00000000ebb00000,0x00000000ebb00000,0x00000000ebd00000)
  to   space 2048K, 0% used [0x00000000eb900000,0x00000000eb900000,0x00000000ebb00000)
 ParOldGen       total 37888K, used 0K [0x00000000c0000000, 0x00000000c2500000, 0x00000000eaa80000)
  object space 37888K, 0% used [0x00000000c0000000,0x00000000c0000000,0x00000000c2500000)
 PSPermGen       total 21504K, used 5171K [0x00000000b5a00000, 0x00000000b6f00000, 0x00000000c0000000)
  object space 21504K, 24% used [0x00000000b5a00000,0x00000000b5f0cf60,0x00000000b6f00000)
Event: 3.750 GC heap after
Heap after GC invocations=1 (full 0):
 PSYoungGen      total 16896K, used 2016K [0x00000000eaa80000, 0x00000000ebd00000, 0x0000000100000000)
  eden space 14848K, 0% used [0x00000000eaa80000,0x00000000eaa80000,0x00000000eb900000)
  from space 2048K, 98% used [0x00000000eb900000,0x00000000ebaf8018,0x00000000ebb00000)
  to   space 2048K, 0% used [0x00000000ebb00000,0x00000000ebb00000,0x00000000ebd00000)
 ParOldGen       total 37888K, used 1829K [0x00000000c0000000, 0x00000000c2500000, 0x00000000eaa80000)
  object space 37888K, 4% used [0x00000000c0000000,0x00000000c01c94f0,0x00000000c2500000)
 PSPermGen       total 21504K, used 5171K [0x00000000b5a00000, 0x00000000b6f00000, 0x00000000c0000000)
  object space 21504K, 24% used [0x00000000b5a00000,0x00000000b5f0cf60,0x00000000b6f00000)
}
Event: 6.186 GC heap before
{Heap before GC invocations=2 (full 0):
 PSYoungGen      total 16896K, used 16864K [0x00000000eaa80000, 0x00000000ebd00000, 0x0000000100000000)
  eden space 14848K, 100% used [0x00000000eaa80000,0x00000000eb900000,0x00000000eb900000)
  from space 2048K, 98% used [0x00000000eb900000,0x00000000ebaf8018,0x00000000ebb00000)
  to   space 2048K, 0% used [0x00000000ebb00000,0x00000000ebb00000,0x00000000ebd00000)
 ParOldGen       total 37888K, used 1829K [0x00000000c0000000, 0x00000000c2500000, 0x00000000eaa80000)
  object space 37888K, 4% used [0x00000000c0000000,0x00000000c01c94f0,0x00000000c2500000)
 PSPermGen       total 21504K, used 5331K [0x00000000b5a00000, 0x00000000b6f00000, 0x00000000c0000000)
  object space 21504K, 24% used [0x00000000b5a00000,0x00000000b5f34c40,0x00000000b6f00000)
Event: 6.260 GC heap after
Heap after GC invocations=2 (full 0):
 PSYoungGen      total 16896K, used 2016K [0x00000000eaa80000, 0x00000000ecb80000, 0x0000000100000000)
  eden space 14848K, 0% used [0x00000000eaa80000,0x00000000eaa80000,0x00000000eb900000)
  from space 2048K, 98% used [0x00000000ebb00000,0x00000000ebcf8028,0x00000000ebd00000)
  to   space 2048K, 0% used [0x00000000eb900000,0x00000000eb900000,0x00000000ebb00000)
 ParOldGen       total 37888K, used 4637K [0x00000000c0000000, 0x00000000c2500000, 0x00000000eaa80000)
  object space 37888K, 12% used [0x00000000c0000000,0x00000000c04874a0,0x00000000c2500000)
 PSPermGen       total 21504K, used 5331K [0x00000000b5a00000, 0x00000000b6f00000, 0x00000000c0000000)
  object space 21504K, 24% used [0x00000000b5a00000,0x00000000b5f34c40,0x00000000b6f00000)
}
Event: 8.990 GC heap before
{Heap before GC invocations=3 (full 0):
 PSYoungGen      total 16896K, used 16864K [0x00000000eaa80000, 0x00000000ecb80000, 0x0000000100000000)
  eden space 14848K, 100% used [0x00000000eaa80000,0x00000000eb900000,0x00000000eb900000)
  from space 2048K, 98% used [0x00000000ebb00000,0x00000000ebcf8028,0x00000000ebd00000)
  to   space 2048K, 0% used [0x00000000eb900000,0x00000000eb900000,0x00000000ebb00000)
 ParOldGen       total 37888K, used 4637K [0x00000000c0000000, 0x00000000c2500000, 0x00000000eaa80000)
  object space 37888K, 12% used [0x00000000c0000000,0x00000000c04874a0,0x00000000c2500000)
 PSPermGen       total 21504K, used 5780K [0x00000000b5a00000, 0x00000000b6f00000, 0x00000000c0000000)
  object space 21504K, 26% used [0x00000000b5a00000,0x00000000b5fa5340,0x00000000b6f00000)
Event: 9.111 GC heap after
Heap after GC invocations=3 (full 0):
 PSYoungGen      total 16896K, used 2048K [0x00000000eaa80000, 0x00000000ecb80000, 0x0000000100000000)
  eden space 14848K, 0% used [0x00000000eaa80000,0x00000000eaa80000,0x00000000eb900000)
  from space 2048K, 100% used [0x00000000eb900000,0x00000000ebb00000,0x00000000ebb00000)
  to   space 2048K, 0% used [0x00000000ec980000,0x00000000ec980000,0x00000000ecb80000)
 ParOldGen       total 37888K, used 8558K [0x00000000c0000000, 0x00000000c2500000, 0x00000000eaa80000)
  object space 37888K, 22% used [0x00000000c0000000,0x00000000c085ba90,0x00000000c2500000)
 PSPermGen       total 21504K, used 5780K [0x00000000b5a00000, 0x00000000b6f00000, 0x00000000c0000000)
  object space 21504K, 26% used [0x00000000b5a00000,0x00000000b5fa5340,0x00000000b6f00000)
}
Event: 9.427 GC heap before
{Heap before GC invocations=4 (full 0):
 PSYoungGen      total 16896K, used 16782K [0x00000000eaa80000, 0x00000000ecb80000, 0x0000000100000000)
  eden space 14848K, 99% used [0x00000000eaa80000,0x00000000eb8e3b30,0x00000000eb900000)
  from space 2048K, 100% used [0x00000000eb900000,0x00000000ebb00000,0x00000000ebb00000)
  to   space 2048K, 0% used [0x00000000ec980000,0x00000000ec980000,0x00000000ecb80000)
 ParOldGen       total 37888K, used 8558K [0x00000000c0000000, 0x00000000c2500000, 0x00000000eaa80000)
  object space 37888K, 22% used [0x00000000c0000000,0x00000000c085ba90,0x00000000c2500000)
 PSPermGen       total 21504K, used 5781K [0x00000000b5a00000, 0x00000000b6f00000, 0x00000000c0000000)
  object space 21504K, 26% used [0x00000000b5a00000,0x00000000b5fa5508,0x00000000b6f00000)
Event: 9.560 GC heap after
Heap after GC invocations=4 (full 0):
 PSYoungGen      total 31744K, used 2048K [0x00000000eaa80000, 0x00000000ecb80000, 0x0000000100000000)
  eden space 29696K, 0% used [0x00000000eaa80000,0x00000000eaa80000,0x00000000ec780000)
  from space 2048K, 100% used [0x00000000ec980000,0x00000000ecb80000,0x00000000ecb80000)
  to   space 2048K, 0% used [0x00000000ec780000,0x00000000ec780000,0x00000000ec980000)
 ParOldGen       total 37888K, used 12847K [0x00000000c0000000, 0x00000000c2500000, 0x00000000eaa80000)
  object space 37888K, 33% used [0x00000000c0000000,0x00000000c0c8be48,0x00000000c2500000)
 PSPermGen       total 21504K, used 5781K [0x00000000b5a00000, 0x00000000b6f00000, 0x00000000c0000000)
  object space 21504K, 26% used [0x00000000b5a00000,0x00000000b5fa5508,0x00000000b6f00000)
}
Event: 21.789 GC heap before
{Heap before GC invocations=5 (full 0):
 PSYoungGen      total 31744K, used 31009K [0x00000000eaa80000, 0x00000000ecb80000, 0x0000000100000000)
  eden space 29696K, 97% used [0x00000000eaa80000,0x00000000ec6c85b0,0x00000000ec780000)
  from space 2048K, 100% used [0x00000000ec980000,0x00000000ecb80000,0x00000000ecb80000)
  to   space 2048K, 0% used [0x00000000ec780000,0x00000000ec780000,0x00000000ec980000)
 ParOldGen       total 37888K, used 12847K [0x00000000c0000000, 0x00000000c2500000, 0x00000000eaa80000)
  object space 37888K, 33% used [0x00000000c0000000,0x00000000c0c8be48,0x00000000c2500000)
 PSPermGen       total 21504K, used 7150K [0x00000000b5a00000, 0x00000000b6f00000, 0x00000000c0000000)
  object space 21504K, 33% used [0x00000000b5a00000,0x00000000b60fba50,0x00000000b6f00000)

Deoptimization events (10 events):
Event: 12.895 Thread 0x00007f582c00a800 Uncommon trap: reason=class_check action=maybe_recompile pc=0x00007f58291480a4 method=com.android.dex.Leb128.writeUnsignedLeb128(Lcom/android/dex/util/ByteOutput;I)V @ 40
Event: 12.899 Thread 0x00007f582c00a800 Uncommon trap: reason=class_check action=maybe_recompile pc=0x00007f58291480a4 method=com.android.dex.Leb128.writeUnsignedLeb128(Lcom/android/dex/util/ByteOutput;I)V @ 40
Event: 12.900 Thread 0x00007f582c00a800 Uncommon trap: reason=class_check action=maybe_recompile pc=0x00007f58291480a4 method=com.android.dex.Leb128.writeUnsignedLeb128(Lcom/android/dex/util/ByteOutput;I)V @ 40
Event: 12.900 Thread 0x00007f582c00a800 Uncommon trap: reason=class_check action=maybe_recompile pc=0x00007f58291480a4 method=com.android.dex.Leb128.writeUnsignedLeb128(Lcom/android/dex/util/ByteOutput;I)V @ 40
Event: 13.934 Thread 0x00007f582c00a800 Uncommon trap: reason=predicate action=maybe_recompile pc=0x00007f5829157424 method=com.android.dex.Leb128.writeUnsignedLeb128(Lcom/android/dex/util/ByteOutput;I)V @ 9
Event: 15.008 Thread 0x00007f582c00a800 Uncommon trap: reason=predicate action=maybe_recompile pc=0x00007f58291649d0 method=com.android.dex.Leb128.readUnsignedLeb128(Lcom/android/dex/util/ByteInput;)I @ 41
Event: 15.690 Thread 0x00007f582c00a800 Uncommon trap: reason=bimorphic action=maybe_recompile pc=0x00007f582916f510 method=com.android.dx.merge.DexMerger$IdMerger.mergeSorted()V @ 372
Event: 15.692 Thread 0x00007f582c00a800 Uncommon trap: reason=bimorphic action=maybe_recompile pc=0x00007f582916f4d4 method=com.android.dx.merge.DexMerger$IdMerger.mergeSorted()V @ 11
Event: 15.717 Thread 0x00007f582c00a800 Uncommon trap: reason=bimorphic action=maybe_recompile pc=0x00007f582916f4d4 method=com.android.dx.merge.DexMerger$IdMerger.mergeSorted()V @ 11
Event: 15.720 Thread 0x00007f582c00a800 Uncommon trap: reason=bimorphic action=maybe_recompile pc=0x00007f582916f4d4 method=com.android.dx.merge.DexMerger$IdMerger.mergeSorted()V @ 11

Internal exceptions (10 events):
Event: 14.022 Thread 0x00007f582c00a800 Threw 0x00000000ebbe2d98 at /build/java7-openjdk/src/icedtea-2.5.5/openjdk/hotspot/src/share/vm/prims/jvm.cpp:1284
Event: 14.023 Thread 0x00007f582c00a800 Threw 0x00000000ebbe5c88 at /build/java7-openjdk/src/icedtea-2.5.5/openjdk/hotspot/src/share/vm/prims/jvm.cpp:1284
Event: 14.025 Thread 0x00007f582c00a800 Threw 0x00000000ebbe8e60 at /build/java7-openjdk/src/icedtea-2.5.5/openjdk/hotspot/src/share/vm/prims/jvm.cpp:1284
Event: 14.029 Thread 0x00007f582c00a800 Threw 0x00000000ebbec188 at /build/java7-openjdk/src/icedtea-2.5.5/openjdk/hotspot/src/share/vm/prims/jvm.cpp:1284
Event: 14.061 Thread 0x00007f582c00a800 Threw 0x00000000ebbf1388 at /build/java7-openjdk/src/icedtea-2.5.5/openjdk/hotspot/src/share/vm/prims/jvm.cpp:1284
Event: 14.064 Thread 0x00007f582c00a800 Threw 0x00000000ebbf40c0 at /build/java7-openjdk/src/icedtea-2.5.5/openjdk/hotspot/src/share/vm/prims/jvm.cpp:1284
Event: 14.066 Thread 0x00007f582c00a800 Threw 0x00000000ebbf6fb8 at /build/java7-openjdk/src/icedtea-2.5.5/openjdk/hotspot/src/share/vm/prims/jvm.cpp:1284
Event: 14.074 Thread 0x00007f582c00a800 Threw 0x00000000ebbfa2c8 at /build/java7-openjdk/src/icedtea-2.5.5/openjdk/hotspot/src/share/vm/prims/jvm.cpp:1284
Event: 14.092 Thread 0x00007f582c00a800 Threw 0x00000000ebc41620 at /build/java7-openjdk/src/icedtea-2.5.5/openjdk/hotspot/src/share/vm/prims/jvm.cpp:1284
Event: 14.095 Thread 0x00007f582c00a800 Threw 0x00000000ebc43678 at /build/java7-openjdk/src/icedtea-2.5.5/openjdk/hotspot/src/share/vm/prims/jvm.cpp:1284

Events (10 events):
Event: 15.692 Thread 0x00007f582c00a800 DEOPT PACKING pc=0x00007f582916f4d4 sp=0x00007f583553b650
Event: 15.692 Thread 0x00007f582c00a800 DEOPT UNPACKING pc=0x00007f5829039045 sp=0x00007f583553b5f0 mode 2
Event: 15.716 Thread 0x00007f582c00a800 Uncommon trap: trap_request=0xffffffc6 fr.pc=0x00007f582916f4d4
Event: 15.717 Thread 0x00007f582c00a800 DEOPT PACKING pc=0x00007f582916f4d4 sp=0x00007f583553b650
Event: 15.717 Thread 0x00007f582c00a800 DEOPT UNPACKING pc=0x00007f5829039045 sp=0x00007f583553b5f0 mode 2
Event: 15.720 Thread 0x00007f582c00a800 Uncommon trap: trap_request=0xffffffc6 fr.pc=0x00007f582916f4d4
Event: 15.721 Thread 0x00007f582c00a800 DEOPT PACKING pc=0x00007f582916f4d4 sp=0x00007f583553b650
Event: 15.721 Thread 0x00007f582c00a800 DEOPT UNPACKING pc=0x00007f5829039045 sp=0x00007f583553b5f0 mode 2
Event: 17.200 Thread 0x00007f582c09f000 flushing nmethod 0x00007f582913c450
Event: 21.772 Executing VM operation: ParallelGCFailedAllocation


Dynamic libraries:
00400000-00401000 r-xp 00000000 08:01 2366745                            /usr/lib/jvm/java-7-openjdk/jre/bin/java
00600000-00601000 rw-p 00000000 08:01 2366745                            /usr/lib/jvm/java-7-openjdk/jre/bin/java
00634000-00655000 rw-p 00000000 00:00 0                                  [heap]
b5a00000-b6f00000 rw-p 00000000 00:00 0 
b6f00000-c0000000 rw-p 00000000 00:00 0 
c0000000-c2500000 rw-p 00000000 00:00 0 
c2500000-eaa80000 rw-p 00000000 00:00 0 
eaa80000-ecb80000 rw-p 00000000 00:00 0 
ef580000-100000000 rw-p 00000000 00:00 0 
7f57f8000000-7f57f8021000 rw-p 00000000 00:00 0 
7f57f8021000-7f57fc000000 ---p 00000000 00:00 0 
7f5800000000-7f5800662000 rw-p 00000000 00:00 0 
7f5800662000-7f5804000000 ---p 00000000 00:00 0 
7f5804000000-7f5804021000 rw-p 00000000 00:00 0 
7f5804021000-7f5808000000 ---p 00000000 00:00 0 
7f5808000000-7f5808021000 rw-p 00000000 00:00 0 
7f5808021000-7f580c000000 ---p 00000000 00:00 0 
7f580c000000-7f580cb59000 rw-p 00000000 00:00 0 
7f580cb59000-7f5810000000 ---p 00000000 00:00 0 
7f5810000000-7f5810021000 rw-p 00000000 00:00 0 
7f5810021000-7f5814000000 ---p 00000000 00:00 0 
7f5814000000-7f5814021000 rw-p 00000000 00:00 0 
7f5814021000-7f5818000000 ---p 00000000 00:00 0 
7f5818000000-7f5818021000 rw-p 00000000 00:00 0 
7f5818021000-7f581c000000 ---p 00000000 00:00 0 
7f581c000000-7f581c021000 rw-p 00000000 00:00 0 
7f581c021000-7f5820000000 ---p 00000000 00:00 0 
7f5821ad0000-7f5824000000 rw-p 00000000 00:00 0 
7f5824000000-7f5824021000 rw-p 00000000 00:00 0 
7f5824021000-7f5828000000 ---p 00000000 00:00 0 
7f582820e000-7f582827c000 r-xp 00000000 08:01 2107921                    /usr/lib/libpcre.so.1.2.4
7f582827c000-7f582847b000 ---p 0006e000 08:01 2107921                    /usr/lib/libpcre.so.1.2.4
7f582847b000-7f582847c000 r--p 0006d000 08:01 2107921                    /usr/lib/libpcre.so.1.2.4
7f582847c000-7f582847d000 rw-p 0006e000 08:01 2107921                    /usr/lib/libpcre.so.1.2.4
7f582847d000-7f5828485000 r-xp 00000000 08:01 2108050                    /usr/lib/libffi.so.6.0.4
7f5828485000-7f5828684000 ---p 00008000 08:01 2108050                    /usr/lib/libffi.so.6.0.4
7f5828684000-7f5828685000 r--p 00007000 08:01 2108050                    /usr/lib/libffi.so.6.0.4
7f5828685000-7f5828686000 rw-p 00008000 08:01 2108050                    /usr/lib/libffi.so.6.0.4
7f5828686000-7f582869a000 r-xp 00000000 08:01 2100312                    /usr/lib/libresolv-2.21.so
7f582869a000-7f5828899000 ---p 00014000 08:01 2100312                    /usr/lib/libresolv-2.21.so
7f5828899000-7f582889a000 r--p 00013000 08:01 2100312                    /usr/lib/libresolv-2.21.so
7f582889a000-7f582889b000 rw-p 00014000 08:01 2100312                    /usr/lib/libresolv-2.21.so
7f582889b000-7f582889d000 rw-p 00000000 00:00 0 
7f582889d000-7f58288a0000 r-xp 00000000 08:01 2108116                    /usr/lib/libgmodule-2.0.so.0.4400.0
7f58288a0000-7f5828a9f000 ---p 00003000 08:01 2108116                    /usr/lib/libgmodule-2.0.so.0.4400.0
7f5828a9f000-7f5828aa0000 r--p 00002000 08:01 2108116                    /usr/lib/libgmodule-2.0.so.0.4400.0
7f5828aa0000-7f5828aa1000 rw-p 00003000 08:01 2108116                    /usr/lib/libgmodule-2.0.so.0.4400.0
7f5828aa1000-7f5828bad000 r-xp 00000000 08:01 2108115                    /usr/lib/libglib-2.0.so.0.4400.0
7f5828bad000-7f5828dac000 ---p 0010c000 08:01 2108115                    /usr/lib/libglib-2.0.so.0.4400.0
7f5828dac000-7f5828dad000 r--p 0010b000 08:01 2108115                    /usr/lib/libglib-2.0.so.0.4400.0
7f5828dad000-7f5828dae000 rw-p 0010c000 08:01 2108115                    /usr/lib/libglib-2.0.so.0.4400.0
7f5828dae000-7f5828daf000 rw-p 00000000 00:00 0 
7f5828daf000-7f5828dfe000 r-xp 00000000 08:01 2108119                    /usr/lib/libgobject-2.0.so.0.4400.0
7f5828dfe000-7f5828ffe000 ---p 0004f000 08:01 2108119                    /usr/lib/libgobject-2.0.so.0.4400.0
7f5828ffe000-7f5828fff000 r--p 0004f000 08:01 2108119                    /usr/lib/libgobject-2.0.so.0.4400.0
7f5828fff000-7f5829000000 rw-p 00050000 08:01 2108119                    /usr/lib/libgobject-2.0.so.0.4400.0
7f5829000000-7f5829270000 rwxp 00000000 00:00 0 
7f5829270000-7f582c21c000 rw-p 00000000 00:00 0 
7f582c21c000-7f5830000000 ---p 00000000 00:00 0 
7f583008d000-7f5830203000 r-xp 00000000 08:01 2108120                    /usr/lib/libgio-2.0.so.0.4400.0
7f5830203000-7f5830403000 ---p 00176000 08:01 2108120                    /usr/lib/libgio-2.0.so.0.4400.0
7f5830403000-7f5830407000 r--p 00176000 08:01 2108120                    /usr/lib/libgio-2.0.so.0.4400.0
7f5830407000-7f5830409000 rw-p 0017a000 08:01 2108120                    /usr/lib/libgio-2.0.so.0.4400.0
7f5830409000-7f583040b000 rw-p 00000000 00:00 0 
7f583043c000-7f5830453000 r-xp 00000000 08:01 2366719                    /usr/lib/jvm/java-7-openjdk/jre/lib/amd64/libnet.so
7f5830453000-7f5830652000 ---p 00017000 08:01 2366719                    /usr/lib/jvm/java-7-openjdk/jre/lib/amd64/libnet.so
7f5830652000-7f5830653000 rw-p 00016000 08:01 2366719                    /usr/lib/jvm/java-7-openjdk/jre/lib/amd64/libnet.so
7f5830653000-7f5830663000 r-xp 00000000 08:01 2366720                    /usr/lib/jvm/java-7-openjdk/jre/lib/amd64/libnio.so
7f5830663000-7f5830863000 ---p 00010000 08:01 2366720                    /usr/lib/jvm/java-7-openjdk/jre/lib/amd64/libnio.so
7f5830863000-7f5830864000 rw-p 00010000 08:01 2366720                    /usr/lib/jvm/java-7-openjdk/jre/lib/amd64/libnio.so
7f5830864000-7f5830865000 ---p 00000000 00:00 0 
7f5830865000-7f5830965000 rw-p 00000000 00:00 0                          [stack:7239]
7f5830965000-7f5830968000 ---p 00000000 00:00 0 
7f5830968000-7f5830a66000 rw-p 00000000 00:00 0                          [stack:7238]
7f5830a66000-7f5830a69000 ---p 00000000 00:00 0 
7f5830a69000-7f5830b67000 rw-p 00000000 00:00 0                          [stack:7237]
7f5830b67000-7f5830b6a000 ---p 00000000 00:00 0 
7f5830b6a000-7f5830c68000 rw-p 00000000 00:00 0                          [stack:7236]
7f5830c68000-7f5830c6b000 ---p 00000000 00:00 0 
7f5830c6b000-7f5830d69000 rw-p 00000000 00:00 0                          [stack:7235]
7f5830d69000-7f5830ef2000 r--p 00000000 08:01 2117377                    /usr/lib/locale/locale-archive
7f5830ef2000-7f5830ef5000 ---p 00000000 00:00 0 
7f5830ef5000-7f5830ff3000 rw-p 00000000 00:00 0                          [stack:7234]
7f5830ff3000-7f5830ff6000 ---p 00000000 00:00 0 
7f5830ff6000-7f58310f4000 rw-p 00000000 00:00 0                          [stack:7233]
7f58310f4000-7f58310f5000 ---p 00000000 00:00 0 
7f58310f5000-7f5831baa000 rw-p 00000000 00:00 0                          [stack:7232]
7f5831baa000-7f5831d5b000 r--s 01d27000 08:01 2366535                    /usr/lib/jvm/java-7-openjdk/jre/lib/rt.jar
7f5831d5b000-7f58320a7000 rw-p 00000000 00:00 0 
7f58320a7000-7f58320a8000 ---p 00000000 00:00 0 
7f58320a8000-7f58321a8000 rw-p 00000000 00:00 0                          [stack:7231]
7f58321a8000-7f58321a9000 ---p 00000000 00:00 0 
7f58321a9000-7f58322b4000 rw-p 00000000 00:00 0                          [stack:7230]
7f58322b4000-7f58322fc000 rw-p 00000000 00:00 0 
7f58322fc000-7f583230f000 rw-p 00000000 00:00 0 
7f583230f000-7f5832452000 rw-p 00000000 00:00 0 
7f5832452000-7f583245d000 rw-p 00000000 00:00 0 
7f583245d000-7f58324a5000 rw-p 00000000 00:00 0 
7f58324a5000-7f58324b8000 rw-p 00000000 00:00 0 
7f58324b8000-7f58325fa000 rw-p 00000000 00:00 0 
7f58325fa000-7f583260b000 rw-p 00000000 00:00 0 
7f583260b000-7f58326a5000 rw-p 00000000 00:00 0 
7f58326a5000-7f58326a6000 rw-p 00000000 00:00 0 
7f58326a6000-7f58326ae000 r-xp 00000000 08:01 2366718                    /usr/lib/jvm/java-7-openjdk/jre/lib/amd64/libzip.so
7f58326ae000-7f58328ad000 ---p 00008000 08:01 2366718                    /usr/lib/jvm/java-7-openjdk/jre/lib/amd64/libzip.so
7f58328ad000-7f58328ae000 rw-p 00007000 08:01 2366718                    /usr/lib/jvm/java-7-openjdk/jre/lib/amd64/libzip.so
7f58328ae000-7f58328b9000 r-xp 00000000 08:01 2100316                    /usr/lib/libnss_files-2.21.so
7f58328b9000-7f5832ab9000 ---p 0000b000 08:01 2100316                    /usr/lib/libnss_files-2.21.so
7f5832ab9000-7f5832aba000 r--p 0000b000 08:01 2100316                    /usr/lib/libnss_files-2.21.so
7f5832aba000-7f5832abb000 rw-p 0000c000 08:01 2100316                    /usr/lib/libnss_files-2.21.so
7f5832abb000-7f5832ae7000 r-xp 00000000 08:01 2366717                    /usr/lib/jvm/java-7-openjdk/jre/lib/amd64/libjava.so
7f5832ae7000-7f5832ce6000 ---p 0002c000 08:01 2366717                    /usr/lib/jvm/java-7-openjdk/jre/lib/amd64/libjava.so
7f5832ce6000-7f5832ce8000 rw-p 0002b000 08:01 2366717                    /usr/lib/jvm/java-7-openjdk/jre/lib/amd64/libjava.so
7f5832ce8000-7f5832cf5000 r-xp 00000000 08:01 2366716                    /usr/lib/jvm/java-7-openjdk/jre/lib/amd64/libverify.so
7f5832cf5000-7f5832ef4000 ---p 0000d000 08:01 2366716                    /usr/lib/jvm/java-7-openjdk/jre/lib/amd64/libverify.so
7f5832ef4000-7f5832ef6000 rw-p 0000c000 08:01 2366716                    /usr/lib/jvm/java-7-openjdk/jre/lib/amd64/libverify.so
7f5832ef6000-7f5832efd000 r-xp 00000000 08:01 2100348                    /usr/lib/librt-2.21.so
7f5832efd000-7f58330fc000 ---p 00007000 08:01 2100348                    /usr/lib/librt-2.21.so
7f58330fc000-7f58330fd000 r--p 00006000 08:01 2100348                    /usr/lib/librt-2.21.so
7f58330fd000-7f58330fe000 rw-p 00007000 08:01 2100348                    /usr/lib/librt-2.21.so
7f58330fe000-7f5833114000 r-xp 00000000 08:01 2100680                    /usr/lib/libgcc_s.so.1
7f5833114000-7f5833313000 ---p 00016000 08:01 2100680                    /usr/lib/libgcc_s.so.1
7f5833313000-7f5833314000 rw-p 00015000 08:01 2100680                    /usr/lib/libgcc_s.so.1
7f5833314000-7f5833417000 r-xp 00000000 08:01 2100375                    /usr/lib/libm-2.21.so
7f5833417000-7f5833617000 ---p 00103000 08:01 2100375                    /usr/lib/libm-2.21.so
7f5833617000-7f5833618000 r--p 00103000 08:01 2100375                    /usr/lib/libm-2.21.so
7f5833618000-7f5833619000 rw-p 00104000 08:01 2100375                    /usr/lib/libm-2.21.so
7f5833619000-7f5833709000 r-xp 00000000 08:01 2100684                    /usr/lib/libstdc++.so.6.0.20
7f5833709000-7f5833909000 ---p 000f0000 08:01 2100684                    /usr/lib/libstdc++.so.6.0.20
7f5833909000-7f5833911000 r--p 000f0000 08:01 2100684                    /usr/lib/libstdc++.so.6.0.20
7f5833911000-7f5833913000 rw-p 000f8000 08:01 2100684                    /usr/lib/libstdc++.so.6.0.20
7f5833913000-7f5833928000 rw-p 00000000 00:00 0 
7f5833928000-7f583447d000 r-xp 00000000 08:01 2496333                    /usr/lib/jvm/java-7-openjdk/jre/lib/amd64/server/libjvm.so
7f583447d000-7f583467d000 ---p 00b55000 08:01 2496333                    /usr/lib/jvm/java-7-openjdk/jre/lib/amd64/server/libjvm.so
7f583467d000-7f583473f000 rw-p 00b55000 08:01 2496333                    /usr/lib/jvm/java-7-openjdk/jre/lib/amd64/server/libjvm.so
7f583473f000-7f583476b000 rw-p 00000000 00:00 0 
7f583476b000-7f5834780000 r-xp 00000000 08:01 2103417                    /usr/lib/libz.so.1.2.8
7f5834780000-7f583497f000 ---p 00015000 08:01 2103417                    /usr/lib/libz.so.1.2.8
7f583497f000-7f5834980000 r--p 00014000 08:01 2103417                    /usr/lib/libz.so.1.2.8
7f5834980000-7f5834981000 rw-p 00015000 08:01 2103417                    /usr/lib/libz.so.1.2.8
7f5834981000-7f5834b1a000 r-xp 00000000 08:01 2100327                    /usr/lib/libc-2.21.so
7f5834b1a000-7f5834d1a000 ---p 00199000 08:01 2100327                    /usr/lib/libc-2.21.so
7f5834d1a000-7f5834d1e000 r--p 00199000 08:01 2100327                    /usr/lib/libc-2.21.so
7f5834d1e000-7f5834d20000 rw-p 0019d000 08:01 2100327                    /usr/lib/libc-2.21.so
7f5834d20000-7f5834d24000 rw-p 00000000 00:00 0 
7f5834d24000-7f5834d26000 r-xp 00000000 08:01 2100357                    /usr/lib/libdl-2.21.so
7f5834d26000-7f5834f26000 ---p 00002000 08:01 2100357                    /usr/lib/libdl-2.21.so
7f5834f26000-7f5834f27000 r--p 00002000 08:01 2100357                    /usr/lib/libdl-2.21.so
7f5834f27000-7f5834f28000 rw-p 00003000 08:01 2100357                    /usr/lib/libdl-2.21.so
7f5834f28000-7f5834f35000 r-xp 00000000 08:01 2496326                    /usr/lib/jvm/java-7-openjdk/jre/lib/amd64/jli/libjli.so
7f5834f35000-7f5835134000 ---p 0000d000 08:01 2496326                    /usr/lib/jvm/java-7-openjdk/jre/lib/amd64/jli/libjli.so
7f5835134000-7f5835135000 rw-p 0000c000 08:01 2496326                    /usr/lib/jvm/java-7-openjdk/jre/lib/amd64/jli/libjli.so
7f5835135000-7f583514d000 r-xp 00000000 08:01 2100347                    /usr/lib/libpthread-2.21.so
7f583514d000-7f583534c000 ---p 00018000 08:01 2100347                    /usr/lib/libpthread-2.21.so
7f583534c000-7f583534d000 r--p 00017000 08:01 2100347                    /usr/lib/libpthread-2.21.so
7f583534d000-7f583534e000 rw-p 00018000 08:01 2100347                    /usr/lib/libpthread-2.21.so
7f583534e000-7f5835352000 rw-p 00000000 00:00 0 
7f5835352000-7f5835374000 r-xp 00000000 08:01 2100371                    /usr/lib/ld-2.21.so
7f5835376000-7f5835377000 rw-p 00000000 00:00 0 
7f5835377000-7f583537c000 r--s 0004d000 08:01 2366537                    /usr/lib/jvm/java-7-openjdk/jre/lib/jsse.jar
7f583537c000-7f5835386000 rw-p 00000000 00:00 0 
7f5835386000-7f583543c000 rw-p 00000000 00:00 0 
7f583543c000-7f583543f000 ---p 00000000 00:00 0 
7f583543f000-7f5835541000 rw-p 00000000 00:00 0                          [stack:7229]
7f5835541000-7f5835550000 r--s 000dd000 08:01 3934707                    /home/effi/Android/Sdk/build-tools/21.1.2/lib/dx.jar
7f5835550000-7f5835568000 rw-p 00000000 00:00 0 
7f5835568000-7f5835570000 rw-s 00000000 00:20 272240                     /tmp/hsperfdata_effi/7224
7f5835570000-7f5835571000 rw-p 00000000 00:00 0 
7f5835571000-7f5835572000 ---p 00000000 00:00 0 
7f5835572000-7f5835573000 rw-p 00000000 00:00 0 
7f5835573000-7f5835574000 r--p 00021000 08:01 2100371                    /usr/lib/ld-2.21.so
7f5835574000-7f5835575000 rw-p 00022000 08:01 2100371                    /usr/lib/ld-2.21.so
7f5835575000-7f5835576000 rw-p 00000000 00:00 0 
7ffe116c1000-7ffe116e3000 rw-p 00000000 00:00 0                          [stack]
7ffe117fa000-7ffe117fc000 r--p 00000000 00:00 0                          [vvar]
7ffe117fc000-7ffe117fe000 r-xp 00000000 00:00 0                          [vdso]
ffffffffff600000-ffffffffff601000 r-xp 00000000 00:00 0                  [vsyscall]

VM Arguments:
jvm_args: -Xmx1024M -Dfile.encoding=UTF-8 -Duser.country=US -Duser.language=en -Duser.variant 
java_command: com.android.dx.command.Main --dex --output /home/effi/Android/SMRTMS/app/build/intermediates/dex/debug /home/effi/Android/SMRTMS/app/build/intermediates/classes/debug /home/effi/Android/SMRTMS/app/build/intermediates/pre-dexed/debug/support-annotations-22.0.0-6d9f7510f70aca852d4d9b5b508f9259296609ee.jar /home/effi/Android/SMRTMS/app/build/intermediates/pre-dexed/debug/classes-829c1dd5a85495988e0515876ccf6b99d12a8aa1.jar /home/effi/Android/SMRTMS/app/build/intermediates/pre-dexed/debug/classes-24028a87921c5f6c0e81dd021c8968991807a235.jar /home/effi/Android/SMRTMS/app/build/intermediates/pre-dexed/debug/classes-fca18454007baaf2d33555efc1a205f35dc483cb.jar /home/effi/Android/SMRTMS/app/build/intermediates/pre-dexed/debug/classes-3701b7eaf9b0a54b3a3c5d42ee678e92df7f64b4.jar /home/effi/Android/SMRTMS/app/build/intermediates/pre-dexed/debug/classes-4e9361d7e1ffb9caf3f3057e41ed37507422bbd4.jar /home/effi/Android/SMRTMS/app/build/intermediates/pre-dexed/debug/jackson-annotations-2.2.2-10c4cc3ae2a11aed2bf14a026b05bfc1a65cd583.jar /home/effi/Android/SMRTMS/app/build/intermediates/pre-dexed/debug/firebase-client-android-2.2.3-79db9cecb3bcda3790c3212f5c1289abc46e1fa0.jar /home/effi/Android/SMRTMS/app/build/intermediates/pre-dexed/debug/tubesock-0.0.11-8b0580f778917b2b5ddded1057886d5c70cc8691.jar /home/effi/Android/SMRTMS/app/build/intermediates/pre-dexed/debug/classes-4fc9e2d697d9eb10bd1b9588df33ca483f224587.jar /home/effi/Android/SMRTMS/app/build/intermediates/pre-dexed/debug/classes-53d3470e08ea79205986aa665d86ff462d16ec3d.jar /home/effi/Android/SMRTMS/app/build/intermediates/pre-dexed/debug/android-async-http-1.4.5-2ed6c9753acdba148d5f44af76dbf76996b687e7.jar /home/effi/Android/SMRTMS/app/build/intermediates/pre-dexed/debug/classes-57a8a54196c9a5429dab373b54ac2b1aee30e14e.jar /home/effi/Android/SMRTMS/app/build/intermediates/pre-dexed/debug/classes-c1735cd463ba0a96bb9c3f417a5210797bc5ffe3.jar /home/effi/Android/SMRTMS/app/build/intermediates/pre-dexed/debug/c
Launcher Type: SUN_STANDARD

Environment Variables:
CLASSPATH=/opt/android-studio/bin/../lib/bootstrap.jar:/opt/android-studio/bin/../lib/extensions.jar:/opt/android-studio/bin/../lib/util.jar:/opt/android-studio/bin/../lib/jdom.jar:/opt/android-studio/bin/../lib/log4j.jar:/opt/android-studio/bin/../lib/trove4j.jar:/opt/android-studio/bin/../lib/jna.jar:/usr/lib/jvm/java-7-openjdk/lib/tools.jar
PATH=/usr/local/sbin:/usr/local/bin:/usr/bin:/usr/lib/jvm/default/bin:/usr/bin/site_perl:/usr/bin/vendor_perl:/usr/bin/core_perl
LD_LIBRARY_PATH=/opt/android-studio/bin:
SHELL=/bin/bash
DISPLAY=:0

Signal Handlers:
SIGSEGV: [libjvm.so+0x989390], sa_mask[0]=0x7ffbfeff, sa_flags=0x10000004
SIGBUS: [libjvm.so+0x989390], sa_mask[0]=0x7ffbfeff, sa_flags=0x10000004
SIGFPE: [libjvm.so+0x7f74d0], sa_mask[0]=0x7ffbfeff, sa_flags=0x10000004
SIGPIPE: [libjvm.so+0x7f74d0], sa_mask[0]=0x7ffbfeff, sa_flags=0x10000004
SIGXFSZ: [libjvm.so+0x7f74d0], sa_mask[0]=0x7ffbfeff, sa_flags=0x10000004
SIGILL: [libjvm.so+0x7f74d0], sa_mask[0]=0x7ffbfeff, sa_flags=0x10000004
SIGUSR1: SIG_DFL, sa_mask[0]=0x00000000, sa_flags=0x00000000
SIGUSR2: [libjvm.so+0x7f7350], sa_mask[0]=0x00000004, sa_flags=0x10000004
SIGHUP: [libjvm.so+0x7f7550], sa_mask[0]=0x7ffbfeff, sa_flags=0x10000004
SIGINT: [libjvm.so+0x7f7550], sa_mask[0]=0x7ffbfeff, sa_flags=0x10000004
SIGTERM: [libjvm.so+0x7f7550], sa_mask[0]=0x7ffbfeff, sa_flags=0x10000004
SIGQUIT: [libjvm.so+0x7f7550], sa_mask[0]=0x7ffbfeff, sa_flags=0x10000004
SIGTRAP: SIG_DFL, sa_mask[0]=0x00000000, sa_flags=0x00000000


---------------  S Y S T E M  ---------------

OS:Linux
uname:Linux 3.19.5-1-ck #1 SMP PREEMPT Sun Apr 19 07:39:25 EDT 2015 x86_64
libc:glibc 2.21 NPTL 2.21 
rlimit: STACK 8192k, CORE 0k, NPROC 14172, NOFILE 4096, AS infinity
load average:4.01 3.42 3.99

/proc/meminfo:
MemTotal:        3633940 kB
MemFree:           84668 kB
MemAvailable:      23452 kB
Buffers:             300 kB
Cached:          1568456 kB
SwapCached:            0 kB
Active:          2354892 kB
Inactive:        1046080 kB
Active(anon):    2346392 kB
Inactive(anon):  1037592 kB
Active(file):       8500 kB
Inactive(file):     8488 kB
Unevictable:          32 kB
Mlocked:              32 kB
SwapTotal:             0 kB
SwapFree:              0 kB
Dirty:                12 kB
Writeback:             0 kB
AnonPages:       1832528 kB
Mapped:            26812 kB
Shmem:           1551488 kB
Slab:              53084 kB
SReclaimable:      29512 kB
SUnreclaim:        23572 kB
KernelStack:        5344 kB
PageTables:        31160 kB
NFS_Unstable:          0 kB
Bounce:                0 kB
WritebackTmp:          0 kB
CommitLimit:     1816968 kB
Committed_AS:    4881448 kB
VmallocTotal:   34359738367 kB
VmallocUsed:       63472 kB
VmallocChunk:   34359667068 kB
HardwareCorrupted:     0 kB
AnonHugePages:    661504 kB
HugePages_Total:       0
HugePages_Free:        0
HugePages_Rsvd:        0
HugePages_Surp:        0
Hugepagesize:       2048 kB
DirectMap4k:     2208832 kB
DirectMap2M:     1566720 kB
DirectMap1G:           0 kB


CPU:total 2 (2 cores per cpu, 1 threads per core) family 20 model 2 stepping 0, cmov, cx8, fxsr, mmx, sse, sse2, sse3, ssse3, popcnt, mmxext, lzcnt, sse4a, tsc, tscinvbit, tscinv

/proc/cpuinfo:
processor	: 0
vendor_id	: AuthenticAMD
cpu family	: 20
model		: 2
model name	: AMD E-450 APU with Radeon(tm) HD Graphics
stepping	: 0
microcode	: 0x5000119
cpu MHz		: 1320.000
cache size	: 512 KB
physical id	: 0
siblings	: 2
core id		: 0
cpu cores	: 2
apicid		: 0
initial apicid	: 0
fpu		: yes
fpu_exception	: yes
cpuid level	: 6
wp		: yes
flags		: fpu vme de pse tsc msr pae mce cx8 apic sep mtrr pge mca cmov pat pse36 clflush mmx fxsr sse sse2 ht syscall nx mmxext fxsr_opt pdpe1gb rdtscp lm constant_tsc rep_good nopl nonstop_tsc extd_apicid aperfmperf pni monitor ssse3 cx16 popcnt lahf_lm cmp_legacy svm extapic cr8_legacy abm sse4a misalignsse 3dnowprefetch ibs skinit wdt arat hw_pstate npt lbrv svm_lock nrip_save pausefilter vmmcall
bugs		: fxsave_leak
bogomips	: 3292.91
TLB size	: 1024 4K pages
clflush size	: 64
cache_alignment	: 64
address sizes	: 36 bits physical, 48 bits virtual
power management: ts ttp tm stc 100mhzsteps hwpstate

processor	: 1
vendor_id	: AuthenticAMD
cpu family	: 20
model		: 2
model name	: AMD E-450 APU with Radeon(tm) HD Graphics
stepping	: 0
microcode	: 0x5000119
cpu MHz		: 1650.000
cache size	: 512 KB
physical id	: 0
siblings	: 2
core id		: 1
cpu cores	: 2
apicid		: 1
initial apicid	: 1
fpu		: yes
fpu_exception	: yes
cpuid level	: 6
wp		: yes
flags		: fpu vme de pse tsc msr pae mce cx8 apic sep mtrr pge mca cmov pat pse36 clflush mmx fxsr sse sse2 ht syscall nx mmxext fxsr_opt pdpe1gb rdtscp lm constant_tsc rep_good nopl nonstop_tsc extd_apicid aperfmperf pni monitor ssse3 cx16 popcnt lahf_lm cmp_legacy svm extapic cr8_legacy abm sse4a misalignsse 3dnowprefetch ibs skinit wdt arat hw_pstate npt lbrv svm_lock nrip_save pausefilter vmmcall
bugs		: fxsave_leak
bogomips	: 3292.91
TLB size	: 1024 4K pages
clflush size	: 64
cache_alignment	: 64
address sizes	: 36 bits physical, 48 bits virtual
power management: ts ttp tm stc 100mhzsteps hwpstate



Memory: 4k page, physical 3633940k(84668k free), swap 0k(0k free)

vm_info: OpenJDK 64-Bit Server VM (24.79-b02) for linux-amd64 JRE (1.7.0_79-b14), built on Apr 15 2015 12:42:59 by "builduser" with gcc 4.9.2 20150304 (prerelease)

time: Mon Apr 27 15:56:26 2015
elapsed time: 22 seconds

